[2025-01-24T12:11:58.025-0300] {local_task_job_runner.py:123} INFO - ::group::Pre task execution logs
[2025-01-24T12:11:58.029-0300] {taskinstance.py:2613} INFO - Dependencies all met for dep_context=non-requeueable deps ti=<TaskInstance: MergePacTratAgeng.starting scheduled__2020-03-19T13:15:00+00:00 [queued]>
[2025-01-24T12:11:58.032-0300] {taskinstance.py:2613} INFO - Dependencies all met for dep_context=requeueable deps ti=<TaskInstance: MergePacTratAgeng.starting scheduled__2020-03-19T13:15:00+00:00 [queued]>
[2025-01-24T12:11:58.033-0300] {taskinstance.py:2866} INFO - Starting attempt 1 of 2
[2025-01-24T12:11:58.042-0300] {taskinstance.py:2889} INFO - Executing <Task(BashOperator): starting> on 2020-03-19 13:15:00+00:00
[2025-01-24T12:11:58.046-0300] {standard_task_runner.py:72} INFO - Started process 84609 to run task
[2025-01-24T12:11:58.047-0300] {standard_task_runner.py:104} INFO - Running: ['airflow', 'tasks', 'run', 'MergePacTratAgeng', 'starting', 'scheduled__2020-03-19T13:15:00+00:00', '--job-id', '3585', '--raw', '--subdir', 'DAGS_FOLDER/DAGAgendXPac.py', '--cfg-path', '/tmp/tmp09h7px_h']
[2025-01-24T12:11:58.048-0300] {standard_task_runner.py:105} INFO - Job 3585: Subtask starting
[2025-01-24T12:11:58.067-0300] {task_command.py:467} INFO - Running <TaskInstance: MergePacTratAgeng.starting scheduled__2020-03-19T13:15:00+00:00 [running]> on host lucas-Aspire-A514-54
[2025-01-24T12:11:58.103-0300] {taskinstance.py:3132} INFO - Exporting env vars: AIRFLOW_CTX_DAG_OWNER='lucas' AIRFLOW_CTX_DAG_ID='MergePacTratAgeng' AIRFLOW_CTX_TASK_ID='starting' AIRFLOW_CTX_EXECUTION_DATE='2020-03-19T13:15:00+00:00' AIRFLOW_CTX_TRY_NUMBER='1' AIRFLOW_CTX_DAG_RUN_ID='scheduled__2020-03-19T13:15:00+00:00'
[2025-01-24T12:11:58.103-0300] {taskinstance.py:731} INFO - ::endgroup::
[2025-01-24T12:11:58.111-0300] {subprocess.py:78} INFO - Tmp dir root location: /tmp
[2025-01-24T12:11:58.112-0300] {subprocess.py:88} INFO - Running command: ['/usr/bin/bash', '-c', 'echo "I am reading the CSV now....."']
[2025-01-24T12:11:58.118-0300] {subprocess.py:99} INFO - Output:
[2025-01-24T12:11:58.119-0300] {subprocess.py:106} INFO - I am reading the CSV now.....
[2025-01-24T12:11:58.119-0300] {subprocess.py:110} INFO - Command exited with return code 0
[2025-01-24T12:11:58.130-0300] {taskinstance.py:340} INFO - ::group::Post task execution logs
[2025-01-24T12:11:58.130-0300] {taskinstance.py:352} INFO - Marking task as SUCCESS. dag_id=MergePacTratAgeng, task_id=starting, run_id=scheduled__2020-03-19T13:15:00+00:00, execution_date=20200319T131500, start_date=20250124T151158, end_date=20250124T151158
[2025-01-24T12:11:58.180-0300] {local_task_job_runner.py:266} INFO - Task exited with return code 0
[2025-01-24T12:11:58.203-0300] {taskinstance.py:3895} INFO - 1 downstream tasks scheduled from follow-on schedule check
[2025-01-24T12:11:58.207-0300] {local_task_job_runner.py:245} INFO - ::endgroup::
