[2025-01-24T11:10:36.346-0300] {processor.py:186} INFO - Started process (PID=56653) to work on /home/lucas/airflow/dags/DAGAgendXPac.py
[2025-01-24T11:10:36.346-0300] {processor.py:914} INFO - Processing file /home/lucas/airflow/dags/DAGAgendXPac.py for tasks to queue
[2025-01-24T11:10:36.347-0300] {logging_mixin.py:190} INFO - [2025-01-24T11:10:36.347-0300] {dagbag.py:588} INFO - Filling up the DagBag from /home/lucas/airflow/dags/DAGAgendXPac.py
[2025-01-24T11:10:36.355-0300] {logging_mixin.py:190} INFO - [2025-01-24T11:10:36.352-0300] {dagbag.py:387} ERROR - Failed to import: /home/lucas/airflow/dags/DAGAgendXPac.py
Traceback (most recent call last):
  File "/home/lucas/airflow_env/lib/python3.12/site-packages/airflow/models/dagbag.py", line 383, in parse
    loader.exec_module(new_module)
  File "<frozen importlib._bootstrap_external>", line 995, in exec_module
  File "<frozen importlib._bootstrap>", line 488, in _call_with_frames_removed
  File "/home/lucas/airflow/dags/DAGAgendXPac.py", line 32, in <module>
    CSVJson = PythonOperator(task_id='readAgend', python_callable=read_filter_Agendamento)
                                                                  ^^^^^^^^^^^^^^^^^^^^^^^
NameError: name 'read_filter_Agendamento' is not defined
[2025-01-24T11:10:36.357-0300] {processor.py:927} WARNING - No viable dags retrieved from /home/lucas/airflow/dags/DAGAgendXPac.py
[2025-01-24T11:10:36.372-0300] {processor.py:208} INFO - Processing /home/lucas/airflow/dags/DAGAgendXPac.py took 0.030 seconds
[2025-01-24T11:11:28.460-0300] {processor.py:186} INFO - Started process (PID=57130) to work on /home/lucas/airflow/dags/DAGAgendXPac.py
[2025-01-24T11:11:28.461-0300] {processor.py:914} INFO - Processing file /home/lucas/airflow/dags/DAGAgendXPac.py for tasks to queue
[2025-01-24T11:11:28.462-0300] {logging_mixin.py:190} INFO - [2025-01-24T11:11:28.461-0300] {dagbag.py:588} INFO - Filling up the DagBag from /home/lucas/airflow/dags/DAGAgendXPac.py
[2025-01-24T11:11:28.467-0300] {processor.py:925} INFO - DAG(s) 'MergePacTratAgeng' retrieved from /home/lucas/airflow/dags/DAGAgendXPac.py
[2025-01-24T11:11:28.552-0300] {logging_mixin.py:190} INFO - [2025-01-24T11:11:28.551-0300] {override.py:1912} INFO - Created Permission View: can edit on DAG:MergePacTratAgeng
[2025-01-24T11:11:28.560-0300] {logging_mixin.py:190} INFO - [2025-01-24T11:11:28.559-0300] {override.py:1912} INFO - Created Permission View: can read on DAG:MergePacTratAgeng
[2025-01-24T11:11:28.566-0300] {logging_mixin.py:190} INFO - [2025-01-24T11:11:28.565-0300] {override.py:1912} INFO - Created Permission View: can delete on DAG:MergePacTratAgeng
[2025-01-24T11:11:28.574-0300] {logging_mixin.py:190} INFO - [2025-01-24T11:11:28.574-0300] {override.py:1912} INFO - Created Permission View: menu access on DAG Run:MergePacTratAgeng
[2025-01-24T11:11:28.580-0300] {logging_mixin.py:190} INFO - [2025-01-24T11:11:28.579-0300] {override.py:1912} INFO - Created Permission View: can delete on DAG Run:MergePacTratAgeng
[2025-01-24T11:11:28.585-0300] {logging_mixin.py:190} INFO - [2025-01-24T11:11:28.585-0300] {override.py:1912} INFO - Created Permission View: can read on DAG Run:MergePacTratAgeng
[2025-01-24T11:11:28.591-0300] {logging_mixin.py:190} INFO - [2025-01-24T11:11:28.591-0300] {override.py:1912} INFO - Created Permission View: can create on DAG Run:MergePacTratAgeng
[2025-01-24T11:11:28.591-0300] {logging_mixin.py:190} INFO - [2025-01-24T11:11:28.591-0300] {dag.py:3239} INFO - Sync 1 DAGs
[2025-01-24T11:11:28.598-0300] {logging_mixin.py:190} INFO - [2025-01-24T11:11:28.598-0300] {dag.py:3262} INFO - Creating ORM DAG for MergePacTratAgeng
[2025-01-24T11:11:28.603-0300] {logging_mixin.py:190} INFO - [2025-01-24T11:11:28.603-0300] {dag.py:4180} INFO - Setting next_dagrun for MergePacTratAgeng to 2020-03-18 00:00:00+00:00, run_after=2020-03-18 00:05:00+00:00
[2025-01-24T11:11:28.618-0300] {processor.py:208} INFO - Processing /home/lucas/airflow/dags/DAGAgendXPac.py took 0.163 seconds
[2025-01-24T11:14:12.334-0300] {processor.py:186} INFO - Started process (PID=58505) to work on /home/lucas/airflow/dags/DAGAgendXPac.py
[2025-01-24T11:14:12.345-0300] {processor.py:914} INFO - Processing file /home/lucas/airflow/dags/DAGAgendXPac.py for tasks to queue
[2025-01-24T11:14:12.347-0300] {logging_mixin.py:190} INFO - [2025-01-24T11:14:12.346-0300] {dagbag.py:588} INFO - Filling up the DagBag from /home/lucas/airflow/dags/DAGAgendXPac.py
[2025-01-24T11:14:12.357-0300] {processor.py:925} INFO - DAG(s) 'MergePacTratAgeng' retrieved from /home/lucas/airflow/dags/DAGAgendXPac.py
[2025-01-24T11:14:12.366-0300] {logging_mixin.py:190} INFO - [2025-01-24T11:14:12.366-0300] {dag.py:3239} INFO - Sync 1 DAGs
[2025-01-24T11:14:12.377-0300] {logging_mixin.py:190} INFO - [2025-01-24T11:14:12.377-0300] {dag.py:4180} INFO - Setting next_dagrun for MergePacTratAgeng to 2020-03-18 01:05:00+00:00, run_after=2020-03-18 01:10:00+00:00
[2025-01-24T11:14:12.390-0300] {processor.py:208} INFO - Processing /home/lucas/airflow/dags/DAGAgendXPac.py took 0.060 seconds
[2025-01-24T11:15:56.066-0300] {processor.py:186} INFO - Started process (PID=59308) to work on /home/lucas/airflow/dags/DAGAgendXPac.py
[2025-01-24T11:15:56.067-0300] {processor.py:914} INFO - Processing file /home/lucas/airflow/dags/DAGAgendXPac.py for tasks to queue
[2025-01-24T11:15:56.068-0300] {logging_mixin.py:190} INFO - [2025-01-24T11:15:56.068-0300] {dagbag.py:588} INFO - Filling up the DagBag from /home/lucas/airflow/dags/DAGAgendXPac.py
[2025-01-24T11:15:56.074-0300] {processor.py:925} INFO - DAG(s) 'MergePacTratAgeng' retrieved from /home/lucas/airflow/dags/DAGAgendXPac.py
[2025-01-24T11:15:56.083-0300] {logging_mixin.py:190} INFO - [2025-01-24T11:15:56.083-0300] {dag.py:3239} INFO - Sync 1 DAGs
[2025-01-24T11:15:56.094-0300] {logging_mixin.py:190} INFO - [2025-01-24T11:15:56.094-0300] {dag.py:4180} INFO - Setting next_dagrun for MergePacTratAgeng to 2020-03-18 01:05:00+00:00, run_after=2020-03-18 01:10:00+00:00
[2025-01-24T11:15:56.107-0300] {processor.py:208} INFO - Processing /home/lucas/airflow/dags/DAGAgendXPac.py took 0.045 seconds
[2025-01-24T11:17:44.080-0300] {processor.py:186} INFO - Started process (PID=60390) to work on /home/lucas/airflow/dags/DAGAgendXPac.py
[2025-01-24T11:17:44.091-0300] {processor.py:914} INFO - Processing file /home/lucas/airflow/dags/DAGAgendXPac.py for tasks to queue
[2025-01-24T11:17:44.093-0300] {logging_mixin.py:190} INFO - [2025-01-24T11:17:44.092-0300] {dagbag.py:588} INFO - Filling up the DagBag from /home/lucas/airflow/dags/DAGAgendXPac.py
[2025-01-24T11:17:44.104-0300] {processor.py:925} INFO - DAG(s) 'MergePacTratAgeng' retrieved from /home/lucas/airflow/dags/DAGAgendXPac.py
[2025-01-24T11:17:44.217-0300] {logging_mixin.py:190} INFO - [2025-01-24T11:17:44.217-0300] {dag.py:3239} INFO - Sync 1 DAGs
[2025-01-24T11:17:44.239-0300] {logging_mixin.py:190} INFO - [2025-01-24T11:17:44.238-0300] {dag.py:4180} INFO - Setting next_dagrun for MergePacTratAgeng to 2020-03-18 01:05:00+00:00, run_after=2020-03-18 01:10:00+00:00
[2025-01-24T11:17:44.260-0300] {processor.py:208} INFO - Processing /home/lucas/airflow/dags/DAGAgendXPac.py took 0.184 seconds
[2025-01-24T11:18:30.331-0300] {processor.py:186} INFO - Started process (PID=60472) to work on /home/lucas/airflow/dags/DAGAgendXPac.py
[2025-01-24T11:18:30.342-0300] {processor.py:914} INFO - Processing file /home/lucas/airflow/dags/DAGAgendXPac.py for tasks to queue
[2025-01-24T11:18:30.345-0300] {logging_mixin.py:190} INFO - [2025-01-24T11:18:30.344-0300] {dagbag.py:588} INFO - Filling up the DagBag from /home/lucas/airflow/dags/DAGAgendXPac.py
[2025-01-24T11:18:30.355-0300] {processor.py:925} INFO - DAG(s) 'MergePacTratAgeng' retrieved from /home/lucas/airflow/dags/DAGAgendXPac.py
[2025-01-24T11:18:30.364-0300] {logging_mixin.py:190} INFO - [2025-01-24T11:18:30.364-0300] {dag.py:3239} INFO - Sync 1 DAGs
[2025-01-24T11:18:30.375-0300] {logging_mixin.py:190} INFO - [2025-01-24T11:18:30.375-0300] {dag.py:4180} INFO - Setting next_dagrun for MergePacTratAgeng to 2020-03-18 01:05:00+00:00, run_after=2020-03-18 01:10:00+00:00
[2025-01-24T11:18:30.388-0300] {processor.py:208} INFO - Processing /home/lucas/airflow/dags/DAGAgendXPac.py took 0.064 seconds
[2025-01-24T11:19:00.127-0300] {processor.py:186} INFO - Started process (PID=60580) to work on /home/lucas/airflow/dags/DAGAgendXPac.py
[2025-01-24T11:19:00.130-0300] {processor.py:914} INFO - Processing file /home/lucas/airflow/dags/DAGAgendXPac.py for tasks to queue
[2025-01-24T11:19:00.131-0300] {logging_mixin.py:190} INFO - [2025-01-24T11:19:00.131-0300] {dagbag.py:588} INFO - Filling up the DagBag from /home/lucas/airflow/dags/DAGAgendXPac.py
[2025-01-24T11:19:00.139-0300] {logging_mixin.py:190} INFO - [2025-01-24T11:19:00.137-0300] {dagbag.py:387} ERROR - Failed to import: /home/lucas/airflow/dags/DAGAgendXPac.py
Traceback (most recent call last):
  File "/home/lucas/airflow_env/lib/python3.12/site-packages/airflow/models/dagbag.py", line 383, in parse
    loader.exec_module(new_module)
  File "<frozen importlib._bootstrap_external>", line 995, in exec_module
  File "<frozen importlib._bootstrap>", line 488, in _call_with_frames_removed
  File "/home/lucas/airflow/dags/DAGAgendXPac.py", line 36, in <module>
    print_starting.set_downstream(coping).set_downstream(CSVJson)
    ^^^^^^^^^^^^^^^^^^^^^^^^^^^^^^^^^^^^^^^^^^^^^^^^^^^^
AttributeError: 'NoneType' object has no attribute 'set_downstream'
[2025-01-24T11:19:00.140-0300] {processor.py:927} WARNING - No viable dags retrieved from /home/lucas/airflow/dags/DAGAgendXPac.py
[2025-01-24T11:19:00.155-0300] {processor.py:208} INFO - Processing /home/lucas/airflow/dags/DAGAgendXPac.py took 0.034 seconds
[2025-01-24T11:19:31.053-0300] {processor.py:186} INFO - Started process (PID=60698) to work on /home/lucas/airflow/dags/DAGAgendXPac.py
[2025-01-24T11:19:31.064-0300] {processor.py:914} INFO - Processing file /home/lucas/airflow/dags/DAGAgendXPac.py for tasks to queue
[2025-01-24T11:19:31.065-0300] {logging_mixin.py:190} INFO - [2025-01-24T11:19:31.065-0300] {dagbag.py:588} INFO - Filling up the DagBag from /home/lucas/airflow/dags/DAGAgendXPac.py
[2025-01-24T11:19:31.074-0300] {processor.py:925} INFO - DAG(s) 'MergePacTratAgeng' retrieved from /home/lucas/airflow/dags/DAGAgendXPac.py
[2025-01-24T11:19:31.145-0300] {logging_mixin.py:190} INFO - [2025-01-24T11:19:31.145-0300] {dag.py:3239} INFO - Sync 1 DAGs
[2025-01-24T11:19:31.158-0300] {logging_mixin.py:190} INFO - [2025-01-24T11:19:31.158-0300] {dag.py:4180} INFO - Setting next_dagrun for MergePacTratAgeng to 2020-03-18 01:05:00+00:00, run_after=2020-03-18 01:10:00+00:00
[2025-01-24T11:19:31.180-0300] {processor.py:208} INFO - Processing /home/lucas/airflow/dags/DAGAgendXPac.py took 0.133 seconds
[2025-01-24T11:20:55.658-0300] {processor.py:186} INFO - Started process (PID=61097) to work on /home/lucas/airflow/dags/DAGAgendXPac.py
[2025-01-24T11:20:55.669-0300] {processor.py:914} INFO - Processing file /home/lucas/airflow/dags/DAGAgendXPac.py for tasks to queue
[2025-01-24T11:20:55.671-0300] {logging_mixin.py:190} INFO - [2025-01-24T11:20:55.671-0300] {dagbag.py:588} INFO - Filling up the DagBag from /home/lucas/airflow/dags/DAGAgendXPac.py
[2025-01-24T11:20:55.681-0300] {processor.py:925} INFO - DAG(s) 'MergePacTratAgeng' retrieved from /home/lucas/airflow/dags/DAGAgendXPac.py
[2025-01-24T11:20:55.691-0300] {logging_mixin.py:190} INFO - [2025-01-24T11:20:55.691-0300] {dag.py:3239} INFO - Sync 1 DAGs
[2025-01-24T11:20:55.715-0300] {processor.py:208} INFO - Processing /home/lucas/airflow/dags/DAGAgendXPac.py took 0.065 seconds
[2025-01-24T11:21:28.691-0300] {processor.py:186} INFO - Started process (PID=61151) to work on /home/lucas/airflow/dags/DAGAgendXPac.py
[2025-01-24T11:21:28.702-0300] {processor.py:914} INFO - Processing file /home/lucas/airflow/dags/DAGAgendXPac.py for tasks to queue
[2025-01-24T11:21:28.705-0300] {logging_mixin.py:190} INFO - [2025-01-24T11:21:28.704-0300] {dagbag.py:588} INFO - Filling up the DagBag from /home/lucas/airflow/dags/DAGAgendXPac.py
[2025-01-24T11:21:28.716-0300] {processor.py:925} INFO - DAG(s) 'MergePacTratAgeng' retrieved from /home/lucas/airflow/dags/DAGAgendXPac.py
[2025-01-24T11:21:28.725-0300] {logging_mixin.py:190} INFO - [2025-01-24T11:21:28.725-0300] {dag.py:3239} INFO - Sync 1 DAGs
[2025-01-24T11:21:28.747-0300] {processor.py:208} INFO - Processing /home/lucas/airflow/dags/DAGAgendXPac.py took 0.060 seconds
[2025-01-24T11:22:28.094-0300] {processor.py:186} INFO - Started process (PID=61408) to work on /home/lucas/airflow/dags/DAGAgendXPac.py
[2025-01-24T11:22:28.095-0300] {processor.py:914} INFO - Processing file /home/lucas/airflow/dags/DAGAgendXPac.py for tasks to queue
[2025-01-24T11:22:28.096-0300] {logging_mixin.py:190} INFO - [2025-01-24T11:22:28.095-0300] {dagbag.py:588} INFO - Filling up the DagBag from /home/lucas/airflow/dags/DAGAgendXPac.py
[2025-01-24T11:22:28.102-0300] {processor.py:925} INFO - DAG(s) 'MergePacTratAgeng' retrieved from /home/lucas/airflow/dags/DAGAgendXPac.py
[2025-01-24T11:22:28.115-0300] {logging_mixin.py:190} INFO - [2025-01-24T11:22:28.114-0300] {dag.py:3239} INFO - Sync 1 DAGs
[2025-01-24T11:22:28.148-0300] {processor.py:208} INFO - Processing /home/lucas/airflow/dags/DAGAgendXPac.py took 0.059 seconds
[2025-01-24T11:23:00.062-0300] {processor.py:186} INFO - Started process (PID=61501) to work on /home/lucas/airflow/dags/DAGAgendXPac.py
[2025-01-24T11:23:00.063-0300] {processor.py:914} INFO - Processing file /home/lucas/airflow/dags/DAGAgendXPac.py for tasks to queue
[2025-01-24T11:23:00.064-0300] {logging_mixin.py:190} INFO - [2025-01-24T11:23:00.064-0300] {dagbag.py:588} INFO - Filling up the DagBag from /home/lucas/airflow/dags/DAGAgendXPac.py
[2025-01-24T11:23:00.070-0300] {processor.py:925} INFO - DAG(s) 'MergePacTratAgeng' retrieved from /home/lucas/airflow/dags/DAGAgendXPac.py
[2025-01-24T11:23:00.079-0300] {logging_mixin.py:190} INFO - [2025-01-24T11:23:00.079-0300] {dag.py:3239} INFO - Sync 1 DAGs
[2025-01-24T11:23:00.103-0300] {processor.py:208} INFO - Processing /home/lucas/airflow/dags/DAGAgendXPac.py took 0.045 seconds
[2025-01-24T11:23:56.376-0300] {processor.py:186} INFO - Started process (PID=61594) to work on /home/lucas/airflow/dags/DAGAgendXPac.py
[2025-01-24T11:23:56.377-0300] {processor.py:914} INFO - Processing file /home/lucas/airflow/dags/DAGAgendXPac.py for tasks to queue
[2025-01-24T11:23:56.378-0300] {logging_mixin.py:190} INFO - [2025-01-24T11:23:56.378-0300] {dagbag.py:588} INFO - Filling up the DagBag from /home/lucas/airflow/dags/DAGAgendXPac.py
[2025-01-24T11:23:56.384-0300] {processor.py:925} INFO - DAG(s) 'MergePacTratAgeng' retrieved from /home/lucas/airflow/dags/DAGAgendXPac.py
[2025-01-24T11:23:56.394-0300] {logging_mixin.py:190} INFO - [2025-01-24T11:23:56.393-0300] {dag.py:3239} INFO - Sync 1 DAGs
[2025-01-24T11:23:56.416-0300] {processor.py:208} INFO - Processing /home/lucas/airflow/dags/DAGAgendXPac.py took 0.044 seconds
[2025-01-24T11:24:55.812-0300] {processor.py:186} INFO - Started process (PID=61716) to work on /home/lucas/airflow/dags/DAGAgendXPac.py
[2025-01-24T11:24:55.823-0300] {processor.py:914} INFO - Processing file /home/lucas/airflow/dags/DAGAgendXPac.py for tasks to queue
[2025-01-24T11:24:55.825-0300] {logging_mixin.py:190} INFO - [2025-01-24T11:24:55.824-0300] {dagbag.py:588} INFO - Filling up the DagBag from /home/lucas/airflow/dags/DAGAgendXPac.py
[2025-01-24T11:24:55.831-0300] {processor.py:925} INFO - DAG(s) 'MergePacTratAgeng' retrieved from /home/lucas/airflow/dags/DAGAgendXPac.py
[2025-01-24T11:24:55.842-0300] {logging_mixin.py:190} INFO - [2025-01-24T11:24:55.842-0300] {dag.py:3239} INFO - Sync 1 DAGs
[2025-01-24T11:24:55.871-0300] {processor.py:208} INFO - Processing /home/lucas/airflow/dags/DAGAgendXPac.py took 0.066 seconds
[2025-01-24T11:25:51.099-0300] {processor.py:186} INFO - Started process (PID=61949) to work on /home/lucas/airflow/dags/DAGAgendXPac.py
[2025-01-24T11:25:51.110-0300] {processor.py:914} INFO - Processing file /home/lucas/airflow/dags/DAGAgendXPac.py for tasks to queue
[2025-01-24T11:25:51.113-0300] {logging_mixin.py:190} INFO - [2025-01-24T11:25:51.112-0300] {dagbag.py:588} INFO - Filling up the DagBag from /home/lucas/airflow/dags/DAGAgendXPac.py
[2025-01-24T11:25:51.128-0300] {processor.py:925} INFO - DAG(s) 'MergePacTratAgeng' retrieved from /home/lucas/airflow/dags/DAGAgendXPac.py
[2025-01-24T11:25:51.138-0300] {logging_mixin.py:190} INFO - [2025-01-24T11:25:51.138-0300] {dag.py:3239} INFO - Sync 1 DAGs
[2025-01-24T11:25:51.163-0300] {processor.py:208} INFO - Processing /home/lucas/airflow/dags/DAGAgendXPac.py took 0.068 seconds
[2025-01-24T11:26:48.703-0300] {processor.py:186} INFO - Started process (PID=62109) to work on /home/lucas/airflow/dags/DAGAgendXPac.py
[2025-01-24T11:26:48.704-0300] {processor.py:914} INFO - Processing file /home/lucas/airflow/dags/DAGAgendXPac.py for tasks to queue
[2025-01-24T11:26:48.706-0300] {logging_mixin.py:190} INFO - [2025-01-24T11:26:48.706-0300] {dagbag.py:588} INFO - Filling up the DagBag from /home/lucas/airflow/dags/DAGAgendXPac.py
[2025-01-24T11:26:48.719-0300] {processor.py:925} INFO - DAG(s) 'MergePacTratAgeng' retrieved from /home/lucas/airflow/dags/DAGAgendXPac.py
[2025-01-24T11:26:48.825-0300] {logging_mixin.py:190} INFO - [2025-01-24T11:26:48.824-0300] {dag.py:3239} INFO - Sync 1 DAGs
[2025-01-24T11:26:48.852-0300] {processor.py:208} INFO - Processing /home/lucas/airflow/dags/DAGAgendXPac.py took 0.156 seconds
[2025-01-24T11:28:15.494-0300] {processor.py:186} INFO - Started process (PID=62707) to work on /home/lucas/airflow/dags/DAGAgendXPac.py
[2025-01-24T11:28:15.506-0300] {processor.py:914} INFO - Processing file /home/lucas/airflow/dags/DAGAgendXPac.py for tasks to queue
[2025-01-24T11:28:15.508-0300] {logging_mixin.py:190} INFO - [2025-01-24T11:28:15.508-0300] {dagbag.py:588} INFO - Filling up the DagBag from /home/lucas/airflow/dags/DAGAgendXPac.py
[2025-01-24T11:28:15.519-0300] {processor.py:925} INFO - DAG(s) 'MergePacTratAgeng' retrieved from /home/lucas/airflow/dags/DAGAgendXPac.py
[2025-01-24T11:28:15.528-0300] {logging_mixin.py:190} INFO - [2025-01-24T11:28:15.528-0300] {dag.py:3239} INFO - Sync 1 DAGs
[2025-01-24T11:28:15.540-0300] {logging_mixin.py:190} INFO - [2025-01-24T11:28:15.540-0300] {dag.py:4180} INFO - Setting next_dagrun for MergePacTratAgeng to 2020-03-18 01:20:00+00:00, run_after=2020-03-18 01:25:00+00:00
[2025-01-24T11:28:15.553-0300] {processor.py:208} INFO - Processing /home/lucas/airflow/dags/DAGAgendXPac.py took 0.065 seconds
[2025-01-24T11:28:59.003-0300] {processor.py:186} INFO - Started process (PID=62791) to work on /home/lucas/airflow/dags/DAGAgendXPac.py
[2025-01-24T11:28:59.015-0300] {processor.py:914} INFO - Processing file /home/lucas/airflow/dags/DAGAgendXPac.py for tasks to queue
[2025-01-24T11:28:59.017-0300] {logging_mixin.py:190} INFO - [2025-01-24T11:28:59.017-0300] {dagbag.py:588} INFO - Filling up the DagBag from /home/lucas/airflow/dags/DAGAgendXPac.py
[2025-01-24T11:28:59.028-0300] {processor.py:925} INFO - DAG(s) 'MergePacTratAgeng' retrieved from /home/lucas/airflow/dags/DAGAgendXPac.py
[2025-01-24T11:28:59.038-0300] {logging_mixin.py:190} INFO - [2025-01-24T11:28:59.038-0300] {dag.py:3239} INFO - Sync 1 DAGs
[2025-01-24T11:28:59.049-0300] {logging_mixin.py:190} INFO - [2025-01-24T11:28:59.049-0300] {dag.py:4180} INFO - Setting next_dagrun for MergePacTratAgeng to 2020-03-18 01:20:00+00:00, run_after=2020-03-18 01:25:00+00:00
[2025-01-24T11:28:59.061-0300] {processor.py:208} INFO - Processing /home/lucas/airflow/dags/DAGAgendXPac.py took 0.064 seconds
[2025-01-24T11:29:57.297-0300] {processor.py:186} INFO - Started process (PID=63125) to work on /home/lucas/airflow/dags/DAGAgendXPac.py
[2025-01-24T11:29:57.307-0300] {processor.py:914} INFO - Processing file /home/lucas/airflow/dags/DAGAgendXPac.py for tasks to queue
[2025-01-24T11:29:57.309-0300] {logging_mixin.py:190} INFO - [2025-01-24T11:29:57.308-0300] {dagbag.py:588} INFO - Filling up the DagBag from /home/lucas/airflow/dags/DAGAgendXPac.py
[2025-01-24T11:29:57.318-0300] {processor.py:925} INFO - DAG(s) 'MergePacTratAgeng' retrieved from /home/lucas/airflow/dags/DAGAgendXPac.py
[2025-01-24T11:29:57.333-0300] {logging_mixin.py:190} INFO - [2025-01-24T11:29:57.332-0300] {dag.py:3239} INFO - Sync 1 DAGs
[2025-01-24T11:29:57.352-0300] {logging_mixin.py:190} INFO - [2025-01-24T11:29:57.352-0300] {dag.py:4180} INFO - Setting next_dagrun for MergePacTratAgeng to 2020-03-18 01:20:00+00:00, run_after=2020-03-18 01:25:00+00:00
[2025-01-24T11:29:57.370-0300] {processor.py:208} INFO - Processing /home/lucas/airflow/dags/DAGAgendXPac.py took 0.078 seconds
[2025-01-24T11:31:15.102-0300] {processor.py:186} INFO - Started process (PID=63727) to work on /home/lucas/airflow/dags/DAGAgendXPac.py
[2025-01-24T11:31:15.103-0300] {processor.py:914} INFO - Processing file /home/lucas/airflow/dags/DAGAgendXPac.py for tasks to queue
[2025-01-24T11:31:15.105-0300] {logging_mixin.py:190} INFO - [2025-01-24T11:31:15.104-0300] {dagbag.py:588} INFO - Filling up the DagBag from /home/lucas/airflow/dags/DAGAgendXPac.py
[2025-01-24T11:31:15.113-0300] {processor.py:925} INFO - DAG(s) 'MergePacTratAgeng' retrieved from /home/lucas/airflow/dags/DAGAgendXPac.py
[2025-01-24T11:31:15.125-0300] {logging_mixin.py:190} INFO - [2025-01-24T11:31:15.125-0300] {dag.py:3239} INFO - Sync 1 DAGs
[2025-01-24T11:31:15.139-0300] {logging_mixin.py:190} INFO - [2025-01-24T11:31:15.139-0300] {dag.py:4180} INFO - Setting next_dagrun for MergePacTratAgeng to 2020-03-18 02:20:00+00:00, run_after=2020-03-18 02:25:00+00:00
[2025-01-24T11:31:15.154-0300] {processor.py:208} INFO - Processing /home/lucas/airflow/dags/DAGAgendXPac.py took 0.058 seconds
[2025-01-24T11:34:28.991-0300] {processor.py:186} INFO - Started process (PID=65838) to work on /home/lucas/airflow/dags/DAGAgendXPac.py
[2025-01-24T11:34:28.992-0300] {processor.py:914} INFO - Processing file /home/lucas/airflow/dags/DAGAgendXPac.py for tasks to queue
[2025-01-24T11:34:28.993-0300] {logging_mixin.py:190} INFO - [2025-01-24T11:34:28.993-0300] {dagbag.py:588} INFO - Filling up the DagBag from /home/lucas/airflow/dags/DAGAgendXPac.py
[2025-01-24T11:34:28.999-0300] {processor.py:925} INFO - DAG(s) 'MergePacTratAgeng' retrieved from /home/lucas/airflow/dags/DAGAgendXPac.py
[2025-01-24T11:34:29.009-0300] {logging_mixin.py:190} INFO - [2025-01-24T11:34:29.008-0300] {dag.py:3239} INFO - Sync 1 DAGs
[2025-01-24T11:34:29.020-0300] {logging_mixin.py:190} INFO - [2025-01-24T11:34:29.020-0300] {dag.py:4180} INFO - Setting next_dagrun for MergePacTratAgeng to 2020-03-18 04:50:00+00:00, run_after=2020-03-18 04:55:00+00:00
[2025-01-24T11:34:29.035-0300] {processor.py:208} INFO - Processing /home/lucas/airflow/dags/DAGAgendXPac.py took 0.051 seconds
[2025-01-24T11:37:36.714-0300] {processor.py:186} INFO - Started process (PID=67401) to work on /home/lucas/airflow/dags/DAGAgendXPac.py
[2025-01-24T11:37:36.716-0300] {processor.py:914} INFO - Processing file /home/lucas/airflow/dags/DAGAgendXPac.py for tasks to queue
[2025-01-24T11:37:36.717-0300] {logging_mixin.py:190} INFO - [2025-01-24T11:37:36.717-0300] {dagbag.py:588} INFO - Filling up the DagBag from /home/lucas/airflow/dags/DAGAgendXPac.py
[2025-01-24T11:37:36.724-0300] {processor.py:925} INFO - DAG(s) 'MergePacTratAgeng' retrieved from /home/lucas/airflow/dags/DAGAgendXPac.py
[2025-01-24T11:37:36.733-0300] {logging_mixin.py:190} INFO - [2025-01-24T11:37:36.733-0300] {dag.py:3239} INFO - Sync 1 DAGs
[2025-01-24T11:37:36.744-0300] {logging_mixin.py:190} INFO - [2025-01-24T11:37:36.744-0300] {dag.py:4180} INFO - Setting next_dagrun for MergePacTratAgeng to 2020-03-18 07:20:00+00:00, run_after=2020-03-18 07:25:00+00:00
[2025-01-24T11:37:36.759-0300] {processor.py:208} INFO - Processing /home/lucas/airflow/dags/DAGAgendXPac.py took 0.054 seconds
[2025-01-24T11:40:35.058-0300] {processor.py:186} INFO - Started process (PID=68890) to work on /home/lucas/airflow/dags/DAGAgendXPac.py
[2025-01-24T11:40:35.070-0300] {processor.py:914} INFO - Processing file /home/lucas/airflow/dags/DAGAgendXPac.py for tasks to queue
[2025-01-24T11:40:35.072-0300] {logging_mixin.py:190} INFO - [2025-01-24T11:40:35.072-0300] {dagbag.py:588} INFO - Filling up the DagBag from /home/lucas/airflow/dags/DAGAgendXPac.py
[2025-01-24T11:40:35.084-0300] {processor.py:925} INFO - DAG(s) 'MergePacTratAgeng' retrieved from /home/lucas/airflow/dags/DAGAgendXPac.py
[2025-01-24T11:40:35.094-0300] {logging_mixin.py:190} INFO - [2025-01-24T11:40:35.094-0300] {dag.py:3239} INFO - Sync 1 DAGs
[2025-01-24T11:40:35.105-0300] {logging_mixin.py:190} INFO - [2025-01-24T11:40:35.105-0300] {dag.py:4180} INFO - Setting next_dagrun for MergePacTratAgeng to 2020-03-18 09:45:00+00:00, run_after=2020-03-18 09:50:00+00:00
[2025-01-24T11:40:35.117-0300] {processor.py:208} INFO - Processing /home/lucas/airflow/dags/DAGAgendXPac.py took 0.064 seconds
[2025-01-24T11:43:25.546-0300] {processor.py:186} INFO - Started process (PID=70298) to work on /home/lucas/airflow/dags/DAGAgendXPac.py
[2025-01-24T11:43:25.547-0300] {processor.py:914} INFO - Processing file /home/lucas/airflow/dags/DAGAgendXPac.py for tasks to queue
[2025-01-24T11:43:25.548-0300] {logging_mixin.py:190} INFO - [2025-01-24T11:43:25.548-0300] {dagbag.py:588} INFO - Filling up the DagBag from /home/lucas/airflow/dags/DAGAgendXPac.py
[2025-01-24T11:43:25.554-0300] {processor.py:925} INFO - DAG(s) 'MergePacTratAgeng' retrieved from /home/lucas/airflow/dags/DAGAgendXPac.py
[2025-01-24T11:43:25.562-0300] {logging_mixin.py:190} INFO - [2025-01-24T11:43:25.562-0300] {dag.py:3239} INFO - Sync 1 DAGs
[2025-01-24T11:43:25.574-0300] {logging_mixin.py:190} INFO - [2025-01-24T11:43:25.574-0300] {dag.py:4180} INFO - Setting next_dagrun for MergePacTratAgeng to 2020-03-18 12:20:00+00:00, run_after=2020-03-18 12:25:00+00:00
[2025-01-24T11:43:25.586-0300] {processor.py:208} INFO - Processing /home/lucas/airflow/dags/DAGAgendXPac.py took 0.044 seconds
[2025-01-24T11:46:17.682-0300] {processor.py:186} INFO - Started process (PID=71726) to work on /home/lucas/airflow/dags/DAGAgendXPac.py
[2025-01-24T11:46:17.693-0300] {processor.py:914} INFO - Processing file /home/lucas/airflow/dags/DAGAgendXPac.py for tasks to queue
[2025-01-24T11:46:17.696-0300] {logging_mixin.py:190} INFO - [2025-01-24T11:46:17.695-0300] {dagbag.py:588} INFO - Filling up the DagBag from /home/lucas/airflow/dags/DAGAgendXPac.py
[2025-01-24T11:46:17.707-0300] {processor.py:925} INFO - DAG(s) 'MergePacTratAgeng' retrieved from /home/lucas/airflow/dags/DAGAgendXPac.py
[2025-01-24T11:46:17.716-0300] {logging_mixin.py:190} INFO - [2025-01-24T11:46:17.716-0300] {dag.py:3239} INFO - Sync 1 DAGs
[2025-01-24T11:46:17.727-0300] {logging_mixin.py:190} INFO - [2025-01-24T11:46:17.727-0300] {dag.py:4180} INFO - Setting next_dagrun for MergePacTratAgeng to 2020-03-18 14:45:00+00:00, run_after=2020-03-18 14:50:00+00:00
[2025-01-24T11:46:17.740-0300] {processor.py:208} INFO - Processing /home/lucas/airflow/dags/DAGAgendXPac.py took 0.063 seconds
[2025-01-24T11:49:07.766-0300] {processor.py:186} INFO - Started process (PID=73131) to work on /home/lucas/airflow/dags/DAGAgendXPac.py
[2025-01-24T11:49:07.767-0300] {processor.py:914} INFO - Processing file /home/lucas/airflow/dags/DAGAgendXPac.py for tasks to queue
[2025-01-24T11:49:07.769-0300] {logging_mixin.py:190} INFO - [2025-01-24T11:49:07.769-0300] {dagbag.py:588} INFO - Filling up the DagBag from /home/lucas/airflow/dags/DAGAgendXPac.py
[2025-01-24T11:49:07.777-0300] {processor.py:925} INFO - DAG(s) 'MergePacTratAgeng' retrieved from /home/lucas/airflow/dags/DAGAgendXPac.py
[2025-01-24T11:49:07.786-0300] {logging_mixin.py:190} INFO - [2025-01-24T11:49:07.786-0300] {dag.py:3239} INFO - Sync 1 DAGs
[2025-01-24T11:49:07.797-0300] {logging_mixin.py:190} INFO - [2025-01-24T11:49:07.797-0300] {dag.py:4180} INFO - Setting next_dagrun for MergePacTratAgeng to 2020-03-18 17:20:00+00:00, run_after=2020-03-18 17:25:00+00:00
[2025-01-24T11:49:07.810-0300] {processor.py:208} INFO - Processing /home/lucas/airflow/dags/DAGAgendXPac.py took 0.051 seconds
[2025-01-24T11:52:00.337-0300] {processor.py:186} INFO - Started process (PID=74561) to work on /home/lucas/airflow/dags/DAGAgendXPac.py
[2025-01-24T11:52:00.348-0300] {processor.py:914} INFO - Processing file /home/lucas/airflow/dags/DAGAgendXPac.py for tasks to queue
[2025-01-24T11:52:00.351-0300] {logging_mixin.py:190} INFO - [2025-01-24T11:52:00.350-0300] {dagbag.py:588} INFO - Filling up the DagBag from /home/lucas/airflow/dags/DAGAgendXPac.py
[2025-01-24T11:52:00.363-0300] {processor.py:925} INFO - DAG(s) 'MergePacTratAgeng' retrieved from /home/lucas/airflow/dags/DAGAgendXPac.py
[2025-01-24T11:52:00.372-0300] {logging_mixin.py:190} INFO - [2025-01-24T11:52:00.372-0300] {dag.py:3239} INFO - Sync 1 DAGs
[2025-01-24T11:52:00.383-0300] {logging_mixin.py:190} INFO - [2025-01-24T11:52:00.383-0300] {dag.py:4180} INFO - Setting next_dagrun for MergePacTratAgeng to 2020-03-18 19:45:00+00:00, run_after=2020-03-18 19:50:00+00:00
[2025-01-24T11:52:00.396-0300] {processor.py:208} INFO - Processing /home/lucas/airflow/dags/DAGAgendXPac.py took 0.063 seconds
[2025-01-24T11:54:50.740-0300] {processor.py:186} INFO - Started process (PID=76011) to work on /home/lucas/airflow/dags/DAGAgendXPac.py
[2025-01-24T11:54:50.742-0300] {processor.py:914} INFO - Processing file /home/lucas/airflow/dags/DAGAgendXPac.py for tasks to queue
[2025-01-24T11:54:50.744-0300] {logging_mixin.py:190} INFO - [2025-01-24T11:54:50.743-0300] {dagbag.py:588} INFO - Filling up the DagBag from /home/lucas/airflow/dags/DAGAgendXPac.py
[2025-01-24T11:54:50.752-0300] {processor.py:925} INFO - DAG(s) 'MergePacTratAgeng' retrieved from /home/lucas/airflow/dags/DAGAgendXPac.py
[2025-01-24T11:54:50.761-0300] {logging_mixin.py:190} INFO - [2025-01-24T11:54:50.761-0300] {dag.py:3239} INFO - Sync 1 DAGs
[2025-01-24T11:54:50.772-0300] {logging_mixin.py:190} INFO - [2025-01-24T11:54:50.772-0300] {dag.py:4180} INFO - Setting next_dagrun for MergePacTratAgeng to 2020-03-18 22:20:00+00:00, run_after=2020-03-18 22:25:00+00:00
[2025-01-24T11:54:50.785-0300] {processor.py:208} INFO - Processing /home/lucas/airflow/dags/DAGAgendXPac.py took 0.052 seconds
[2025-01-24T11:57:42.785-0300] {processor.py:186} INFO - Started process (PID=77440) to work on /home/lucas/airflow/dags/DAGAgendXPac.py
[2025-01-24T11:57:42.796-0300] {processor.py:914} INFO - Processing file /home/lucas/airflow/dags/DAGAgendXPac.py for tasks to queue
[2025-01-24T11:57:42.799-0300] {logging_mixin.py:190} INFO - [2025-01-24T11:57:42.798-0300] {dagbag.py:588} INFO - Filling up the DagBag from /home/lucas/airflow/dags/DAGAgendXPac.py
[2025-01-24T11:57:42.810-0300] {processor.py:925} INFO - DAG(s) 'MergePacTratAgeng' retrieved from /home/lucas/airflow/dags/DAGAgendXPac.py
[2025-01-24T11:57:42.819-0300] {logging_mixin.py:190} INFO - [2025-01-24T11:57:42.819-0300] {dag.py:3239} INFO - Sync 1 DAGs
[2025-01-24T11:57:42.831-0300] {logging_mixin.py:190} INFO - [2025-01-24T11:57:42.831-0300] {dag.py:4180} INFO - Setting next_dagrun for MergePacTratAgeng to 2020-03-19 00:45:00+00:00, run_after=2020-03-19 00:50:00+00:00
[2025-01-24T11:57:42.845-0300] {processor.py:208} INFO - Processing /home/lucas/airflow/dags/DAGAgendXPac.py took 0.065 seconds
[2025-01-24T12:00:27.985-0300] {processor.py:186} INFO - Started process (PID=78850) to work on /home/lucas/airflow/dags/DAGAgendXPac.py
[2025-01-24T12:00:27.986-0300] {processor.py:914} INFO - Processing file /home/lucas/airflow/dags/DAGAgendXPac.py for tasks to queue
[2025-01-24T12:00:27.988-0300] {logging_mixin.py:190} INFO - [2025-01-24T12:00:27.987-0300] {dagbag.py:588} INFO - Filling up the DagBag from /home/lucas/airflow/dags/DAGAgendXPac.py
[2025-01-24T12:00:27.995-0300] {processor.py:925} INFO - DAG(s) 'MergePacTratAgeng' retrieved from /home/lucas/airflow/dags/DAGAgendXPac.py
[2025-01-24T12:00:28.003-0300] {logging_mixin.py:190} INFO - [2025-01-24T12:00:28.003-0300] {dag.py:3239} INFO - Sync 1 DAGs
[2025-01-24T12:00:28.015-0300] {logging_mixin.py:190} INFO - [2025-01-24T12:00:28.015-0300] {dag.py:4180} INFO - Setting next_dagrun for MergePacTratAgeng to 2020-03-19 03:15:00+00:00, run_after=2020-03-19 03:20:00+00:00
[2025-01-24T12:00:28.028-0300] {processor.py:208} INFO - Processing /home/lucas/airflow/dags/DAGAgendXPac.py took 0.049 seconds
[2025-01-24T12:03:19.232-0300] {processor.py:186} INFO - Started process (PID=80325) to work on /home/lucas/airflow/dags/DAGAgendXPac.py
[2025-01-24T12:03:19.233-0300] {processor.py:914} INFO - Processing file /home/lucas/airflow/dags/DAGAgendXPac.py for tasks to queue
[2025-01-24T12:03:19.234-0300] {logging_mixin.py:190} INFO - [2025-01-24T12:03:19.234-0300] {dagbag.py:588} INFO - Filling up the DagBag from /home/lucas/airflow/dags/DAGAgendXPac.py
[2025-01-24T12:03:19.242-0300] {processor.py:925} INFO - DAG(s) 'MergePacTratAgeng' retrieved from /home/lucas/airflow/dags/DAGAgendXPac.py
[2025-01-24T12:03:19.252-0300] {logging_mixin.py:190} INFO - [2025-01-24T12:03:19.252-0300] {dag.py:3239} INFO - Sync 1 DAGs
[2025-01-24T12:03:19.266-0300] {logging_mixin.py:190} INFO - [2025-01-24T12:03:19.266-0300] {dag.py:4180} INFO - Setting next_dagrun for MergePacTratAgeng to 2020-03-19 05:45:00+00:00, run_after=2020-03-19 05:50:00+00:00
[2025-01-24T12:03:19.283-0300] {processor.py:208} INFO - Processing /home/lucas/airflow/dags/DAGAgendXPac.py took 0.054 seconds
[2025-01-24T12:06:12.684-0300] {processor.py:186} INFO - Started process (PID=81752) to work on /home/lucas/airflow/dags/DAGAgendXPac.py
[2025-01-24T12:06:12.685-0300] {processor.py:914} INFO - Processing file /home/lucas/airflow/dags/DAGAgendXPac.py for tasks to queue
[2025-01-24T12:06:12.686-0300] {logging_mixin.py:190} INFO - [2025-01-24T12:06:12.686-0300] {dagbag.py:588} INFO - Filling up the DagBag from /home/lucas/airflow/dags/DAGAgendXPac.py
[2025-01-24T12:06:12.695-0300] {processor.py:925} INFO - DAG(s) 'MergePacTratAgeng' retrieved from /home/lucas/airflow/dags/DAGAgendXPac.py
[2025-01-24T12:06:12.708-0300] {logging_mixin.py:190} INFO - [2025-01-24T12:06:12.707-0300] {dag.py:3239} INFO - Sync 1 DAGs
[2025-01-24T12:06:12.724-0300] {logging_mixin.py:190} INFO - [2025-01-24T12:06:12.724-0300] {dag.py:4180} INFO - Setting next_dagrun for MergePacTratAgeng to 2020-03-19 08:10:00+00:00, run_after=2020-03-19 08:15:00+00:00
[2025-01-24T12:06:12.740-0300] {processor.py:208} INFO - Processing /home/lucas/airflow/dags/DAGAgendXPac.py took 0.061 seconds
[2025-01-24T12:09:02.816-0300] {processor.py:186} INFO - Started process (PID=83171) to work on /home/lucas/airflow/dags/DAGAgendXPac.py
[2025-01-24T12:09:02.817-0300] {processor.py:914} INFO - Processing file /home/lucas/airflow/dags/DAGAgendXPac.py for tasks to queue
[2025-01-24T12:09:02.818-0300] {logging_mixin.py:190} INFO - [2025-01-24T12:09:02.818-0300] {dagbag.py:588} INFO - Filling up the DagBag from /home/lucas/airflow/dags/DAGAgendXPac.py
[2025-01-24T12:09:02.824-0300] {processor.py:925} INFO - DAG(s) 'MergePacTratAgeng' retrieved from /home/lucas/airflow/dags/DAGAgendXPac.py
[2025-01-24T12:09:02.833-0300] {logging_mixin.py:190} INFO - [2025-01-24T12:09:02.833-0300] {dag.py:3239} INFO - Sync 1 DAGs
[2025-01-24T12:09:02.844-0300] {logging_mixin.py:190} INFO - [2025-01-24T12:09:02.844-0300] {dag.py:4180} INFO - Setting next_dagrun for MergePacTratAgeng to 2020-03-19 10:45:00+00:00, run_after=2020-03-19 10:50:00+00:00
[2025-01-24T12:09:02.857-0300] {processor.py:208} INFO - Processing /home/lucas/airflow/dags/DAGAgendXPac.py took 0.045 seconds
[2025-01-24T12:11:55.059-0300] {processor.py:186} INFO - Started process (PID=84580) to work on /home/lucas/airflow/dags/DAGAgendXPac.py
[2025-01-24T12:11:55.070-0300] {processor.py:914} INFO - Processing file /home/lucas/airflow/dags/DAGAgendXPac.py for tasks to queue
[2025-01-24T12:11:55.072-0300] {logging_mixin.py:190} INFO - [2025-01-24T12:11:55.072-0300] {dagbag.py:588} INFO - Filling up the DagBag from /home/lucas/airflow/dags/DAGAgendXPac.py
[2025-01-24T12:11:55.084-0300] {processor.py:925} INFO - DAG(s) 'MergePacTratAgeng' retrieved from /home/lucas/airflow/dags/DAGAgendXPac.py
[2025-01-24T12:11:55.094-0300] {logging_mixin.py:190} INFO - [2025-01-24T12:11:55.094-0300] {dag.py:3239} INFO - Sync 1 DAGs
[2025-01-24T12:11:55.105-0300] {logging_mixin.py:190} INFO - [2025-01-24T12:11:55.105-0300] {dag.py:4180} INFO - Setting next_dagrun for MergePacTratAgeng to 2020-03-19 13:10:00+00:00, run_after=2020-03-19 13:15:00+00:00
[2025-01-24T12:11:55.117-0300] {processor.py:208} INFO - Processing /home/lucas/airflow/dags/DAGAgendXPac.py took 0.063 seconds
[2025-01-24T12:15:07.036-0300] {processor.py:186} INFO - Started process (PID=86429) to work on /home/lucas/airflow/dags/DAGAgendXPac.py
[2025-01-24T12:15:07.037-0300] {processor.py:914} INFO - Processing file /home/lucas/airflow/dags/DAGAgendXPac.py for tasks to queue
[2025-01-24T12:15:07.038-0300] {logging_mixin.py:190} INFO - [2025-01-24T12:15:07.038-0300] {dagbag.py:588} INFO - Filling up the DagBag from /home/lucas/airflow/dags/DAGAgendXPac.py
[2025-01-24T12:15:07.044-0300] {processor.py:925} INFO - DAG(s) 'MergePacTratAgeng' retrieved from /home/lucas/airflow/dags/DAGAgendXPac.py
[2025-01-24T12:15:07.056-0300] {logging_mixin.py:190} INFO - [2025-01-24T12:15:07.055-0300] {dag.py:3239} INFO - Sync 1 DAGs
[2025-01-24T12:15:07.069-0300] {logging_mixin.py:190} INFO - [2025-01-24T12:15:07.069-0300] {dag.py:4180} INFO - Setting next_dagrun for MergePacTratAgeng to 2020-03-19 15:40:00+00:00, run_after=2020-03-19 15:45:00+00:00
[2025-01-24T12:15:07.085-0300] {processor.py:208} INFO - Processing /home/lucas/airflow/dags/DAGAgendXPac.py took 0.053 seconds
[2025-01-24T12:18:42.576-0300] {processor.py:186} INFO - Started process (PID=87884) to work on /home/lucas/airflow/dags/DAGAgendXPac.py
[2025-01-24T12:18:42.576-0300] {processor.py:914} INFO - Processing file /home/lucas/airflow/dags/DAGAgendXPac.py for tasks to queue
[2025-01-24T12:18:42.577-0300] {logging_mixin.py:190} INFO - [2025-01-24T12:18:42.577-0300] {dagbag.py:588} INFO - Filling up the DagBag from /home/lucas/airflow/dags/DAGAgendXPac.py
[2025-01-24T12:18:42.583-0300] {processor.py:925} INFO - DAG(s) 'MergePacTratAgeng' retrieved from /home/lucas/airflow/dags/DAGAgendXPac.py
[2025-01-24T12:18:42.595-0300] {logging_mixin.py:190} INFO - [2025-01-24T12:18:42.595-0300] {dag.py:3239} INFO - Sync 1 DAGs
[2025-01-24T12:18:42.610-0300] {logging_mixin.py:190} INFO - [2025-01-24T12:18:42.610-0300] {dag.py:4180} INFO - Setting next_dagrun for MergePacTratAgeng to 2020-03-19 18:10:00+00:00, run_after=2020-03-19 18:15:00+00:00
[2025-01-24T12:18:42.626-0300] {processor.py:208} INFO - Processing /home/lucas/airflow/dags/DAGAgendXPac.py took 0.055 seconds
[2025-01-24T12:22:08.316-0300] {processor.py:186} INFO - Started process (PID=89422) to work on /home/lucas/airflow/dags/DAGAgendXPac.py
[2025-01-24T12:22:08.327-0300] {processor.py:914} INFO - Processing file /home/lucas/airflow/dags/DAGAgendXPac.py for tasks to queue
[2025-01-24T12:22:08.330-0300] {logging_mixin.py:190} INFO - [2025-01-24T12:22:08.329-0300] {dagbag.py:588} INFO - Filling up the DagBag from /home/lucas/airflow/dags/DAGAgendXPac.py
[2025-01-24T12:22:08.337-0300] {processor.py:925} INFO - DAG(s) 'MergePacTratAgeng' retrieved from /home/lucas/airflow/dags/DAGAgendXPac.py
[2025-01-24T12:22:08.350-0300] {logging_mixin.py:190} INFO - [2025-01-24T12:22:08.350-0300] {dag.py:3239} INFO - Sync 1 DAGs
[2025-01-24T12:22:08.365-0300] {logging_mixin.py:190} INFO - [2025-01-24T12:22:08.364-0300] {dag.py:4180} INFO - Setting next_dagrun for MergePacTratAgeng to 2020-03-19 20:45:00+00:00, run_after=2020-03-19 20:50:00+00:00
[2025-01-24T12:22:08.380-0300] {processor.py:208} INFO - Processing /home/lucas/airflow/dags/DAGAgendXPac.py took 0.072 seconds
[2025-01-24T12:23:37.077-0300] {processor.py:186} INFO - Started process (PID=89928) to work on /home/lucas/airflow/dags/DAGAgendXPac.py
[2025-01-24T12:23:37.077-0300] {processor.py:914} INFO - Processing file /home/lucas/airflow/dags/DAGAgendXPac.py for tasks to queue
[2025-01-24T12:23:37.078-0300] {logging_mixin.py:190} INFO - [2025-01-24T12:23:37.078-0300] {dagbag.py:588} INFO - Filling up the DagBag from /home/lucas/airflow/dags/DAGAgendXPac.py
[2025-01-24T12:23:37.373-0300] {processor.py:925} INFO - DAG(s) 'MergePacTratAgeng' retrieved from /home/lucas/airflow/dags/DAGAgendXPac.py
[2025-01-24T12:23:37.395-0300] {logging_mixin.py:190} INFO - [2025-01-24T12:23:37.395-0300] {dag.py:3239} INFO - Sync 1 DAGs
[2025-01-24T12:23:37.405-0300] {logging_mixin.py:190} INFO - [2025-01-24T12:23:37.404-0300] {dag.py:4180} INFO - Setting next_dagrun for MergePacTratAgeng to 2020-03-19 21:35:00+00:00, run_after=2020-03-19 21:40:00+00:00
[2025-01-24T12:23:37.418-0300] {processor.py:208} INFO - Processing /home/lucas/airflow/dags/DAGAgendXPac.py took 0.344 seconds
[2025-01-24T12:24:06.461-0300] {processor.py:186} INFO - Started process (PID=89986) to work on /home/lucas/airflow/dags/DAGAgendXPac.py
[2025-01-24T12:24:06.462-0300] {processor.py:914} INFO - Processing file /home/lucas/airflow/dags/DAGAgendXPac.py for tasks to queue
[2025-01-24T12:24:06.463-0300] {logging_mixin.py:190} INFO - [2025-01-24T12:24:06.462-0300] {dagbag.py:588} INFO - Filling up the DagBag from /home/lucas/airflow/dags/DAGAgendXPac.py
[2025-01-24T12:24:06.757-0300] {processor.py:925} INFO - DAG(s) 'MergePacTratAgeng' retrieved from /home/lucas/airflow/dags/DAGAgendXPac.py
[2025-01-24T12:24:06.767-0300] {logging_mixin.py:190} INFO - [2025-01-24T12:24:06.766-0300] {dag.py:3239} INFO - Sync 1 DAGs
[2025-01-24T12:24:06.776-0300] {logging_mixin.py:190} INFO - [2025-01-24T12:24:06.776-0300] {dag.py:4180} INFO - Setting next_dagrun for MergePacTratAgeng to 2020-03-19 21:35:00+00:00, run_after=2020-03-19 21:40:00+00:00
[2025-01-24T12:24:06.797-0300] {processor.py:208} INFO - Processing /home/lucas/airflow/dags/DAGAgendXPac.py took 0.339 seconds
[2025-01-24T12:24:37.780-0300] {processor.py:186} INFO - Started process (PID=90057) to work on /home/lucas/airflow/dags/DAGAgendXPac.py
[2025-01-24T12:24:37.781-0300] {processor.py:914} INFO - Processing file /home/lucas/airflow/dags/DAGAgendXPac.py for tasks to queue
[2025-01-24T12:24:37.782-0300] {logging_mixin.py:190} INFO - [2025-01-24T12:24:37.782-0300] {dagbag.py:588} INFO - Filling up the DagBag from /home/lucas/airflow/dags/DAGAgendXPac.py
[2025-01-24T12:24:38.118-0300] {processor.py:925} INFO - DAG(s) 'MergePacTratAgeng' retrieved from /home/lucas/airflow/dags/DAGAgendXPac.py
[2025-01-24T12:24:38.130-0300] {logging_mixin.py:190} INFO - [2025-01-24T12:24:38.129-0300] {dag.py:3239} INFO - Sync 1 DAGs
[2025-01-24T12:24:38.141-0300] {logging_mixin.py:190} INFO - [2025-01-24T12:24:38.141-0300] {dag.py:4180} INFO - Setting next_dagrun for MergePacTratAgeng to 2020-03-19 21:35:00+00:00, run_after=2020-03-19 21:40:00+00:00
[2025-01-24T12:24:38.163-0300] {processor.py:208} INFO - Processing /home/lucas/airflow/dags/DAGAgendXPac.py took 0.388 seconds
[2025-01-24T12:25:08.466-0300] {processor.py:186} INFO - Started process (PID=90168) to work on /home/lucas/airflow/dags/DAGAgendXPac.py
[2025-01-24T12:25:08.477-0300] {processor.py:914} INFO - Processing file /home/lucas/airflow/dags/DAGAgendXPac.py for tasks to queue
[2025-01-24T12:25:08.480-0300] {logging_mixin.py:190} INFO - [2025-01-24T12:25:08.480-0300] {dagbag.py:588} INFO - Filling up the DagBag from /home/lucas/airflow/dags/DAGAgendXPac.py
[2025-01-24T12:25:08.766-0300] {processor.py:925} INFO - DAG(s) 'MergePacTratAgeng' retrieved from /home/lucas/airflow/dags/DAGAgendXPac.py
[2025-01-24T12:25:08.774-0300] {logging_mixin.py:190} INFO - [2025-01-24T12:25:08.774-0300] {dag.py:3239} INFO - Sync 1 DAGs
[2025-01-24T12:25:08.783-0300] {logging_mixin.py:190} INFO - [2025-01-24T12:25:08.783-0300] {dag.py:4180} INFO - Setting next_dagrun for MergePacTratAgeng to 2020-03-19 21:35:00+00:00, run_after=2020-03-19 21:40:00+00:00
[2025-01-24T12:25:08.806-0300] {processor.py:208} INFO - Processing /home/lucas/airflow/dags/DAGAgendXPac.py took 0.344 seconds
[2025-01-24T12:25:39.214-0300] {processor.py:186} INFO - Started process (PID=90208) to work on /home/lucas/airflow/dags/DAGAgendXPac.py
[2025-01-24T12:25:39.225-0300] {processor.py:914} INFO - Processing file /home/lucas/airflow/dags/DAGAgendXPac.py for tasks to queue
[2025-01-24T12:25:39.226-0300] {logging_mixin.py:190} INFO - [2025-01-24T12:25:39.226-0300] {dagbag.py:588} INFO - Filling up the DagBag from /home/lucas/airflow/dags/DAGAgendXPac.py
[2025-01-24T12:25:39.522-0300] {processor.py:925} INFO - DAG(s) 'MergePacTratAgeng' retrieved from /home/lucas/airflow/dags/DAGAgendXPac.py
[2025-01-24T12:25:39.533-0300] {logging_mixin.py:190} INFO - [2025-01-24T12:25:39.533-0300] {dag.py:3239} INFO - Sync 1 DAGs
[2025-01-24T12:25:39.544-0300] {logging_mixin.py:190} INFO - [2025-01-24T12:25:39.544-0300] {dag.py:4180} INFO - Setting next_dagrun for MergePacTratAgeng to 2020-03-19 21:35:00+00:00, run_after=2020-03-19 21:40:00+00:00
[2025-01-24T12:25:39.568-0300] {processor.py:208} INFO - Processing /home/lucas/airflow/dags/DAGAgendXPac.py took 0.360 seconds
[2025-01-24T12:26:09.967-0300] {processor.py:186} INFO - Started process (PID=90250) to work on /home/lucas/airflow/dags/DAGAgendXPac.py
[2025-01-24T12:26:09.978-0300] {processor.py:914} INFO - Processing file /home/lucas/airflow/dags/DAGAgendXPac.py for tasks to queue
[2025-01-24T12:26:09.980-0300] {logging_mixin.py:190} INFO - [2025-01-24T12:26:09.980-0300] {dagbag.py:588} INFO - Filling up the DagBag from /home/lucas/airflow/dags/DAGAgendXPac.py
[2025-01-24T12:26:10.304-0300] {processor.py:925} INFO - DAG(s) 'MergePacTratAgeng' retrieved from /home/lucas/airflow/dags/DAGAgendXPac.py
[2025-01-24T12:26:10.317-0300] {logging_mixin.py:190} INFO - [2025-01-24T12:26:10.317-0300] {dag.py:3239} INFO - Sync 1 DAGs
[2025-01-24T12:26:10.329-0300] {logging_mixin.py:190} INFO - [2025-01-24T12:26:10.329-0300] {dag.py:4180} INFO - Setting next_dagrun for MergePacTratAgeng to 2020-03-19 21:35:00+00:00, run_after=2020-03-19 21:40:00+00:00
[2025-01-24T12:26:10.354-0300] {processor.py:208} INFO - Processing /home/lucas/airflow/dags/DAGAgendXPac.py took 0.391 seconds
[2025-01-24T12:26:40.689-0300] {processor.py:186} INFO - Started process (PID=90353) to work on /home/lucas/airflow/dags/DAGAgendXPac.py
[2025-01-24T12:26:40.700-0300] {processor.py:914} INFO - Processing file /home/lucas/airflow/dags/DAGAgendXPac.py for tasks to queue
[2025-01-24T12:26:40.703-0300] {logging_mixin.py:190} INFO - [2025-01-24T12:26:40.702-0300] {dagbag.py:588} INFO - Filling up the DagBag from /home/lucas/airflow/dags/DAGAgendXPac.py
[2025-01-24T12:26:40.972-0300] {processor.py:925} INFO - DAG(s) 'MergePacTratAgeng' retrieved from /home/lucas/airflow/dags/DAGAgendXPac.py
[2025-01-24T12:26:40.982-0300] {logging_mixin.py:190} INFO - [2025-01-24T12:26:40.981-0300] {dag.py:3239} INFO - Sync 1 DAGs
[2025-01-24T12:26:40.991-0300] {logging_mixin.py:190} INFO - [2025-01-24T12:26:40.991-0300] {dag.py:4180} INFO - Setting next_dagrun for MergePacTratAgeng to 2020-03-19 21:35:00+00:00, run_after=2020-03-19 21:40:00+00:00
[2025-01-24T12:26:41.012-0300] {processor.py:208} INFO - Processing /home/lucas/airflow/dags/DAGAgendXPac.py took 0.327 seconds
[2025-01-24T12:27:11.405-0300] {processor.py:186} INFO - Started process (PID=90477) to work on /home/lucas/airflow/dags/DAGAgendXPac.py
[2025-01-24T12:27:11.416-0300] {processor.py:914} INFO - Processing file /home/lucas/airflow/dags/DAGAgendXPac.py for tasks to queue
[2025-01-24T12:27:11.419-0300] {logging_mixin.py:190} INFO - [2025-01-24T12:27:11.418-0300] {dagbag.py:588} INFO - Filling up the DagBag from /home/lucas/airflow/dags/DAGAgendXPac.py
[2025-01-24T12:27:11.692-0300] {processor.py:925} INFO - DAG(s) 'MergePacTratAgeng' retrieved from /home/lucas/airflow/dags/DAGAgendXPac.py
[2025-01-24T12:27:11.701-0300] {logging_mixin.py:190} INFO - [2025-01-24T12:27:11.701-0300] {dag.py:3239} INFO - Sync 1 DAGs
[2025-01-24T12:27:11.710-0300] {logging_mixin.py:190} INFO - [2025-01-24T12:27:11.710-0300] {dag.py:4180} INFO - Setting next_dagrun for MergePacTratAgeng to 2020-03-19 21:35:00+00:00, run_after=2020-03-19 21:40:00+00:00
[2025-01-24T12:27:11.731-0300] {processor.py:208} INFO - Processing /home/lucas/airflow/dags/DAGAgendXPac.py took 0.331 seconds
[2025-01-24T12:27:42.149-0300] {processor.py:186} INFO - Started process (PID=90697) to work on /home/lucas/airflow/dags/DAGAgendXPac.py
[2025-01-24T12:27:42.160-0300] {processor.py:914} INFO - Processing file /home/lucas/airflow/dags/DAGAgendXPac.py for tasks to queue
[2025-01-24T12:27:42.164-0300] {logging_mixin.py:190} INFO - [2025-01-24T12:27:42.163-0300] {dagbag.py:588} INFO - Filling up the DagBag from /home/lucas/airflow/dags/DAGAgendXPac.py
[2025-01-24T12:27:42.450-0300] {processor.py:925} INFO - DAG(s) 'MergePacTratAgeng' retrieved from /home/lucas/airflow/dags/DAGAgendXPac.py
[2025-01-24T12:27:42.460-0300] {logging_mixin.py:190} INFO - [2025-01-24T12:27:42.460-0300] {dag.py:3239} INFO - Sync 1 DAGs
[2025-01-24T12:27:42.469-0300] {logging_mixin.py:190} INFO - [2025-01-24T12:27:42.469-0300] {dag.py:4180} INFO - Setting next_dagrun for MergePacTratAgeng to 2020-03-19 21:35:00+00:00, run_after=2020-03-19 21:40:00+00:00
[2025-01-24T12:27:42.480-0300] {processor.py:208} INFO - Processing /home/lucas/airflow/dags/DAGAgendXPac.py took 0.336 seconds
[2025-01-24T12:28:12.868-0300] {processor.py:186} INFO - Started process (PID=91147) to work on /home/lucas/airflow/dags/DAGAgendXPac.py
[2025-01-24T12:28:12.869-0300] {processor.py:914} INFO - Processing file /home/lucas/airflow/dags/DAGAgendXPac.py for tasks to queue
[2025-01-24T12:28:12.871-0300] {logging_mixin.py:190} INFO - [2025-01-24T12:28:12.871-0300] {dagbag.py:588} INFO - Filling up the DagBag from /home/lucas/airflow/dags/DAGAgendXPac.py
[2025-01-24T12:28:13.393-0300] {processor.py:925} INFO - DAG(s) 'MergePacTratAgeng' retrieved from /home/lucas/airflow/dags/DAGAgendXPac.py
[2025-01-24T12:28:13.408-0300] {logging_mixin.py:190} INFO - [2025-01-24T12:28:13.408-0300] {dag.py:3239} INFO - Sync 1 DAGs
[2025-01-24T12:28:13.420-0300] {logging_mixin.py:190} INFO - [2025-01-24T12:28:13.420-0300] {dag.py:4180} INFO - Setting next_dagrun for MergePacTratAgeng to 2020-03-19 21:35:00+00:00, run_after=2020-03-19 21:40:00+00:00
[2025-01-24T12:28:13.435-0300] {processor.py:208} INFO - Processing /home/lucas/airflow/dags/DAGAgendXPac.py took 0.576 seconds
[2025-01-24T12:28:43.673-0300] {processor.py:186} INFO - Started process (PID=91261) to work on /home/lucas/airflow/dags/DAGAgendXPac.py
[2025-01-24T12:28:43.674-0300] {processor.py:914} INFO - Processing file /home/lucas/airflow/dags/DAGAgendXPac.py for tasks to queue
[2025-01-24T12:28:43.676-0300] {logging_mixin.py:190} INFO - [2025-01-24T12:28:43.675-0300] {dagbag.py:588} INFO - Filling up the DagBag from /home/lucas/airflow/dags/DAGAgendXPac.py
[2025-01-24T12:28:44.147-0300] {processor.py:925} INFO - DAG(s) 'MergePacTratAgeng' retrieved from /home/lucas/airflow/dags/DAGAgendXPac.py
[2025-01-24T12:28:44.166-0300] {logging_mixin.py:190} INFO - [2025-01-24T12:28:44.165-0300] {dag.py:3239} INFO - Sync 1 DAGs
[2025-01-24T12:28:44.181-0300] {logging_mixin.py:190} INFO - [2025-01-24T12:28:44.181-0300] {dag.py:4180} INFO - Setting next_dagrun for MergePacTratAgeng to 2020-03-19 21:35:00+00:00, run_after=2020-03-19 21:40:00+00:00
[2025-01-24T12:28:44.195-0300] {processor.py:208} INFO - Processing /home/lucas/airflow/dags/DAGAgendXPac.py took 0.527 seconds
[2025-01-24T12:29:15.212-0300] {processor.py:186} INFO - Started process (PID=91321) to work on /home/lucas/airflow/dags/DAGAgendXPac.py
[2025-01-24T12:29:15.213-0300] {processor.py:914} INFO - Processing file /home/lucas/airflow/dags/DAGAgendXPac.py for tasks to queue
[2025-01-24T12:29:15.216-0300] {logging_mixin.py:190} INFO - [2025-01-24T12:29:15.215-0300] {dagbag.py:588} INFO - Filling up the DagBag from /home/lucas/airflow/dags/DAGAgendXPac.py
[2025-01-24T12:29:15.716-0300] {processor.py:925} INFO - DAG(s) 'MergePacTratAgeng' retrieved from /home/lucas/airflow/dags/DAGAgendXPac.py
[2025-01-24T12:29:15.731-0300] {logging_mixin.py:190} INFO - [2025-01-24T12:29:15.730-0300] {dag.py:3239} INFO - Sync 1 DAGs
[2025-01-24T12:29:15.744-0300] {logging_mixin.py:190} INFO - [2025-01-24T12:29:15.744-0300] {dag.py:4180} INFO - Setting next_dagrun for MergePacTratAgeng to 2020-03-19 21:35:00+00:00, run_after=2020-03-19 21:40:00+00:00
[2025-01-24T12:29:15.757-0300] {processor.py:208} INFO - Processing /home/lucas/airflow/dags/DAGAgendXPac.py took 0.555 seconds
[2025-01-24T12:29:45.839-0300] {processor.py:186} INFO - Started process (PID=91431) to work on /home/lucas/airflow/dags/DAGAgendXPac.py
[2025-01-24T12:29:45.841-0300] {processor.py:914} INFO - Processing file /home/lucas/airflow/dags/DAGAgendXPac.py for tasks to queue
[2025-01-24T12:29:45.845-0300] {logging_mixin.py:190} INFO - [2025-01-24T12:29:45.843-0300] {dagbag.py:588} INFO - Filling up the DagBag from /home/lucas/airflow/dags/DAGAgendXPac.py
[2025-01-24T12:29:46.235-0300] {processor.py:925} INFO - DAG(s) 'MergePacTratAgeng' retrieved from /home/lucas/airflow/dags/DAGAgendXPac.py
[2025-01-24T12:29:46.251-0300] {logging_mixin.py:190} INFO - [2025-01-24T12:29:46.251-0300] {dag.py:3239} INFO - Sync 1 DAGs
[2025-01-24T12:29:46.264-0300] {logging_mixin.py:190} INFO - [2025-01-24T12:29:46.264-0300] {dag.py:4180} INFO - Setting next_dagrun for MergePacTratAgeng to 2020-03-19 21:35:00+00:00, run_after=2020-03-19 21:40:00+00:00
[2025-01-24T12:29:46.278-0300] {processor.py:208} INFO - Processing /home/lucas/airflow/dags/DAGAgendXPac.py took 0.448 seconds
[2025-01-24T12:30:16.359-0300] {processor.py:186} INFO - Started process (PID=91630) to work on /home/lucas/airflow/dags/DAGAgendXPac.py
[2025-01-24T12:30:16.361-0300] {processor.py:914} INFO - Processing file /home/lucas/airflow/dags/DAGAgendXPac.py for tasks to queue
[2025-01-24T12:30:16.371-0300] {logging_mixin.py:190} INFO - [2025-01-24T12:30:16.367-0300] {dagbag.py:588} INFO - Filling up the DagBag from /home/lucas/airflow/dags/DAGAgendXPac.py
[2025-01-24T12:30:16.927-0300] {processor.py:925} INFO - DAG(s) 'MergePacTratAgeng' retrieved from /home/lucas/airflow/dags/DAGAgendXPac.py
[2025-01-24T12:30:16.944-0300] {logging_mixin.py:190} INFO - [2025-01-24T12:30:16.944-0300] {dag.py:3239} INFO - Sync 1 DAGs
[2025-01-24T12:30:16.962-0300] {logging_mixin.py:190} INFO - [2025-01-24T12:30:16.962-0300] {dag.py:4180} INFO - Setting next_dagrun for MergePacTratAgeng to 2020-03-19 21:35:00+00:00, run_after=2020-03-19 21:40:00+00:00
[2025-01-24T12:30:16.978-0300] {processor.py:208} INFO - Processing /home/lucas/airflow/dags/DAGAgendXPac.py took 0.626 seconds
[2025-01-24T12:30:47.993-0300] {processor.py:186} INFO - Started process (PID=91860) to work on /home/lucas/airflow/dags/DAGAgendXPac.py
[2025-01-24T12:30:47.994-0300] {processor.py:914} INFO - Processing file /home/lucas/airflow/dags/DAGAgendXPac.py for tasks to queue
[2025-01-24T12:30:47.998-0300] {logging_mixin.py:190} INFO - [2025-01-24T12:30:47.996-0300] {dagbag.py:588} INFO - Filling up the DagBag from /home/lucas/airflow/dags/DAGAgendXPac.py
[2025-01-24T12:30:48.463-0300] {processor.py:925} INFO - DAG(s) 'MergePacTratAgeng' retrieved from /home/lucas/airflow/dags/DAGAgendXPac.py
[2025-01-24T12:30:48.478-0300] {logging_mixin.py:190} INFO - [2025-01-24T12:30:48.478-0300] {dag.py:3239} INFO - Sync 1 DAGs
[2025-01-24T12:30:48.495-0300] {logging_mixin.py:190} INFO - [2025-01-24T12:30:48.495-0300] {dag.py:4180} INFO - Setting next_dagrun for MergePacTratAgeng to 2020-03-19 21:35:00+00:00, run_after=2020-03-19 21:40:00+00:00
[2025-01-24T12:30:48.511-0300] {processor.py:208} INFO - Processing /home/lucas/airflow/dags/DAGAgendXPac.py took 0.521 seconds
[2025-01-24T12:31:19.500-0300] {processor.py:186} INFO - Started process (PID=92319) to work on /home/lucas/airflow/dags/DAGAgendXPac.py
[2025-01-24T12:31:19.501-0300] {processor.py:914} INFO - Processing file /home/lucas/airflow/dags/DAGAgendXPac.py for tasks to queue
[2025-01-24T12:31:19.504-0300] {logging_mixin.py:190} INFO - [2025-01-24T12:31:19.503-0300] {dagbag.py:588} INFO - Filling up the DagBag from /home/lucas/airflow/dags/DAGAgendXPac.py
[2025-01-24T12:31:20.074-0300] {processor.py:925} INFO - DAG(s) 'MergePacTratAgeng' retrieved from /home/lucas/airflow/dags/DAGAgendXPac.py
[2025-01-24T12:31:20.090-0300] {logging_mixin.py:190} INFO - [2025-01-24T12:31:20.090-0300] {dag.py:3239} INFO - Sync 1 DAGs
[2025-01-24T12:31:20.106-0300] {logging_mixin.py:190} INFO - [2025-01-24T12:31:20.106-0300] {dag.py:4180} INFO - Setting next_dagrun for MergePacTratAgeng to 2020-03-19 21:35:00+00:00, run_after=2020-03-19 21:40:00+00:00
[2025-01-24T12:31:20.122-0300] {processor.py:208} INFO - Processing /home/lucas/airflow/dags/DAGAgendXPac.py took 0.628 seconds
[2025-01-24T12:31:50.922-0300] {processor.py:186} INFO - Started process (PID=92478) to work on /home/lucas/airflow/dags/DAGAgendXPac.py
[2025-01-24T12:31:50.923-0300] {processor.py:914} INFO - Processing file /home/lucas/airflow/dags/DAGAgendXPac.py for tasks to queue
[2025-01-24T12:31:50.926-0300] {logging_mixin.py:190} INFO - [2025-01-24T12:31:50.924-0300] {dagbag.py:588} INFO - Filling up the DagBag from /home/lucas/airflow/dags/DAGAgendXPac.py
[2025-01-24T12:31:51.483-0300] {processor.py:925} INFO - DAG(s) 'MergePacTratAgeng' retrieved from /home/lucas/airflow/dags/DAGAgendXPac.py
[2025-01-24T12:31:51.500-0300] {logging_mixin.py:190} INFO - [2025-01-24T12:31:51.500-0300] {dag.py:3239} INFO - Sync 1 DAGs
[2025-01-24T12:31:51.516-0300] {logging_mixin.py:190} INFO - [2025-01-24T12:31:51.516-0300] {dag.py:4180} INFO - Setting next_dagrun for MergePacTratAgeng to 2020-03-19 21:35:00+00:00, run_after=2020-03-19 21:40:00+00:00
[2025-01-24T12:31:51.532-0300] {processor.py:208} INFO - Processing /home/lucas/airflow/dags/DAGAgendXPac.py took 0.615 seconds
[2025-01-24T12:32:21.778-0300] {processor.py:186} INFO - Started process (PID=92668) to work on /home/lucas/airflow/dags/DAGAgendXPac.py
[2025-01-24T12:32:21.781-0300] {processor.py:914} INFO - Processing file /home/lucas/airflow/dags/DAGAgendXPac.py for tasks to queue
[2025-01-24T12:32:21.786-0300] {logging_mixin.py:190} INFO - [2025-01-24T12:32:21.783-0300] {dagbag.py:588} INFO - Filling up the DagBag from /home/lucas/airflow/dags/DAGAgendXPac.py
[2025-01-24T12:32:22.269-0300] {processor.py:925} INFO - DAG(s) 'MergePacTratAgeng' retrieved from /home/lucas/airflow/dags/DAGAgendXPac.py
[2025-01-24T12:32:22.284-0300] {logging_mixin.py:190} INFO - [2025-01-24T12:32:22.284-0300] {dag.py:3239} INFO - Sync 1 DAGs
[2025-01-24T12:32:22.298-0300] {logging_mixin.py:190} INFO - [2025-01-24T12:32:22.298-0300] {dag.py:4180} INFO - Setting next_dagrun for MergePacTratAgeng to 2020-03-19 21:35:00+00:00, run_after=2020-03-19 21:40:00+00:00
[2025-01-24T12:32:22.317-0300] {processor.py:208} INFO - Processing /home/lucas/airflow/dags/DAGAgendXPac.py took 0.551 seconds
[2025-01-24T12:32:52.518-0300] {processor.py:186} INFO - Started process (PID=92917) to work on /home/lucas/airflow/dags/DAGAgendXPac.py
[2025-01-24T12:32:52.520-0300] {processor.py:914} INFO - Processing file /home/lucas/airflow/dags/DAGAgendXPac.py for tasks to queue
[2025-01-24T12:32:52.524-0300] {logging_mixin.py:190} INFO - [2025-01-24T12:32:52.522-0300] {dagbag.py:588} INFO - Filling up the DagBag from /home/lucas/airflow/dags/DAGAgendXPac.py
[2025-01-24T12:32:53.002-0300] {processor.py:925} INFO - DAG(s) 'MergePacTratAgeng' retrieved from /home/lucas/airflow/dags/DAGAgendXPac.py
[2025-01-24T12:32:53.019-0300] {logging_mixin.py:190} INFO - [2025-01-24T12:32:53.018-0300] {dag.py:3239} INFO - Sync 1 DAGs
[2025-01-24T12:32:53.032-0300] {logging_mixin.py:190} INFO - [2025-01-24T12:32:53.032-0300] {dag.py:4180} INFO - Setting next_dagrun for MergePacTratAgeng to 2020-03-19 21:35:00+00:00, run_after=2020-03-19 21:40:00+00:00
[2025-01-24T12:32:53.045-0300] {processor.py:208} INFO - Processing /home/lucas/airflow/dags/DAGAgendXPac.py took 0.542 seconds
[2025-01-24T12:33:23.239-0300] {processor.py:186} INFO - Started process (PID=93096) to work on /home/lucas/airflow/dags/DAGAgendXPac.py
[2025-01-24T12:33:23.239-0300] {processor.py:914} INFO - Processing file /home/lucas/airflow/dags/DAGAgendXPac.py for tasks to queue
[2025-01-24T12:33:23.243-0300] {logging_mixin.py:190} INFO - [2025-01-24T12:33:23.241-0300] {dagbag.py:588} INFO - Filling up the DagBag from /home/lucas/airflow/dags/DAGAgendXPac.py
[2025-01-24T12:33:23.811-0300] {processor.py:925} INFO - DAG(s) 'MergePacTratAgeng' retrieved from /home/lucas/airflow/dags/DAGAgendXPac.py
[2025-01-24T12:33:23.828-0300] {logging_mixin.py:190} INFO - [2025-01-24T12:33:23.827-0300] {dag.py:3239} INFO - Sync 1 DAGs
[2025-01-24T12:33:23.843-0300] {logging_mixin.py:190} INFO - [2025-01-24T12:33:23.842-0300] {dag.py:4180} INFO - Setting next_dagrun for MergePacTratAgeng to 2020-03-19 21:35:00+00:00, run_after=2020-03-19 21:40:00+00:00
[2025-01-24T12:33:23.861-0300] {processor.py:208} INFO - Processing /home/lucas/airflow/dags/DAGAgendXPac.py took 0.631 seconds
[2025-01-24T12:33:54.083-0300] {processor.py:186} INFO - Started process (PID=93151) to work on /home/lucas/airflow/dags/DAGAgendXPac.py
[2025-01-24T12:33:54.085-0300] {processor.py:914} INFO - Processing file /home/lucas/airflow/dags/DAGAgendXPac.py for tasks to queue
[2025-01-24T12:33:54.088-0300] {logging_mixin.py:190} INFO - [2025-01-24T12:33:54.086-0300] {dagbag.py:588} INFO - Filling up the DagBag from /home/lucas/airflow/dags/DAGAgendXPac.py
[2025-01-24T12:33:54.574-0300] {processor.py:925} INFO - DAG(s) 'MergePacTratAgeng' retrieved from /home/lucas/airflow/dags/DAGAgendXPac.py
[2025-01-24T12:33:54.607-0300] {logging_mixin.py:190} INFO - [2025-01-24T12:33:54.607-0300] {dag.py:3239} INFO - Sync 1 DAGs
[2025-01-24T12:33:54.628-0300] {logging_mixin.py:190} INFO - [2025-01-24T12:33:54.628-0300] {dag.py:4180} INFO - Setting next_dagrun for MergePacTratAgeng to 2020-03-19 21:35:00+00:00, run_after=2020-03-19 21:40:00+00:00
[2025-01-24T12:33:54.661-0300] {processor.py:208} INFO - Processing /home/lucas/airflow/dags/DAGAgendXPac.py took 0.584 seconds
[2025-01-24T12:34:24.847-0300] {processor.py:186} INFO - Started process (PID=93196) to work on /home/lucas/airflow/dags/DAGAgendXPac.py
[2025-01-24T12:34:24.849-0300] {processor.py:914} INFO - Processing file /home/lucas/airflow/dags/DAGAgendXPac.py for tasks to queue
[2025-01-24T12:34:24.852-0300] {logging_mixin.py:190} INFO - [2025-01-24T12:34:24.850-0300] {dagbag.py:588} INFO - Filling up the DagBag from /home/lucas/airflow/dags/DAGAgendXPac.py
[2025-01-24T12:34:25.345-0300] {processor.py:925} INFO - DAG(s) 'MergePacTratAgeng' retrieved from /home/lucas/airflow/dags/DAGAgendXPac.py
[2025-01-24T12:34:25.360-0300] {logging_mixin.py:190} INFO - [2025-01-24T12:34:25.360-0300] {dag.py:3239} INFO - Sync 1 DAGs
[2025-01-24T12:34:25.375-0300] {logging_mixin.py:190} INFO - [2025-01-24T12:34:25.375-0300] {dag.py:4180} INFO - Setting next_dagrun for MergePacTratAgeng to 2020-03-19 21:35:00+00:00, run_after=2020-03-19 21:40:00+00:00
[2025-01-24T12:34:25.389-0300] {processor.py:208} INFO - Processing /home/lucas/airflow/dags/DAGAgendXPac.py took 0.554 seconds
[2025-01-24T12:34:55.549-0300] {processor.py:186} INFO - Started process (PID=93239) to work on /home/lucas/airflow/dags/DAGAgendXPac.py
[2025-01-24T12:34:55.551-0300] {processor.py:914} INFO - Processing file /home/lucas/airflow/dags/DAGAgendXPac.py for tasks to queue
[2025-01-24T12:34:55.553-0300] {logging_mixin.py:190} INFO - [2025-01-24T12:34:55.553-0300] {dagbag.py:588} INFO - Filling up the DagBag from /home/lucas/airflow/dags/DAGAgendXPac.py
[2025-01-24T12:34:55.972-0300] {processor.py:925} INFO - DAG(s) 'MergePacTratAgeng' retrieved from /home/lucas/airflow/dags/DAGAgendXPac.py
[2025-01-24T12:34:55.986-0300] {logging_mixin.py:190} INFO - [2025-01-24T12:34:55.986-0300] {dag.py:3239} INFO - Sync 1 DAGs
[2025-01-24T12:34:56.000-0300] {logging_mixin.py:190} INFO - [2025-01-24T12:34:56.000-0300] {dag.py:4180} INFO - Setting next_dagrun for MergePacTratAgeng to 2020-03-19 21:35:00+00:00, run_after=2020-03-19 21:40:00+00:00
[2025-01-24T12:34:56.014-0300] {processor.py:208} INFO - Processing /home/lucas/airflow/dags/DAGAgendXPac.py took 0.476 seconds
[2025-01-24T12:35:26.150-0300] {processor.py:186} INFO - Started process (PID=93412) to work on /home/lucas/airflow/dags/DAGAgendXPac.py
[2025-01-24T12:35:26.152-0300] {processor.py:914} INFO - Processing file /home/lucas/airflow/dags/DAGAgendXPac.py for tasks to queue
[2025-01-24T12:35:26.156-0300] {logging_mixin.py:190} INFO - [2025-01-24T12:35:26.154-0300] {dagbag.py:588} INFO - Filling up the DagBag from /home/lucas/airflow/dags/DAGAgendXPac.py
[2025-01-24T12:35:26.642-0300] {processor.py:925} INFO - DAG(s) 'MergePacTratAgeng' retrieved from /home/lucas/airflow/dags/DAGAgendXPac.py
[2025-01-24T12:35:26.658-0300] {logging_mixin.py:190} INFO - [2025-01-24T12:35:26.658-0300] {dag.py:3239} INFO - Sync 1 DAGs
[2025-01-24T12:35:26.672-0300] {logging_mixin.py:190} INFO - [2025-01-24T12:35:26.672-0300] {dag.py:4180} INFO - Setting next_dagrun for MergePacTratAgeng to 2020-03-19 21:35:00+00:00, run_after=2020-03-19 21:40:00+00:00
[2025-01-24T12:35:26.686-0300] {processor.py:208} INFO - Processing /home/lucas/airflow/dags/DAGAgendXPac.py took 0.547 seconds
[2025-01-24T12:35:56.843-0300] {processor.py:186} INFO - Started process (PID=93538) to work on /home/lucas/airflow/dags/DAGAgendXPac.py
[2025-01-24T12:35:56.844-0300] {processor.py:914} INFO - Processing file /home/lucas/airflow/dags/DAGAgendXPac.py for tasks to queue
[2025-01-24T12:35:56.846-0300] {logging_mixin.py:190} INFO - [2025-01-24T12:35:56.845-0300] {dagbag.py:588} INFO - Filling up the DagBag from /home/lucas/airflow/dags/DAGAgendXPac.py
[2025-01-24T12:35:57.326-0300] {processor.py:925} INFO - DAG(s) 'MergePacTratAgeng' retrieved from /home/lucas/airflow/dags/DAGAgendXPac.py
[2025-01-24T12:35:57.341-0300] {logging_mixin.py:190} INFO - [2025-01-24T12:35:57.341-0300] {dag.py:3239} INFO - Sync 1 DAGs
[2025-01-24T12:35:57.355-0300] {logging_mixin.py:190} INFO - [2025-01-24T12:35:57.355-0300] {dag.py:4180} INFO - Setting next_dagrun for MergePacTratAgeng to 2020-03-19 21:35:00+00:00, run_after=2020-03-19 21:40:00+00:00
[2025-01-24T12:35:57.369-0300] {processor.py:208} INFO - Processing /home/lucas/airflow/dags/DAGAgendXPac.py took 0.530 seconds
[2025-01-24T12:36:27.534-0300] {processor.py:186} INFO - Started process (PID=94649) to work on /home/lucas/airflow/dags/DAGAgendXPac.py
[2025-01-24T12:36:27.535-0300] {processor.py:914} INFO - Processing file /home/lucas/airflow/dags/DAGAgendXPac.py for tasks to queue
[2025-01-24T12:36:27.539-0300] {logging_mixin.py:190} INFO - [2025-01-24T12:36:27.537-0300] {dagbag.py:588} INFO - Filling up the DagBag from /home/lucas/airflow/dags/DAGAgendXPac.py
[2025-01-24T12:36:28.038-0300] {processor.py:925} INFO - DAG(s) 'MergePacTratAgeng' retrieved from /home/lucas/airflow/dags/DAGAgendXPac.py
[2025-01-24T12:36:28.053-0300] {logging_mixin.py:190} INFO - [2025-01-24T12:36:28.053-0300] {dag.py:3239} INFO - Sync 1 DAGs
[2025-01-24T12:36:28.068-0300] {logging_mixin.py:190} INFO - [2025-01-24T12:36:28.068-0300] {dag.py:4180} INFO - Setting next_dagrun for MergePacTratAgeng to 2020-03-19 21:35:00+00:00, run_after=2020-03-19 21:40:00+00:00
[2025-01-24T12:36:28.081-0300] {processor.py:208} INFO - Processing /home/lucas/airflow/dags/DAGAgendXPac.py took 0.559 seconds
[2025-01-24T12:36:58.222-0300] {processor.py:186} INFO - Started process (PID=94919) to work on /home/lucas/airflow/dags/DAGAgendXPac.py
[2025-01-24T12:36:58.223-0300] {processor.py:914} INFO - Processing file /home/lucas/airflow/dags/DAGAgendXPac.py for tasks to queue
[2025-01-24T12:36:58.226-0300] {logging_mixin.py:190} INFO - [2025-01-24T12:36:58.224-0300] {dagbag.py:588} INFO - Filling up the DagBag from /home/lucas/airflow/dags/DAGAgendXPac.py
[2025-01-24T12:36:58.727-0300] {processor.py:925} INFO - DAG(s) 'MergePacTratAgeng' retrieved from /home/lucas/airflow/dags/DAGAgendXPac.py
[2025-01-24T12:36:58.747-0300] {logging_mixin.py:190} INFO - [2025-01-24T12:36:58.746-0300] {dag.py:3239} INFO - Sync 1 DAGs
[2025-01-24T12:36:58.761-0300] {logging_mixin.py:190} INFO - [2025-01-24T12:36:58.761-0300] {dag.py:4180} INFO - Setting next_dagrun for MergePacTratAgeng to 2020-03-19 21:35:00+00:00, run_after=2020-03-19 21:40:00+00:00
[2025-01-24T12:36:58.778-0300] {processor.py:208} INFO - Processing /home/lucas/airflow/dags/DAGAgendXPac.py took 0.561 seconds
[2025-01-24T12:37:28.914-0300] {processor.py:186} INFO - Started process (PID=95179) to work on /home/lucas/airflow/dags/DAGAgendXPac.py
[2025-01-24T12:37:28.916-0300] {processor.py:914} INFO - Processing file /home/lucas/airflow/dags/DAGAgendXPac.py for tasks to queue
[2025-01-24T12:37:28.919-0300] {logging_mixin.py:190} INFO - [2025-01-24T12:37:28.917-0300] {dagbag.py:588} INFO - Filling up the DagBag from /home/lucas/airflow/dags/DAGAgendXPac.py
[2025-01-24T12:37:29.536-0300] {processor.py:925} INFO - DAG(s) 'MergePacTratAgeng' retrieved from /home/lucas/airflow/dags/DAGAgendXPac.py
[2025-01-24T12:37:29.569-0300] {logging_mixin.py:190} INFO - [2025-01-24T12:37:29.567-0300] {dag.py:3239} INFO - Sync 1 DAGs
[2025-01-24T12:37:29.614-0300] {logging_mixin.py:190} INFO - [2025-01-24T12:37:29.612-0300] {dag.py:4180} INFO - Setting next_dagrun for MergePacTratAgeng to 2020-03-19 21:35:00+00:00, run_after=2020-03-19 21:40:00+00:00
[2025-01-24T12:37:29.818-0300] {processor.py:208} INFO - Processing /home/lucas/airflow/dags/DAGAgendXPac.py took 0.910 seconds
