[2025-02-19T09:53:22.849-0300] {processor.py:186} INFO - Started process (PID=8542) to work on /home/lucas/airflow/dags/DAGCsvToJson.py
[2025-02-19T09:53:22.850-0300] {processor.py:914} INFO - Processing file /home/lucas/airflow/dags/DAGCsvToJson.py for tasks to queue
[2025-02-19T09:53:22.853-0300] {logging_mixin.py:190} INFO - [2025-02-19T09:53:22.853-0300] {dagbag.py:588} INFO - Filling up the DagBag from /home/lucas/airflow/dags/DAGCsvToJson.py
[2025-02-19T09:53:23.249-0300] {processor.py:925} INFO - DAG(s) 'MyCSVDAG' retrieved from /home/lucas/airflow/dags/DAGCsvToJson.py
[2025-02-19T09:53:23.261-0300] {logging_mixin.py:190} INFO - [2025-02-19T09:53:23.261-0300] {dag.py:3239} INFO - Sync 1 DAGs
[2025-02-19T09:53:23.277-0300] {logging_mixin.py:190} INFO - [2025-02-19T09:53:23.277-0300] {dag.py:4180} INFO - Setting next_dagrun for MyCSVDAG to 2020-03-18 03:55:00+00:00, run_after=2020-03-18 04:00:00+00:00
[2025-02-19T09:53:23.304-0300] {processor.py:208} INFO - Processing /home/lucas/airflow/dags/DAGCsvToJson.py took 0.466 seconds
[2025-02-19T09:53:54.297-0300] {processor.py:186} INFO - Started process (PID=8830) to work on /home/lucas/airflow/dags/DAGCsvToJson.py
[2025-02-19T09:53:54.298-0300] {processor.py:914} INFO - Processing file /home/lucas/airflow/dags/DAGCsvToJson.py for tasks to queue
[2025-02-19T09:53:54.301-0300] {logging_mixin.py:190} INFO - [2025-02-19T09:53:54.300-0300] {dagbag.py:588} INFO - Filling up the DagBag from /home/lucas/airflow/dags/DAGCsvToJson.py
[2025-02-19T09:53:54.699-0300] {processor.py:925} INFO - DAG(s) 'MyCSVDAG' retrieved from /home/lucas/airflow/dags/DAGCsvToJson.py
[2025-02-19T09:53:54.712-0300] {logging_mixin.py:190} INFO - [2025-02-19T09:53:54.712-0300] {dag.py:3239} INFO - Sync 1 DAGs
[2025-02-19T09:53:54.724-0300] {logging_mixin.py:190} INFO - [2025-02-19T09:53:54.724-0300] {dag.py:4180} INFO - Setting next_dagrun for MyCSVDAG to 2020-03-18 03:55:00+00:00, run_after=2020-03-18 04:00:00+00:00
[2025-02-19T09:53:54.749-0300] {processor.py:208} INFO - Processing /home/lucas/airflow/dags/DAGCsvToJson.py took 0.462 seconds
[2025-02-19T09:54:25.488-0300] {processor.py:186} INFO - Started process (PID=8984) to work on /home/lucas/airflow/dags/DAGCsvToJson.py
[2025-02-19T09:54:25.499-0300] {processor.py:914} INFO - Processing file /home/lucas/airflow/dags/DAGCsvToJson.py for tasks to queue
[2025-02-19T09:54:25.503-0300] {logging_mixin.py:190} INFO - [2025-02-19T09:54:25.502-0300] {dagbag.py:588} INFO - Filling up the DagBag from /home/lucas/airflow/dags/DAGCsvToJson.py
[2025-02-19T09:54:25.932-0300] {processor.py:925} INFO - DAG(s) 'MyCSVDAG' retrieved from /home/lucas/airflow/dags/DAGCsvToJson.py
[2025-02-19T09:54:25.945-0300] {logging_mixin.py:190} INFO - [2025-02-19T09:54:25.945-0300] {dag.py:3239} INFO - Sync 1 DAGs
[2025-02-19T09:54:25.960-0300] {logging_mixin.py:190} INFO - [2025-02-19T09:54:25.960-0300] {dag.py:4180} INFO - Setting next_dagrun for MyCSVDAG to 2020-03-18 03:55:00+00:00, run_after=2020-03-18 04:00:00+00:00
[2025-02-19T09:54:25.977-0300] {processor.py:208} INFO - Processing /home/lucas/airflow/dags/DAGCsvToJson.py took 0.500 seconds
[2025-02-19T09:55:10.800-0300] {processor.py:186} INFO - Started process (PID=9510) to work on /home/lucas/airflow/dags/DAGCsvToJson.py
[2025-02-19T09:55:10.802-0300] {processor.py:914} INFO - Processing file /home/lucas/airflow/dags/DAGCsvToJson.py for tasks to queue
[2025-02-19T09:55:10.805-0300] {logging_mixin.py:190} INFO - [2025-02-19T09:55:10.804-0300] {dagbag.py:588} INFO - Filling up the DagBag from /home/lucas/airflow/dags/DAGCsvToJson.py
[2025-02-19T09:55:11.073-0300] {processor.py:925} INFO - DAG(s) 'MyCSVDAG' retrieved from /home/lucas/airflow/dags/DAGCsvToJson.py
[2025-02-19T09:55:11.087-0300] {logging_mixin.py:190} INFO - [2025-02-19T09:55:11.087-0300] {dag.py:3239} INFO - Sync 1 DAGs
[2025-02-19T09:55:11.102-0300] {logging_mixin.py:190} INFO - [2025-02-19T09:55:11.102-0300] {dag.py:4180} INFO - Setting next_dagrun for MyCSVDAG to 2020-03-18 03:55:00+00:00, run_after=2020-03-18 04:00:00+00:00
[2025-02-19T09:55:11.127-0300] {processor.py:208} INFO - Processing /home/lucas/airflow/dags/DAGCsvToJson.py took 0.338 seconds
[2025-02-19T09:55:41.796-0300] {processor.py:186} INFO - Started process (PID=9895) to work on /home/lucas/airflow/dags/DAGCsvToJson.py
[2025-02-19T09:55:41.797-0300] {processor.py:914} INFO - Processing file /home/lucas/airflow/dags/DAGCsvToJson.py for tasks to queue
[2025-02-19T09:55:41.800-0300] {logging_mixin.py:190} INFO - [2025-02-19T09:55:41.799-0300] {dagbag.py:588} INFO - Filling up the DagBag from /home/lucas/airflow/dags/DAGCsvToJson.py
[2025-02-19T09:55:42.088-0300] {processor.py:925} INFO - DAG(s) 'MyCSVDAG' retrieved from /home/lucas/airflow/dags/DAGCsvToJson.py
[2025-02-19T09:55:42.103-0300] {logging_mixin.py:190} INFO - [2025-02-19T09:55:42.103-0300] {dag.py:3239} INFO - Sync 1 DAGs
[2025-02-19T09:55:42.116-0300] {logging_mixin.py:190} INFO - [2025-02-19T09:55:42.116-0300] {dag.py:4180} INFO - Setting next_dagrun for MyCSVDAG to 2020-03-18 03:55:00+00:00, run_after=2020-03-18 04:00:00+00:00
[2025-02-19T09:55:42.142-0300] {processor.py:208} INFO - Processing /home/lucas/airflow/dags/DAGCsvToJson.py took 0.355 seconds
[2025-02-19T09:56:16.828-0300] {processor.py:186} INFO - Started process (PID=10337) to work on /home/lucas/airflow/dags/DAGCsvToJson.py
[2025-02-19T09:56:16.830-0300] {processor.py:914} INFO - Processing file /home/lucas/airflow/dags/DAGCsvToJson.py for tasks to queue
[2025-02-19T09:56:16.833-0300] {logging_mixin.py:190} INFO - [2025-02-19T09:56:16.832-0300] {dagbag.py:588} INFO - Filling up the DagBag from /home/lucas/airflow/dags/DAGCsvToJson.py
[2025-02-19T09:56:17.127-0300] {processor.py:925} INFO - DAG(s) 'MyCSVDAG' retrieved from /home/lucas/airflow/dags/DAGCsvToJson.py
[2025-02-19T09:56:17.141-0300] {logging_mixin.py:190} INFO - [2025-02-19T09:56:17.141-0300] {dag.py:3239} INFO - Sync 1 DAGs
[2025-02-19T09:56:17.154-0300] {logging_mixin.py:190} INFO - [2025-02-19T09:56:17.154-0300] {dag.py:4180} INFO - Setting next_dagrun for MyCSVDAG to 2020-03-18 03:55:00+00:00, run_after=2020-03-18 04:00:00+00:00
[2025-02-19T09:56:17.180-0300] {processor.py:208} INFO - Processing /home/lucas/airflow/dags/DAGCsvToJson.py took 0.362 seconds
[2025-02-19T09:56:47.433-0300] {processor.py:186} INFO - Started process (PID=10731) to work on /home/lucas/airflow/dags/DAGCsvToJson.py
[2025-02-19T09:56:47.434-0300] {processor.py:914} INFO - Processing file /home/lucas/airflow/dags/DAGCsvToJson.py for tasks to queue
[2025-02-19T09:56:47.437-0300] {logging_mixin.py:190} INFO - [2025-02-19T09:56:47.436-0300] {dagbag.py:588} INFO - Filling up the DagBag from /home/lucas/airflow/dags/DAGCsvToJson.py
[2025-02-19T09:56:47.726-0300] {processor.py:925} INFO - DAG(s) 'MyCSVDAG' retrieved from /home/lucas/airflow/dags/DAGCsvToJson.py
[2025-02-19T09:56:47.751-0300] {logging_mixin.py:190} INFO - [2025-02-19T09:56:47.751-0300] {dag.py:3239} INFO - Sync 1 DAGs
[2025-02-19T09:56:47.766-0300] {logging_mixin.py:190} INFO - [2025-02-19T09:56:47.766-0300] {dag.py:4180} INFO - Setting next_dagrun for MyCSVDAG to 2020-03-18 03:55:00+00:00, run_after=2020-03-18 04:00:00+00:00
[2025-02-19T09:56:47.782-0300] {processor.py:208} INFO - Processing /home/lucas/airflow/dags/DAGCsvToJson.py took 0.356 seconds
[2025-02-19T09:57:20.449-0300] {processor.py:186} INFO - Started process (PID=11132) to work on /home/lucas/airflow/dags/DAGCsvToJson.py
[2025-02-19T09:57:20.461-0300] {processor.py:914} INFO - Processing file /home/lucas/airflow/dags/DAGCsvToJson.py for tasks to queue
[2025-02-19T09:57:20.464-0300] {logging_mixin.py:190} INFO - [2025-02-19T09:57:20.463-0300] {dagbag.py:588} INFO - Filling up the DagBag from /home/lucas/airflow/dags/DAGCsvToJson.py
[2025-02-19T09:57:20.742-0300] {processor.py:925} INFO - DAG(s) 'MyCSVDAG' retrieved from /home/lucas/airflow/dags/DAGCsvToJson.py
[2025-02-19T09:57:20.757-0300] {logging_mixin.py:190} INFO - [2025-02-19T09:57:20.757-0300] {dag.py:3239} INFO - Sync 1 DAGs
[2025-02-19T09:57:20.771-0300] {logging_mixin.py:190} INFO - [2025-02-19T09:57:20.771-0300] {dag.py:4180} INFO - Setting next_dagrun for MyCSVDAG to 2020-03-18 03:55:00+00:00, run_after=2020-03-18 04:00:00+00:00
[2025-02-19T09:57:20.796-0300] {processor.py:208} INFO - Processing /home/lucas/airflow/dags/DAGCsvToJson.py took 0.357 seconds
[2025-02-19T09:57:52.676-0300] {processor.py:186} INFO - Started process (PID=11541) to work on /home/lucas/airflow/dags/DAGCsvToJson.py
[2025-02-19T09:57:52.677-0300] {processor.py:914} INFO - Processing file /home/lucas/airflow/dags/DAGCsvToJson.py for tasks to queue
[2025-02-19T09:57:52.680-0300] {logging_mixin.py:190} INFO - [2025-02-19T09:57:52.680-0300] {dagbag.py:588} INFO - Filling up the DagBag from /home/lucas/airflow/dags/DAGCsvToJson.py
[2025-02-19T09:57:52.957-0300] {processor.py:925} INFO - DAG(s) 'MyCSVDAG' retrieved from /home/lucas/airflow/dags/DAGCsvToJson.py
[2025-02-19T09:57:52.971-0300] {logging_mixin.py:190} INFO - [2025-02-19T09:57:52.970-0300] {dag.py:3239} INFO - Sync 1 DAGs
[2025-02-19T09:57:52.984-0300] {logging_mixin.py:190} INFO - [2025-02-19T09:57:52.984-0300] {dag.py:4180} INFO - Setting next_dagrun for MyCSVDAG to 2020-03-18 03:55:00+00:00, run_after=2020-03-18 04:00:00+00:00
[2025-02-19T09:57:53.010-0300] {processor.py:208} INFO - Processing /home/lucas/airflow/dags/DAGCsvToJson.py took 0.345 seconds
[2025-02-19T09:58:27.552-0300] {processor.py:186} INFO - Started process (PID=11973) to work on /home/lucas/airflow/dags/DAGCsvToJson.py
[2025-02-19T09:58:27.553-0300] {processor.py:914} INFO - Processing file /home/lucas/airflow/dags/DAGCsvToJson.py for tasks to queue
[2025-02-19T09:58:27.556-0300] {logging_mixin.py:190} INFO - [2025-02-19T09:58:27.556-0300] {dagbag.py:588} INFO - Filling up the DagBag from /home/lucas/airflow/dags/DAGCsvToJson.py
[2025-02-19T09:58:27.853-0300] {processor.py:925} INFO - DAG(s) 'MyCSVDAG' retrieved from /home/lucas/airflow/dags/DAGCsvToJson.py
[2025-02-19T09:58:27.867-0300] {logging_mixin.py:190} INFO - [2025-02-19T09:58:27.867-0300] {dag.py:3239} INFO - Sync 1 DAGs
[2025-02-19T09:58:27.883-0300] {logging_mixin.py:190} INFO - [2025-02-19T09:58:27.882-0300] {dag.py:4180} INFO - Setting next_dagrun for MyCSVDAG to 2020-03-18 03:55:00+00:00, run_after=2020-03-18 04:00:00+00:00
[2025-02-19T09:58:27.908-0300] {processor.py:208} INFO - Processing /home/lucas/airflow/dags/DAGCsvToJson.py took 0.367 seconds
[2025-02-19T09:58:58.223-0300] {processor.py:186} INFO - Started process (PID=12364) to work on /home/lucas/airflow/dags/DAGCsvToJson.py
[2025-02-19T09:58:58.225-0300] {processor.py:914} INFO - Processing file /home/lucas/airflow/dags/DAGCsvToJson.py for tasks to queue
[2025-02-19T09:58:58.228-0300] {logging_mixin.py:190} INFO - [2025-02-19T09:58:58.227-0300] {dagbag.py:588} INFO - Filling up the DagBag from /home/lucas/airflow/dags/DAGCsvToJson.py
[2025-02-19T09:58:58.505-0300] {processor.py:925} INFO - DAG(s) 'MyCSVDAG' retrieved from /home/lucas/airflow/dags/DAGCsvToJson.py
[2025-02-19T09:58:58.520-0300] {logging_mixin.py:190} INFO - [2025-02-19T09:58:58.520-0300] {dag.py:3239} INFO - Sync 1 DAGs
[2025-02-19T09:58:58.534-0300] {logging_mixin.py:190} INFO - [2025-02-19T09:58:58.534-0300] {dag.py:4180} INFO - Setting next_dagrun for MyCSVDAG to 2020-03-18 03:55:00+00:00, run_after=2020-03-18 04:00:00+00:00
[2025-02-19T09:58:58.560-0300] {processor.py:208} INFO - Processing /home/lucas/airflow/dags/DAGCsvToJson.py took 0.347 seconds
[2025-02-19T09:59:37.157-0300] {processor.py:186} INFO - Started process (PID=12821) to work on /home/lucas/airflow/dags/DAGCsvToJson.py
[2025-02-19T09:59:37.168-0300] {processor.py:914} INFO - Processing file /home/lucas/airflow/dags/DAGCsvToJson.py for tasks to queue
[2025-02-19T09:59:37.172-0300] {logging_mixin.py:190} INFO - [2025-02-19T09:59:37.171-0300] {dagbag.py:588} INFO - Filling up the DagBag from /home/lucas/airflow/dags/DAGCsvToJson.py
[2025-02-19T09:59:37.475-0300] {processor.py:925} INFO - DAG(s) 'MyCSVDAG' retrieved from /home/lucas/airflow/dags/DAGCsvToJson.py
[2025-02-19T09:59:37.489-0300] {logging_mixin.py:190} INFO - [2025-02-19T09:59:37.489-0300] {dag.py:3239} INFO - Sync 1 DAGs
[2025-02-19T09:59:37.503-0300] {logging_mixin.py:190} INFO - [2025-02-19T09:59:37.503-0300] {dag.py:4180} INFO - Setting next_dagrun for MyCSVDAG to 2020-03-18 03:55:00+00:00, run_after=2020-03-18 04:00:00+00:00
[2025-02-19T09:59:37.528-0300] {processor.py:208} INFO - Processing /home/lucas/airflow/dags/DAGCsvToJson.py took 0.379 seconds
[2025-02-19T10:00:10.127-0300] {processor.py:186} INFO - Started process (PID=13236) to work on /home/lucas/airflow/dags/DAGCsvToJson.py
[2025-02-19T10:00:10.129-0300] {processor.py:914} INFO - Processing file /home/lucas/airflow/dags/DAGCsvToJson.py for tasks to queue
[2025-02-19T10:00:10.132-0300] {logging_mixin.py:190} INFO - [2025-02-19T10:00:10.131-0300] {dagbag.py:588} INFO - Filling up the DagBag from /home/lucas/airflow/dags/DAGCsvToJson.py
[2025-02-19T10:00:10.408-0300] {processor.py:925} INFO - DAG(s) 'MyCSVDAG' retrieved from /home/lucas/airflow/dags/DAGCsvToJson.py
[2025-02-19T10:00:10.422-0300] {logging_mixin.py:190} INFO - [2025-02-19T10:00:10.421-0300] {dag.py:3239} INFO - Sync 1 DAGs
[2025-02-19T10:00:10.437-0300] {logging_mixin.py:190} INFO - [2025-02-19T10:00:10.436-0300] {dag.py:4180} INFO - Setting next_dagrun for MyCSVDAG to 2020-03-18 03:55:00+00:00, run_after=2020-03-18 04:00:00+00:00
[2025-02-19T10:00:10.462-0300] {processor.py:208} INFO - Processing /home/lucas/airflow/dags/DAGCsvToJson.py took 0.346 seconds
[2025-02-19T10:00:41.095-0300] {processor.py:186} INFO - Started process (PID=13614) to work on /home/lucas/airflow/dags/DAGCsvToJson.py
[2025-02-19T10:00:41.097-0300] {processor.py:914} INFO - Processing file /home/lucas/airflow/dags/DAGCsvToJson.py for tasks to queue
[2025-02-19T10:00:41.099-0300] {logging_mixin.py:190} INFO - [2025-02-19T10:00:41.099-0300] {dagbag.py:588} INFO - Filling up the DagBag from /home/lucas/airflow/dags/DAGCsvToJson.py
[2025-02-19T10:00:41.370-0300] {processor.py:925} INFO - DAG(s) 'MyCSVDAG' retrieved from /home/lucas/airflow/dags/DAGCsvToJson.py
[2025-02-19T10:00:41.387-0300] {logging_mixin.py:190} INFO - [2025-02-19T10:00:41.387-0300] {dag.py:3239} INFO - Sync 1 DAGs
[2025-02-19T10:00:41.402-0300] {logging_mixin.py:190} INFO - [2025-02-19T10:00:41.402-0300] {dag.py:4180} INFO - Setting next_dagrun for MyCSVDAG to 2020-03-18 03:55:00+00:00, run_after=2020-03-18 04:00:00+00:00
[2025-02-19T10:00:41.427-0300] {processor.py:208} INFO - Processing /home/lucas/airflow/dags/DAGCsvToJson.py took 0.344 seconds
[2025-02-19T10:01:20.283-0300] {processor.py:186} INFO - Started process (PID=14266) to work on /home/lucas/airflow/dags/DAGCsvToJson.py
[2025-02-19T10:01:20.284-0300] {processor.py:914} INFO - Processing file /home/lucas/airflow/dags/DAGCsvToJson.py for tasks to queue
[2025-02-19T10:01:20.286-0300] {logging_mixin.py:190} INFO - [2025-02-19T10:01:20.285-0300] {dagbag.py:588} INFO - Filling up the DagBag from /home/lucas/airflow/dags/DAGCsvToJson.py
[2025-02-19T10:01:20.622-0300] {processor.py:925} INFO - DAG(s) 'MyCSVDAG' retrieved from /home/lucas/airflow/dags/DAGCsvToJson.py
[2025-02-19T10:01:20.637-0300] {logging_mixin.py:190} INFO - [2025-02-19T10:01:20.637-0300] {dag.py:3239} INFO - Sync 1 DAGs
[2025-02-19T10:01:20.653-0300] {logging_mixin.py:190} INFO - [2025-02-19T10:01:20.653-0300] {dag.py:4180} INFO - Setting next_dagrun for MyCSVDAG to 2020-03-18 03:55:00+00:00, run_after=2020-03-18 04:00:00+00:00
[2025-02-19T10:01:20.680-0300] {processor.py:208} INFO - Processing /home/lucas/airflow/dags/DAGCsvToJson.py took 0.403 seconds
[2025-02-19T10:01:50.722-0300] {processor.py:186} INFO - Started process (PID=14754) to work on /home/lucas/airflow/dags/DAGCsvToJson.py
[2025-02-19T10:01:50.722-0300] {processor.py:914} INFO - Processing file /home/lucas/airflow/dags/DAGCsvToJson.py for tasks to queue
[2025-02-19T10:01:50.724-0300] {logging_mixin.py:190} INFO - [2025-02-19T10:01:50.724-0300] {dagbag.py:588} INFO - Filling up the DagBag from /home/lucas/airflow/dags/DAGCsvToJson.py
[2025-02-19T10:01:51.007-0300] {processor.py:925} INFO - DAG(s) 'MyCSVDAG' retrieved from /home/lucas/airflow/dags/DAGCsvToJson.py
[2025-02-19T10:01:51.022-0300] {logging_mixin.py:190} INFO - [2025-02-19T10:01:51.022-0300] {dag.py:3239} INFO - Sync 1 DAGs
[2025-02-19T10:01:51.038-0300] {logging_mixin.py:190} INFO - [2025-02-19T10:01:51.038-0300] {dag.py:4180} INFO - Setting next_dagrun for MyCSVDAG to 2020-03-18 03:55:00+00:00, run_after=2020-03-18 04:00:00+00:00
[2025-02-19T10:01:51.054-0300] {processor.py:208} INFO - Processing /home/lucas/airflow/dags/DAGCsvToJson.py took 0.337 seconds
[2025-02-19T10:02:21.268-0300] {processor.py:186} INFO - Started process (PID=14893) to work on /home/lucas/airflow/dags/DAGCsvToJson.py
[2025-02-19T10:02:21.279-0300] {processor.py:914} INFO - Processing file /home/lucas/airflow/dags/DAGCsvToJson.py for tasks to queue
[2025-02-19T10:02:21.283-0300] {logging_mixin.py:190} INFO - [2025-02-19T10:02:21.282-0300] {dagbag.py:588} INFO - Filling up the DagBag from /home/lucas/airflow/dags/DAGCsvToJson.py
[2025-02-19T10:02:21.563-0300] {processor.py:925} INFO - DAG(s) 'MyCSVDAG' retrieved from /home/lucas/airflow/dags/DAGCsvToJson.py
[2025-02-19T10:02:21.590-0300] {logging_mixin.py:190} INFO - [2025-02-19T10:02:21.590-0300] {dag.py:3239} INFO - Sync 1 DAGs
[2025-02-19T10:02:21.605-0300] {logging_mixin.py:190} INFO - [2025-02-19T10:02:21.604-0300] {dag.py:4180} INFO - Setting next_dagrun for MyCSVDAG to 2020-03-18 03:55:00+00:00, run_after=2020-03-18 04:00:00+00:00
[2025-02-19T10:02:21.619-0300] {processor.py:208} INFO - Processing /home/lucas/airflow/dags/DAGCsvToJson.py took 0.362 seconds
[2025-02-19T10:02:51.820-0300] {processor.py:186} INFO - Started process (PID=15039) to work on /home/lucas/airflow/dags/DAGCsvToJson.py
[2025-02-19T10:02:51.831-0300] {processor.py:914} INFO - Processing file /home/lucas/airflow/dags/DAGCsvToJson.py for tasks to queue
[2025-02-19T10:02:51.835-0300] {logging_mixin.py:190} INFO - [2025-02-19T10:02:51.834-0300] {dagbag.py:588} INFO - Filling up the DagBag from /home/lucas/airflow/dags/DAGCsvToJson.py
[2025-02-19T10:02:52.120-0300] {processor.py:925} INFO - DAG(s) 'MyCSVDAG' retrieved from /home/lucas/airflow/dags/DAGCsvToJson.py
[2025-02-19T10:02:52.134-0300] {logging_mixin.py:190} INFO - [2025-02-19T10:02:52.134-0300] {dag.py:3239} INFO - Sync 1 DAGs
[2025-02-19T10:02:52.148-0300] {logging_mixin.py:190} INFO - [2025-02-19T10:02:52.147-0300] {dag.py:4180} INFO - Setting next_dagrun for MyCSVDAG to 2020-03-18 03:55:00+00:00, run_after=2020-03-18 04:00:00+00:00
[2025-02-19T10:02:52.164-0300] {processor.py:208} INFO - Processing /home/lucas/airflow/dags/DAGCsvToJson.py took 0.356 seconds
[2025-02-19T10:03:22.336-0300] {processor.py:186} INFO - Started process (PID=15445) to work on /home/lucas/airflow/dags/DAGCsvToJson.py
[2025-02-19T10:03:22.337-0300] {processor.py:914} INFO - Processing file /home/lucas/airflow/dags/DAGCsvToJson.py for tasks to queue
[2025-02-19T10:03:22.341-0300] {logging_mixin.py:190} INFO - [2025-02-19T10:03:22.340-0300] {dagbag.py:588} INFO - Filling up the DagBag from /home/lucas/airflow/dags/DAGCsvToJson.py
[2025-02-19T10:03:22.618-0300] {processor.py:925} INFO - DAG(s) 'MyCSVDAG' retrieved from /home/lucas/airflow/dags/DAGCsvToJson.py
[2025-02-19T10:03:22.632-0300] {logging_mixin.py:190} INFO - [2025-02-19T10:03:22.632-0300] {dag.py:3239} INFO - Sync 1 DAGs
[2025-02-19T10:03:22.647-0300] {logging_mixin.py:190} INFO - [2025-02-19T10:03:22.647-0300] {dag.py:4180} INFO - Setting next_dagrun for MyCSVDAG to 2020-03-18 03:55:00+00:00, run_after=2020-03-18 04:00:00+00:00
[2025-02-19T10:03:22.672-0300] {processor.py:208} INFO - Processing /home/lucas/airflow/dags/DAGCsvToJson.py took 0.347 seconds
[2025-02-19T10:03:52.888-0300] {processor.py:186} INFO - Started process (PID=15618) to work on /home/lucas/airflow/dags/DAGCsvToJson.py
[2025-02-19T10:03:52.899-0300] {processor.py:914} INFO - Processing file /home/lucas/airflow/dags/DAGCsvToJson.py for tasks to queue
[2025-02-19T10:03:52.903-0300] {logging_mixin.py:190} INFO - [2025-02-19T10:03:52.902-0300] {dagbag.py:588} INFO - Filling up the DagBag from /home/lucas/airflow/dags/DAGCsvToJson.py
[2025-02-19T10:03:53.185-0300] {processor.py:925} INFO - DAG(s) 'MyCSVDAG' retrieved from /home/lucas/airflow/dags/DAGCsvToJson.py
[2025-02-19T10:03:53.199-0300] {logging_mixin.py:190} INFO - [2025-02-19T10:03:53.199-0300] {dag.py:3239} INFO - Sync 1 DAGs
[2025-02-19T10:03:53.214-0300] {logging_mixin.py:190} INFO - [2025-02-19T10:03:53.214-0300] {dag.py:4180} INFO - Setting next_dagrun for MyCSVDAG to 2020-03-18 03:55:00+00:00, run_after=2020-03-18 04:00:00+00:00
[2025-02-19T10:03:53.239-0300] {processor.py:208} INFO - Processing /home/lucas/airflow/dags/DAGCsvToJson.py took 0.362 seconds
[2025-02-19T10:04:23.448-0300] {processor.py:186} INFO - Started process (PID=15852) to work on /home/lucas/airflow/dags/DAGCsvToJson.py
[2025-02-19T10:04:23.449-0300] {processor.py:914} INFO - Processing file /home/lucas/airflow/dags/DAGCsvToJson.py for tasks to queue
[2025-02-19T10:04:23.452-0300] {logging_mixin.py:190} INFO - [2025-02-19T10:04:23.452-0300] {dagbag.py:588} INFO - Filling up the DagBag from /home/lucas/airflow/dags/DAGCsvToJson.py
[2025-02-19T10:04:23.747-0300] {processor.py:925} INFO - DAG(s) 'MyCSVDAG' retrieved from /home/lucas/airflow/dags/DAGCsvToJson.py
[2025-02-19T10:04:23.762-0300] {logging_mixin.py:190} INFO - [2025-02-19T10:04:23.762-0300] {dag.py:3239} INFO - Sync 1 DAGs
[2025-02-19T10:04:23.776-0300] {logging_mixin.py:190} INFO - [2025-02-19T10:04:23.776-0300] {dag.py:4180} INFO - Setting next_dagrun for MyCSVDAG to 2020-03-18 03:55:00+00:00, run_after=2020-03-18 04:00:00+00:00
[2025-02-19T10:04:23.792-0300] {processor.py:208} INFO - Processing /home/lucas/airflow/dags/DAGCsvToJson.py took 0.356 seconds
[2025-02-19T10:04:55.108-0300] {processor.py:186} INFO - Started process (PID=16261) to work on /home/lucas/airflow/dags/DAGCsvToJson.py
[2025-02-19T10:04:55.119-0300] {processor.py:914} INFO - Processing file /home/lucas/airflow/dags/DAGCsvToJson.py for tasks to queue
[2025-02-19T10:04:55.123-0300] {logging_mixin.py:190} INFO - [2025-02-19T10:04:55.122-0300] {dagbag.py:588} INFO - Filling up the DagBag from /home/lucas/airflow/dags/DAGCsvToJson.py
[2025-02-19T10:04:55.407-0300] {processor.py:925} INFO - DAG(s) 'MyCSVDAG' retrieved from /home/lucas/airflow/dags/DAGCsvToJson.py
[2025-02-19T10:04:55.421-0300] {logging_mixin.py:190} INFO - [2025-02-19T10:04:55.420-0300] {dag.py:3239} INFO - Sync 1 DAGs
[2025-02-19T10:04:55.437-0300] {logging_mixin.py:190} INFO - [2025-02-19T10:04:55.436-0300] {dag.py:4180} INFO - Setting next_dagrun for MyCSVDAG to 2020-03-18 03:55:00+00:00, run_after=2020-03-18 04:00:00+00:00
[2025-02-19T10:04:55.463-0300] {processor.py:208} INFO - Processing /home/lucas/airflow/dags/DAGCsvToJson.py took 0.366 seconds
[2025-02-19T10:05:25.742-0300] {processor.py:186} INFO - Started process (PID=16442) to work on /home/lucas/airflow/dags/DAGCsvToJson.py
[2025-02-19T10:05:25.754-0300] {processor.py:914} INFO - Processing file /home/lucas/airflow/dags/DAGCsvToJson.py for tasks to queue
[2025-02-19T10:05:25.757-0300] {logging_mixin.py:190} INFO - [2025-02-19T10:05:25.757-0300] {dagbag.py:588} INFO - Filling up the DagBag from /home/lucas/airflow/dags/DAGCsvToJson.py
[2025-02-19T10:05:26.060-0300] {processor.py:925} INFO - DAG(s) 'MyCSVDAG' retrieved from /home/lucas/airflow/dags/DAGCsvToJson.py
[2025-02-19T10:05:26.077-0300] {logging_mixin.py:190} INFO - [2025-02-19T10:05:26.077-0300] {dag.py:3239} INFO - Sync 1 DAGs
[2025-02-19T10:05:26.093-0300] {logging_mixin.py:190} INFO - [2025-02-19T10:05:26.093-0300] {dag.py:4180} INFO - Setting next_dagrun for MyCSVDAG to 2020-03-18 03:55:00+00:00, run_after=2020-03-18 04:00:00+00:00
[2025-02-19T10:05:26.108-0300] {processor.py:208} INFO - Processing /home/lucas/airflow/dags/DAGCsvToJson.py took 0.378 seconds
[2025-02-19T10:05:56.298-0300] {processor.py:186} INFO - Started process (PID=16618) to work on /home/lucas/airflow/dags/DAGCsvToJson.py
[2025-02-19T10:05:56.309-0300] {processor.py:914} INFO - Processing file /home/lucas/airflow/dags/DAGCsvToJson.py for tasks to queue
[2025-02-19T10:05:56.313-0300] {logging_mixin.py:190} INFO - [2025-02-19T10:05:56.312-0300] {dagbag.py:588} INFO - Filling up the DagBag from /home/lucas/airflow/dags/DAGCsvToJson.py
[2025-02-19T10:05:56.594-0300] {processor.py:925} INFO - DAG(s) 'MyCSVDAG' retrieved from /home/lucas/airflow/dags/DAGCsvToJson.py
[2025-02-19T10:05:56.608-0300] {logging_mixin.py:190} INFO - [2025-02-19T10:05:56.608-0300] {dag.py:3239} INFO - Sync 1 DAGs
[2025-02-19T10:05:56.623-0300] {logging_mixin.py:190} INFO - [2025-02-19T10:05:56.623-0300] {dag.py:4180} INFO - Setting next_dagrun for MyCSVDAG to 2020-03-18 03:55:00+00:00, run_after=2020-03-18 04:00:00+00:00
[2025-02-19T10:05:56.650-0300] {processor.py:208} INFO - Processing /home/lucas/airflow/dags/DAGCsvToJson.py took 0.363 seconds
[2025-02-19T10:06:26.990-0300] {processor.py:186} INFO - Started process (PID=16783) to work on /home/lucas/airflow/dags/DAGCsvToJson.py
[2025-02-19T10:06:27.001-0300] {processor.py:914} INFO - Processing file /home/lucas/airflow/dags/DAGCsvToJson.py for tasks to queue
[2025-02-19T10:06:27.004-0300] {logging_mixin.py:190} INFO - [2025-02-19T10:06:27.004-0300] {dagbag.py:588} INFO - Filling up the DagBag from /home/lucas/airflow/dags/DAGCsvToJson.py
[2025-02-19T10:06:27.308-0300] {processor.py:925} INFO - DAG(s) 'MyCSVDAG' retrieved from /home/lucas/airflow/dags/DAGCsvToJson.py
[2025-02-19T10:06:27.325-0300] {logging_mixin.py:190} INFO - [2025-02-19T10:06:27.324-0300] {dag.py:3239} INFO - Sync 1 DAGs
[2025-02-19T10:06:27.344-0300] {logging_mixin.py:190} INFO - [2025-02-19T10:06:27.344-0300] {dag.py:4180} INFO - Setting next_dagrun for MyCSVDAG to 2020-03-18 03:55:00+00:00, run_after=2020-03-18 04:00:00+00:00
[2025-02-19T10:06:27.362-0300] {processor.py:208} INFO - Processing /home/lucas/airflow/dags/DAGCsvToJson.py took 0.384 seconds
[2025-02-19T10:06:57.800-0300] {processor.py:186} INFO - Started process (PID=16976) to work on /home/lucas/airflow/dags/DAGCsvToJson.py
[2025-02-19T10:06:57.809-0300] {processor.py:914} INFO - Processing file /home/lucas/airflow/dags/DAGCsvToJson.py for tasks to queue
[2025-02-19T10:06:57.813-0300] {logging_mixin.py:190} INFO - [2025-02-19T10:06:57.812-0300] {dagbag.py:588} INFO - Filling up the DagBag from /home/lucas/airflow/dags/DAGCsvToJson.py
[2025-02-19T10:06:58.166-0300] {processor.py:925} INFO - DAG(s) 'MyCSVDAG' retrieved from /home/lucas/airflow/dags/DAGCsvToJson.py
[2025-02-19T10:06:58.184-0300] {logging_mixin.py:190} INFO - [2025-02-19T10:06:58.184-0300] {dag.py:3239} INFO - Sync 1 DAGs
[2025-02-19T10:06:58.202-0300] {logging_mixin.py:190} INFO - [2025-02-19T10:06:58.202-0300] {dag.py:4180} INFO - Setting next_dagrun for MyCSVDAG to 2020-03-18 03:55:00+00:00, run_after=2020-03-18 04:00:00+00:00
[2025-02-19T10:06:58.219-0300] {processor.py:208} INFO - Processing /home/lucas/airflow/dags/DAGCsvToJson.py took 0.430 seconds
[2025-02-19T10:07:28.798-0300] {processor.py:186} INFO - Started process (PID=17157) to work on /home/lucas/airflow/dags/DAGCsvToJson.py
[2025-02-19T10:07:28.800-0300] {processor.py:914} INFO - Processing file /home/lucas/airflow/dags/DAGCsvToJson.py for tasks to queue
[2025-02-19T10:07:28.805-0300] {logging_mixin.py:190} INFO - [2025-02-19T10:07:28.804-0300] {dagbag.py:588} INFO - Filling up the DagBag from /home/lucas/airflow/dags/DAGCsvToJson.py
[2025-02-19T10:07:29.176-0300] {processor.py:925} INFO - DAG(s) 'MyCSVDAG' retrieved from /home/lucas/airflow/dags/DAGCsvToJson.py
[2025-02-19T10:07:29.195-0300] {logging_mixin.py:190} INFO - [2025-02-19T10:07:29.195-0300] {dag.py:3239} INFO - Sync 1 DAGs
[2025-02-19T10:07:29.216-0300] {logging_mixin.py:190} INFO - [2025-02-19T10:07:29.216-0300] {dag.py:4180} INFO - Setting next_dagrun for MyCSVDAG to 2020-03-18 03:55:00+00:00, run_after=2020-03-18 04:00:00+00:00
[2025-02-19T10:07:29.238-0300] {processor.py:208} INFO - Processing /home/lucas/airflow/dags/DAGCsvToJson.py took 0.453 seconds
[2025-02-19T10:08:09.524-0300] {processor.py:186} INFO - Started process (PID=17613) to work on /home/lucas/airflow/dags/DAGCsvToJson.py
[2025-02-19T10:08:09.526-0300] {processor.py:914} INFO - Processing file /home/lucas/airflow/dags/DAGCsvToJson.py for tasks to queue
[2025-02-19T10:08:09.529-0300] {logging_mixin.py:190} INFO - [2025-02-19T10:08:09.528-0300] {dagbag.py:588} INFO - Filling up the DagBag from /home/lucas/airflow/dags/DAGCsvToJson.py
[2025-02-19T10:08:09.838-0300] {processor.py:925} INFO - DAG(s) 'MyCSVDAG' retrieved from /home/lucas/airflow/dags/DAGCsvToJson.py
[2025-02-19T10:08:09.853-0300] {logging_mixin.py:190} INFO - [2025-02-19T10:08:09.853-0300] {dag.py:3239} INFO - Sync 1 DAGs
[2025-02-19T10:08:09.868-0300] {logging_mixin.py:190} INFO - [2025-02-19T10:08:09.868-0300] {dag.py:4180} INFO - Setting next_dagrun for MyCSVDAG to 2020-03-18 03:55:00+00:00, run_after=2020-03-18 04:00:00+00:00
[2025-02-19T10:08:09.884-0300] {processor.py:208} INFO - Processing /home/lucas/airflow/dags/DAGCsvToJson.py took 0.371 seconds
[2025-02-19T10:08:49.651-0300] {processor.py:186} INFO - Started process (PID=18220) to work on /home/lucas/airflow/dags/DAGCsvToJson.py
[2025-02-19T10:08:49.653-0300] {processor.py:914} INFO - Processing file /home/lucas/airflow/dags/DAGCsvToJson.py for tasks to queue
[2025-02-19T10:08:49.656-0300] {logging_mixin.py:190} INFO - [2025-02-19T10:08:49.656-0300] {dagbag.py:588} INFO - Filling up the DagBag from /home/lucas/airflow/dags/DAGCsvToJson.py
[2025-02-19T10:08:49.941-0300] {processor.py:925} INFO - DAG(s) 'MyCSVDAG' retrieved from /home/lucas/airflow/dags/DAGCsvToJson.py
[2025-02-19T10:08:49.960-0300] {logging_mixin.py:190} INFO - [2025-02-19T10:08:49.960-0300] {dag.py:3239} INFO - Sync 1 DAGs
[2025-02-19T10:08:49.975-0300] {logging_mixin.py:190} INFO - [2025-02-19T10:08:49.974-0300] {dag.py:4180} INFO - Setting next_dagrun for MyCSVDAG to 2020-03-18 03:55:00+00:00, run_after=2020-03-18 04:00:00+00:00
[2025-02-19T10:08:49.990-0300] {processor.py:208} INFO - Processing /home/lucas/airflow/dags/DAGCsvToJson.py took 0.350 seconds
[2025-02-19T10:09:32.315-0300] {processor.py:186} INFO - Started process (PID=18811) to work on /home/lucas/airflow/dags/DAGCsvToJson.py
[2025-02-19T10:09:32.316-0300] {processor.py:914} INFO - Processing file /home/lucas/airflow/dags/DAGCsvToJson.py for tasks to queue
[2025-02-19T10:09:32.320-0300] {logging_mixin.py:190} INFO - [2025-02-19T10:09:32.319-0300] {dagbag.py:588} INFO - Filling up the DagBag from /home/lucas/airflow/dags/DAGCsvToJson.py
[2025-02-19T10:09:32.614-0300] {processor.py:925} INFO - DAG(s) 'MyCSVDAG' retrieved from /home/lucas/airflow/dags/DAGCsvToJson.py
[2025-02-19T10:09:32.632-0300] {logging_mixin.py:190} INFO - [2025-02-19T10:09:32.632-0300] {dag.py:3239} INFO - Sync 1 DAGs
[2025-02-19T10:09:32.646-0300] {logging_mixin.py:190} INFO - [2025-02-19T10:09:32.646-0300] {dag.py:4180} INFO - Setting next_dagrun for MyCSVDAG to 2020-03-18 03:55:00+00:00, run_after=2020-03-18 04:00:00+00:00
[2025-02-19T10:09:32.781-0300] {processor.py:208} INFO - Processing /home/lucas/airflow/dags/DAGCsvToJson.py took 0.477 seconds
[2025-02-19T10:10:06.545-0300] {processor.py:186} INFO - Started process (PID=19267) to work on /home/lucas/airflow/dags/DAGCsvToJson.py
[2025-02-19T10:10:06.546-0300] {processor.py:914} INFO - Processing file /home/lucas/airflow/dags/DAGCsvToJson.py for tasks to queue
[2025-02-19T10:10:06.549-0300] {logging_mixin.py:190} INFO - [2025-02-19T10:10:06.549-0300] {dagbag.py:588} INFO - Filling up the DagBag from /home/lucas/airflow/dags/DAGCsvToJson.py
[2025-02-19T10:10:06.834-0300] {processor.py:925} INFO - DAG(s) 'MyCSVDAG' retrieved from /home/lucas/airflow/dags/DAGCsvToJson.py
[2025-02-19T10:10:06.853-0300] {logging_mixin.py:190} INFO - [2025-02-19T10:10:06.852-0300] {dag.py:3239} INFO - Sync 1 DAGs
[2025-02-19T10:10:06.975-0300] {logging_mixin.py:190} INFO - [2025-02-19T10:10:06.974-0300] {dag.py:4180} INFO - Setting next_dagrun for MyCSVDAG to 2020-03-18 03:55:00+00:00, run_after=2020-03-18 04:00:00+00:00
[2025-02-19T10:10:06.999-0300] {processor.py:208} INFO - Processing /home/lucas/airflow/dags/DAGCsvToJson.py took 0.466 seconds
[2025-02-19T10:10:39.704-0300] {processor.py:186} INFO - Started process (PID=19729) to work on /home/lucas/airflow/dags/DAGCsvToJson.py
[2025-02-19T10:10:39.705-0300] {processor.py:914} INFO - Processing file /home/lucas/airflow/dags/DAGCsvToJson.py for tasks to queue
[2025-02-19T10:10:39.707-0300] {logging_mixin.py:190} INFO - [2025-02-19T10:10:39.706-0300] {dagbag.py:588} INFO - Filling up the DagBag from /home/lucas/airflow/dags/DAGCsvToJson.py
[2025-02-19T10:10:40.028-0300] {processor.py:925} INFO - DAG(s) 'MyCSVDAG' retrieved from /home/lucas/airflow/dags/DAGCsvToJson.py
[2025-02-19T10:10:40.047-0300] {logging_mixin.py:190} INFO - [2025-02-19T10:10:40.046-0300] {dag.py:3239} INFO - Sync 1 DAGs
[2025-02-19T10:10:40.064-0300] {logging_mixin.py:190} INFO - [2025-02-19T10:10:40.064-0300] {dag.py:4180} INFO - Setting next_dagrun for MyCSVDAG to 2020-03-18 03:55:00+00:00, run_after=2020-03-18 04:00:00+00:00
[2025-02-19T10:10:40.082-0300] {processor.py:208} INFO - Processing /home/lucas/airflow/dags/DAGCsvToJson.py took 0.384 seconds
[2025-02-19T10:11:10.178-0300] {processor.py:186} INFO - Started process (PID=20133) to work on /home/lucas/airflow/dags/DAGCsvToJson.py
[2025-02-19T10:11:10.179-0300] {processor.py:914} INFO - Processing file /home/lucas/airflow/dags/DAGCsvToJson.py for tasks to queue
[2025-02-19T10:11:10.183-0300] {logging_mixin.py:190} INFO - [2025-02-19T10:11:10.182-0300] {dagbag.py:588} INFO - Filling up the DagBag from /home/lucas/airflow/dags/DAGCsvToJson.py
[2025-02-19T10:11:10.458-0300] {processor.py:925} INFO - DAG(s) 'MyCSVDAG' retrieved from /home/lucas/airflow/dags/DAGCsvToJson.py
[2025-02-19T10:11:10.482-0300] {logging_mixin.py:190} INFO - [2025-02-19T10:11:10.482-0300] {dag.py:3239} INFO - Sync 1 DAGs
[2025-02-19T10:11:10.496-0300] {logging_mixin.py:190} INFO - [2025-02-19T10:11:10.496-0300] {dag.py:4180} INFO - Setting next_dagrun for MyCSVDAG to 2020-03-18 03:55:00+00:00, run_after=2020-03-18 04:00:00+00:00
[2025-02-19T10:11:10.610-0300] {processor.py:208} INFO - Processing /home/lucas/airflow/dags/DAGCsvToJson.py took 0.444 seconds
[2025-02-19T10:11:41.187-0300] {processor.py:186} INFO - Started process (PID=20311) to work on /home/lucas/airflow/dags/DAGCsvToJson.py
[2025-02-19T10:11:41.199-0300] {processor.py:914} INFO - Processing file /home/lucas/airflow/dags/DAGCsvToJson.py for tasks to queue
[2025-02-19T10:11:41.202-0300] {logging_mixin.py:190} INFO - [2025-02-19T10:11:41.202-0300] {dagbag.py:588} INFO - Filling up the DagBag from /home/lucas/airflow/dags/DAGCsvToJson.py
[2025-02-19T10:11:41.519-0300] {processor.py:925} INFO - DAG(s) 'MyCSVDAG' retrieved from /home/lucas/airflow/dags/DAGCsvToJson.py
[2025-02-19T10:11:41.533-0300] {logging_mixin.py:190} INFO - [2025-02-19T10:11:41.533-0300] {dag.py:3239} INFO - Sync 1 DAGs
[2025-02-19T10:11:41.645-0300] {logging_mixin.py:190} INFO - [2025-02-19T10:11:41.644-0300] {dag.py:4180} INFO - Setting next_dagrun for MyCSVDAG to 2020-03-18 03:55:00+00:00, run_after=2020-03-18 04:00:00+00:00
[2025-02-19T10:11:41.659-0300] {processor.py:208} INFO - Processing /home/lucas/airflow/dags/DAGCsvToJson.py took 0.482 seconds
[2025-02-19T10:12:21.872-0300] {processor.py:186} INFO - Started process (PID=20913) to work on /home/lucas/airflow/dags/DAGCsvToJson.py
[2025-02-19T10:12:21.873-0300] {processor.py:914} INFO - Processing file /home/lucas/airflow/dags/DAGCsvToJson.py for tasks to queue
[2025-02-19T10:12:21.876-0300] {logging_mixin.py:190} INFO - [2025-02-19T10:12:21.875-0300] {dagbag.py:588} INFO - Filling up the DagBag from /home/lucas/airflow/dags/DAGCsvToJson.py
[2025-02-19T10:12:22.205-0300] {processor.py:925} INFO - DAG(s) 'MyCSVDAG' retrieved from /home/lucas/airflow/dags/DAGCsvToJson.py
[2025-02-19T10:12:22.331-0300] {logging_mixin.py:190} INFO - [2025-02-19T10:12:22.331-0300] {dag.py:3239} INFO - Sync 1 DAGs
[2025-02-19T10:12:22.344-0300] {logging_mixin.py:190} INFO - [2025-02-19T10:12:22.344-0300] {dag.py:4180} INFO - Setting next_dagrun for MyCSVDAG to 2020-03-18 03:55:00+00:00, run_after=2020-03-18 04:00:00+00:00
[2025-02-19T10:12:22.373-0300] {processor.py:208} INFO - Processing /home/lucas/airflow/dags/DAGCsvToJson.py took 0.514 seconds
[2025-02-19T10:12:52.815-0300] {processor.py:186} INFO - Started process (PID=21472) to work on /home/lucas/airflow/dags/DAGCsvToJson.py
[2025-02-19T10:12:52.815-0300] {processor.py:914} INFO - Processing file /home/lucas/airflow/dags/DAGCsvToJson.py for tasks to queue
[2025-02-19T10:12:52.817-0300] {logging_mixin.py:190} INFO - [2025-02-19T10:12:52.817-0300] {dagbag.py:588} INFO - Filling up the DagBag from /home/lucas/airflow/dags/DAGCsvToJson.py
[2025-02-19T10:12:53.208-0300] {processor.py:925} INFO - DAG(s) 'MyCSVDAG' retrieved from /home/lucas/airflow/dags/DAGCsvToJson.py
[2025-02-19T10:12:53.224-0300] {logging_mixin.py:190} INFO - [2025-02-19T10:12:53.224-0300] {dag.py:3239} INFO - Sync 1 DAGs
[2025-02-19T10:12:53.240-0300] {logging_mixin.py:190} INFO - [2025-02-19T10:12:53.240-0300] {dag.py:4180} INFO - Setting next_dagrun for MyCSVDAG to 2020-03-18 03:55:00+00:00, run_after=2020-03-18 04:00:00+00:00
[2025-02-19T10:12:53.356-0300] {processor.py:208} INFO - Processing /home/lucas/airflow/dags/DAGCsvToJson.py took 0.548 seconds
[2025-02-19T10:13:23.895-0300] {processor.py:186} INFO - Started process (PID=21837) to work on /home/lucas/airflow/dags/DAGCsvToJson.py
[2025-02-19T10:13:23.897-0300] {processor.py:914} INFO - Processing file /home/lucas/airflow/dags/DAGCsvToJson.py for tasks to queue
[2025-02-19T10:13:23.902-0300] {logging_mixin.py:190} INFO - [2025-02-19T10:13:23.901-0300] {dagbag.py:588} INFO - Filling up the DagBag from /home/lucas/airflow/dags/DAGCsvToJson.py
[2025-02-19T10:13:24.261-0300] {processor.py:925} INFO - DAG(s) 'MyCSVDAG' retrieved from /home/lucas/airflow/dags/DAGCsvToJson.py
[2025-02-19T10:13:24.280-0300] {logging_mixin.py:190} INFO - [2025-02-19T10:13:24.280-0300] {dag.py:3239} INFO - Sync 1 DAGs
[2025-02-19T10:13:24.422-0300] {logging_mixin.py:190} INFO - [2025-02-19T10:13:24.422-0300] {dag.py:4180} INFO - Setting next_dagrun for MyCSVDAG to 2020-03-18 03:55:00+00:00, run_after=2020-03-18 04:00:00+00:00
[2025-02-19T10:13:24.444-0300] {processor.py:208} INFO - Processing /home/lucas/airflow/dags/DAGCsvToJson.py took 0.569 seconds
[2025-02-19T10:13:55.064-0300] {processor.py:186} INFO - Started process (PID=22035) to work on /home/lucas/airflow/dags/DAGCsvToJson.py
[2025-02-19T10:13:55.075-0300] {processor.py:914} INFO - Processing file /home/lucas/airflow/dags/DAGCsvToJson.py for tasks to queue
[2025-02-19T10:13:55.079-0300] {logging_mixin.py:190} INFO - [2025-02-19T10:13:55.078-0300] {dagbag.py:588} INFO - Filling up the DagBag from /home/lucas/airflow/dags/DAGCsvToJson.py
[2025-02-19T10:13:55.456-0300] {processor.py:925} INFO - DAG(s) 'MyCSVDAG' retrieved from /home/lucas/airflow/dags/DAGCsvToJson.py
[2025-02-19T10:13:55.468-0300] {logging_mixin.py:190} INFO - [2025-02-19T10:13:55.468-0300] {dag.py:3239} INFO - Sync 1 DAGs
[2025-02-19T10:13:55.480-0300] {logging_mixin.py:190} INFO - [2025-02-19T10:13:55.480-0300] {dag.py:4180} INFO - Setting next_dagrun for MyCSVDAG to 2020-03-18 03:55:00+00:00, run_after=2020-03-18 04:00:00+00:00
[2025-02-19T10:13:55.496-0300] {processor.py:208} INFO - Processing /home/lucas/airflow/dags/DAGCsvToJson.py took 0.444 seconds
[2025-02-19T10:14:26.053-0300] {processor.py:186} INFO - Started process (PID=22224) to work on /home/lucas/airflow/dags/DAGCsvToJson.py
[2025-02-19T10:14:26.064-0300] {processor.py:914} INFO - Processing file /home/lucas/airflow/dags/DAGCsvToJson.py for tasks to queue
[2025-02-19T10:14:26.067-0300] {logging_mixin.py:190} INFO - [2025-02-19T10:14:26.067-0300] {dagbag.py:588} INFO - Filling up the DagBag from /home/lucas/airflow/dags/DAGCsvToJson.py
[2025-02-19T10:14:26.453-0300] {processor.py:925} INFO - DAG(s) 'MyCSVDAG' retrieved from /home/lucas/airflow/dags/DAGCsvToJson.py
[2025-02-19T10:14:26.464-0300] {logging_mixin.py:190} INFO - [2025-02-19T10:14:26.464-0300] {dag.py:3239} INFO - Sync 1 DAGs
[2025-02-19T10:14:26.476-0300] {logging_mixin.py:190} INFO - [2025-02-19T10:14:26.476-0300] {dag.py:4180} INFO - Setting next_dagrun for MyCSVDAG to 2020-03-18 03:55:00+00:00, run_after=2020-03-18 04:00:00+00:00
[2025-02-19T10:14:26.502-0300] {processor.py:208} INFO - Processing /home/lucas/airflow/dags/DAGCsvToJson.py took 0.460 seconds
[2025-02-19T10:14:57.062-0300] {processor.py:186} INFO - Started process (PID=22399) to work on /home/lucas/airflow/dags/DAGCsvToJson.py
[2025-02-19T10:14:57.074-0300] {processor.py:914} INFO - Processing file /home/lucas/airflow/dags/DAGCsvToJson.py for tasks to queue
[2025-02-19T10:14:57.077-0300] {logging_mixin.py:190} INFO - [2025-02-19T10:14:57.077-0300] {dagbag.py:588} INFO - Filling up the DagBag from /home/lucas/airflow/dags/DAGCsvToJson.py
[2025-02-19T10:14:57.448-0300] {processor.py:925} INFO - DAG(s) 'MyCSVDAG' retrieved from /home/lucas/airflow/dags/DAGCsvToJson.py
[2025-02-19T10:14:57.460-0300] {logging_mixin.py:190} INFO - [2025-02-19T10:14:57.460-0300] {dag.py:3239} INFO - Sync 1 DAGs
[2025-02-19T10:14:57.473-0300] {logging_mixin.py:190} INFO - [2025-02-19T10:14:57.473-0300] {dag.py:4180} INFO - Setting next_dagrun for MyCSVDAG to 2020-03-18 03:55:00+00:00, run_after=2020-03-18 04:00:00+00:00
[2025-02-19T10:14:57.497-0300] {processor.py:208} INFO - Processing /home/lucas/airflow/dags/DAGCsvToJson.py took 0.451 seconds
[2025-02-19T10:15:28.158-0300] {processor.py:186} INFO - Started process (PID=22576) to work on /home/lucas/airflow/dags/DAGCsvToJson.py
[2025-02-19T10:15:28.169-0300] {processor.py:914} INFO - Processing file /home/lucas/airflow/dags/DAGCsvToJson.py for tasks to queue
[2025-02-19T10:15:28.173-0300] {logging_mixin.py:190} INFO - [2025-02-19T10:15:28.172-0300] {dagbag.py:588} INFO - Filling up the DagBag from /home/lucas/airflow/dags/DAGCsvToJson.py
[2025-02-19T10:15:28.552-0300] {processor.py:925} INFO - DAG(s) 'MyCSVDAG' retrieved from /home/lucas/airflow/dags/DAGCsvToJson.py
[2025-02-19T10:15:28.564-0300] {logging_mixin.py:190} INFO - [2025-02-19T10:15:28.563-0300] {dag.py:3239} INFO - Sync 1 DAGs
[2025-02-19T10:15:28.576-0300] {logging_mixin.py:190} INFO - [2025-02-19T10:15:28.576-0300] {dag.py:4180} INFO - Setting next_dagrun for MyCSVDAG to 2020-03-18 03:55:00+00:00, run_after=2020-03-18 04:00:00+00:00
[2025-02-19T10:15:28.590-0300] {processor.py:208} INFO - Processing /home/lucas/airflow/dags/DAGCsvToJson.py took 0.443 seconds
[2025-02-19T10:15:58.796-0300] {processor.py:186} INFO - Started process (PID=22746) to work on /home/lucas/airflow/dags/DAGCsvToJson.py
[2025-02-19T10:15:58.798-0300] {processor.py:914} INFO - Processing file /home/lucas/airflow/dags/DAGCsvToJson.py for tasks to queue
[2025-02-19T10:15:58.801-0300] {logging_mixin.py:190} INFO - [2025-02-19T10:15:58.801-0300] {dagbag.py:588} INFO - Filling up the DagBag from /home/lucas/airflow/dags/DAGCsvToJson.py
[2025-02-19T10:15:59.271-0300] {processor.py:925} INFO - DAG(s) 'MyCSVDAG' retrieved from /home/lucas/airflow/dags/DAGCsvToJson.py
[2025-02-19T10:15:59.285-0300] {logging_mixin.py:190} INFO - [2025-02-19T10:15:59.285-0300] {dag.py:3239} INFO - Sync 1 DAGs
[2025-02-19T10:15:59.300-0300] {logging_mixin.py:190} INFO - [2025-02-19T10:15:59.300-0300] {dag.py:4180} INFO - Setting next_dagrun for MyCSVDAG to 2020-03-18 03:55:00+00:00, run_after=2020-03-18 04:00:00+00:00
[2025-02-19T10:15:59.328-0300] {processor.py:208} INFO - Processing /home/lucas/airflow/dags/DAGCsvToJson.py took 0.544 seconds
[2025-02-19T10:16:29.902-0300] {processor.py:186} INFO - Started process (PID=22921) to work on /home/lucas/airflow/dags/DAGCsvToJson.py
[2025-02-19T10:16:29.914-0300] {processor.py:914} INFO - Processing file /home/lucas/airflow/dags/DAGCsvToJson.py for tasks to queue
[2025-02-19T10:16:29.917-0300] {logging_mixin.py:190} INFO - [2025-02-19T10:16:29.917-0300] {dagbag.py:588} INFO - Filling up the DagBag from /home/lucas/airflow/dags/DAGCsvToJson.py
[2025-02-19T10:16:30.297-0300] {processor.py:925} INFO - DAG(s) 'MyCSVDAG' retrieved from /home/lucas/airflow/dags/DAGCsvToJson.py
[2025-02-19T10:16:30.308-0300] {logging_mixin.py:190} INFO - [2025-02-19T10:16:30.308-0300] {dag.py:3239} INFO - Sync 1 DAGs
[2025-02-19T10:16:30.322-0300] {logging_mixin.py:190} INFO - [2025-02-19T10:16:30.322-0300] {dag.py:4180} INFO - Setting next_dagrun for MyCSVDAG to 2020-03-18 03:55:00+00:00, run_after=2020-03-18 04:00:00+00:00
[2025-02-19T10:16:30.336-0300] {processor.py:208} INFO - Processing /home/lucas/airflow/dags/DAGCsvToJson.py took 0.445 seconds
[2025-02-19T10:17:00.905-0300] {processor.py:186} INFO - Started process (PID=23098) to work on /home/lucas/airflow/dags/DAGCsvToJson.py
[2025-02-19T10:17:00.916-0300] {processor.py:914} INFO - Processing file /home/lucas/airflow/dags/DAGCsvToJson.py for tasks to queue
[2025-02-19T10:17:00.920-0300] {logging_mixin.py:190} INFO - [2025-02-19T10:17:00.919-0300] {dagbag.py:588} INFO - Filling up the DagBag from /home/lucas/airflow/dags/DAGCsvToJson.py
[2025-02-19T10:17:01.360-0300] {processor.py:925} INFO - DAG(s) 'MyCSVDAG' retrieved from /home/lucas/airflow/dags/DAGCsvToJson.py
[2025-02-19T10:17:01.376-0300] {logging_mixin.py:190} INFO - [2025-02-19T10:17:01.375-0300] {dag.py:3239} INFO - Sync 1 DAGs
[2025-02-19T10:17:01.390-0300] {logging_mixin.py:190} INFO - [2025-02-19T10:17:01.390-0300] {dag.py:4180} INFO - Setting next_dagrun for MyCSVDAG to 2020-03-18 03:55:00+00:00, run_after=2020-03-18 04:00:00+00:00
[2025-02-19T10:17:01.416-0300] {processor.py:208} INFO - Processing /home/lucas/airflow/dags/DAGCsvToJson.py took 0.523 seconds
[2025-02-19T10:17:32.002-0300] {processor.py:186} INFO - Started process (PID=23275) to work on /home/lucas/airflow/dags/DAGCsvToJson.py
[2025-02-19T10:17:32.013-0300] {processor.py:914} INFO - Processing file /home/lucas/airflow/dags/DAGCsvToJson.py for tasks to queue
[2025-02-19T10:17:32.018-0300] {logging_mixin.py:190} INFO - [2025-02-19T10:17:32.017-0300] {dagbag.py:588} INFO - Filling up the DagBag from /home/lucas/airflow/dags/DAGCsvToJson.py
[2025-02-19T10:17:32.484-0300] {processor.py:925} INFO - DAG(s) 'MyCSVDAG' retrieved from /home/lucas/airflow/dags/DAGCsvToJson.py
[2025-02-19T10:17:32.496-0300] {logging_mixin.py:190} INFO - [2025-02-19T10:17:32.496-0300] {dag.py:3239} INFO - Sync 1 DAGs
[2025-02-19T10:17:32.509-0300] {logging_mixin.py:190} INFO - [2025-02-19T10:17:32.508-0300] {dag.py:4180} INFO - Setting next_dagrun for MyCSVDAG to 2020-03-18 03:55:00+00:00, run_after=2020-03-18 04:00:00+00:00
[2025-02-19T10:17:32.535-0300] {processor.py:208} INFO - Processing /home/lucas/airflow/dags/DAGCsvToJson.py took 0.545 seconds
[2025-02-19T10:18:03.104-0300] {processor.py:186} INFO - Started process (PID=23451) to work on /home/lucas/airflow/dags/DAGCsvToJson.py
[2025-02-19T10:18:03.115-0300] {processor.py:914} INFO - Processing file /home/lucas/airflow/dags/DAGCsvToJson.py for tasks to queue
[2025-02-19T10:18:03.119-0300] {logging_mixin.py:190} INFO - [2025-02-19T10:18:03.118-0300] {dagbag.py:588} INFO - Filling up the DagBag from /home/lucas/airflow/dags/DAGCsvToJson.py
[2025-02-19T10:18:03.612-0300] {processor.py:925} INFO - DAG(s) 'MyCSVDAG' retrieved from /home/lucas/airflow/dags/DAGCsvToJson.py
[2025-02-19T10:18:03.626-0300] {logging_mixin.py:190} INFO - [2025-02-19T10:18:03.626-0300] {dag.py:3239} INFO - Sync 1 DAGs
[2025-02-19T10:18:03.642-0300] {logging_mixin.py:190} INFO - [2025-02-19T10:18:03.642-0300] {dag.py:4180} INFO - Setting next_dagrun for MyCSVDAG to 2020-03-18 03:55:00+00:00, run_after=2020-03-18 04:00:00+00:00
[2025-02-19T10:18:03.667-0300] {processor.py:208} INFO - Processing /home/lucas/airflow/dags/DAGCsvToJson.py took 0.576 seconds
[2025-02-19T10:18:34.190-0300] {processor.py:186} INFO - Started process (PID=23628) to work on /home/lucas/airflow/dags/DAGCsvToJson.py
[2025-02-19T10:18:34.192-0300] {processor.py:914} INFO - Processing file /home/lucas/airflow/dags/DAGCsvToJson.py for tasks to queue
[2025-02-19T10:18:34.196-0300] {logging_mixin.py:190} INFO - [2025-02-19T10:18:34.195-0300] {dagbag.py:588} INFO - Filling up the DagBag from /home/lucas/airflow/dags/DAGCsvToJson.py
[2025-02-19T10:18:34.582-0300] {processor.py:925} INFO - DAG(s) 'MyCSVDAG' retrieved from /home/lucas/airflow/dags/DAGCsvToJson.py
[2025-02-19T10:18:34.594-0300] {logging_mixin.py:190} INFO - [2025-02-19T10:18:34.593-0300] {dag.py:3239} INFO - Sync 1 DAGs
[2025-02-19T10:18:34.606-0300] {logging_mixin.py:190} INFO - [2025-02-19T10:18:34.606-0300] {dag.py:4180} INFO - Setting next_dagrun for MyCSVDAG to 2020-03-18 03:55:00+00:00, run_after=2020-03-18 04:00:00+00:00
[2025-02-19T10:18:34.630-0300] {processor.py:208} INFO - Processing /home/lucas/airflow/dags/DAGCsvToJson.py took 0.450 seconds
[2025-02-19T10:19:05.316-0300] {processor.py:186} INFO - Started process (PID=23840) to work on /home/lucas/airflow/dags/DAGCsvToJson.py
[2025-02-19T10:19:05.318-0300] {processor.py:914} INFO - Processing file /home/lucas/airflow/dags/DAGCsvToJson.py for tasks to queue
[2025-02-19T10:19:05.321-0300] {logging_mixin.py:190} INFO - [2025-02-19T10:19:05.321-0300] {dagbag.py:588} INFO - Filling up the DagBag from /home/lucas/airflow/dags/DAGCsvToJson.py
[2025-02-19T10:19:05.710-0300] {processor.py:925} INFO - DAG(s) 'MyCSVDAG' retrieved from /home/lucas/airflow/dags/DAGCsvToJson.py
[2025-02-19T10:19:05.733-0300] {logging_mixin.py:190} INFO - [2025-02-19T10:19:05.733-0300] {dag.py:3239} INFO - Sync 1 DAGs
[2025-02-19T10:19:05.746-0300] {logging_mixin.py:190} INFO - [2025-02-19T10:19:05.746-0300] {dag.py:4180} INFO - Setting next_dagrun for MyCSVDAG to 2020-03-18 03:55:00+00:00, run_after=2020-03-18 04:00:00+00:00
[2025-02-19T10:19:05.762-0300] {processor.py:208} INFO - Processing /home/lucas/airflow/dags/DAGCsvToJson.py took 0.457 seconds
[2025-02-19T10:19:36.444-0300] {processor.py:186} INFO - Started process (PID=24093) to work on /home/lucas/airflow/dags/DAGCsvToJson.py
[2025-02-19T10:19:36.446-0300] {processor.py:914} INFO - Processing file /home/lucas/airflow/dags/DAGCsvToJson.py for tasks to queue
[2025-02-19T10:19:36.452-0300] {logging_mixin.py:190} INFO - [2025-02-19T10:19:36.451-0300] {dagbag.py:588} INFO - Filling up the DagBag from /home/lucas/airflow/dags/DAGCsvToJson.py
[2025-02-19T10:19:36.916-0300] {processor.py:925} INFO - DAG(s) 'MyCSVDAG' retrieved from /home/lucas/airflow/dags/DAGCsvToJson.py
[2025-02-19T10:19:36.928-0300] {logging_mixin.py:190} INFO - [2025-02-19T10:19:36.928-0300] {dag.py:3239} INFO - Sync 1 DAGs
[2025-02-19T10:19:36.943-0300] {logging_mixin.py:190} INFO - [2025-02-19T10:19:36.943-0300] {dag.py:4180} INFO - Setting next_dagrun for MyCSVDAG to 2020-03-18 03:55:00+00:00, run_after=2020-03-18 04:00:00+00:00
[2025-02-19T10:19:36.958-0300] {processor.py:208} INFO - Processing /home/lucas/airflow/dags/DAGCsvToJson.py took 0.529 seconds
[2025-02-19T10:20:07.643-0300] {processor.py:186} INFO - Started process (PID=24270) to work on /home/lucas/airflow/dags/DAGCsvToJson.py
[2025-02-19T10:20:07.654-0300] {processor.py:914} INFO - Processing file /home/lucas/airflow/dags/DAGCsvToJson.py for tasks to queue
[2025-02-19T10:20:07.658-0300] {logging_mixin.py:190} INFO - [2025-02-19T10:20:07.657-0300] {dagbag.py:588} INFO - Filling up the DagBag from /home/lucas/airflow/dags/DAGCsvToJson.py
[2025-02-19T10:20:08.047-0300] {processor.py:925} INFO - DAG(s) 'MyCSVDAG' retrieved from /home/lucas/airflow/dags/DAGCsvToJson.py
[2025-02-19T10:20:08.059-0300] {logging_mixin.py:190} INFO - [2025-02-19T10:20:08.059-0300] {dag.py:3239} INFO - Sync 1 DAGs
[2025-02-19T10:20:08.072-0300] {logging_mixin.py:190} INFO - [2025-02-19T10:20:08.071-0300] {dag.py:4180} INFO - Setting next_dagrun for MyCSVDAG to 2020-03-18 03:55:00+00:00, run_after=2020-03-18 04:00:00+00:00
[2025-02-19T10:20:08.096-0300] {processor.py:208} INFO - Processing /home/lucas/airflow/dags/DAGCsvToJson.py took 0.458 seconds
[2025-02-19T10:20:38.726-0300] {processor.py:186} INFO - Started process (PID=24560) to work on /home/lucas/airflow/dags/DAGCsvToJson.py
[2025-02-19T10:20:38.738-0300] {processor.py:914} INFO - Processing file /home/lucas/airflow/dags/DAGCsvToJson.py for tasks to queue
[2025-02-19T10:20:38.742-0300] {logging_mixin.py:190} INFO - [2025-02-19T10:20:38.742-0300] {dagbag.py:588} INFO - Filling up the DagBag from /home/lucas/airflow/dags/DAGCsvToJson.py
[2025-02-19T10:20:39.150-0300] {processor.py:925} INFO - DAG(s) 'MyCSVDAG' retrieved from /home/lucas/airflow/dags/DAGCsvToJson.py
[2025-02-19T10:20:39.161-0300] {logging_mixin.py:190} INFO - [2025-02-19T10:20:39.161-0300] {dag.py:3239} INFO - Sync 1 DAGs
[2025-02-19T10:20:39.174-0300] {logging_mixin.py:190} INFO - [2025-02-19T10:20:39.174-0300] {dag.py:4180} INFO - Setting next_dagrun for MyCSVDAG to 2020-03-18 03:55:00+00:00, run_after=2020-03-18 04:00:00+00:00
[2025-02-19T10:20:39.200-0300] {processor.py:208} INFO - Processing /home/lucas/airflow/dags/DAGCsvToJson.py took 0.485 seconds
[2025-02-19T10:21:09.726-0300] {processor.py:186} INFO - Started process (PID=24844) to work on /home/lucas/airflow/dags/DAGCsvToJson.py
[2025-02-19T10:21:09.737-0300] {processor.py:914} INFO - Processing file /home/lucas/airflow/dags/DAGCsvToJson.py for tasks to queue
[2025-02-19T10:21:09.742-0300] {logging_mixin.py:190} INFO - [2025-02-19T10:21:09.741-0300] {dagbag.py:588} INFO - Filling up the DagBag from /home/lucas/airflow/dags/DAGCsvToJson.py
[2025-02-19T10:21:10.415-0300] {processor.py:925} INFO - DAG(s) 'MyCSVDAG' retrieved from /home/lucas/airflow/dags/DAGCsvToJson.py
[2025-02-19T10:21:10.440-0300] {logging_mixin.py:190} INFO - [2025-02-19T10:21:10.440-0300] {dag.py:3239} INFO - Sync 1 DAGs
[2025-02-19T10:21:10.469-0300] {logging_mixin.py:190} INFO - [2025-02-19T10:21:10.469-0300] {dag.py:4180} INFO - Setting next_dagrun for MyCSVDAG to 2020-03-18 03:55:00+00:00, run_after=2020-03-18 04:00:00+00:00
[2025-02-19T10:21:10.506-0300] {processor.py:208} INFO - Processing /home/lucas/airflow/dags/DAGCsvToJson.py took 0.792 seconds
[2025-02-19T10:21:41.488-0300] {processor.py:186} INFO - Started process (PID=25014) to work on /home/lucas/airflow/dags/DAGCsvToJson.py
[2025-02-19T10:21:41.500-0300] {processor.py:914} INFO - Processing file /home/lucas/airflow/dags/DAGCsvToJson.py for tasks to queue
[2025-02-19T10:21:41.504-0300] {logging_mixin.py:190} INFO - [2025-02-19T10:21:41.503-0300] {dagbag.py:588} INFO - Filling up the DagBag from /home/lucas/airflow/dags/DAGCsvToJson.py
[2025-02-19T10:21:42.173-0300] {processor.py:925} INFO - DAG(s) 'MyCSVDAG' retrieved from /home/lucas/airflow/dags/DAGCsvToJson.py
[2025-02-19T10:21:42.197-0300] {logging_mixin.py:190} INFO - [2025-02-19T10:21:42.197-0300] {dag.py:3239} INFO - Sync 1 DAGs
[2025-02-19T10:21:42.222-0300] {logging_mixin.py:190} INFO - [2025-02-19T10:21:42.222-0300] {dag.py:4180} INFO - Setting next_dagrun for MyCSVDAG to 2020-03-18 03:55:00+00:00, run_after=2020-03-18 04:00:00+00:00
[2025-02-19T10:21:42.259-0300] {processor.py:208} INFO - Processing /home/lucas/airflow/dags/DAGCsvToJson.py took 0.782 seconds
[2025-02-19T10:22:13.335-0300] {processor.py:186} INFO - Started process (PID=25179) to work on /home/lucas/airflow/dags/DAGCsvToJson.py
[2025-02-19T10:22:13.347-0300] {processor.py:914} INFO - Processing file /home/lucas/airflow/dags/DAGCsvToJson.py for tasks to queue
[2025-02-19T10:22:13.352-0300] {logging_mixin.py:190} INFO - [2025-02-19T10:22:13.351-0300] {dagbag.py:588} INFO - Filling up the DagBag from /home/lucas/airflow/dags/DAGCsvToJson.py
[2025-02-19T10:22:14.010-0300] {processor.py:925} INFO - DAG(s) 'MyCSVDAG' retrieved from /home/lucas/airflow/dags/DAGCsvToJson.py
[2025-02-19T10:22:14.034-0300] {logging_mixin.py:190} INFO - [2025-02-19T10:22:14.033-0300] {dag.py:3239} INFO - Sync 1 DAGs
[2025-02-19T10:22:14.059-0300] {logging_mixin.py:190} INFO - [2025-02-19T10:22:14.059-0300] {dag.py:4180} INFO - Setting next_dagrun for MyCSVDAG to 2020-03-18 03:55:00+00:00, run_after=2020-03-18 04:00:00+00:00
[2025-02-19T10:22:14.099-0300] {processor.py:208} INFO - Processing /home/lucas/airflow/dags/DAGCsvToJson.py took 0.775 seconds
[2025-02-19T10:22:44.507-0300] {processor.py:186} INFO - Started process (PID=25346) to work on /home/lucas/airflow/dags/DAGCsvToJson.py
[2025-02-19T10:22:44.519-0300] {processor.py:914} INFO - Processing file /home/lucas/airflow/dags/DAGCsvToJson.py for tasks to queue
[2025-02-19T10:22:44.524-0300] {logging_mixin.py:190} INFO - [2025-02-19T10:22:44.523-0300] {dagbag.py:588} INFO - Filling up the DagBag from /home/lucas/airflow/dags/DAGCsvToJson.py
[2025-02-19T10:22:45.227-0300] {processor.py:925} INFO - DAG(s) 'MyCSVDAG' retrieved from /home/lucas/airflow/dags/DAGCsvToJson.py
[2025-02-19T10:22:45.251-0300] {logging_mixin.py:190} INFO - [2025-02-19T10:22:45.251-0300] {dag.py:3239} INFO - Sync 1 DAGs
[2025-02-19T10:22:45.279-0300] {logging_mixin.py:190} INFO - [2025-02-19T10:22:45.279-0300] {dag.py:4180} INFO - Setting next_dagrun for MyCSVDAG to 2020-03-18 03:55:00+00:00, run_after=2020-03-18 04:00:00+00:00
[2025-02-19T10:22:45.316-0300] {processor.py:208} INFO - Processing /home/lucas/airflow/dags/DAGCsvToJson.py took 0.820 seconds
[2025-02-19T10:23:15.690-0300] {processor.py:186} INFO - Started process (PID=25635) to work on /home/lucas/airflow/dags/DAGCsvToJson.py
[2025-02-19T10:23:15.702-0300] {processor.py:914} INFO - Processing file /home/lucas/airflow/dags/DAGCsvToJson.py for tasks to queue
[2025-02-19T10:23:15.706-0300] {logging_mixin.py:190} INFO - [2025-02-19T10:23:15.706-0300] {dagbag.py:588} INFO - Filling up the DagBag from /home/lucas/airflow/dags/DAGCsvToJson.py
[2025-02-19T10:23:16.378-0300] {processor.py:925} INFO - DAG(s) 'MyCSVDAG' retrieved from /home/lucas/airflow/dags/DAGCsvToJson.py
[2025-02-19T10:23:16.401-0300] {logging_mixin.py:190} INFO - [2025-02-19T10:23:16.401-0300] {dag.py:3239} INFO - Sync 1 DAGs
[2025-02-19T10:23:16.426-0300] {logging_mixin.py:190} INFO - [2025-02-19T10:23:16.426-0300] {dag.py:4180} INFO - Setting next_dagrun for MyCSVDAG to 2020-03-18 03:55:00+00:00, run_after=2020-03-18 04:00:00+00:00
[2025-02-19T10:23:16.462-0300] {processor.py:208} INFO - Processing /home/lucas/airflow/dags/DAGCsvToJson.py took 0.784 seconds
[2025-02-19T10:24:12.705-0300] {processor.py:186} INFO - Started process (PID=26401) to work on /home/lucas/airflow/dags/DAGCsvToJson.py
[2025-02-19T10:24:12.707-0300] {processor.py:914} INFO - Processing file /home/lucas/airflow/dags/DAGCsvToJson.py for tasks to queue
[2025-02-19T10:24:12.710-0300] {logging_mixin.py:190} INFO - [2025-02-19T10:24:12.709-0300] {dagbag.py:588} INFO - Filling up the DagBag from /home/lucas/airflow/dags/DAGCsvToJson.py
[2025-02-19T10:24:13.394-0300] {processor.py:925} INFO - DAG(s) 'MyCSVDAG' retrieved from /home/lucas/airflow/dags/DAGCsvToJson.py
[2025-02-19T10:24:13.427-0300] {logging_mixin.py:190} INFO - [2025-02-19T10:24:13.426-0300] {dag.py:3239} INFO - Sync 1 DAGs
[2025-02-19T10:24:13.452-0300] {logging_mixin.py:190} INFO - [2025-02-19T10:24:13.452-0300] {dag.py:4180} INFO - Setting next_dagrun for MyCSVDAG to 2020-03-18 03:55:00+00:00, run_after=2020-03-18 04:00:00+00:00
[2025-02-19T10:24:13.479-0300] {processor.py:208} INFO - Processing /home/lucas/airflow/dags/DAGCsvToJson.py took 0.783 seconds
[2025-02-19T10:24:43.977-0300] {processor.py:186} INFO - Started process (PID=26670) to work on /home/lucas/airflow/dags/DAGCsvToJson.py
[2025-02-19T10:24:43.988-0300] {processor.py:914} INFO - Processing file /home/lucas/airflow/dags/DAGCsvToJson.py for tasks to queue
[2025-02-19T10:24:43.991-0300] {logging_mixin.py:190} INFO - [2025-02-19T10:24:43.991-0300] {dagbag.py:588} INFO - Filling up the DagBag from /home/lucas/airflow/dags/DAGCsvToJson.py
[2025-02-19T10:24:44.663-0300] {processor.py:925} INFO - DAG(s) 'MyCSVDAG' retrieved from /home/lucas/airflow/dags/DAGCsvToJson.py
[2025-02-19T10:24:44.687-0300] {logging_mixin.py:190} INFO - [2025-02-19T10:24:44.687-0300] {dag.py:3239} INFO - Sync 1 DAGs
[2025-02-19T10:24:44.712-0300] {logging_mixin.py:190} INFO - [2025-02-19T10:24:44.711-0300] {dag.py:4180} INFO - Setting next_dagrun for MyCSVDAG to 2020-03-18 03:55:00+00:00, run_after=2020-03-18 04:00:00+00:00
[2025-02-19T10:24:44.737-0300] {processor.py:208} INFO - Processing /home/lucas/airflow/dags/DAGCsvToJson.py took 0.769 seconds
[2025-02-19T10:25:15.710-0300] {processor.py:186} INFO - Started process (PID=26906) to work on /home/lucas/airflow/dags/DAGCsvToJson.py
[2025-02-19T10:25:15.711-0300] {processor.py:914} INFO - Processing file /home/lucas/airflow/dags/DAGCsvToJson.py for tasks to queue
[2025-02-19T10:25:15.715-0300] {logging_mixin.py:190} INFO - [2025-02-19T10:25:15.714-0300] {dagbag.py:588} INFO - Filling up the DagBag from /home/lucas/airflow/dags/DAGCsvToJson.py
[2025-02-19T10:25:16.377-0300] {processor.py:925} INFO - DAG(s) 'MyCSVDAG' retrieved from /home/lucas/airflow/dags/DAGCsvToJson.py
[2025-02-19T10:25:16.411-0300] {logging_mixin.py:190} INFO - [2025-02-19T10:25:16.411-0300] {dag.py:3239} INFO - Sync 1 DAGs
[2025-02-19T10:25:16.436-0300] {logging_mixin.py:190} INFO - [2025-02-19T10:25:16.436-0300] {dag.py:4180} INFO - Setting next_dagrun for MyCSVDAG to 2020-03-18 03:55:00+00:00, run_after=2020-03-18 04:00:00+00:00
[2025-02-19T10:25:16.466-0300] {processor.py:208} INFO - Processing /home/lucas/airflow/dags/DAGCsvToJson.py took 0.767 seconds
[2025-02-19T10:25:46.982-0300] {processor.py:186} INFO - Started process (PID=27083) to work on /home/lucas/airflow/dags/DAGCsvToJson.py
[2025-02-19T10:25:46.984-0300] {processor.py:914} INFO - Processing file /home/lucas/airflow/dags/DAGCsvToJson.py for tasks to queue
[2025-02-19T10:25:46.987-0300] {logging_mixin.py:190} INFO - [2025-02-19T10:25:46.986-0300] {dagbag.py:588} INFO - Filling up the DagBag from /home/lucas/airflow/dags/DAGCsvToJson.py
[2025-02-19T10:25:47.711-0300] {processor.py:925} INFO - DAG(s) 'MyCSVDAG' retrieved from /home/lucas/airflow/dags/DAGCsvToJson.py
[2025-02-19T10:25:47.749-0300] {logging_mixin.py:190} INFO - [2025-02-19T10:25:47.749-0300] {dag.py:3239} INFO - Sync 1 DAGs
[2025-02-19T10:25:47.782-0300] {logging_mixin.py:190} INFO - [2025-02-19T10:25:47.781-0300] {dag.py:4180} INFO - Setting next_dagrun for MyCSVDAG to 2020-03-18 03:55:00+00:00, run_after=2020-03-18 04:00:00+00:00
[2025-02-19T10:25:47.818-0300] {processor.py:208} INFO - Processing /home/lucas/airflow/dags/DAGCsvToJson.py took 0.847 seconds
[2025-02-19T10:26:18.498-0300] {processor.py:186} INFO - Started process (PID=27494) to work on /home/lucas/airflow/dags/DAGCsvToJson.py
[2025-02-19T10:26:18.499-0300] {processor.py:914} INFO - Processing file /home/lucas/airflow/dags/DAGCsvToJson.py for tasks to queue
[2025-02-19T10:26:18.502-0300] {logging_mixin.py:190} INFO - [2025-02-19T10:26:18.502-0300] {dagbag.py:588} INFO - Filling up the DagBag from /home/lucas/airflow/dags/DAGCsvToJson.py
[2025-02-19T10:26:19.191-0300] {processor.py:925} INFO - DAG(s) 'MyCSVDAG' retrieved from /home/lucas/airflow/dags/DAGCsvToJson.py
[2025-02-19T10:26:19.215-0300] {logging_mixin.py:190} INFO - [2025-02-19T10:26:19.214-0300] {dag.py:3239} INFO - Sync 1 DAGs
[2025-02-19T10:26:19.241-0300] {logging_mixin.py:190} INFO - [2025-02-19T10:26:19.240-0300] {dag.py:4180} INFO - Setting next_dagrun for MyCSVDAG to 2020-03-18 03:55:00+00:00, run_after=2020-03-18 04:00:00+00:00
[2025-02-19T10:26:19.279-0300] {processor.py:208} INFO - Processing /home/lucas/airflow/dags/DAGCsvToJson.py took 0.792 seconds
[2025-02-19T10:26:49.946-0300] {processor.py:186} INFO - Started process (PID=27721) to work on /home/lucas/airflow/dags/DAGCsvToJson.py
[2025-02-19T10:26:49.958-0300] {processor.py:914} INFO - Processing file /home/lucas/airflow/dags/DAGCsvToJson.py for tasks to queue
[2025-02-19T10:26:49.961-0300] {logging_mixin.py:190} INFO - [2025-02-19T10:26:49.961-0300] {dagbag.py:588} INFO - Filling up the DagBag from /home/lucas/airflow/dags/DAGCsvToJson.py
[2025-02-19T10:26:50.622-0300] {processor.py:925} INFO - DAG(s) 'MyCSVDAG' retrieved from /home/lucas/airflow/dags/DAGCsvToJson.py
[2025-02-19T10:26:50.646-0300] {logging_mixin.py:190} INFO - [2025-02-19T10:26:50.646-0300] {dag.py:3239} INFO - Sync 1 DAGs
[2025-02-19T10:26:50.672-0300] {logging_mixin.py:190} INFO - [2025-02-19T10:26:50.672-0300] {dag.py:4180} INFO - Setting next_dagrun for MyCSVDAG to 2020-03-18 03:55:00+00:00, run_after=2020-03-18 04:00:00+00:00
[2025-02-19T10:26:50.711-0300] {processor.py:208} INFO - Processing /home/lucas/airflow/dags/DAGCsvToJson.py took 0.776 seconds
[2025-02-19T10:27:20.849-0300] {processor.py:186} INFO - Started process (PID=27896) to work on /home/lucas/airflow/dags/DAGCsvToJson.py
[2025-02-19T10:27:20.861-0300] {processor.py:914} INFO - Processing file /home/lucas/airflow/dags/DAGCsvToJson.py for tasks to queue
[2025-02-19T10:27:20.865-0300] {logging_mixin.py:190} INFO - [2025-02-19T10:27:20.864-0300] {dagbag.py:588} INFO - Filling up the DagBag from /home/lucas/airflow/dags/DAGCsvToJson.py
[2025-02-19T10:27:21.607-0300] {processor.py:925} INFO - DAG(s) 'MyCSVDAG' retrieved from /home/lucas/airflow/dags/DAGCsvToJson.py
[2025-02-19T10:27:21.635-0300] {logging_mixin.py:190} INFO - [2025-02-19T10:27:21.634-0300] {dag.py:3239} INFO - Sync 1 DAGs
[2025-02-19T10:27:21.674-0300] {logging_mixin.py:190} INFO - [2025-02-19T10:27:21.673-0300] {dag.py:4180} INFO - Setting next_dagrun for MyCSVDAG to 2020-03-18 03:55:00+00:00, run_after=2020-03-18 04:00:00+00:00
[2025-02-19T10:27:21.708-0300] {processor.py:208} INFO - Processing /home/lucas/airflow/dags/DAGCsvToJson.py took 0.870 seconds
[2025-02-19T10:28:19.003-0300] {processor.py:186} INFO - Started process (PID=28723) to work on /home/lucas/airflow/dags/DAGCsvToJson.py
[2025-02-19T10:28:19.005-0300] {processor.py:914} INFO - Processing file /home/lucas/airflow/dags/DAGCsvToJson.py for tasks to queue
[2025-02-19T10:28:19.008-0300] {logging_mixin.py:190} INFO - [2025-02-19T10:28:19.007-0300] {dagbag.py:588} INFO - Filling up the DagBag from /home/lucas/airflow/dags/DAGCsvToJson.py
[2025-02-19T10:28:19.750-0300] {processor.py:925} INFO - DAG(s) 'MyCSVDAG' retrieved from /home/lucas/airflow/dags/DAGCsvToJson.py
[2025-02-19T10:28:19.779-0300] {logging_mixin.py:190} INFO - [2025-02-19T10:28:19.779-0300] {dag.py:3239} INFO - Sync 1 DAGs
[2025-02-19T10:28:19.814-0300] {logging_mixin.py:190} INFO - [2025-02-19T10:28:19.814-0300] {dag.py:4180} INFO - Setting next_dagrun for MyCSVDAG to 2020-03-18 03:55:00+00:00, run_after=2020-03-18 04:00:00+00:00
[2025-02-19T10:28:19.841-0300] {processor.py:208} INFO - Processing /home/lucas/airflow/dags/DAGCsvToJson.py took 0.850 seconds
[2025-02-19T10:28:50.161-0300] {processor.py:186} INFO - Started process (PID=28910) to work on /home/lucas/airflow/dags/DAGCsvToJson.py
[2025-02-19T10:28:50.162-0300] {processor.py:914} INFO - Processing file /home/lucas/airflow/dags/DAGCsvToJson.py for tasks to queue
[2025-02-19T10:28:50.165-0300] {logging_mixin.py:190} INFO - [2025-02-19T10:28:50.165-0300] {dagbag.py:588} INFO - Filling up the DagBag from /home/lucas/airflow/dags/DAGCsvToJson.py
[2025-02-19T10:28:50.855-0300] {processor.py:925} INFO - DAG(s) 'MyCSVDAG' retrieved from /home/lucas/airflow/dags/DAGCsvToJson.py
[2025-02-19T10:28:50.878-0300] {logging_mixin.py:190} INFO - [2025-02-19T10:28:50.878-0300] {dag.py:3239} INFO - Sync 1 DAGs
[2025-02-19T10:28:50.904-0300] {logging_mixin.py:190} INFO - [2025-02-19T10:28:50.903-0300] {dag.py:4180} INFO - Setting next_dagrun for MyCSVDAG to 2020-03-18 03:55:00+00:00, run_after=2020-03-18 04:00:00+00:00
[2025-02-19T10:28:50.930-0300] {processor.py:208} INFO - Processing /home/lucas/airflow/dags/DAGCsvToJson.py took 0.778 seconds
[2025-02-19T10:29:21.223-0300] {processor.py:186} INFO - Started process (PID=29113) to work on /home/lucas/airflow/dags/DAGCsvToJson.py
[2025-02-19T10:29:21.225-0300] {processor.py:914} INFO - Processing file /home/lucas/airflow/dags/DAGCsvToJson.py for tasks to queue
[2025-02-19T10:29:21.228-0300] {logging_mixin.py:190} INFO - [2025-02-19T10:29:21.227-0300] {dagbag.py:588} INFO - Filling up the DagBag from /home/lucas/airflow/dags/DAGCsvToJson.py
[2025-02-19T10:29:21.922-0300] {processor.py:925} INFO - DAG(s) 'MyCSVDAG' retrieved from /home/lucas/airflow/dags/DAGCsvToJson.py
[2025-02-19T10:29:21.958-0300] {logging_mixin.py:190} INFO - [2025-02-19T10:29:21.958-0300] {dag.py:3239} INFO - Sync 1 DAGs
[2025-02-19T10:29:21.988-0300] {logging_mixin.py:190} INFO - [2025-02-19T10:29:21.988-0300] {dag.py:4180} INFO - Setting next_dagrun for MyCSVDAG to 2020-03-18 03:55:00+00:00, run_after=2020-03-18 04:00:00+00:00
[2025-02-19T10:29:22.028-0300] {processor.py:208} INFO - Processing /home/lucas/airflow/dags/DAGCsvToJson.py took 0.819 seconds
[2025-02-19T10:29:52.647-0300] {processor.py:186} INFO - Started process (PID=29263) to work on /home/lucas/airflow/dags/DAGCsvToJson.py
[2025-02-19T10:29:52.658-0300] {processor.py:914} INFO - Processing file /home/lucas/airflow/dags/DAGCsvToJson.py for tasks to queue
[2025-02-19T10:29:52.662-0300] {logging_mixin.py:190} INFO - [2025-02-19T10:29:52.661-0300] {dagbag.py:588} INFO - Filling up the DagBag from /home/lucas/airflow/dags/DAGCsvToJson.py
[2025-02-19T10:29:53.355-0300] {processor.py:925} INFO - DAG(s) 'MyCSVDAG' retrieved from /home/lucas/airflow/dags/DAGCsvToJson.py
[2025-02-19T10:29:53.379-0300] {logging_mixin.py:190} INFO - [2025-02-19T10:29:53.379-0300] {dag.py:3239} INFO - Sync 1 DAGs
[2025-02-19T10:29:53.403-0300] {logging_mixin.py:190} INFO - [2025-02-19T10:29:53.402-0300] {dag.py:4180} INFO - Setting next_dagrun for MyCSVDAG to 2020-03-18 03:55:00+00:00, run_after=2020-03-18 04:00:00+00:00
[2025-02-19T10:29:53.439-0300] {processor.py:208} INFO - Processing /home/lucas/airflow/dags/DAGCsvToJson.py took 0.804 seconds
[2025-02-19T10:30:23.647-0300] {processor.py:186} INFO - Started process (PID=29391) to work on /home/lucas/airflow/dags/DAGCsvToJson.py
[2025-02-19T10:30:23.648-0300] {processor.py:914} INFO - Processing file /home/lucas/airflow/dags/DAGCsvToJson.py for tasks to queue
[2025-02-19T10:30:23.653-0300] {logging_mixin.py:190} INFO - [2025-02-19T10:30:23.652-0300] {dagbag.py:588} INFO - Filling up the DagBag from /home/lucas/airflow/dags/DAGCsvToJson.py
[2025-02-19T10:30:24.438-0300] {processor.py:925} INFO - DAG(s) 'MyCSVDAG' retrieved from /home/lucas/airflow/dags/DAGCsvToJson.py
[2025-02-19T10:30:24.462-0300] {logging_mixin.py:190} INFO - [2025-02-19T10:30:24.461-0300] {dag.py:3239} INFO - Sync 1 DAGs
[2025-02-19T10:30:24.489-0300] {logging_mixin.py:190} INFO - [2025-02-19T10:30:24.489-0300] {dag.py:4180} INFO - Setting next_dagrun for MyCSVDAG to 2020-03-18 03:55:00+00:00, run_after=2020-03-18 04:00:00+00:00
[2025-02-19T10:30:24.531-0300] {processor.py:208} INFO - Processing /home/lucas/airflow/dags/DAGCsvToJson.py took 0.902 seconds
[2025-02-19T10:30:54.997-0300] {processor.py:186} INFO - Started process (PID=29592) to work on /home/lucas/airflow/dags/DAGCsvToJson.py
[2025-02-19T10:30:55.008-0300] {processor.py:914} INFO - Processing file /home/lucas/airflow/dags/DAGCsvToJson.py for tasks to queue
[2025-02-19T10:30:55.012-0300] {logging_mixin.py:190} INFO - [2025-02-19T10:30:55.011-0300] {dagbag.py:588} INFO - Filling up the DagBag from /home/lucas/airflow/dags/DAGCsvToJson.py
[2025-02-19T10:30:55.680-0300] {processor.py:925} INFO - DAG(s) 'MyCSVDAG' retrieved from /home/lucas/airflow/dags/DAGCsvToJson.py
[2025-02-19T10:30:55.709-0300] {logging_mixin.py:190} INFO - [2025-02-19T10:30:55.708-0300] {dag.py:3239} INFO - Sync 1 DAGs
[2025-02-19T10:30:55.745-0300] {logging_mixin.py:190} INFO - [2025-02-19T10:30:55.745-0300] {dag.py:4180} INFO - Setting next_dagrun for MyCSVDAG to 2020-03-18 03:55:00+00:00, run_after=2020-03-18 04:00:00+00:00
[2025-02-19T10:30:55.780-0300] {processor.py:208} INFO - Processing /home/lucas/airflow/dags/DAGCsvToJson.py took 0.794 seconds
[2025-02-19T10:31:26.347-0300] {processor.py:186} INFO - Started process (PID=29735) to work on /home/lucas/airflow/dags/DAGCsvToJson.py
[2025-02-19T10:31:26.352-0300] {processor.py:914} INFO - Processing file /home/lucas/airflow/dags/DAGCsvToJson.py for tasks to queue
[2025-02-19T10:31:26.357-0300] {logging_mixin.py:190} INFO - [2025-02-19T10:31:26.356-0300] {dagbag.py:588} INFO - Filling up the DagBag from /home/lucas/airflow/dags/DAGCsvToJson.py
[2025-02-19T10:31:27.254-0300] {processor.py:925} INFO - DAG(s) 'MyCSVDAG' retrieved from /home/lucas/airflow/dags/DAGCsvToJson.py
[2025-02-19T10:31:27.281-0300] {logging_mixin.py:190} INFO - [2025-02-19T10:31:27.281-0300] {dag.py:3239} INFO - Sync 1 DAGs
[2025-02-19T10:31:27.313-0300] {logging_mixin.py:190} INFO - [2025-02-19T10:31:27.312-0300] {dag.py:4180} INFO - Setting next_dagrun for MyCSVDAG to 2020-03-18 03:55:00+00:00, run_after=2020-03-18 04:00:00+00:00
[2025-02-19T10:31:27.346-0300] {processor.py:208} INFO - Processing /home/lucas/airflow/dags/DAGCsvToJson.py took 1.011 seconds
[2025-02-19T10:31:58.320-0300] {processor.py:186} INFO - Started process (PID=29899) to work on /home/lucas/airflow/dags/DAGCsvToJson.py
[2025-02-19T10:31:58.321-0300] {processor.py:914} INFO - Processing file /home/lucas/airflow/dags/DAGCsvToJson.py for tasks to queue
[2025-02-19T10:31:58.325-0300] {logging_mixin.py:190} INFO - [2025-02-19T10:31:58.324-0300] {dagbag.py:588} INFO - Filling up the DagBag from /home/lucas/airflow/dags/DAGCsvToJson.py
[2025-02-19T10:31:58.996-0300] {processor.py:925} INFO - DAG(s) 'MyCSVDAG' retrieved from /home/lucas/airflow/dags/DAGCsvToJson.py
[2025-02-19T10:31:59.031-0300] {logging_mixin.py:190} INFO - [2025-02-19T10:31:59.031-0300] {dag.py:3239} INFO - Sync 1 DAGs
[2025-02-19T10:31:59.059-0300] {logging_mixin.py:190} INFO - [2025-02-19T10:31:59.059-0300] {dag.py:4180} INFO - Setting next_dagrun for MyCSVDAG to 2020-03-18 03:55:00+00:00, run_after=2020-03-18 04:00:00+00:00
[2025-02-19T10:31:59.092-0300] {processor.py:208} INFO - Processing /home/lucas/airflow/dags/DAGCsvToJson.py took 0.783 seconds
[2025-02-19T10:32:29.933-0300] {processor.py:186} INFO - Started process (PID=30044) to work on /home/lucas/airflow/dags/DAGCsvToJson.py
[2025-02-19T10:32:29.935-0300] {processor.py:914} INFO - Processing file /home/lucas/airflow/dags/DAGCsvToJson.py for tasks to queue
[2025-02-19T10:32:29.938-0300] {logging_mixin.py:190} INFO - [2025-02-19T10:32:29.937-0300] {dagbag.py:588} INFO - Filling up the DagBag from /home/lucas/airflow/dags/DAGCsvToJson.py
[2025-02-19T10:32:30.670-0300] {processor.py:925} INFO - DAG(s) 'MyCSVDAG' retrieved from /home/lucas/airflow/dags/DAGCsvToJson.py
[2025-02-19T10:32:30.695-0300] {logging_mixin.py:190} INFO - [2025-02-19T10:32:30.695-0300] {dag.py:3239} INFO - Sync 1 DAGs
[2025-02-19T10:32:30.725-0300] {logging_mixin.py:190} INFO - [2025-02-19T10:32:30.725-0300] {dag.py:4180} INFO - Setting next_dagrun for MyCSVDAG to 2020-03-18 03:55:00+00:00, run_after=2020-03-18 04:00:00+00:00
[2025-02-19T10:32:30.760-0300] {processor.py:208} INFO - Processing /home/lucas/airflow/dags/DAGCsvToJson.py took 0.838 seconds
[2025-02-19T10:33:01.200-0300] {processor.py:186} INFO - Started process (PID=30163) to work on /home/lucas/airflow/dags/DAGCsvToJson.py
[2025-02-19T10:33:01.211-0300] {processor.py:914} INFO - Processing file /home/lucas/airflow/dags/DAGCsvToJson.py for tasks to queue
[2025-02-19T10:33:01.215-0300] {logging_mixin.py:190} INFO - [2025-02-19T10:33:01.214-0300] {dagbag.py:588} INFO - Filling up the DagBag from /home/lucas/airflow/dags/DAGCsvToJson.py
[2025-02-19T10:33:02.039-0300] {processor.py:925} INFO - DAG(s) 'MyCSVDAG' retrieved from /home/lucas/airflow/dags/DAGCsvToJson.py
[2025-02-19T10:33:02.073-0300] {logging_mixin.py:190} INFO - [2025-02-19T10:33:02.073-0300] {dag.py:3239} INFO - Sync 1 DAGs
[2025-02-19T10:33:02.109-0300] {logging_mixin.py:190} INFO - [2025-02-19T10:33:02.109-0300] {dag.py:4180} INFO - Setting next_dagrun for MyCSVDAG to 2020-03-18 03:55:00+00:00, run_after=2020-03-18 04:00:00+00:00
[2025-02-19T10:33:02.144-0300] {processor.py:208} INFO - Processing /home/lucas/airflow/dags/DAGCsvToJson.py took 0.956 seconds
[2025-02-19T10:33:32.299-0300] {processor.py:186} INFO - Started process (PID=30368) to work on /home/lucas/airflow/dags/DAGCsvToJson.py
[2025-02-19T10:33:32.311-0300] {processor.py:914} INFO - Processing file /home/lucas/airflow/dags/DAGCsvToJson.py for tasks to queue
[2025-02-19T10:33:32.314-0300] {logging_mixin.py:190} INFO - [2025-02-19T10:33:32.314-0300] {dagbag.py:588} INFO - Filling up the DagBag from /home/lucas/airflow/dags/DAGCsvToJson.py
[2025-02-19T10:33:32.982-0300] {processor.py:925} INFO - DAG(s) 'MyCSVDAG' retrieved from /home/lucas/airflow/dags/DAGCsvToJson.py
[2025-02-19T10:33:33.007-0300] {logging_mixin.py:190} INFO - [2025-02-19T10:33:33.007-0300] {dag.py:3239} INFO - Sync 1 DAGs
[2025-02-19T10:33:33.036-0300] {logging_mixin.py:190} INFO - [2025-02-19T10:33:33.036-0300] {dag.py:4180} INFO - Setting next_dagrun for MyCSVDAG to 2020-03-18 03:55:00+00:00, run_after=2020-03-18 04:00:00+00:00
[2025-02-19T10:33:33.074-0300] {processor.py:208} INFO - Processing /home/lucas/airflow/dags/DAGCsvToJson.py took 0.786 seconds
[2025-02-19T10:34:03.402-0300] {processor.py:186} INFO - Started process (PID=30523) to work on /home/lucas/airflow/dags/DAGCsvToJson.py
[2025-02-19T10:34:03.413-0300] {processor.py:914} INFO - Processing file /home/lucas/airflow/dags/DAGCsvToJson.py for tasks to queue
[2025-02-19T10:34:03.416-0300] {logging_mixin.py:190} INFO - [2025-02-19T10:34:03.415-0300] {dagbag.py:588} INFO - Filling up the DagBag from /home/lucas/airflow/dags/DAGCsvToJson.py
[2025-02-19T10:34:04.139-0300] {processor.py:925} INFO - DAG(s) 'MyCSVDAG' retrieved from /home/lucas/airflow/dags/DAGCsvToJson.py
[2025-02-19T10:34:04.164-0300] {logging_mixin.py:190} INFO - [2025-02-19T10:34:04.163-0300] {dag.py:3239} INFO - Sync 1 DAGs
[2025-02-19T10:34:04.189-0300] {logging_mixin.py:190} INFO - [2025-02-19T10:34:04.188-0300] {dag.py:4180} INFO - Setting next_dagrun for MyCSVDAG to 2020-03-18 03:55:00+00:00, run_after=2020-03-18 04:00:00+00:00
[2025-02-19T10:34:04.225-0300] {processor.py:208} INFO - Processing /home/lucas/airflow/dags/DAGCsvToJson.py took 0.833 seconds
[2025-02-19T10:34:34.435-0300] {processor.py:186} INFO - Started process (PID=30667) to work on /home/lucas/airflow/dags/DAGCsvToJson.py
[2025-02-19T10:34:34.447-0300] {processor.py:914} INFO - Processing file /home/lucas/airflow/dags/DAGCsvToJson.py for tasks to queue
[2025-02-19T10:34:34.450-0300] {logging_mixin.py:190} INFO - [2025-02-19T10:34:34.449-0300] {dagbag.py:588} INFO - Filling up the DagBag from /home/lucas/airflow/dags/DAGCsvToJson.py
[2025-02-19T10:34:35.115-0300] {processor.py:925} INFO - DAG(s) 'MyCSVDAG' retrieved from /home/lucas/airflow/dags/DAGCsvToJson.py
[2025-02-19T10:34:35.139-0300] {logging_mixin.py:190} INFO - [2025-02-19T10:34:35.138-0300] {dag.py:3239} INFO - Sync 1 DAGs
[2025-02-19T10:34:35.164-0300] {logging_mixin.py:190} INFO - [2025-02-19T10:34:35.164-0300] {dag.py:4180} INFO - Setting next_dagrun for MyCSVDAG to 2020-03-18 03:55:00+00:00, run_after=2020-03-18 04:00:00+00:00
[2025-02-19T10:34:35.202-0300] {processor.py:208} INFO - Processing /home/lucas/airflow/dags/DAGCsvToJson.py took 0.778 seconds
[2025-02-19T10:35:05.448-0300] {processor.py:186} INFO - Started process (PID=30814) to work on /home/lucas/airflow/dags/DAGCsvToJson.py
[2025-02-19T10:35:05.459-0300] {processor.py:914} INFO - Processing file /home/lucas/airflow/dags/DAGCsvToJson.py for tasks to queue
[2025-02-19T10:35:05.463-0300] {logging_mixin.py:190} INFO - [2025-02-19T10:35:05.462-0300] {dagbag.py:588} INFO - Filling up the DagBag from /home/lucas/airflow/dags/DAGCsvToJson.py
[2025-02-19T10:35:06.140-0300] {processor.py:925} INFO - DAG(s) 'MyCSVDAG' retrieved from /home/lucas/airflow/dags/DAGCsvToJson.py
[2025-02-19T10:35:06.164-0300] {logging_mixin.py:190} INFO - [2025-02-19T10:35:06.164-0300] {dag.py:3239} INFO - Sync 1 DAGs
[2025-02-19T10:35:06.192-0300] {logging_mixin.py:190} INFO - [2025-02-19T10:35:06.191-0300] {dag.py:4180} INFO - Setting next_dagrun for MyCSVDAG to 2020-03-18 03:55:00+00:00, run_after=2020-03-18 04:00:00+00:00
[2025-02-19T10:35:06.228-0300] {processor.py:208} INFO - Processing /home/lucas/airflow/dags/DAGCsvToJson.py took 0.790 seconds
[2025-02-19T10:35:37.237-0300] {processor.py:186} INFO - Started process (PID=31022) to work on /home/lucas/airflow/dags/DAGCsvToJson.py
[2025-02-19T10:35:37.239-0300] {processor.py:914} INFO - Processing file /home/lucas/airflow/dags/DAGCsvToJson.py for tasks to queue
[2025-02-19T10:35:37.245-0300] {logging_mixin.py:190} INFO - [2025-02-19T10:35:37.244-0300] {dagbag.py:588} INFO - Filling up the DagBag from /home/lucas/airflow/dags/DAGCsvToJson.py
[2025-02-19T10:35:38.326-0300] {processor.py:925} INFO - DAG(s) 'MyCSVDAG' retrieved from /home/lucas/airflow/dags/DAGCsvToJson.py
[2025-02-19T10:35:38.372-0300] {logging_mixin.py:190} INFO - [2025-02-19T10:35:38.371-0300] {dag.py:3239} INFO - Sync 1 DAGs
[2025-02-19T10:35:38.417-0300] {logging_mixin.py:190} INFO - [2025-02-19T10:35:38.416-0300] {dag.py:4180} INFO - Setting next_dagrun for MyCSVDAG to 2020-03-18 03:55:00+00:00, run_after=2020-03-18 04:00:00+00:00
[2025-02-19T10:35:38.486-0300] {processor.py:208} INFO - Processing /home/lucas/airflow/dags/DAGCsvToJson.py took 1.265 seconds
[2025-02-19T10:36:09.144-0300] {processor.py:186} INFO - Started process (PID=31279) to work on /home/lucas/airflow/dags/DAGCsvToJson.py
[2025-02-19T10:36:09.160-0300] {processor.py:914} INFO - Processing file /home/lucas/airflow/dags/DAGCsvToJson.py for tasks to queue
[2025-02-19T10:36:09.165-0300] {logging_mixin.py:190} INFO - [2025-02-19T10:36:09.164-0300] {dagbag.py:588} INFO - Filling up the DagBag from /home/lucas/airflow/dags/DAGCsvToJson.py
[2025-02-19T10:36:10.052-0300] {processor.py:925} INFO - DAG(s) 'MyCSVDAG' retrieved from /home/lucas/airflow/dags/DAGCsvToJson.py
[2025-02-19T10:36:10.077-0300] {logging_mixin.py:190} INFO - [2025-02-19T10:36:10.077-0300] {dag.py:3239} INFO - Sync 1 DAGs
[2025-02-19T10:36:10.103-0300] {logging_mixin.py:190} INFO - [2025-02-19T10:36:10.103-0300] {dag.py:4180} INFO - Setting next_dagrun for MyCSVDAG to 2020-03-18 03:55:00+00:00, run_after=2020-03-18 04:00:00+00:00
[2025-02-19T10:36:10.140-0300] {processor.py:208} INFO - Processing /home/lucas/airflow/dags/DAGCsvToJson.py took 1.010 seconds
[2025-02-19T10:36:40.399-0300] {processor.py:186} INFO - Started process (PID=31435) to work on /home/lucas/airflow/dags/DAGCsvToJson.py
[2025-02-19T10:36:40.410-0300] {processor.py:914} INFO - Processing file /home/lucas/airflow/dags/DAGCsvToJson.py for tasks to queue
[2025-02-19T10:36:40.414-0300] {logging_mixin.py:190} INFO - [2025-02-19T10:36:40.413-0300] {dagbag.py:588} INFO - Filling up the DagBag from /home/lucas/airflow/dags/DAGCsvToJson.py
[2025-02-19T10:36:41.196-0300] {processor.py:925} INFO - DAG(s) 'MyCSVDAG' retrieved from /home/lucas/airflow/dags/DAGCsvToJson.py
[2025-02-19T10:36:41.223-0300] {logging_mixin.py:190} INFO - [2025-02-19T10:36:41.223-0300] {dag.py:3239} INFO - Sync 1 DAGs
[2025-02-19T10:36:41.256-0300] {logging_mixin.py:190} INFO - [2025-02-19T10:36:41.255-0300] {dag.py:4180} INFO - Setting next_dagrun for MyCSVDAG to 2020-03-18 03:55:00+00:00, run_after=2020-03-18 04:00:00+00:00
[2025-02-19T10:36:41.285-0300] {processor.py:208} INFO - Processing /home/lucas/airflow/dags/DAGCsvToJson.py took 0.902 seconds
[2025-02-19T10:37:11.909-0300] {processor.py:186} INFO - Started process (PID=31586) to work on /home/lucas/airflow/dags/DAGCsvToJson.py
[2025-02-19T10:37:11.921-0300] {processor.py:914} INFO - Processing file /home/lucas/airflow/dags/DAGCsvToJson.py for tasks to queue
[2025-02-19T10:37:11.924-0300] {logging_mixin.py:190} INFO - [2025-02-19T10:37:11.924-0300] {dagbag.py:588} INFO - Filling up the DagBag from /home/lucas/airflow/dags/DAGCsvToJson.py
[2025-02-19T10:37:12.705-0300] {processor.py:925} INFO - DAG(s) 'MyCSVDAG' retrieved from /home/lucas/airflow/dags/DAGCsvToJson.py
[2025-02-19T10:37:12.735-0300] {logging_mixin.py:190} INFO - [2025-02-19T10:37:12.735-0300] {dag.py:3239} INFO - Sync 1 DAGs
[2025-02-19T10:37:12.761-0300] {logging_mixin.py:190} INFO - [2025-02-19T10:37:12.761-0300] {dag.py:4180} INFO - Setting next_dagrun for MyCSVDAG to 2020-03-18 03:55:00+00:00, run_after=2020-03-18 04:00:00+00:00
[2025-02-19T10:37:12.798-0300] {processor.py:208} INFO - Processing /home/lucas/airflow/dags/DAGCsvToJson.py took 0.900 seconds
[2025-02-19T10:37:43.102-0300] {processor.py:186} INFO - Started process (PID=31740) to work on /home/lucas/airflow/dags/DAGCsvToJson.py
[2025-02-19T10:37:43.113-0300] {processor.py:914} INFO - Processing file /home/lucas/airflow/dags/DAGCsvToJson.py for tasks to queue
[2025-02-19T10:37:43.119-0300] {logging_mixin.py:190} INFO - [2025-02-19T10:37:43.117-0300] {dagbag.py:588} INFO - Filling up the DagBag from /home/lucas/airflow/dags/DAGCsvToJson.py
[2025-02-19T10:37:43.965-0300] {processor.py:925} INFO - DAG(s) 'MyCSVDAG' retrieved from /home/lucas/airflow/dags/DAGCsvToJson.py
[2025-02-19T10:37:43.993-0300] {logging_mixin.py:190} INFO - [2025-02-19T10:37:43.993-0300] {dag.py:3239} INFO - Sync 1 DAGs
[2025-02-19T10:37:44.025-0300] {logging_mixin.py:190} INFO - [2025-02-19T10:37:44.025-0300] {dag.py:4180} INFO - Setting next_dagrun for MyCSVDAG to 2020-03-18 03:55:00+00:00, run_after=2020-03-18 04:00:00+00:00
[2025-02-19T10:37:44.058-0300] {processor.py:208} INFO - Processing /home/lucas/airflow/dags/DAGCsvToJson.py took 0.969 seconds
[2025-02-19T10:38:14.602-0300] {processor.py:186} INFO - Started process (PID=31890) to work on /home/lucas/airflow/dags/DAGCsvToJson.py
[2025-02-19T10:38:14.614-0300] {processor.py:914} INFO - Processing file /home/lucas/airflow/dags/DAGCsvToJson.py for tasks to queue
[2025-02-19T10:38:14.619-0300] {logging_mixin.py:190} INFO - [2025-02-19T10:38:14.618-0300] {dagbag.py:588} INFO - Filling up the DagBag from /home/lucas/airflow/dags/DAGCsvToJson.py
[2025-02-19T10:38:15.322-0300] {processor.py:925} INFO - DAG(s) 'MyCSVDAG' retrieved from /home/lucas/airflow/dags/DAGCsvToJson.py
[2025-02-19T10:38:15.346-0300] {logging_mixin.py:190} INFO - [2025-02-19T10:38:15.345-0300] {dag.py:3239} INFO - Sync 1 DAGs
[2025-02-19T10:38:15.373-0300] {logging_mixin.py:190} INFO - [2025-02-19T10:38:15.373-0300] {dag.py:4180} INFO - Setting next_dagrun for MyCSVDAG to 2020-03-18 03:55:00+00:00, run_after=2020-03-18 04:00:00+00:00
[2025-02-19T10:38:15.409-0300] {processor.py:208} INFO - Processing /home/lucas/airflow/dags/DAGCsvToJson.py took 0.822 seconds
[2025-02-19T10:38:46.077-0300] {processor.py:186} INFO - Started process (PID=32045) to work on /home/lucas/airflow/dags/DAGCsvToJson.py
[2025-02-19T10:38:46.082-0300] {processor.py:914} INFO - Processing file /home/lucas/airflow/dags/DAGCsvToJson.py for tasks to queue
[2025-02-19T10:38:46.094-0300] {logging_mixin.py:190} INFO - [2025-02-19T10:38:46.093-0300] {dagbag.py:588} INFO - Filling up the DagBag from /home/lucas/airflow/dags/DAGCsvToJson.py
[2025-02-19T10:38:47.389-0300] {processor.py:925} INFO - DAG(s) 'MyCSVDAG' retrieved from /home/lucas/airflow/dags/DAGCsvToJson.py
[2025-02-19T10:38:47.448-0300] {logging_mixin.py:190} INFO - [2025-02-19T10:38:47.447-0300] {dag.py:3239} INFO - Sync 1 DAGs
[2025-02-19T10:38:47.501-0300] {logging_mixin.py:190} INFO - [2025-02-19T10:38:47.501-0300] {dag.py:4180} INFO - Setting next_dagrun for MyCSVDAG to 2020-03-18 03:55:00+00:00, run_after=2020-03-18 04:00:00+00:00
[2025-02-19T10:38:47.546-0300] {processor.py:208} INFO - Processing /home/lucas/airflow/dags/DAGCsvToJson.py took 1.525 seconds
[2025-02-19T10:39:18.085-0300] {processor.py:186} INFO - Started process (PID=32329) to work on /home/lucas/airflow/dags/DAGCsvToJson.py
[2025-02-19T10:39:18.097-0300] {processor.py:914} INFO - Processing file /home/lucas/airflow/dags/DAGCsvToJson.py for tasks to queue
[2025-02-19T10:39:18.102-0300] {logging_mixin.py:190} INFO - [2025-02-19T10:39:18.101-0300] {dagbag.py:588} INFO - Filling up the DagBag from /home/lucas/airflow/dags/DAGCsvToJson.py
[2025-02-19T10:39:18.896-0300] {processor.py:925} INFO - DAG(s) 'MyCSVDAG' retrieved from /home/lucas/airflow/dags/DAGCsvToJson.py
[2025-02-19T10:39:18.924-0300] {logging_mixin.py:190} INFO - [2025-02-19T10:39:18.924-0300] {dag.py:3239} INFO - Sync 1 DAGs
[2025-02-19T10:39:18.954-0300] {logging_mixin.py:190} INFO - [2025-02-19T10:39:18.954-0300] {dag.py:4180} INFO - Setting next_dagrun for MyCSVDAG to 2020-03-18 03:55:00+00:00, run_after=2020-03-18 04:00:00+00:00
[2025-02-19T10:39:18.996-0300] {processor.py:208} INFO - Processing /home/lucas/airflow/dags/DAGCsvToJson.py took 0.922 seconds
[2025-02-19T10:39:49.523-0300] {processor.py:186} INFO - Started process (PID=32482) to work on /home/lucas/airflow/dags/DAGCsvToJson.py
[2025-02-19T10:39:49.535-0300] {processor.py:914} INFO - Processing file /home/lucas/airflow/dags/DAGCsvToJson.py for tasks to queue
[2025-02-19T10:39:49.539-0300] {logging_mixin.py:190} INFO - [2025-02-19T10:39:49.539-0300] {dagbag.py:588} INFO - Filling up the DagBag from /home/lucas/airflow/dags/DAGCsvToJson.py
[2025-02-19T10:39:50.269-0300] {processor.py:925} INFO - DAG(s) 'MyCSVDAG' retrieved from /home/lucas/airflow/dags/DAGCsvToJson.py
[2025-02-19T10:39:50.295-0300] {logging_mixin.py:190} INFO - [2025-02-19T10:39:50.295-0300] {dag.py:3239} INFO - Sync 1 DAGs
[2025-02-19T10:39:50.326-0300] {logging_mixin.py:190} INFO - [2025-02-19T10:39:50.325-0300] {dag.py:4180} INFO - Setting next_dagrun for MyCSVDAG to 2020-03-18 03:55:00+00:00, run_after=2020-03-18 04:00:00+00:00
[2025-02-19T10:39:50.366-0300] {processor.py:208} INFO - Processing /home/lucas/airflow/dags/DAGCsvToJson.py took 0.856 seconds
[2025-02-19T10:40:20.854-0300] {processor.py:186} INFO - Started process (PID=32641) to work on /home/lucas/airflow/dags/DAGCsvToJson.py
[2025-02-19T10:40:20.865-0300] {processor.py:914} INFO - Processing file /home/lucas/airflow/dags/DAGCsvToJson.py for tasks to queue
[2025-02-19T10:40:20.870-0300] {logging_mixin.py:190} INFO - [2025-02-19T10:40:20.869-0300] {dagbag.py:588} INFO - Filling up the DagBag from /home/lucas/airflow/dags/DAGCsvToJson.py
[2025-02-19T10:40:21.689-0300] {processor.py:925} INFO - DAG(s) 'MyCSVDAG' retrieved from /home/lucas/airflow/dags/DAGCsvToJson.py
[2025-02-19T10:40:21.726-0300] {logging_mixin.py:190} INFO - [2025-02-19T10:40:21.725-0300] {dag.py:3239} INFO - Sync 1 DAGs
[2025-02-19T10:40:21.758-0300] {logging_mixin.py:190} INFO - [2025-02-19T10:40:21.757-0300] {dag.py:4180} INFO - Setting next_dagrun for MyCSVDAG to 2020-03-18 03:55:00+00:00, run_after=2020-03-18 04:00:00+00:00
[2025-02-19T10:40:21.800-0300] {processor.py:208} INFO - Processing /home/lucas/airflow/dags/DAGCsvToJson.py took 0.959 seconds
[2025-02-19T10:40:52.063-0300] {processor.py:186} INFO - Started process (PID=32796) to work on /home/lucas/airflow/dags/DAGCsvToJson.py
[2025-02-19T10:40:52.064-0300] {processor.py:914} INFO - Processing file /home/lucas/airflow/dags/DAGCsvToJson.py for tasks to queue
[2025-02-19T10:40:52.069-0300] {logging_mixin.py:190} INFO - [2025-02-19T10:40:52.068-0300] {dagbag.py:588} INFO - Filling up the DagBag from /home/lucas/airflow/dags/DAGCsvToJson.py
[2025-02-19T10:40:52.899-0300] {processor.py:925} INFO - DAG(s) 'MyCSVDAG' retrieved from /home/lucas/airflow/dags/DAGCsvToJson.py
[2025-02-19T10:40:52.931-0300] {logging_mixin.py:190} INFO - [2025-02-19T10:40:52.930-0300] {dag.py:3239} INFO - Sync 1 DAGs
[2025-02-19T10:40:52.963-0300] {logging_mixin.py:190} INFO - [2025-02-19T10:40:52.962-0300] {dag.py:4180} INFO - Setting next_dagrun for MyCSVDAG to 2020-03-18 03:55:00+00:00, run_after=2020-03-18 04:00:00+00:00
[2025-02-19T10:40:53.009-0300] {processor.py:208} INFO - Processing /home/lucas/airflow/dags/DAGCsvToJson.py took 0.959 seconds
