[2025-02-19T09:53:21.290-0300] {processor.py:186} INFO - Started process (PID=8519) to work on /home/lucas/airflow/dags/DAGPipeline.py
[2025-02-19T09:53:21.292-0300] {processor.py:914} INFO - Processing file /home/lucas/airflow/dags/DAGPipeline.py for tasks to queue
[2025-02-19T09:53:21.295-0300] {logging_mixin.py:190} INFO - [2025-02-19T09:53:21.294-0300] {dagbag.py:588} INFO - Filling up the DagBag from /home/lucas/airflow/dags/DAGPipeline.py
[2025-02-19T09:53:21.692-0300] {processor.py:925} INFO - DAG(s) 'PipelineARGUS' retrieved from /home/lucas/airflow/dags/DAGPipeline.py
[2025-02-19T09:53:21.717-0300] {logging_mixin.py:190} INFO - [2025-02-19T09:53:21.717-0300] {dag.py:3239} INFO - Sync 1 DAGs
[2025-02-19T09:53:21.731-0300] {logging_mixin.py:190} INFO - [2025-02-19T09:53:21.731-0300] {dag.py:4180} INFO - Setting next_dagrun for PipelineARGUS to 2025-01-29 00:00:00+00:00, run_after=2025-01-29 00:05:00+00:00
[2025-02-19T09:53:21.748-0300] {processor.py:208} INFO - Processing /home/lucas/airflow/dags/DAGPipeline.py took 0.467 seconds
[2025-02-19T09:53:52.742-0300] {processor.py:186} INFO - Started process (PID=8820) to work on /home/lucas/airflow/dags/DAGPipeline.py
[2025-02-19T09:53:52.743-0300] {processor.py:914} INFO - Processing file /home/lucas/airflow/dags/DAGPipeline.py for tasks to queue
[2025-02-19T09:53:52.747-0300] {logging_mixin.py:190} INFO - [2025-02-19T09:53:52.746-0300] {dagbag.py:588} INFO - Filling up the DagBag from /home/lucas/airflow/dags/DAGPipeline.py
[2025-02-19T09:53:53.113-0300] {processor.py:925} INFO - DAG(s) 'PipelineARGUS' retrieved from /home/lucas/airflow/dags/DAGPipeline.py
[2025-02-19T09:53:53.129-0300] {logging_mixin.py:190} INFO - [2025-02-19T09:53:53.128-0300] {dag.py:3239} INFO - Sync 1 DAGs
[2025-02-19T09:53:53.142-0300] {logging_mixin.py:190} INFO - [2025-02-19T09:53:53.142-0300] {dag.py:4180} INFO - Setting next_dagrun for PipelineARGUS to 2025-01-29 00:00:00+00:00, run_after=2025-01-29 00:05:00+00:00
[2025-02-19T09:53:53.167-0300] {processor.py:208} INFO - Processing /home/lucas/airflow/dags/DAGPipeline.py took 0.434 seconds
[2025-02-19T09:54:23.930-0300] {processor.py:186} INFO - Started process (PID=8975) to work on /home/lucas/airflow/dags/DAGPipeline.py
[2025-02-19T09:54:23.932-0300] {processor.py:914} INFO - Processing file /home/lucas/airflow/dags/DAGPipeline.py for tasks to queue
[2025-02-19T09:54:23.935-0300] {logging_mixin.py:190} INFO - [2025-02-19T09:54:23.935-0300] {dagbag.py:588} INFO - Filling up the DagBag from /home/lucas/airflow/dags/DAGPipeline.py
[2025-02-19T09:54:24.330-0300] {processor.py:925} INFO - DAG(s) 'PipelineARGUS' retrieved from /home/lucas/airflow/dags/DAGPipeline.py
[2025-02-19T09:54:24.345-0300] {logging_mixin.py:190} INFO - [2025-02-19T09:54:24.344-0300] {dag.py:3239} INFO - Sync 1 DAGs
[2025-02-19T09:54:24.357-0300] {logging_mixin.py:190} INFO - [2025-02-19T09:54:24.357-0300] {dag.py:4180} INFO - Setting next_dagrun for PipelineARGUS to 2025-01-29 00:00:00+00:00, run_after=2025-01-29 00:05:00+00:00
[2025-02-19T09:54:24.384-0300] {processor.py:208} INFO - Processing /home/lucas/airflow/dags/DAGPipeline.py took 0.463 seconds
[2025-02-19T09:55:05.081-0300] {processor.py:186} INFO - Started process (PID=9446) to work on /home/lucas/airflow/dags/DAGPipeline.py
[2025-02-19T09:55:05.083-0300] {processor.py:914} INFO - Processing file /home/lucas/airflow/dags/DAGPipeline.py for tasks to queue
[2025-02-19T09:55:05.086-0300] {logging_mixin.py:190} INFO - [2025-02-19T09:55:05.085-0300] {dagbag.py:588} INFO - Filling up the DagBag from /home/lucas/airflow/dags/DAGPipeline.py
[2025-02-19T09:55:05.363-0300] {processor.py:925} INFO - DAG(s) 'PipelineARGUS' retrieved from /home/lucas/airflow/dags/DAGPipeline.py
[2025-02-19T09:55:05.379-0300] {logging_mixin.py:190} INFO - [2025-02-19T09:55:05.379-0300] {dag.py:3239} INFO - Sync 1 DAGs
[2025-02-19T09:55:05.395-0300] {logging_mixin.py:190} INFO - [2025-02-19T09:55:05.395-0300] {dag.py:4180} INFO - Setting next_dagrun for PipelineARGUS to 2025-01-29 00:00:00+00:00, run_after=2025-01-29 00:05:00+00:00
[2025-02-19T09:55:05.421-0300] {processor.py:208} INFO - Processing /home/lucas/airflow/dags/DAGPipeline.py took 0.350 seconds
[2025-02-19T09:55:39.141-0300] {processor.py:186} INFO - Started process (PID=9869) to work on /home/lucas/airflow/dags/DAGPipeline.py
[2025-02-19T09:55:39.153-0300] {processor.py:914} INFO - Processing file /home/lucas/airflow/dags/DAGPipeline.py for tasks to queue
[2025-02-19T09:55:39.156-0300] {logging_mixin.py:190} INFO - [2025-02-19T09:55:39.156-0300] {dagbag.py:588} INFO - Filling up the DagBag from /home/lucas/airflow/dags/DAGPipeline.py
[2025-02-19T09:55:39.436-0300] {processor.py:925} INFO - DAG(s) 'PipelineARGUS' retrieved from /home/lucas/airflow/dags/DAGPipeline.py
[2025-02-19T09:55:39.454-0300] {logging_mixin.py:190} INFO - [2025-02-19T09:55:39.453-0300] {dag.py:3239} INFO - Sync 1 DAGs
[2025-02-19T09:55:39.467-0300] {logging_mixin.py:190} INFO - [2025-02-19T09:55:39.467-0300] {dag.py:4180} INFO - Setting next_dagrun for PipelineARGUS to 2025-01-29 00:00:00+00:00, run_after=2025-01-29 00:05:00+00:00
[2025-02-19T09:55:39.494-0300] {processor.py:208} INFO - Processing /home/lucas/airflow/dags/DAGPipeline.py took 0.363 seconds
[2025-02-19T09:56:14.227-0300] {processor.py:186} INFO - Started process (PID=10312) to work on /home/lucas/airflow/dags/DAGPipeline.py
[2025-02-19T09:56:14.239-0300] {processor.py:914} INFO - Processing file /home/lucas/airflow/dags/DAGPipeline.py for tasks to queue
[2025-02-19T09:56:14.242-0300] {logging_mixin.py:190} INFO - [2025-02-19T09:56:14.241-0300] {dagbag.py:588} INFO - Filling up the DagBag from /home/lucas/airflow/dags/DAGPipeline.py
[2025-02-19T09:56:14.523-0300] {processor.py:925} INFO - DAG(s) 'PipelineARGUS' retrieved from /home/lucas/airflow/dags/DAGPipeline.py
[2025-02-19T09:56:14.539-0300] {logging_mixin.py:190} INFO - [2025-02-19T09:56:14.539-0300] {dag.py:3239} INFO - Sync 1 DAGs
[2025-02-19T09:56:14.553-0300] {logging_mixin.py:190} INFO - [2025-02-19T09:56:14.553-0300] {dag.py:4180} INFO - Setting next_dagrun for PipelineARGUS to 2025-01-29 00:00:00+00:00, run_after=2025-01-29 00:05:00+00:00
[2025-02-19T09:56:14.580-0300] {processor.py:208} INFO - Processing /home/lucas/airflow/dags/DAGPipeline.py took 0.363 seconds
[2025-02-19T09:56:44.797-0300] {processor.py:186} INFO - Started process (PID=10693) to work on /home/lucas/airflow/dags/DAGPipeline.py
[2025-02-19T09:56:44.798-0300] {processor.py:914} INFO - Processing file /home/lucas/airflow/dags/DAGPipeline.py for tasks to queue
[2025-02-19T09:56:44.801-0300] {logging_mixin.py:190} INFO - [2025-02-19T09:56:44.800-0300] {dagbag.py:588} INFO - Filling up the DagBag from /home/lucas/airflow/dags/DAGPipeline.py
[2025-02-19T09:56:45.077-0300] {processor.py:925} INFO - DAG(s) 'PipelineARGUS' retrieved from /home/lucas/airflow/dags/DAGPipeline.py
[2025-02-19T09:56:45.103-0300] {logging_mixin.py:190} INFO - [2025-02-19T09:56:45.103-0300] {dag.py:3239} INFO - Sync 1 DAGs
[2025-02-19T09:56:45.118-0300] {logging_mixin.py:190} INFO - [2025-02-19T09:56:45.118-0300] {dag.py:4180} INFO - Setting next_dagrun for PipelineARGUS to 2025-01-29 00:00:00+00:00, run_after=2025-01-29 00:05:00+00:00
[2025-02-19T09:56:45.133-0300] {processor.py:208} INFO - Processing /home/lucas/airflow/dags/DAGPipeline.py took 0.347 seconds
[2025-02-19T09:57:16.877-0300] {processor.py:186} INFO - Started process (PID=11081) to work on /home/lucas/airflow/dags/DAGPipeline.py
[2025-02-19T09:57:16.878-0300] {processor.py:914} INFO - Processing file /home/lucas/airflow/dags/DAGPipeline.py for tasks to queue
[2025-02-19T09:57:16.881-0300] {logging_mixin.py:190} INFO - [2025-02-19T09:57:16.881-0300] {dagbag.py:588} INFO - Filling up the DagBag from /home/lucas/airflow/dags/DAGPipeline.py
[2025-02-19T09:57:17.155-0300] {processor.py:925} INFO - DAG(s) 'PipelineARGUS' retrieved from /home/lucas/airflow/dags/DAGPipeline.py
[2025-02-19T09:57:17.172-0300] {logging_mixin.py:190} INFO - [2025-02-19T09:57:17.172-0300] {dag.py:3239} INFO - Sync 1 DAGs
[2025-02-19T09:57:17.186-0300] {logging_mixin.py:190} INFO - [2025-02-19T09:57:17.185-0300] {dag.py:4180} INFO - Setting next_dagrun for PipelineARGUS to 2025-01-29 00:00:00+00:00, run_after=2025-01-29 00:05:00+00:00
[2025-02-19T09:57:17.211-0300] {processor.py:208} INFO - Processing /home/lucas/airflow/dags/DAGPipeline.py took 0.344 seconds
[2025-02-19T09:57:50.045-0300] {processor.py:186} INFO - Started process (PID=11501) to work on /home/lucas/airflow/dags/DAGPipeline.py
[2025-02-19T09:57:50.049-0300] {processor.py:914} INFO - Processing file /home/lucas/airflow/dags/DAGPipeline.py for tasks to queue
[2025-02-19T09:57:50.052-0300] {logging_mixin.py:190} INFO - [2025-02-19T09:57:50.051-0300] {dagbag.py:588} INFO - Filling up the DagBag from /home/lucas/airflow/dags/DAGPipeline.py
[2025-02-19T09:57:50.328-0300] {processor.py:925} INFO - DAG(s) 'PipelineARGUS' retrieved from /home/lucas/airflow/dags/DAGPipeline.py
[2025-02-19T09:57:50.344-0300] {logging_mixin.py:190} INFO - [2025-02-19T09:57:50.344-0300] {dag.py:3239} INFO - Sync 1 DAGs
[2025-02-19T09:57:50.358-0300] {logging_mixin.py:190} INFO - [2025-02-19T09:57:50.358-0300] {dag.py:4180} INFO - Setting next_dagrun for PipelineARGUS to 2025-01-29 00:00:00+00:00, run_after=2025-01-29 00:05:00+00:00
[2025-02-19T09:57:50.383-0300] {processor.py:208} INFO - Processing /home/lucas/airflow/dags/DAGPipeline.py took 0.348 seconds
[2025-02-19T09:58:24.878-0300] {processor.py:186} INFO - Started process (PID=11935) to work on /home/lucas/airflow/dags/DAGPipeline.py
[2025-02-19T09:58:24.879-0300] {processor.py:914} INFO - Processing file /home/lucas/airflow/dags/DAGPipeline.py for tasks to queue
[2025-02-19T09:58:24.882-0300] {logging_mixin.py:190} INFO - [2025-02-19T09:58:24.882-0300] {dagbag.py:588} INFO - Filling up the DagBag from /home/lucas/airflow/dags/DAGPipeline.py
[2025-02-19T09:58:25.151-0300] {processor.py:925} INFO - DAG(s) 'PipelineARGUS' retrieved from /home/lucas/airflow/dags/DAGPipeline.py
[2025-02-19T09:58:25.167-0300] {logging_mixin.py:190} INFO - [2025-02-19T09:58:25.167-0300] {dag.py:3239} INFO - Sync 1 DAGs
[2025-02-19T09:58:25.181-0300] {logging_mixin.py:190} INFO - [2025-02-19T09:58:25.181-0300] {dag.py:4180} INFO - Setting next_dagrun for PipelineARGUS to 2025-01-29 00:00:00+00:00, run_after=2025-01-29 00:05:00+00:00
[2025-02-19T09:58:25.197-0300] {processor.py:208} INFO - Processing /home/lucas/airflow/dags/DAGPipeline.py took 0.329 seconds
[2025-02-19T09:58:55.610-0300] {processor.py:186} INFO - Started process (PID=12308) to work on /home/lucas/airflow/dags/DAGPipeline.py
[2025-02-19T09:58:55.611-0300] {processor.py:914} INFO - Processing file /home/lucas/airflow/dags/DAGPipeline.py for tasks to queue
[2025-02-19T09:58:55.615-0300] {logging_mixin.py:190} INFO - [2025-02-19T09:58:55.614-0300] {dagbag.py:588} INFO - Filling up the DagBag from /home/lucas/airflow/dags/DAGPipeline.py
[2025-02-19T09:58:55.912-0300] {processor.py:925} INFO - DAG(s) 'PipelineARGUS' retrieved from /home/lucas/airflow/dags/DAGPipeline.py
[2025-02-19T09:58:55.929-0300] {logging_mixin.py:190} INFO - [2025-02-19T09:58:55.929-0300] {dag.py:3239} INFO - Sync 1 DAGs
[2025-02-19T09:58:55.943-0300] {logging_mixin.py:190} INFO - [2025-02-19T09:58:55.943-0300] {dag.py:4180} INFO - Setting next_dagrun for PipelineARGUS to 2025-01-29 00:00:00+00:00, run_after=2025-01-29 00:05:00+00:00
[2025-02-19T09:58:55.969-0300] {processor.py:208} INFO - Processing /home/lucas/airflow/dags/DAGPipeline.py took 0.369 seconds
[2025-02-19T09:59:33.615-0300] {processor.py:186} INFO - Started process (PID=12785) to work on /home/lucas/airflow/dags/DAGPipeline.py
[2025-02-19T09:59:33.616-0300] {processor.py:914} INFO - Processing file /home/lucas/airflow/dags/DAGPipeline.py for tasks to queue
[2025-02-19T09:59:33.619-0300] {logging_mixin.py:190} INFO - [2025-02-19T09:59:33.619-0300] {dagbag.py:588} INFO - Filling up the DagBag from /home/lucas/airflow/dags/DAGPipeline.py
[2025-02-19T09:59:33.890-0300] {processor.py:925} INFO - DAG(s) 'PipelineARGUS' retrieved from /home/lucas/airflow/dags/DAGPipeline.py
[2025-02-19T09:59:33.906-0300] {logging_mixin.py:190} INFO - [2025-02-19T09:59:33.906-0300] {dag.py:3239} INFO - Sync 1 DAGs
[2025-02-19T09:59:33.920-0300] {logging_mixin.py:190} INFO - [2025-02-19T09:59:33.920-0300] {dag.py:4180} INFO - Setting next_dagrun for PipelineARGUS to 2025-01-29 00:00:00+00:00, run_after=2025-01-29 00:05:00+00:00
[2025-02-19T09:59:33.946-0300] {processor.py:208} INFO - Processing /home/lucas/airflow/dags/DAGPipeline.py took 0.343 seconds
[2025-02-19T10:00:04.492-0300] {processor.py:186} INFO - Started process (PID=13170) to work on /home/lucas/airflow/dags/DAGPipeline.py
[2025-02-19T10:00:04.493-0300] {processor.py:914} INFO - Processing file /home/lucas/airflow/dags/DAGPipeline.py for tasks to queue
[2025-02-19T10:00:04.496-0300] {logging_mixin.py:190} INFO - [2025-02-19T10:00:04.495-0300] {dagbag.py:588} INFO - Filling up the DagBag from /home/lucas/airflow/dags/DAGPipeline.py
[2025-02-19T10:00:04.777-0300] {processor.py:925} INFO - DAG(s) 'PipelineARGUS' retrieved from /home/lucas/airflow/dags/DAGPipeline.py
[2025-02-19T10:00:04.793-0300] {logging_mixin.py:190} INFO - [2025-02-19T10:00:04.792-0300] {dag.py:3239} INFO - Sync 1 DAGs
[2025-02-19T10:00:04.808-0300] {logging_mixin.py:190} INFO - [2025-02-19T10:00:04.807-0300] {dag.py:4180} INFO - Setting next_dagrun for PipelineARGUS to 2025-01-29 00:00:00+00:00, run_after=2025-01-29 00:05:00+00:00
[2025-02-19T10:00:04.833-0300] {processor.py:208} INFO - Processing /home/lucas/airflow/dags/DAGPipeline.py took 0.352 seconds
[2025-02-19T10:00:35.453-0300] {processor.py:186} INFO - Started process (PID=13549) to work on /home/lucas/airflow/dags/DAGPipeline.py
[2025-02-19T10:00:35.454-0300] {processor.py:914} INFO - Processing file /home/lucas/airflow/dags/DAGPipeline.py for tasks to queue
[2025-02-19T10:00:35.457-0300] {logging_mixin.py:190} INFO - [2025-02-19T10:00:35.457-0300] {dagbag.py:588} INFO - Filling up the DagBag from /home/lucas/airflow/dags/DAGPipeline.py
[2025-02-19T10:00:35.737-0300] {processor.py:925} INFO - DAG(s) 'PipelineARGUS' retrieved from /home/lucas/airflow/dags/DAGPipeline.py
[2025-02-19T10:00:35.757-0300] {logging_mixin.py:190} INFO - [2025-02-19T10:00:35.756-0300] {dag.py:3239} INFO - Sync 1 DAGs
[2025-02-19T10:00:35.772-0300] {logging_mixin.py:190} INFO - [2025-02-19T10:00:35.772-0300] {dag.py:4180} INFO - Setting next_dagrun for PipelineARGUS to 2025-01-29 00:00:00+00:00, run_after=2025-01-29 00:05:00+00:00
[2025-02-19T10:00:35.787-0300] {processor.py:208} INFO - Processing /home/lucas/airflow/dags/DAGPipeline.py took 0.346 seconds
[2025-02-19T10:01:13.263-0300] {processor.py:186} INFO - Started process (PID=14145) to work on /home/lucas/airflow/dags/DAGPipeline.py
[2025-02-19T10:01:13.264-0300] {processor.py:914} INFO - Processing file /home/lucas/airflow/dags/DAGPipeline.py for tasks to queue
[2025-02-19T10:01:13.268-0300] {logging_mixin.py:190} INFO - [2025-02-19T10:01:13.267-0300] {dagbag.py:588} INFO - Filling up the DagBag from /home/lucas/airflow/dags/DAGPipeline.py
[2025-02-19T10:01:13.558-0300] {processor.py:925} INFO - DAG(s) 'PipelineARGUS' retrieved from /home/lucas/airflow/dags/DAGPipeline.py
[2025-02-19T10:01:13.575-0300] {logging_mixin.py:190} INFO - [2025-02-19T10:01:13.575-0300] {dag.py:3239} INFO - Sync 1 DAGs
[2025-02-19T10:01:13.591-0300] {logging_mixin.py:190} INFO - [2025-02-19T10:01:13.591-0300] {dag.py:4180} INFO - Setting next_dagrun for PipelineARGUS to 2025-01-29 00:00:00+00:00, run_after=2025-01-29 00:05:00+00:00
[2025-02-19T10:01:13.621-0300] {processor.py:208} INFO - Processing /home/lucas/airflow/dags/DAGPipeline.py took 0.369 seconds
[2025-02-19T10:01:43.789-0300] {processor.py:186} INFO - Started process (PID=14684) to work on /home/lucas/airflow/dags/DAGPipeline.py
[2025-02-19T10:01:43.789-0300] {processor.py:914} INFO - Processing file /home/lucas/airflow/dags/DAGPipeline.py for tasks to queue
[2025-02-19T10:01:43.791-0300] {logging_mixin.py:190} INFO - [2025-02-19T10:01:43.791-0300] {dagbag.py:588} INFO - Filling up the DagBag from /home/lucas/airflow/dags/DAGPipeline.py
[2025-02-19T10:01:44.068-0300] {processor.py:925} INFO - DAG(s) 'PipelineARGUS' retrieved from /home/lucas/airflow/dags/DAGPipeline.py
[2025-02-19T10:01:44.085-0300] {logging_mixin.py:190} INFO - [2025-02-19T10:01:44.084-0300] {dag.py:3239} INFO - Sync 1 DAGs
[2025-02-19T10:01:44.100-0300] {logging_mixin.py:190} INFO - [2025-02-19T10:01:44.100-0300] {dag.py:4180} INFO - Setting next_dagrun for PipelineARGUS to 2025-01-29 00:00:00+00:00, run_after=2025-01-29 00:05:00+00:00
[2025-02-19T10:01:44.125-0300] {processor.py:208} INFO - Processing /home/lucas/airflow/dags/DAGPipeline.py took 0.341 seconds
[2025-02-19T10:02:14.375-0300] {processor.py:186} INFO - Started process (PID=14835) to work on /home/lucas/airflow/dags/DAGPipeline.py
[2025-02-19T10:02:14.386-0300] {processor.py:914} INFO - Processing file /home/lucas/airflow/dags/DAGPipeline.py for tasks to queue
[2025-02-19T10:02:14.390-0300] {logging_mixin.py:190} INFO - [2025-02-19T10:02:14.389-0300] {dagbag.py:588} INFO - Filling up the DagBag from /home/lucas/airflow/dags/DAGPipeline.py
[2025-02-19T10:02:14.673-0300] {processor.py:925} INFO - DAG(s) 'PipelineARGUS' retrieved from /home/lucas/airflow/dags/DAGPipeline.py
[2025-02-19T10:02:14.701-0300] {logging_mixin.py:190} INFO - [2025-02-19T10:02:14.701-0300] {dag.py:3239} INFO - Sync 1 DAGs
[2025-02-19T10:02:14.715-0300] {logging_mixin.py:190} INFO - [2025-02-19T10:02:14.715-0300] {dag.py:4180} INFO - Setting next_dagrun for PipelineARGUS to 2025-01-29 00:00:00+00:00, run_after=2025-01-29 00:05:00+00:00
[2025-02-19T10:02:14.730-0300] {processor.py:208} INFO - Processing /home/lucas/airflow/dags/DAGPipeline.py took 0.366 seconds
[2025-02-19T10:02:44.907-0300] {processor.py:186} INFO - Started process (PID=14980) to work on /home/lucas/airflow/dags/DAGPipeline.py
[2025-02-19T10:02:44.918-0300] {processor.py:914} INFO - Processing file /home/lucas/airflow/dags/DAGPipeline.py for tasks to queue
[2025-02-19T10:02:44.921-0300] {logging_mixin.py:190} INFO - [2025-02-19T10:02:44.921-0300] {dagbag.py:588} INFO - Filling up the DagBag from /home/lucas/airflow/dags/DAGPipeline.py
[2025-02-19T10:02:45.204-0300] {processor.py:925} INFO - DAG(s) 'PipelineARGUS' retrieved from /home/lucas/airflow/dags/DAGPipeline.py
[2025-02-19T10:02:45.220-0300] {logging_mixin.py:190} INFO - [2025-02-19T10:02:45.220-0300] {dag.py:3239} INFO - Sync 1 DAGs
[2025-02-19T10:02:45.234-0300] {logging_mixin.py:190} INFO - [2025-02-19T10:02:45.234-0300] {dag.py:4180} INFO - Setting next_dagrun for PipelineARGUS to 2025-01-29 00:00:00+00:00, run_after=2025-01-29 00:05:00+00:00
[2025-02-19T10:02:45.252-0300] {processor.py:208} INFO - Processing /home/lucas/airflow/dags/DAGPipeline.py took 0.357 seconds
[2025-02-19T10:03:15.389-0300] {processor.py:186} INFO - Started process (PID=15335) to work on /home/lucas/airflow/dags/DAGPipeline.py
[2025-02-19T10:03:15.390-0300] {processor.py:914} INFO - Processing file /home/lucas/airflow/dags/DAGPipeline.py for tasks to queue
[2025-02-19T10:03:15.392-0300] {logging_mixin.py:190} INFO - [2025-02-19T10:03:15.391-0300] {dagbag.py:588} INFO - Filling up the DagBag from /home/lucas/airflow/dags/DAGPipeline.py
[2025-02-19T10:03:15.706-0300] {processor.py:925} INFO - DAG(s) 'PipelineARGUS' retrieved from /home/lucas/airflow/dags/DAGPipeline.py
[2025-02-19T10:03:15.723-0300] {logging_mixin.py:190} INFO - [2025-02-19T10:03:15.722-0300] {dag.py:3239} INFO - Sync 1 DAGs
[2025-02-19T10:03:15.745-0300] {logging_mixin.py:190} INFO - [2025-02-19T10:03:15.745-0300] {dag.py:4180} INFO - Setting next_dagrun for PipelineARGUS to 2025-01-29 00:00:00+00:00, run_after=2025-01-29 00:05:00+00:00
[2025-02-19T10:03:15.763-0300] {processor.py:208} INFO - Processing /home/lucas/airflow/dags/DAGPipeline.py took 0.382 seconds
[2025-02-19T10:03:45.950-0300] {processor.py:186} INFO - Started process (PID=15560) to work on /home/lucas/airflow/dags/DAGPipeline.py
[2025-02-19T10:03:45.951-0300] {processor.py:914} INFO - Processing file /home/lucas/airflow/dags/DAGPipeline.py for tasks to queue
[2025-02-19T10:03:45.953-0300] {logging_mixin.py:190} INFO - [2025-02-19T10:03:45.952-0300] {dagbag.py:588} INFO - Filling up the DagBag from /home/lucas/airflow/dags/DAGPipeline.py
[2025-02-19T10:03:46.264-0300] {processor.py:925} INFO - DAG(s) 'PipelineARGUS' retrieved from /home/lucas/airflow/dags/DAGPipeline.py
[2025-02-19T10:03:46.281-0300] {logging_mixin.py:190} INFO - [2025-02-19T10:03:46.281-0300] {dag.py:3239} INFO - Sync 1 DAGs
[2025-02-19T10:03:46.295-0300] {logging_mixin.py:190} INFO - [2025-02-19T10:03:46.295-0300] {dag.py:4180} INFO - Setting next_dagrun for PipelineARGUS to 2025-01-29 00:00:00+00:00, run_after=2025-01-29 00:05:00+00:00
[2025-02-19T10:03:46.322-0300] {processor.py:208} INFO - Processing /home/lucas/airflow/dags/DAGPipeline.py took 0.378 seconds
[2025-02-19T10:04:16.545-0300] {processor.py:186} INFO - Started process (PID=15735) to work on /home/lucas/airflow/dags/DAGPipeline.py
[2025-02-19T10:04:16.557-0300] {processor.py:914} INFO - Processing file /home/lucas/airflow/dags/DAGPipeline.py for tasks to queue
[2025-02-19T10:04:16.560-0300] {logging_mixin.py:190} INFO - [2025-02-19T10:04:16.560-0300] {dagbag.py:588} INFO - Filling up the DagBag from /home/lucas/airflow/dags/DAGPipeline.py
[2025-02-19T10:04:16.843-0300] {processor.py:925} INFO - DAG(s) 'PipelineARGUS' retrieved from /home/lucas/airflow/dags/DAGPipeline.py
[2025-02-19T10:04:16.858-0300] {logging_mixin.py:190} INFO - [2025-02-19T10:04:16.858-0300] {dag.py:3239} INFO - Sync 1 DAGs
[2025-02-19T10:04:16.872-0300] {logging_mixin.py:190} INFO - [2025-02-19T10:04:16.872-0300] {dag.py:4180} INFO - Setting next_dagrun for PipelineARGUS to 2025-01-29 00:00:00+00:00, run_after=2025-01-29 00:05:00+00:00
[2025-02-19T10:04:16.898-0300] {processor.py:208} INFO - Processing /home/lucas/airflow/dags/DAGPipeline.py took 0.363 seconds
[2025-02-19T10:04:47.112-0300] {processor.py:186} INFO - Started process (PID=16185) to work on /home/lucas/airflow/dags/DAGPipeline.py
[2025-02-19T10:04:47.124-0300] {processor.py:914} INFO - Processing file /home/lucas/airflow/dags/DAGPipeline.py for tasks to queue
[2025-02-19T10:04:47.127-0300] {logging_mixin.py:190} INFO - [2025-02-19T10:04:47.126-0300] {dagbag.py:588} INFO - Filling up the DagBag from /home/lucas/airflow/dags/DAGPipeline.py
[2025-02-19T10:04:47.420-0300] {processor.py:925} INFO - DAG(s) 'PipelineARGUS' retrieved from /home/lucas/airflow/dags/DAGPipeline.py
[2025-02-19T10:04:47.436-0300] {logging_mixin.py:190} INFO - [2025-02-19T10:04:47.436-0300] {dag.py:3239} INFO - Sync 1 DAGs
[2025-02-19T10:04:47.451-0300] {logging_mixin.py:190} INFO - [2025-02-19T10:04:47.451-0300] {dag.py:4180} INFO - Setting next_dagrun for PipelineARGUS to 2025-01-29 00:00:00+00:00, run_after=2025-01-29 00:05:00+00:00
[2025-02-19T10:04:47.476-0300] {processor.py:208} INFO - Processing /home/lucas/airflow/dags/DAGPipeline.py took 0.375 seconds
[2025-02-19T10:05:18.516-0300] {processor.py:186} INFO - Started process (PID=16368) to work on /home/lucas/airflow/dags/DAGPipeline.py
[2025-02-19T10:05:18.527-0300] {processor.py:914} INFO - Processing file /home/lucas/airflow/dags/DAGPipeline.py for tasks to queue
[2025-02-19T10:05:18.531-0300] {logging_mixin.py:190} INFO - [2025-02-19T10:05:18.530-0300] {dagbag.py:588} INFO - Filling up the DagBag from /home/lucas/airflow/dags/DAGPipeline.py
[2025-02-19T10:05:18.854-0300] {processor.py:925} INFO - DAG(s) 'PipelineARGUS' retrieved from /home/lucas/airflow/dags/DAGPipeline.py
[2025-02-19T10:05:18.872-0300] {logging_mixin.py:190} INFO - [2025-02-19T10:05:18.871-0300] {dag.py:3239} INFO - Sync 1 DAGs
[2025-02-19T10:05:18.886-0300] {logging_mixin.py:190} INFO - [2025-02-19T10:05:18.886-0300] {dag.py:4180} INFO - Setting next_dagrun for PipelineARGUS to 2025-01-29 00:00:00+00:00, run_after=2025-01-29 00:05:00+00:00
[2025-02-19T10:05:18.912-0300] {processor.py:208} INFO - Processing /home/lucas/airflow/dags/DAGPipeline.py took 0.407 seconds
[2025-02-19T10:05:49.234-0300] {processor.py:186} INFO - Started process (PID=16546) to work on /home/lucas/airflow/dags/DAGPipeline.py
[2025-02-19T10:05:49.246-0300] {processor.py:914} INFO - Processing file /home/lucas/airflow/dags/DAGPipeline.py for tasks to queue
[2025-02-19T10:05:49.249-0300] {logging_mixin.py:190} INFO - [2025-02-19T10:05:49.248-0300] {dagbag.py:588} INFO - Filling up the DagBag from /home/lucas/airflow/dags/DAGPipeline.py
[2025-02-19T10:05:49.540-0300] {processor.py:925} INFO - DAG(s) 'PipelineARGUS' retrieved from /home/lucas/airflow/dags/DAGPipeline.py
[2025-02-19T10:05:49.567-0300] {logging_mixin.py:190} INFO - [2025-02-19T10:05:49.567-0300] {dag.py:3239} INFO - Sync 1 DAGs
[2025-02-19T10:05:49.581-0300] {logging_mixin.py:190} INFO - [2025-02-19T10:05:49.581-0300] {dag.py:4180} INFO - Setting next_dagrun for PipelineARGUS to 2025-01-29 00:00:00+00:00, run_after=2025-01-29 00:05:00+00:00
[2025-02-19T10:05:49.696-0300] {processor.py:208} INFO - Processing /home/lucas/airflow/dags/DAGPipeline.py took 0.472 seconds
[2025-02-19T10:06:20.498-0300] {processor.py:186} INFO - Started process (PID=16721) to work on /home/lucas/airflow/dags/DAGPipeline.py
[2025-02-19T10:06:20.509-0300] {processor.py:914} INFO - Processing file /home/lucas/airflow/dags/DAGPipeline.py for tasks to queue
[2025-02-19T10:06:20.513-0300] {logging_mixin.py:190} INFO - [2025-02-19T10:06:20.512-0300] {dagbag.py:588} INFO - Filling up the DagBag from /home/lucas/airflow/dags/DAGPipeline.py
[2025-02-19T10:06:20.817-0300] {processor.py:925} INFO - DAG(s) 'PipelineARGUS' retrieved from /home/lucas/airflow/dags/DAGPipeline.py
[2025-02-19T10:06:20.834-0300] {logging_mixin.py:190} INFO - [2025-02-19T10:06:20.834-0300] {dag.py:3239} INFO - Sync 1 DAGs
[2025-02-19T10:06:20.851-0300] {logging_mixin.py:190} INFO - [2025-02-19T10:06:20.850-0300] {dag.py:4180} INFO - Setting next_dagrun for PipelineARGUS to 2025-01-29 00:00:00+00:00, run_after=2025-01-29 00:05:00+00:00
[2025-02-19T10:06:20.877-0300] {processor.py:208} INFO - Processing /home/lucas/airflow/dags/DAGPipeline.py took 0.390 seconds
[2025-02-19T10:06:51.146-0300] {processor.py:186} INFO - Started process (PID=16915) to work on /home/lucas/airflow/dags/DAGPipeline.py
[2025-02-19T10:06:51.147-0300] {processor.py:914} INFO - Processing file /home/lucas/airflow/dags/DAGPipeline.py for tasks to queue
[2025-02-19T10:06:51.150-0300] {logging_mixin.py:190} INFO - [2025-02-19T10:06:51.150-0300] {dagbag.py:588} INFO - Filling up the DagBag from /home/lucas/airflow/dags/DAGPipeline.py
[2025-02-19T10:06:51.519-0300] {processor.py:925} INFO - DAG(s) 'PipelineARGUS' retrieved from /home/lucas/airflow/dags/DAGPipeline.py
[2025-02-19T10:06:51.541-0300] {logging_mixin.py:190} INFO - [2025-02-19T10:06:51.541-0300] {dag.py:3239} INFO - Sync 1 DAGs
[2025-02-19T10:06:51.558-0300] {logging_mixin.py:190} INFO - [2025-02-19T10:06:51.558-0300] {dag.py:4180} INFO - Setting next_dagrun for PipelineARGUS to 2025-01-29 00:00:00+00:00, run_after=2025-01-29 00:05:00+00:00
[2025-02-19T10:06:51.576-0300] {processor.py:208} INFO - Processing /home/lucas/airflow/dags/DAGPipeline.py took 0.443 seconds
[2025-02-19T10:07:22.030-0300] {processor.py:186} INFO - Started process (PID=17095) to work on /home/lucas/airflow/dags/DAGPipeline.py
[2025-02-19T10:07:22.031-0300] {processor.py:914} INFO - Processing file /home/lucas/airflow/dags/DAGPipeline.py for tasks to queue
[2025-02-19T10:07:22.035-0300] {logging_mixin.py:190} INFO - [2025-02-19T10:07:22.034-0300] {dagbag.py:588} INFO - Filling up the DagBag from /home/lucas/airflow/dags/DAGPipeline.py
[2025-02-19T10:07:22.403-0300] {processor.py:925} INFO - DAG(s) 'PipelineARGUS' retrieved from /home/lucas/airflow/dags/DAGPipeline.py
[2025-02-19T10:07:22.420-0300] {logging_mixin.py:190} INFO - [2025-02-19T10:07:22.420-0300] {dag.py:3239} INFO - Sync 1 DAGs
[2025-02-19T10:07:22.435-0300] {logging_mixin.py:190} INFO - [2025-02-19T10:07:22.435-0300] {dag.py:4180} INFO - Setting next_dagrun for PipelineARGUS to 2025-01-29 00:00:00+00:00, run_after=2025-01-29 00:05:00+00:00
[2025-02-19T10:07:22.559-0300] {processor.py:208} INFO - Processing /home/lucas/airflow/dags/DAGPipeline.py took 0.541 seconds
[2025-02-19T10:08:05.596-0300] {processor.py:186} INFO - Started process (PID=17575) to work on /home/lucas/airflow/dags/DAGPipeline.py
[2025-02-19T10:08:05.597-0300] {processor.py:914} INFO - Processing file /home/lucas/airflow/dags/DAGPipeline.py for tasks to queue
[2025-02-19T10:08:05.601-0300] {logging_mixin.py:190} INFO - [2025-02-19T10:08:05.600-0300] {dagbag.py:588} INFO - Filling up the DagBag from /home/lucas/airflow/dags/DAGPipeline.py
[2025-02-19T10:08:05.972-0300] {processor.py:925} INFO - DAG(s) 'PipelineARGUS' retrieved from /home/lucas/airflow/dags/DAGPipeline.py
[2025-02-19T10:08:05.993-0300] {logging_mixin.py:190} INFO - [2025-02-19T10:08:05.993-0300] {dag.py:3239} INFO - Sync 1 DAGs
[2025-02-19T10:08:06.010-0300] {logging_mixin.py:190} INFO - [2025-02-19T10:08:06.010-0300] {dag.py:4180} INFO - Setting next_dagrun for PipelineARGUS to 2025-01-29 00:00:00+00:00, run_after=2025-01-29 00:05:00+00:00
[2025-02-19T10:08:06.029-0300] {processor.py:208} INFO - Processing /home/lucas/airflow/dags/DAGPipeline.py took 0.445 seconds
[2025-02-19T10:08:39.096-0300] {processor.py:186} INFO - Started process (PID=18036) to work on /home/lucas/airflow/dags/DAGPipeline.py
[2025-02-19T10:08:39.098-0300] {processor.py:914} INFO - Processing file /home/lucas/airflow/dags/DAGPipeline.py for tasks to queue
[2025-02-19T10:08:39.103-0300] {logging_mixin.py:190} INFO - [2025-02-19T10:08:39.102-0300] {dagbag.py:588} INFO - Filling up the DagBag from /home/lucas/airflow/dags/DAGPipeline.py
[2025-02-19T10:08:39.446-0300] {processor.py:925} INFO - DAG(s) 'PipelineARGUS' retrieved from /home/lucas/airflow/dags/DAGPipeline.py
[2025-02-19T10:08:39.466-0300] {logging_mixin.py:190} INFO - [2025-02-19T10:08:39.465-0300] {dag.py:3239} INFO - Sync 1 DAGs
[2025-02-19T10:08:39.482-0300] {logging_mixin.py:190} INFO - [2025-02-19T10:08:39.481-0300] {dag.py:4180} INFO - Setting next_dagrun for PipelineARGUS to 2025-01-29 00:00:00+00:00, run_after=2025-01-29 00:05:00+00:00
[2025-02-19T10:08:39.500-0300] {processor.py:208} INFO - Processing /home/lucas/airflow/dags/DAGPipeline.py took 0.416 seconds
[2025-02-19T10:09:11.687-0300] {processor.py:186} INFO - Started process (PID=18474) to work on /home/lucas/airflow/dags/DAGPipeline.py
[2025-02-19T10:09:11.689-0300] {processor.py:914} INFO - Processing file /home/lucas/airflow/dags/DAGPipeline.py for tasks to queue
[2025-02-19T10:09:11.692-0300] {logging_mixin.py:190} INFO - [2025-02-19T10:09:11.692-0300] {dagbag.py:588} INFO - Filling up the DagBag from /home/lucas/airflow/dags/DAGPipeline.py
[2025-02-19T10:09:11.979-0300] {processor.py:925} INFO - DAG(s) 'PipelineARGUS' retrieved from /home/lucas/airflow/dags/DAGPipeline.py
[2025-02-19T10:09:11.996-0300] {logging_mixin.py:190} INFO - [2025-02-19T10:09:11.995-0300] {dag.py:3239} INFO - Sync 1 DAGs
[2025-02-19T10:09:12.010-0300] {logging_mixin.py:190} INFO - [2025-02-19T10:09:12.010-0300] {dag.py:4180} INFO - Setting next_dagrun for PipelineARGUS to 2025-01-29 00:00:00+00:00, run_after=2025-01-29 00:05:00+00:00
[2025-02-19T10:09:12.139-0300] {processor.py:208} INFO - Processing /home/lucas/airflow/dags/DAGPipeline.py took 0.461 seconds
[2025-02-19T10:09:46.210-0300] {processor.py:186} INFO - Started process (PID=18983) to work on /home/lucas/airflow/dags/DAGPipeline.py
[2025-02-19T10:09:46.212-0300] {processor.py:914} INFO - Processing file /home/lucas/airflow/dags/DAGPipeline.py for tasks to queue
[2025-02-19T10:09:46.216-0300] {logging_mixin.py:190} INFO - [2025-02-19T10:09:46.215-0300] {dagbag.py:588} INFO - Filling up the DagBag from /home/lucas/airflow/dags/DAGPipeline.py
[2025-02-19T10:09:46.503-0300] {processor.py:925} INFO - DAG(s) 'PipelineARGUS' retrieved from /home/lucas/airflow/dags/DAGPipeline.py
[2025-02-19T10:09:46.519-0300] {logging_mixin.py:190} INFO - [2025-02-19T10:09:46.519-0300] {dag.py:3239} INFO - Sync 1 DAGs
[2025-02-19T10:09:46.633-0300] {logging_mixin.py:190} INFO - [2025-02-19T10:09:46.633-0300] {dag.py:4180} INFO - Setting next_dagrun for PipelineARGUS to 2025-01-29 00:00:00+00:00, run_after=2025-01-29 00:05:00+00:00
[2025-02-19T10:09:46.649-0300] {processor.py:208} INFO - Processing /home/lucas/airflow/dags/DAGPipeline.py took 0.449 seconds
[2025-02-19T10:10:27.397-0300] {processor.py:186} INFO - Started process (PID=19514) to work on /home/lucas/airflow/dags/DAGPipeline.py
[2025-02-19T10:10:27.398-0300] {processor.py:914} INFO - Processing file /home/lucas/airflow/dags/DAGPipeline.py for tasks to queue
[2025-02-19T10:10:27.400-0300] {logging_mixin.py:190} INFO - [2025-02-19T10:10:27.400-0300] {dagbag.py:588} INFO - Filling up the DagBag from /home/lucas/airflow/dags/DAGPipeline.py
[2025-02-19T10:10:27.744-0300] {processor.py:925} INFO - DAG(s) 'PipelineARGUS' retrieved from /home/lucas/airflow/dags/DAGPipeline.py
[2025-02-19T10:10:27.774-0300] {logging_mixin.py:190} INFO - [2025-02-19T10:10:27.774-0300] {dag.py:3239} INFO - Sync 1 DAGs
[2025-02-19T10:10:27.789-0300] {logging_mixin.py:190} INFO - [2025-02-19T10:10:27.789-0300] {dag.py:4180} INFO - Setting next_dagrun for PipelineARGUS to 2025-01-29 00:00:00+00:00, run_after=2025-01-29 00:05:00+00:00
[2025-02-19T10:10:27.829-0300] {processor.py:208} INFO - Processing /home/lucas/airflow/dags/DAGPipeline.py took 0.438 seconds
[2025-02-19T10:10:58.665-0300] {processor.py:186} INFO - Started process (PID=20088) to work on /home/lucas/airflow/dags/DAGPipeline.py
[2025-02-19T10:10:58.667-0300] {processor.py:914} INFO - Processing file /home/lucas/airflow/dags/DAGPipeline.py for tasks to queue
[2025-02-19T10:10:58.670-0300] {logging_mixin.py:190} INFO - [2025-02-19T10:10:58.669-0300] {dagbag.py:588} INFO - Filling up the DagBag from /home/lucas/airflow/dags/DAGPipeline.py
[2025-02-19T10:10:58.982-0300] {processor.py:925} INFO - DAG(s) 'PipelineARGUS' retrieved from /home/lucas/airflow/dags/DAGPipeline.py
[2025-02-19T10:10:59.009-0300] {logging_mixin.py:190} INFO - [2025-02-19T10:10:59.009-0300] {dag.py:3239} INFO - Sync 1 DAGs
[2025-02-19T10:10:59.025-0300] {logging_mixin.py:190} INFO - [2025-02-19T10:10:59.025-0300] {dag.py:4180} INFO - Setting next_dagrun for PipelineARGUS to 2025-01-29 00:00:00+00:00, run_after=2025-01-29 00:05:00+00:00
[2025-02-19T10:10:59.162-0300] {processor.py:208} INFO - Processing /home/lucas/airflow/dags/DAGPipeline.py took 0.507 seconds
[2025-02-19T10:11:29.845-0300] {processor.py:186} INFO - Started process (PID=20263) to work on /home/lucas/airflow/dags/DAGPipeline.py
[2025-02-19T10:11:29.857-0300] {processor.py:914} INFO - Processing file /home/lucas/airflow/dags/DAGPipeline.py for tasks to queue
[2025-02-19T10:11:29.861-0300] {logging_mixin.py:190} INFO - [2025-02-19T10:11:29.860-0300] {dagbag.py:588} INFO - Filling up the DagBag from /home/lucas/airflow/dags/DAGPipeline.py
[2025-02-19T10:11:30.147-0300] {processor.py:925} INFO - DAG(s) 'PipelineARGUS' retrieved from /home/lucas/airflow/dags/DAGPipeline.py
[2025-02-19T10:11:30.165-0300] {logging_mixin.py:190} INFO - [2025-02-19T10:11:30.165-0300] {dag.py:3239} INFO - Sync 1 DAGs
[2025-02-19T10:11:30.281-0300] {logging_mixin.py:190} INFO - [2025-02-19T10:11:30.281-0300] {dag.py:4180} INFO - Setting next_dagrun for PipelineARGUS to 2025-01-29 00:00:00+00:00, run_after=2025-01-29 00:05:00+00:00
[2025-02-19T10:11:30.304-0300] {processor.py:208} INFO - Processing /home/lucas/airflow/dags/DAGPipeline.py took 0.470 seconds
[2025-02-19T10:12:00.536-0300] {processor.py:186} INFO - Started process (PID=20565) to work on /home/lucas/airflow/dags/DAGPipeline.py
[2025-02-19T10:12:00.547-0300] {processor.py:914} INFO - Processing file /home/lucas/airflow/dags/DAGPipeline.py for tasks to queue
[2025-02-19T10:12:00.551-0300] {logging_mixin.py:190} INFO - [2025-02-19T10:12:00.550-0300] {dagbag.py:588} INFO - Filling up the DagBag from /home/lucas/airflow/dags/DAGPipeline.py
[2025-02-19T10:12:00.841-0300] {processor.py:925} INFO - DAG(s) 'PipelineARGUS' retrieved from /home/lucas/airflow/dags/DAGPipeline.py
[2025-02-19T10:12:00.955-0300] {logging_mixin.py:190} INFO - [2025-02-19T10:12:00.955-0300] {dag.py:3239} INFO - Sync 1 DAGs
[2025-02-19T10:12:00.968-0300] {logging_mixin.py:190} INFO - [2025-02-19T10:12:00.967-0300] {dag.py:4180} INFO - Setting next_dagrun for PipelineARGUS to 2025-01-29 00:00:00+00:00, run_after=2025-01-29 00:05:00+00:00
[2025-02-19T10:12:00.993-0300] {processor.py:208} INFO - Processing /home/lucas/airflow/dags/DAGPipeline.py took 0.469 seconds
[2025-02-19T10:12:36.138-0300] {processor.py:186} INFO - Started process (PID=21181) to work on /home/lucas/airflow/dags/DAGPipeline.py
[2025-02-19T10:12:36.140-0300] {processor.py:914} INFO - Processing file /home/lucas/airflow/dags/DAGPipeline.py for tasks to queue
[2025-02-19T10:12:36.143-0300] {logging_mixin.py:190} INFO - [2025-02-19T10:12:36.142-0300] {dagbag.py:588} INFO - Filling up the DagBag from /home/lucas/airflow/dags/DAGPipeline.py
[2025-02-19T10:12:36.541-0300] {processor.py:925} INFO - DAG(s) 'PipelineARGUS' retrieved from /home/lucas/airflow/dags/DAGPipeline.py
[2025-02-19T10:12:36.555-0300] {logging_mixin.py:190} INFO - [2025-02-19T10:12:36.555-0300] {dag.py:3239} INFO - Sync 1 DAGs
[2025-02-19T10:12:36.568-0300] {logging_mixin.py:190} INFO - [2025-02-19T10:12:36.567-0300] {dag.py:4180} INFO - Setting next_dagrun for PipelineARGUS to 2025-01-29 00:00:00+00:00, run_after=2025-01-29 00:05:00+00:00
[2025-02-19T10:12:36.594-0300] {processor.py:208} INFO - Processing /home/lucas/airflow/dags/DAGPipeline.py took 0.467 seconds
[2025-02-19T10:13:07.170-0300] {processor.py:186} INFO - Started process (PID=21655) to work on /home/lucas/airflow/dags/DAGPipeline.py
[2025-02-19T10:13:07.171-0300] {processor.py:914} INFO - Processing file /home/lucas/airflow/dags/DAGPipeline.py for tasks to queue
[2025-02-19T10:13:07.173-0300] {logging_mixin.py:190} INFO - [2025-02-19T10:13:07.173-0300] {dagbag.py:588} INFO - Filling up the DagBag from /home/lucas/airflow/dags/DAGPipeline.py
[2025-02-19T10:13:07.488-0300] {processor.py:925} INFO - DAG(s) 'PipelineARGUS' retrieved from /home/lucas/airflow/dags/DAGPipeline.py
[2025-02-19T10:13:07.505-0300] {logging_mixin.py:190} INFO - [2025-02-19T10:13:07.505-0300] {dag.py:3239} INFO - Sync 1 DAGs
[2025-02-19T10:13:07.632-0300] {logging_mixin.py:190} INFO - [2025-02-19T10:13:07.632-0300] {dag.py:4180} INFO - Setting next_dagrun for PipelineARGUS to 2025-01-29 00:00:00+00:00, run_after=2025-01-29 00:05:00+00:00
[2025-02-19T10:13:07.651-0300] {processor.py:208} INFO - Processing /home/lucas/airflow/dags/DAGPipeline.py took 0.487 seconds
[2025-02-19T10:13:38.314-0300] {processor.py:186} INFO - Started process (PID=21940) to work on /home/lucas/airflow/dags/DAGPipeline.py
[2025-02-19T10:13:38.326-0300] {processor.py:914} INFO - Processing file /home/lucas/airflow/dags/DAGPipeline.py for tasks to queue
[2025-02-19T10:13:38.329-0300] {logging_mixin.py:190} INFO - [2025-02-19T10:13:38.328-0300] {dagbag.py:588} INFO - Filling up the DagBag from /home/lucas/airflow/dags/DAGPipeline.py
[2025-02-19T10:13:38.614-0300] {processor.py:925} INFO - DAG(s) 'PipelineARGUS' retrieved from /home/lucas/airflow/dags/DAGPipeline.py
[2025-02-19T10:13:38.740-0300] {logging_mixin.py:190} INFO - [2025-02-19T10:13:38.740-0300] {dag.py:3239} INFO - Sync 1 DAGs
[2025-02-19T10:13:38.753-0300] {logging_mixin.py:190} INFO - [2025-02-19T10:13:38.752-0300] {dag.py:4180} INFO - Setting next_dagrun for PipelineARGUS to 2025-01-29 00:00:00+00:00, run_after=2025-01-29 00:05:00+00:00
[2025-02-19T10:13:38.767-0300] {processor.py:208} INFO - Processing /home/lucas/airflow/dags/DAGPipeline.py took 0.464 seconds
[2025-02-19T10:14:09.295-0300] {processor.py:186} INFO - Started process (PID=22111) to work on /home/lucas/airflow/dags/DAGPipeline.py
[2025-02-19T10:14:09.333-0300] {processor.py:914} INFO - Processing file /home/lucas/airflow/dags/DAGPipeline.py for tasks to queue
[2025-02-19T10:14:09.336-0300] {logging_mixin.py:190} INFO - [2025-02-19T10:14:09.336-0300] {dagbag.py:588} INFO - Filling up the DagBag from /home/lucas/airflow/dags/DAGPipeline.py
[2025-02-19T10:14:09.721-0300] {processor.py:925} INFO - DAG(s) 'PipelineARGUS' retrieved from /home/lucas/airflow/dags/DAGPipeline.py
[2025-02-19T10:14:09.734-0300] {logging_mixin.py:190} INFO - [2025-02-19T10:14:09.734-0300] {dag.py:3239} INFO - Sync 1 DAGs
[2025-02-19T10:14:09.747-0300] {logging_mixin.py:190} INFO - [2025-02-19T10:14:09.746-0300] {dag.py:4180} INFO - Setting next_dagrun for PipelineARGUS to 2025-01-29 00:00:00+00:00, run_after=2025-01-29 00:05:00+00:00
[2025-02-19T10:14:09.773-0300] {processor.py:208} INFO - Processing /home/lucas/airflow/dags/DAGPipeline.py took 0.489 seconds
[2025-02-19T10:14:40.286-0300] {processor.py:186} INFO - Started process (PID=22288) to work on /home/lucas/airflow/dags/DAGPipeline.py
[2025-02-19T10:14:40.297-0300] {processor.py:914} INFO - Processing file /home/lucas/airflow/dags/DAGPipeline.py for tasks to queue
[2025-02-19T10:14:40.301-0300] {logging_mixin.py:190} INFO - [2025-02-19T10:14:40.300-0300] {dagbag.py:588} INFO - Filling up the DagBag from /home/lucas/airflow/dags/DAGPipeline.py
[2025-02-19T10:14:40.586-0300] {processor.py:925} INFO - DAG(s) 'PipelineARGUS' retrieved from /home/lucas/airflow/dags/DAGPipeline.py
[2025-02-19T10:14:40.602-0300] {logging_mixin.py:190} INFO - [2025-02-19T10:14:40.602-0300] {dag.py:3239} INFO - Sync 1 DAGs
[2025-02-19T10:14:40.714-0300] {logging_mixin.py:190} INFO - [2025-02-19T10:14:40.714-0300] {dag.py:4180} INFO - Setting next_dagrun for PipelineARGUS to 2025-01-29 00:00:00+00:00, run_after=2025-01-29 00:05:00+00:00
[2025-02-19T10:14:40.728-0300] {processor.py:208} INFO - Processing /home/lucas/airflow/dags/DAGPipeline.py took 0.453 seconds
[2025-02-19T10:15:11.282-0300] {processor.py:186} INFO - Started process (PID=22464) to work on /home/lucas/airflow/dags/DAGPipeline.py
[2025-02-19T10:15:11.320-0300] {processor.py:914} INFO - Processing file /home/lucas/airflow/dags/DAGPipeline.py for tasks to queue
[2025-02-19T10:15:11.324-0300] {logging_mixin.py:190} INFO - [2025-02-19T10:15:11.323-0300] {dagbag.py:588} INFO - Filling up the DagBag from /home/lucas/airflow/dags/DAGPipeline.py
[2025-02-19T10:15:11.624-0300] {processor.py:925} INFO - DAG(s) 'PipelineARGUS' retrieved from /home/lucas/airflow/dags/DAGPipeline.py
[2025-02-19T10:15:11.741-0300] {logging_mixin.py:190} INFO - [2025-02-19T10:15:11.741-0300] {dag.py:3239} INFO - Sync 1 DAGs
[2025-02-19T10:15:11.753-0300] {logging_mixin.py:190} INFO - [2025-02-19T10:15:11.753-0300] {dag.py:4180} INFO - Setting next_dagrun for PipelineARGUS to 2025-01-29 00:00:00+00:00, run_after=2025-01-29 00:05:00+00:00
[2025-02-19T10:15:11.778-0300] {processor.py:208} INFO - Processing /home/lucas/airflow/dags/DAGPipeline.py took 0.507 seconds
[2025-02-19T10:15:42.080-0300] {processor.py:186} INFO - Started process (PID=22638) to work on /home/lucas/airflow/dags/DAGPipeline.py
[2025-02-19T10:15:42.092-0300] {processor.py:914} INFO - Processing file /home/lucas/airflow/dags/DAGPipeline.py for tasks to queue
[2025-02-19T10:15:42.096-0300] {logging_mixin.py:190} INFO - [2025-02-19T10:15:42.095-0300] {dagbag.py:588} INFO - Filling up the DagBag from /home/lucas/airflow/dags/DAGPipeline.py
[2025-02-19T10:15:42.478-0300] {processor.py:925} INFO - DAG(s) 'PipelineARGUS' retrieved from /home/lucas/airflow/dags/DAGPipeline.py
[2025-02-19T10:15:42.492-0300] {logging_mixin.py:190} INFO - [2025-02-19T10:15:42.492-0300] {dag.py:3239} INFO - Sync 1 DAGs
[2025-02-19T10:15:42.505-0300] {logging_mixin.py:190} INFO - [2025-02-19T10:15:42.505-0300] {dag.py:4180} INFO - Setting next_dagrun for PipelineARGUS to 2025-01-29 00:00:00+00:00, run_after=2025-01-29 00:05:00+00:00
[2025-02-19T10:15:42.530-0300] {processor.py:208} INFO - Processing /home/lucas/airflow/dags/DAGPipeline.py took 0.461 seconds
[2025-02-19T10:16:13.140-0300] {processor.py:186} INFO - Started process (PID=22808) to work on /home/lucas/airflow/dags/DAGPipeline.py
[2025-02-19T10:16:13.152-0300] {processor.py:914} INFO - Processing file /home/lucas/airflow/dags/DAGPipeline.py for tasks to queue
[2025-02-19T10:16:13.155-0300] {logging_mixin.py:190} INFO - [2025-02-19T10:16:13.154-0300] {dagbag.py:588} INFO - Filling up the DagBag from /home/lucas/airflow/dags/DAGPipeline.py
[2025-02-19T10:16:13.550-0300] {processor.py:925} INFO - DAG(s) 'PipelineARGUS' retrieved from /home/lucas/airflow/dags/DAGPipeline.py
[2025-02-19T10:16:13.565-0300] {logging_mixin.py:190} INFO - [2025-02-19T10:16:13.564-0300] {dag.py:3239} INFO - Sync 1 DAGs
[2025-02-19T10:16:13.579-0300] {logging_mixin.py:190} INFO - [2025-02-19T10:16:13.579-0300] {dag.py:4180} INFO - Setting next_dagrun for PipelineARGUS to 2025-01-29 00:00:00+00:00, run_after=2025-01-29 00:05:00+00:00
[2025-02-19T10:16:13.595-0300] {processor.py:208} INFO - Processing /home/lucas/airflow/dags/DAGPipeline.py took 0.466 seconds
[2025-02-19T10:16:44.142-0300] {processor.py:186} INFO - Started process (PID=22985) to work on /home/lucas/airflow/dags/DAGPipeline.py
[2025-02-19T10:16:44.153-0300] {processor.py:914} INFO - Processing file /home/lucas/airflow/dags/DAGPipeline.py for tasks to queue
[2025-02-19T10:16:44.157-0300] {logging_mixin.py:190} INFO - [2025-02-19T10:16:44.156-0300] {dagbag.py:588} INFO - Filling up the DagBag from /home/lucas/airflow/dags/DAGPipeline.py
[2025-02-19T10:16:44.441-0300] {processor.py:925} INFO - DAG(s) 'PipelineARGUS' retrieved from /home/lucas/airflow/dags/DAGPipeline.py
[2025-02-19T10:16:44.558-0300] {logging_mixin.py:190} INFO - [2025-02-19T10:16:44.558-0300] {dag.py:3239} INFO - Sync 1 DAGs
[2025-02-19T10:16:44.572-0300] {logging_mixin.py:190} INFO - [2025-02-19T10:16:44.571-0300] {dag.py:4180} INFO - Setting next_dagrun for PipelineARGUS to 2025-01-29 00:00:00+00:00, run_after=2025-01-29 00:05:00+00:00
[2025-02-19T10:16:44.587-0300] {processor.py:208} INFO - Processing /home/lucas/airflow/dags/DAGPipeline.py took 0.457 seconds
[2025-02-19T10:17:15.215-0300] {processor.py:186} INFO - Started process (PID=23163) to work on /home/lucas/airflow/dags/DAGPipeline.py
[2025-02-19T10:17:15.227-0300] {processor.py:914} INFO - Processing file /home/lucas/airflow/dags/DAGPipeline.py for tasks to queue
[2025-02-19T10:17:15.230-0300] {logging_mixin.py:190} INFO - [2025-02-19T10:17:15.230-0300] {dagbag.py:588} INFO - Filling up the DagBag from /home/lucas/airflow/dags/DAGPipeline.py
[2025-02-19T10:17:15.613-0300] {processor.py:925} INFO - DAG(s) 'PipelineARGUS' retrieved from /home/lucas/airflow/dags/DAGPipeline.py
[2025-02-19T10:17:15.627-0300] {logging_mixin.py:190} INFO - [2025-02-19T10:17:15.626-0300] {dag.py:3239} INFO - Sync 1 DAGs
[2025-02-19T10:17:15.639-0300] {logging_mixin.py:190} INFO - [2025-02-19T10:17:15.638-0300] {dag.py:4180} INFO - Setting next_dagrun for PipelineARGUS to 2025-01-29 00:00:00+00:00, run_after=2025-01-29 00:05:00+00:00
[2025-02-19T10:17:15.664-0300] {processor.py:208} INFO - Processing /home/lucas/airflow/dags/DAGPipeline.py took 0.460 seconds
[2025-02-19T10:17:46.332-0300] {processor.py:186} INFO - Started process (PID=23341) to work on /home/lucas/airflow/dags/DAGPipeline.py
[2025-02-19T10:17:46.343-0300] {processor.py:914} INFO - Processing file /home/lucas/airflow/dags/DAGPipeline.py for tasks to queue
[2025-02-19T10:17:46.347-0300] {logging_mixin.py:190} INFO - [2025-02-19T10:17:46.346-0300] {dagbag.py:588} INFO - Filling up the DagBag from /home/lucas/airflow/dags/DAGPipeline.py
[2025-02-19T10:17:46.751-0300] {processor.py:925} INFO - DAG(s) 'PipelineARGUS' retrieved from /home/lucas/airflow/dags/DAGPipeline.py
[2025-02-19T10:17:46.764-0300] {logging_mixin.py:190} INFO - [2025-02-19T10:17:46.764-0300] {dag.py:3239} INFO - Sync 1 DAGs
[2025-02-19T10:17:46.778-0300] {logging_mixin.py:190} INFO - [2025-02-19T10:17:46.778-0300] {dag.py:4180} INFO - Setting next_dagrun for PipelineARGUS to 2025-01-29 00:00:00+00:00, run_after=2025-01-29 00:05:00+00:00
[2025-02-19T10:17:46.792-0300] {processor.py:208} INFO - Processing /home/lucas/airflow/dags/DAGPipeline.py took 0.472 seconds
[2025-02-19T10:18:17.425-0300] {processor.py:186} INFO - Started process (PID=23514) to work on /home/lucas/airflow/dags/DAGPipeline.py
[2025-02-19T10:18:17.437-0300] {processor.py:914} INFO - Processing file /home/lucas/airflow/dags/DAGPipeline.py for tasks to queue
[2025-02-19T10:18:17.440-0300] {logging_mixin.py:190} INFO - [2025-02-19T10:18:17.439-0300] {dagbag.py:588} INFO - Filling up the DagBag from /home/lucas/airflow/dags/DAGPipeline.py
[2025-02-19T10:18:17.826-0300] {processor.py:925} INFO - DAG(s) 'PipelineARGUS' retrieved from /home/lucas/airflow/dags/DAGPipeline.py
[2025-02-19T10:18:17.841-0300] {logging_mixin.py:190} INFO - [2025-02-19T10:18:17.841-0300] {dag.py:3239} INFO - Sync 1 DAGs
[2025-02-19T10:18:17.853-0300] {logging_mixin.py:190} INFO - [2025-02-19T10:18:17.853-0300] {dag.py:4180} INFO - Setting next_dagrun for PipelineARGUS to 2025-01-29 00:00:00+00:00, run_after=2025-01-29 00:05:00+00:00
[2025-02-19T10:18:17.878-0300] {processor.py:208} INFO - Processing /home/lucas/airflow/dags/DAGPipeline.py took 0.464 seconds
[2025-02-19T10:18:48.424-0300] {processor.py:186} INFO - Started process (PID=23691) to work on /home/lucas/airflow/dags/DAGPipeline.py
[2025-02-19T10:18:48.436-0300] {processor.py:914} INFO - Processing file /home/lucas/airflow/dags/DAGPipeline.py for tasks to queue
[2025-02-19T10:18:48.439-0300] {logging_mixin.py:190} INFO - [2025-02-19T10:18:48.439-0300] {dagbag.py:588} INFO - Filling up the DagBag from /home/lucas/airflow/dags/DAGPipeline.py
[2025-02-19T10:18:48.884-0300] {processor.py:925} INFO - DAG(s) 'PipelineARGUS' retrieved from /home/lucas/airflow/dags/DAGPipeline.py
[2025-02-19T10:18:48.899-0300] {logging_mixin.py:190} INFO - [2025-02-19T10:18:48.899-0300] {dag.py:3239} INFO - Sync 1 DAGs
[2025-02-19T10:18:48.912-0300] {logging_mixin.py:190} INFO - [2025-02-19T10:18:48.912-0300] {dag.py:4180} INFO - Setting next_dagrun for PipelineARGUS to 2025-01-29 00:00:00+00:00, run_after=2025-01-29 00:05:00+00:00
[2025-02-19T10:18:48.939-0300] {processor.py:208} INFO - Processing /home/lucas/airflow/dags/DAGPipeline.py took 0.528 seconds
[2025-02-19T10:19:19.562-0300] {processor.py:186} INFO - Started process (PID=23907) to work on /home/lucas/airflow/dags/DAGPipeline.py
[2025-02-19T10:19:19.564-0300] {processor.py:914} INFO - Processing file /home/lucas/airflow/dags/DAGPipeline.py for tasks to queue
[2025-02-19T10:19:19.567-0300] {logging_mixin.py:190} INFO - [2025-02-19T10:19:19.566-0300] {dagbag.py:588} INFO - Filling up the DagBag from /home/lucas/airflow/dags/DAGPipeline.py
[2025-02-19T10:19:20.079-0300] {processor.py:925} INFO - DAG(s) 'PipelineARGUS' retrieved from /home/lucas/airflow/dags/DAGPipeline.py
[2025-02-19T10:19:20.106-0300] {logging_mixin.py:190} INFO - [2025-02-19T10:19:20.106-0300] {dag.py:3239} INFO - Sync 1 DAGs
[2025-02-19T10:19:20.122-0300] {logging_mixin.py:190} INFO - [2025-02-19T10:19:20.122-0300] {dag.py:4180} INFO - Setting next_dagrun for PipelineARGUS to 2025-01-29 00:00:00+00:00, run_after=2025-01-29 00:05:00+00:00
[2025-02-19T10:19:20.140-0300] {processor.py:208} INFO - Processing /home/lucas/airflow/dags/DAGPipeline.py took 0.589 seconds
[2025-02-19T10:19:50.886-0300] {processor.py:186} INFO - Started process (PID=24160) to work on /home/lucas/airflow/dags/DAGPipeline.py
[2025-02-19T10:19:50.887-0300] {processor.py:914} INFO - Processing file /home/lucas/airflow/dags/DAGPipeline.py for tasks to queue
[2025-02-19T10:19:50.891-0300] {logging_mixin.py:190} INFO - [2025-02-19T10:19:50.890-0300] {dagbag.py:588} INFO - Filling up the DagBag from /home/lucas/airflow/dags/DAGPipeline.py
[2025-02-19T10:19:51.274-0300] {processor.py:925} INFO - DAG(s) 'PipelineARGUS' retrieved from /home/lucas/airflow/dags/DAGPipeline.py
[2025-02-19T10:19:51.288-0300] {logging_mixin.py:190} INFO - [2025-02-19T10:19:51.288-0300] {dag.py:3239} INFO - Sync 1 DAGs
[2025-02-19T10:19:51.300-0300] {logging_mixin.py:190} INFO - [2025-02-19T10:19:51.300-0300] {dag.py:4180} INFO - Setting next_dagrun for PipelineARGUS to 2025-01-29 00:00:00+00:00, run_after=2025-01-29 00:05:00+00:00
[2025-02-19T10:19:51.325-0300] {processor.py:208} INFO - Processing /home/lucas/airflow/dags/DAGPipeline.py took 0.452 seconds
[2025-02-19T10:20:21.888-0300] {processor.py:186} INFO - Started process (PID=24446) to work on /home/lucas/airflow/dags/DAGPipeline.py
[2025-02-19T10:20:21.900-0300] {processor.py:914} INFO - Processing file /home/lucas/airflow/dags/DAGPipeline.py for tasks to queue
[2025-02-19T10:20:21.906-0300] {logging_mixin.py:190} INFO - [2025-02-19T10:20:21.905-0300] {dagbag.py:588} INFO - Filling up the DagBag from /home/lucas/airflow/dags/DAGPipeline.py
[2025-02-19T10:20:22.367-0300] {processor.py:925} INFO - DAG(s) 'PipelineARGUS' retrieved from /home/lucas/airflow/dags/DAGPipeline.py
[2025-02-19T10:20:22.391-0300] {logging_mixin.py:190} INFO - [2025-02-19T10:20:22.390-0300] {dag.py:3239} INFO - Sync 1 DAGs
[2025-02-19T10:20:22.416-0300] {logging_mixin.py:190} INFO - [2025-02-19T10:20:22.415-0300] {dag.py:4180} INFO - Setting next_dagrun for PipelineARGUS to 2025-01-29 00:00:00+00:00, run_after=2025-01-29 00:05:00+00:00
[2025-02-19T10:20:22.453-0300] {processor.py:208} INFO - Processing /home/lucas/airflow/dags/DAGPipeline.py took 0.579 seconds
[2025-02-19T10:20:52.962-0300] {processor.py:186} INFO - Started process (PID=24768) to work on /home/lucas/airflow/dags/DAGPipeline.py
[2025-02-19T10:20:52.974-0300] {processor.py:914} INFO - Processing file /home/lucas/airflow/dags/DAGPipeline.py for tasks to queue
[2025-02-19T10:20:52.977-0300] {logging_mixin.py:190} INFO - [2025-02-19T10:20:52.977-0300] {dagbag.py:588} INFO - Filling up the DagBag from /home/lucas/airflow/dags/DAGPipeline.py
[2025-02-19T10:20:53.379-0300] {processor.py:925} INFO - DAG(s) 'PipelineARGUS' retrieved from /home/lucas/airflow/dags/DAGPipeline.py
[2025-02-19T10:20:53.393-0300] {logging_mixin.py:190} INFO - [2025-02-19T10:20:53.393-0300] {dag.py:3239} INFO - Sync 1 DAGs
[2025-02-19T10:20:53.407-0300] {logging_mixin.py:190} INFO - [2025-02-19T10:20:53.407-0300] {dag.py:4180} INFO - Setting next_dagrun for PipelineARGUS to 2025-01-29 00:00:00+00:00, run_after=2025-01-29 00:05:00+00:00
[2025-02-19T10:20:53.422-0300] {processor.py:208} INFO - Processing /home/lucas/airflow/dags/DAGPipeline.py took 0.471 seconds
[2025-02-19T10:21:24.397-0300] {processor.py:186} INFO - Started process (PID=24941) to work on /home/lucas/airflow/dags/DAGPipeline.py
[2025-02-19T10:21:24.408-0300] {processor.py:914} INFO - Processing file /home/lucas/airflow/dags/DAGPipeline.py for tasks to queue
[2025-02-19T10:21:24.411-0300] {logging_mixin.py:190} INFO - [2025-02-19T10:21:24.411-0300] {dagbag.py:588} INFO - Filling up the DagBag from /home/lucas/airflow/dags/DAGPipeline.py
[2025-02-19T10:21:25.091-0300] {processor.py:925} INFO - DAG(s) 'PipelineARGUS' retrieved from /home/lucas/airflow/dags/DAGPipeline.py
[2025-02-19T10:21:25.121-0300] {logging_mixin.py:190} INFO - [2025-02-19T10:21:25.120-0300] {dag.py:3239} INFO - Sync 1 DAGs
[2025-02-19T10:21:25.147-0300] {logging_mixin.py:190} INFO - [2025-02-19T10:21:25.147-0300] {dag.py:4180} INFO - Setting next_dagrun for PipelineARGUS to 2025-01-29 00:00:00+00:00, run_after=2025-01-29 00:05:00+00:00
[2025-02-19T10:21:25.185-0300] {processor.py:208} INFO - Processing /home/lucas/airflow/dags/DAGPipeline.py took 0.799 seconds
[2025-02-19T10:21:56.217-0300] {processor.py:186} INFO - Started process (PID=25109) to work on /home/lucas/airflow/dags/DAGPipeline.py
[2025-02-19T10:21:56.256-0300] {processor.py:914} INFO - Processing file /home/lucas/airflow/dags/DAGPipeline.py for tasks to queue
[2025-02-19T10:21:56.259-0300] {logging_mixin.py:190} INFO - [2025-02-19T10:21:56.258-0300] {dagbag.py:588} INFO - Filling up the DagBag from /home/lucas/airflow/dags/DAGPipeline.py
[2025-02-19T10:21:56.929-0300] {processor.py:925} INFO - DAG(s) 'PipelineARGUS' retrieved from /home/lucas/airflow/dags/DAGPipeline.py
[2025-02-19T10:21:56.958-0300] {logging_mixin.py:190} INFO - [2025-02-19T10:21:56.958-0300] {dag.py:3239} INFO - Sync 1 DAGs
[2025-02-19T10:21:56.984-0300] {logging_mixin.py:190} INFO - [2025-02-19T10:21:56.984-0300] {dag.py:4180} INFO - Setting next_dagrun for PipelineARGUS to 2025-01-29 00:00:00+00:00, run_after=2025-01-29 00:05:00+00:00
[2025-02-19T10:21:57.025-0300] {processor.py:208} INFO - Processing /home/lucas/airflow/dags/DAGPipeline.py took 0.819 seconds
[2025-02-19T10:22:27.323-0300] {processor.py:186} INFO - Started process (PID=25290) to work on /home/lucas/airflow/dags/DAGPipeline.py
[2025-02-19T10:22:27.361-0300] {processor.py:914} INFO - Processing file /home/lucas/airflow/dags/DAGPipeline.py for tasks to queue
[2025-02-19T10:22:27.365-0300] {logging_mixin.py:190} INFO - [2025-02-19T10:22:27.364-0300] {dagbag.py:588} INFO - Filling up the DagBag from /home/lucas/airflow/dags/DAGPipeline.py
[2025-02-19T10:22:28.057-0300] {processor.py:925} INFO - DAG(s) 'PipelineARGUS' retrieved from /home/lucas/airflow/dags/DAGPipeline.py
[2025-02-19T10:22:28.085-0300] {logging_mixin.py:190} INFO - [2025-02-19T10:22:28.085-0300] {dag.py:3239} INFO - Sync 1 DAGs
[2025-02-19T10:22:28.111-0300] {logging_mixin.py:190} INFO - [2025-02-19T10:22:28.111-0300] {dag.py:4180} INFO - Setting next_dagrun for PipelineARGUS to 2025-01-29 00:00:00+00:00, run_after=2025-01-29 00:05:00+00:00
[2025-02-19T10:22:28.138-0300] {processor.py:208} INFO - Processing /home/lucas/airflow/dags/DAGPipeline.py took 0.825 seconds
[2025-02-19T10:22:58.492-0300] {processor.py:186} INFO - Started process (PID=25448) to work on /home/lucas/airflow/dags/DAGPipeline.py
[2025-02-19T10:22:58.504-0300] {processor.py:914} INFO - Processing file /home/lucas/airflow/dags/DAGPipeline.py for tasks to queue
[2025-02-19T10:22:58.507-0300] {logging_mixin.py:190} INFO - [2025-02-19T10:22:58.506-0300] {dagbag.py:588} INFO - Filling up the DagBag from /home/lucas/airflow/dags/DAGPipeline.py
[2025-02-19T10:22:59.213-0300] {processor.py:925} INFO - DAG(s) 'PipelineARGUS' retrieved from /home/lucas/airflow/dags/DAGPipeline.py
[2025-02-19T10:22:59.241-0300] {logging_mixin.py:190} INFO - [2025-02-19T10:22:59.241-0300] {dag.py:3239} INFO - Sync 1 DAGs
[2025-02-19T10:22:59.267-0300] {logging_mixin.py:190} INFO - [2025-02-19T10:22:59.267-0300] {dag.py:4180} INFO - Setting next_dagrun for PipelineARGUS to 2025-01-29 00:00:00+00:00, run_after=2025-01-29 00:05:00+00:00
[2025-02-19T10:22:59.303-0300] {processor.py:208} INFO - Processing /home/lucas/airflow/dags/DAGPipeline.py took 0.822 seconds
[2025-02-19T10:23:29.616-0300] {processor.py:186} INFO - Started process (PID=25779) to work on /home/lucas/airflow/dags/DAGPipeline.py
[2025-02-19T10:23:29.628-0300] {processor.py:914} INFO - Processing file /home/lucas/airflow/dags/DAGPipeline.py for tasks to queue
[2025-02-19T10:23:29.632-0300] {logging_mixin.py:190} INFO - [2025-02-19T10:23:29.631-0300] {dagbag.py:588} INFO - Filling up the DagBag from /home/lucas/airflow/dags/DAGPipeline.py
[2025-02-19T10:23:30.384-0300] {processor.py:925} INFO - DAG(s) 'PipelineARGUS' retrieved from /home/lucas/airflow/dags/DAGPipeline.py
[2025-02-19T10:23:30.411-0300] {logging_mixin.py:190} INFO - [2025-02-19T10:23:30.411-0300] {dag.py:3239} INFO - Sync 1 DAGs
[2025-02-19T10:23:30.436-0300] {logging_mixin.py:190} INFO - [2025-02-19T10:23:30.436-0300] {dag.py:4180} INFO - Setting next_dagrun for PipelineARGUS to 2025-01-29 00:00:00+00:00, run_after=2025-01-29 00:05:00+00:00
[2025-02-19T10:23:30.475-0300] {processor.py:208} INFO - Processing /home/lucas/airflow/dags/DAGPipeline.py took 0.870 seconds
[2025-02-19T10:24:17.969-0300] {processor.py:186} INFO - Started process (PID=26452) to work on /home/lucas/airflow/dags/DAGPipeline.py
[2025-02-19T10:24:17.970-0300] {processor.py:914} INFO - Processing file /home/lucas/airflow/dags/DAGPipeline.py for tasks to queue
[2025-02-19T10:24:17.973-0300] {logging_mixin.py:190} INFO - [2025-02-19T10:24:17.973-0300] {dagbag.py:588} INFO - Filling up the DagBag from /home/lucas/airflow/dags/DAGPipeline.py
[2025-02-19T10:24:18.660-0300] {processor.py:925} INFO - DAG(s) 'PipelineARGUS' retrieved from /home/lucas/airflow/dags/DAGPipeline.py
[2025-02-19T10:24:18.698-0300] {logging_mixin.py:190} INFO - [2025-02-19T10:24:18.698-0300] {dag.py:3239} INFO - Sync 1 DAGs
[2025-02-19T10:24:18.722-0300] {logging_mixin.py:190} INFO - [2025-02-19T10:24:18.722-0300] {dag.py:4180} INFO - Setting next_dagrun for PipelineARGUS to 2025-01-29 00:00:00+00:00, run_after=2025-01-29 00:05:00+00:00
[2025-02-19T10:24:18.748-0300] {processor.py:208} INFO - Processing /home/lucas/airflow/dags/DAGPipeline.py took 0.788 seconds
[2025-02-19T10:24:49.591-0300] {processor.py:186} INFO - Started process (PID=26725) to work on /home/lucas/airflow/dags/DAGPipeline.py
[2025-02-19T10:24:49.603-0300] {processor.py:914} INFO - Processing file /home/lucas/airflow/dags/DAGPipeline.py for tasks to queue
[2025-02-19T10:24:49.606-0300] {logging_mixin.py:190} INFO - [2025-02-19T10:24:49.605-0300] {dagbag.py:588} INFO - Filling up the DagBag from /home/lucas/airflow/dags/DAGPipeline.py
[2025-02-19T10:24:50.268-0300] {processor.py:925} INFO - DAG(s) 'PipelineARGUS' retrieved from /home/lucas/airflow/dags/DAGPipeline.py
[2025-02-19T10:24:50.294-0300] {logging_mixin.py:190} INFO - [2025-02-19T10:24:50.293-0300] {dag.py:3239} INFO - Sync 1 DAGs
[2025-02-19T10:24:50.318-0300] {logging_mixin.py:190} INFO - [2025-02-19T10:24:50.317-0300] {dag.py:4180} INFO - Setting next_dagrun for PipelineARGUS to 2025-01-29 00:00:00+00:00, run_after=2025-01-29 00:05:00+00:00
[2025-02-19T10:24:50.342-0300] {processor.py:208} INFO - Processing /home/lucas/airflow/dags/DAGPipeline.py took 0.761 seconds
[2025-02-19T10:25:20.873-0300] {processor.py:186} INFO - Started process (PID=26960) to work on /home/lucas/airflow/dags/DAGPipeline.py
[2025-02-19T10:25:20.885-0300] {processor.py:914} INFO - Processing file /home/lucas/airflow/dags/DAGPipeline.py for tasks to queue
[2025-02-19T10:25:20.888-0300] {logging_mixin.py:190} INFO - [2025-02-19T10:25:20.888-0300] {dagbag.py:588} INFO - Filling up the DagBag from /home/lucas/airflow/dags/DAGPipeline.py
[2025-02-19T10:25:21.708-0300] {processor.py:925} INFO - DAG(s) 'PipelineARGUS' retrieved from /home/lucas/airflow/dags/DAGPipeline.py
[2025-02-19T10:25:21.741-0300] {logging_mixin.py:190} INFO - [2025-02-19T10:25:21.740-0300] {dag.py:3239} INFO - Sync 1 DAGs
[2025-02-19T10:25:21.773-0300] {logging_mixin.py:190} INFO - [2025-02-19T10:25:21.773-0300] {dag.py:4180} INFO - Setting next_dagrun for PipelineARGUS to 2025-01-29 00:00:00+00:00, run_after=2025-01-29 00:05:00+00:00
[2025-02-19T10:25:21.815-0300] {processor.py:208} INFO - Processing /home/lucas/airflow/dags/DAGPipeline.py took 0.952 seconds
[2025-02-19T10:25:52.057-0300] {processor.py:186} INFO - Started process (PID=27135) to work on /home/lucas/airflow/dags/DAGPipeline.py
[2025-02-19T10:25:52.058-0300] {processor.py:914} INFO - Processing file /home/lucas/airflow/dags/DAGPipeline.py for tasks to queue
[2025-02-19T10:25:52.063-0300] {logging_mixin.py:190} INFO - [2025-02-19T10:25:52.062-0300] {dagbag.py:588} INFO - Filling up the DagBag from /home/lucas/airflow/dags/DAGPipeline.py
[2025-02-19T10:25:53.092-0300] {processor.py:925} INFO - DAG(s) 'PipelineARGUS' retrieved from /home/lucas/airflow/dags/DAGPipeline.py
[2025-02-19T10:25:53.144-0300] {logging_mixin.py:190} INFO - [2025-02-19T10:25:53.143-0300] {dag.py:3239} INFO - Sync 1 DAGs
[2025-02-19T10:25:53.193-0300] {logging_mixin.py:190} INFO - [2025-02-19T10:25:53.193-0300] {dag.py:4180} INFO - Setting next_dagrun for PipelineARGUS to 2025-01-29 00:00:00+00:00, run_after=2025-01-29 00:05:00+00:00
[2025-02-19T10:25:53.247-0300] {processor.py:208} INFO - Processing /home/lucas/airflow/dags/DAGPipeline.py took 1.202 seconds
[2025-02-19T10:26:23.666-0300] {processor.py:186} INFO - Started process (PID=27547) to work on /home/lucas/airflow/dags/DAGPipeline.py
[2025-02-19T10:26:23.667-0300] {processor.py:914} INFO - Processing file /home/lucas/airflow/dags/DAGPipeline.py for tasks to queue
[2025-02-19T10:26:23.671-0300] {logging_mixin.py:190} INFO - [2025-02-19T10:26:23.670-0300] {dagbag.py:588} INFO - Filling up the DagBag from /home/lucas/airflow/dags/DAGPipeline.py
[2025-02-19T10:26:24.363-0300] {processor.py:925} INFO - DAG(s) 'PipelineARGUS' retrieved from /home/lucas/airflow/dags/DAGPipeline.py
[2025-02-19T10:26:24.397-0300] {logging_mixin.py:190} INFO - [2025-02-19T10:26:24.397-0300] {dag.py:3239} INFO - Sync 1 DAGs
[2025-02-19T10:26:24.422-0300] {logging_mixin.py:190} INFO - [2025-02-19T10:26:24.422-0300] {dag.py:4180} INFO - Setting next_dagrun for PipelineARGUS to 2025-01-29 00:00:00+00:00, run_after=2025-01-29 00:05:00+00:00
[2025-02-19T10:26:24.449-0300] {processor.py:208} INFO - Processing /home/lucas/airflow/dags/DAGPipeline.py took 0.795 seconds
[2025-02-19T10:26:55.017-0300] {processor.py:186} INFO - Started process (PID=27776) to work on /home/lucas/airflow/dags/DAGPipeline.py
[2025-02-19T10:26:55.029-0300] {processor.py:914} INFO - Processing file /home/lucas/airflow/dags/DAGPipeline.py for tasks to queue
[2025-02-19T10:26:55.032-0300] {logging_mixin.py:190} INFO - [2025-02-19T10:26:55.032-0300] {dagbag.py:588} INFO - Filling up the DagBag from /home/lucas/airflow/dags/DAGPipeline.py
[2025-02-19T10:26:55.710-0300] {processor.py:925} INFO - DAG(s) 'PipelineARGUS' retrieved from /home/lucas/airflow/dags/DAGPipeline.py
[2025-02-19T10:26:55.738-0300] {logging_mixin.py:190} INFO - [2025-02-19T10:26:55.737-0300] {dag.py:3239} INFO - Sync 1 DAGs
[2025-02-19T10:26:55.766-0300] {logging_mixin.py:190} INFO - [2025-02-19T10:26:55.766-0300] {dag.py:4180} INFO - Setting next_dagrun for PipelineARGUS to 2025-01-29 00:00:00+00:00, run_after=2025-01-29 00:05:00+00:00
[2025-02-19T10:26:55.803-0300] {processor.py:208} INFO - Processing /home/lucas/airflow/dags/DAGPipeline.py took 0.797 seconds
[2025-02-19T10:27:27.149-0300] {processor.py:186} INFO - Started process (PID=28035) to work on /home/lucas/airflow/dags/DAGPipeline.py
[2025-02-19T10:27:27.160-0300] {processor.py:914} INFO - Processing file /home/lucas/airflow/dags/DAGPipeline.py for tasks to queue
[2025-02-19T10:27:27.164-0300] {logging_mixin.py:190} INFO - [2025-02-19T10:27:27.163-0300] {dagbag.py:588} INFO - Filling up the DagBag from /home/lucas/airflow/dags/DAGPipeline.py
[2025-02-19T10:27:27.886-0300] {processor.py:925} INFO - DAG(s) 'PipelineARGUS' retrieved from /home/lucas/airflow/dags/DAGPipeline.py
[2025-02-19T10:27:27.916-0300] {logging_mixin.py:190} INFO - [2025-02-19T10:27:27.916-0300] {dag.py:3239} INFO - Sync 1 DAGs
[2025-02-19T10:27:27.941-0300] {logging_mixin.py:190} INFO - [2025-02-19T10:27:27.940-0300] {dag.py:4180} INFO - Setting next_dagrun for PipelineARGUS to 2025-01-29 00:00:00+00:00, run_after=2025-01-29 00:05:00+00:00
[2025-02-19T10:27:27.978-0300] {processor.py:208} INFO - Processing /home/lucas/airflow/dags/DAGPipeline.py took 0.840 seconds
[2025-02-19T10:28:24.010-0300] {processor.py:186} INFO - Started process (PID=28776) to work on /home/lucas/airflow/dags/DAGPipeline.py
[2025-02-19T10:28:24.021-0300] {processor.py:914} INFO - Processing file /home/lucas/airflow/dags/DAGPipeline.py for tasks to queue
[2025-02-19T10:28:24.024-0300] {logging_mixin.py:190} INFO - [2025-02-19T10:28:24.024-0300] {dagbag.py:588} INFO - Filling up the DagBag from /home/lucas/airflow/dags/DAGPipeline.py
[2025-02-19T10:28:24.704-0300] {processor.py:925} INFO - DAG(s) 'PipelineARGUS' retrieved from /home/lucas/airflow/dags/DAGPipeline.py
[2025-02-19T10:28:24.740-0300] {logging_mixin.py:190} INFO - [2025-02-19T10:28:24.740-0300] {dag.py:3239} INFO - Sync 1 DAGs
[2025-02-19T10:28:24.764-0300] {logging_mixin.py:190} INFO - [2025-02-19T10:28:24.763-0300] {dag.py:4180} INFO - Setting next_dagrun for PipelineARGUS to 2025-01-29 00:00:00+00:00, run_after=2025-01-29 00:05:00+00:00
[2025-02-19T10:28:24.791-0300] {processor.py:208} INFO - Processing /home/lucas/airflow/dags/DAGPipeline.py took 0.792 seconds
[2025-02-19T10:28:56.053-0300] {processor.py:186} INFO - Started process (PID=28967) to work on /home/lucas/airflow/dags/DAGPipeline.py
[2025-02-19T10:28:56.054-0300] {processor.py:914} INFO - Processing file /home/lucas/airflow/dags/DAGPipeline.py for tasks to queue
[2025-02-19T10:28:56.057-0300] {logging_mixin.py:190} INFO - [2025-02-19T10:28:56.057-0300] {dagbag.py:588} INFO - Filling up the DagBag from /home/lucas/airflow/dags/DAGPipeline.py
[2025-02-19T10:28:56.755-0300] {processor.py:925} INFO - DAG(s) 'PipelineARGUS' retrieved from /home/lucas/airflow/dags/DAGPipeline.py
[2025-02-19T10:28:56.791-0300] {logging_mixin.py:190} INFO - [2025-02-19T10:28:56.790-0300] {dag.py:3239} INFO - Sync 1 DAGs
[2025-02-19T10:28:56.816-0300] {logging_mixin.py:190} INFO - [2025-02-19T10:28:56.816-0300] {dag.py:4180} INFO - Setting next_dagrun for PipelineARGUS to 2025-01-29 00:00:00+00:00, run_after=2025-01-29 00:05:00+00:00
[2025-02-19T10:28:56.841-0300] {processor.py:208} INFO - Processing /home/lucas/airflow/dags/DAGPipeline.py took 0.798 seconds
[2025-02-19T10:29:27.757-0300] {processor.py:186} INFO - Started process (PID=29168) to work on /home/lucas/airflow/dags/DAGPipeline.py
[2025-02-19T10:29:27.759-0300] {processor.py:914} INFO - Processing file /home/lucas/airflow/dags/DAGPipeline.py for tasks to queue
[2025-02-19T10:29:27.762-0300] {logging_mixin.py:190} INFO - [2025-02-19T10:29:27.761-0300] {dagbag.py:588} INFO - Filling up the DagBag from /home/lucas/airflow/dags/DAGPipeline.py
[2025-02-19T10:29:28.460-0300] {processor.py:925} INFO - DAG(s) 'PipelineARGUS' retrieved from /home/lucas/airflow/dags/DAGPipeline.py
[2025-02-19T10:29:28.490-0300] {logging_mixin.py:190} INFO - [2025-02-19T10:29:28.489-0300] {dag.py:3239} INFO - Sync 1 DAGs
[2025-02-19T10:29:28.514-0300] {logging_mixin.py:190} INFO - [2025-02-19T10:29:28.514-0300] {dag.py:4180} INFO - Setting next_dagrun for PipelineARGUS to 2025-01-29 00:00:00+00:00, run_after=2025-01-29 00:05:00+00:00
[2025-02-19T10:29:28.542-0300] {processor.py:208} INFO - Processing /home/lucas/airflow/dags/DAGPipeline.py took 0.794 seconds
[2025-02-19T10:29:59.389-0300] {processor.py:186} INFO - Started process (PID=29318) to work on /home/lucas/airflow/dags/DAGPipeline.py
[2025-02-19T10:29:59.400-0300] {processor.py:914} INFO - Processing file /home/lucas/airflow/dags/DAGPipeline.py for tasks to queue
[2025-02-19T10:29:59.404-0300] {logging_mixin.py:190} INFO - [2025-02-19T10:29:59.403-0300] {dagbag.py:588} INFO - Filling up the DagBag from /home/lucas/airflow/dags/DAGPipeline.py
[2025-02-19T10:30:00.086-0300] {processor.py:925} INFO - DAG(s) 'PipelineARGUS' retrieved from /home/lucas/airflow/dags/DAGPipeline.py
[2025-02-19T10:30:00.113-0300] {logging_mixin.py:190} INFO - [2025-02-19T10:30:00.113-0300] {dag.py:3239} INFO - Sync 1 DAGs
[2025-02-19T10:30:00.137-0300] {logging_mixin.py:190} INFO - [2025-02-19T10:30:00.137-0300] {dag.py:4180} INFO - Setting next_dagrun for PipelineARGUS to 2025-01-29 00:00:00+00:00, run_after=2025-01-29 00:05:00+00:00
[2025-02-19T10:30:00.167-0300] {processor.py:208} INFO - Processing /home/lucas/airflow/dags/DAGPipeline.py took 0.789 seconds
[2025-02-19T10:30:30.729-0300] {processor.py:186} INFO - Started process (PID=29502) to work on /home/lucas/airflow/dags/DAGPipeline.py
[2025-02-19T10:30:30.731-0300] {processor.py:914} INFO - Processing file /home/lucas/airflow/dags/DAGPipeline.py for tasks to queue
[2025-02-19T10:30:30.734-0300] {logging_mixin.py:190} INFO - [2025-02-19T10:30:30.734-0300] {dagbag.py:588} INFO - Filling up the DagBag from /home/lucas/airflow/dags/DAGPipeline.py
[2025-02-19T10:30:31.470-0300] {processor.py:925} INFO - DAG(s) 'PipelineARGUS' retrieved from /home/lucas/airflow/dags/DAGPipeline.py
[2025-02-19T10:30:31.510-0300] {logging_mixin.py:190} INFO - [2025-02-19T10:30:31.510-0300] {dag.py:3239} INFO - Sync 1 DAGs
[2025-02-19T10:30:31.547-0300] {logging_mixin.py:190} INFO - [2025-02-19T10:30:31.547-0300] {dag.py:4180} INFO - Setting next_dagrun for PipelineARGUS to 2025-01-29 00:00:00+00:00, run_after=2025-01-29 00:05:00+00:00
[2025-02-19T10:30:31.592-0300] {processor.py:208} INFO - Processing /home/lucas/airflow/dags/DAGPipeline.py took 0.874 seconds
[2025-02-19T10:31:01.966-0300] {processor.py:186} INFO - Started process (PID=29645) to work on /home/lucas/airflow/dags/DAGPipeline.py
[2025-02-19T10:31:01.977-0300] {processor.py:914} INFO - Processing file /home/lucas/airflow/dags/DAGPipeline.py for tasks to queue
[2025-02-19T10:31:01.980-0300] {logging_mixin.py:190} INFO - [2025-02-19T10:31:01.980-0300] {dagbag.py:588} INFO - Filling up the DagBag from /home/lucas/airflow/dags/DAGPipeline.py
[2025-02-19T10:31:02.667-0300] {processor.py:925} INFO - DAG(s) 'PipelineARGUS' retrieved from /home/lucas/airflow/dags/DAGPipeline.py
[2025-02-19T10:31:02.705-0300] {logging_mixin.py:190} INFO - [2025-02-19T10:31:02.704-0300] {dag.py:3239} INFO - Sync 1 DAGs
[2025-02-19T10:31:02.737-0300] {logging_mixin.py:190} INFO - [2025-02-19T10:31:02.736-0300] {dag.py:4180} INFO - Setting next_dagrun for PipelineARGUS to 2025-01-29 00:00:00+00:00, run_after=2025-01-29 00:05:00+00:00
[2025-02-19T10:31:02.779-0300] {processor.py:208} INFO - Processing /home/lucas/airflow/dags/DAGPipeline.py took 0.824 seconds
[2025-02-19T10:31:33.331-0300] {processor.py:186} INFO - Started process (PID=29806) to work on /home/lucas/airflow/dags/DAGPipeline.py
[2025-02-19T10:31:33.333-0300] {processor.py:914} INFO - Processing file /home/lucas/airflow/dags/DAGPipeline.py for tasks to queue
[2025-02-19T10:31:33.337-0300] {logging_mixin.py:190} INFO - [2025-02-19T10:31:33.336-0300] {dagbag.py:588} INFO - Filling up the DagBag from /home/lucas/airflow/dags/DAGPipeline.py
[2025-02-19T10:31:34.150-0300] {processor.py:925} INFO - DAG(s) 'PipelineARGUS' retrieved from /home/lucas/airflow/dags/DAGPipeline.py
[2025-02-19T10:31:34.192-0300] {logging_mixin.py:190} INFO - [2025-02-19T10:31:34.191-0300] {dag.py:3239} INFO - Sync 1 DAGs
[2025-02-19T10:31:34.229-0300] {logging_mixin.py:190} INFO - [2025-02-19T10:31:34.228-0300] {dag.py:4180} INFO - Setting next_dagrun for PipelineARGUS to 2025-01-29 00:00:00+00:00, run_after=2025-01-29 00:05:00+00:00
[2025-02-19T10:31:34.268-0300] {processor.py:208} INFO - Processing /home/lucas/airflow/dags/DAGPipeline.py took 0.950 seconds
[2025-02-19T10:32:05.310-0300] {processor.py:186} INFO - Started process (PID=29952) to work on /home/lucas/airflow/dags/DAGPipeline.py
[2025-02-19T10:32:05.312-0300] {processor.py:914} INFO - Processing file /home/lucas/airflow/dags/DAGPipeline.py for tasks to queue
[2025-02-19T10:32:05.316-0300] {logging_mixin.py:190} INFO - [2025-02-19T10:32:05.315-0300] {dagbag.py:588} INFO - Filling up the DagBag from /home/lucas/airflow/dags/DAGPipeline.py
[2025-02-19T10:32:06.225-0300] {processor.py:925} INFO - DAG(s) 'PipelineARGUS' retrieved from /home/lucas/airflow/dags/DAGPipeline.py
[2025-02-19T10:32:06.268-0300] {logging_mixin.py:190} INFO - [2025-02-19T10:32:06.268-0300] {dag.py:3239} INFO - Sync 1 DAGs
[2025-02-19T10:32:06.297-0300] {logging_mixin.py:190} INFO - [2025-02-19T10:32:06.297-0300] {dag.py:4180} INFO - Setting next_dagrun for PipelineARGUS to 2025-01-29 00:00:00+00:00, run_after=2025-01-29 00:05:00+00:00
[2025-02-19T10:32:06.330-0300] {processor.py:208} INFO - Processing /home/lucas/airflow/dags/DAGPipeline.py took 1.034 seconds
[2025-02-19T10:32:36.571-0300] {processor.py:186} INFO - Started process (PID=30098) to work on /home/lucas/airflow/dags/DAGPipeline.py
[2025-02-19T10:32:36.572-0300] {processor.py:914} INFO - Processing file /home/lucas/airflow/dags/DAGPipeline.py for tasks to queue
[2025-02-19T10:32:36.576-0300] {logging_mixin.py:190} INFO - [2025-02-19T10:32:36.575-0300] {dagbag.py:588} INFO - Filling up the DagBag from /home/lucas/airflow/dags/DAGPipeline.py
[2025-02-19T10:32:37.322-0300] {processor.py:925} INFO - DAG(s) 'PipelineARGUS' retrieved from /home/lucas/airflow/dags/DAGPipeline.py
[2025-02-19T10:32:37.361-0300] {logging_mixin.py:190} INFO - [2025-02-19T10:32:37.361-0300] {dag.py:3239} INFO - Sync 1 DAGs
[2025-02-19T10:32:37.405-0300] {logging_mixin.py:190} INFO - [2025-02-19T10:32:37.404-0300] {dag.py:4180} INFO - Setting next_dagrun for PipelineARGUS to 2025-01-29 00:00:00+00:00, run_after=2025-01-29 00:05:00+00:00
[2025-02-19T10:32:37.441-0300] {processor.py:208} INFO - Processing /home/lucas/airflow/dags/DAGPipeline.py took 0.881 seconds
[2025-02-19T10:33:07.620-0300] {processor.py:186} INFO - Started process (PID=30273) to work on /home/lucas/airflow/dags/DAGPipeline.py
[2025-02-19T10:33:07.622-0300] {processor.py:914} INFO - Processing file /home/lucas/airflow/dags/DAGPipeline.py for tasks to queue
[2025-02-19T10:33:07.626-0300] {logging_mixin.py:190} INFO - [2025-02-19T10:33:07.625-0300] {dagbag.py:588} INFO - Filling up the DagBag from /home/lucas/airflow/dags/DAGPipeline.py
[2025-02-19T10:33:08.441-0300] {processor.py:925} INFO - DAG(s) 'PipelineARGUS' retrieved from /home/lucas/airflow/dags/DAGPipeline.py
[2025-02-19T10:33:08.471-0300] {logging_mixin.py:190} INFO - [2025-02-19T10:33:08.470-0300] {dag.py:3239} INFO - Sync 1 DAGs
[2025-02-19T10:33:08.496-0300] {logging_mixin.py:190} INFO - [2025-02-19T10:33:08.496-0300] {dag.py:4180} INFO - Setting next_dagrun for PipelineARGUS to 2025-01-29 00:00:00+00:00, run_after=2025-01-29 00:05:00+00:00
[2025-02-19T10:33:08.538-0300] {processor.py:208} INFO - Processing /home/lucas/airflow/dags/DAGPipeline.py took 0.931 seconds
[2025-02-19T10:33:39.248-0300] {processor.py:186} INFO - Started process (PID=30424) to work on /home/lucas/airflow/dags/DAGPipeline.py
[2025-02-19T10:33:39.260-0300] {processor.py:914} INFO - Processing file /home/lucas/airflow/dags/DAGPipeline.py for tasks to queue
[2025-02-19T10:33:39.263-0300] {logging_mixin.py:190} INFO - [2025-02-19T10:33:39.263-0300] {dagbag.py:588} INFO - Filling up the DagBag from /home/lucas/airflow/dags/DAGPipeline.py
[2025-02-19T10:33:39.924-0300] {processor.py:925} INFO - DAG(s) 'PipelineARGUS' retrieved from /home/lucas/airflow/dags/DAGPipeline.py
[2025-02-19T10:33:39.951-0300] {logging_mixin.py:190} INFO - [2025-02-19T10:33:39.950-0300] {dag.py:3239} INFO - Sync 1 DAGs
[2025-02-19T10:33:39.978-0300] {logging_mixin.py:190} INFO - [2025-02-19T10:33:39.978-0300] {dag.py:4180} INFO - Setting next_dagrun for PipelineARGUS to 2025-01-29 00:00:00+00:00, run_after=2025-01-29 00:05:00+00:00
[2025-02-19T10:33:40.015-0300] {processor.py:208} INFO - Processing /home/lucas/airflow/dags/DAGPipeline.py took 0.777 seconds
[2025-02-19T10:34:10.258-0300] {processor.py:186} INFO - Started process (PID=30575) to work on /home/lucas/airflow/dags/DAGPipeline.py
[2025-02-19T10:34:10.259-0300] {processor.py:914} INFO - Processing file /home/lucas/airflow/dags/DAGPipeline.py for tasks to queue
[2025-02-19T10:34:10.262-0300] {logging_mixin.py:190} INFO - [2025-02-19T10:34:10.261-0300] {dagbag.py:588} INFO - Filling up the DagBag from /home/lucas/airflow/dags/DAGPipeline.py
[2025-02-19T10:34:10.956-0300] {processor.py:925} INFO - DAG(s) 'PipelineARGUS' retrieved from /home/lucas/airflow/dags/DAGPipeline.py
[2025-02-19T10:34:10.983-0300] {logging_mixin.py:190} INFO - [2025-02-19T10:34:10.982-0300] {dag.py:3239} INFO - Sync 1 DAGs
[2025-02-19T10:34:11.009-0300] {logging_mixin.py:190} INFO - [2025-02-19T10:34:11.008-0300] {dag.py:4180} INFO - Setting next_dagrun for PipelineARGUS to 2025-01-29 00:00:00+00:00, run_after=2025-01-29 00:05:00+00:00
[2025-02-19T10:34:11.045-0300] {processor.py:208} INFO - Processing /home/lucas/airflow/dags/DAGPipeline.py took 0.798 seconds
[2025-02-19T10:34:41.284-0300] {processor.py:186} INFO - Started process (PID=30718) to work on /home/lucas/airflow/dags/DAGPipeline.py
[2025-02-19T10:34:41.295-0300] {processor.py:914} INFO - Processing file /home/lucas/airflow/dags/DAGPipeline.py for tasks to queue
[2025-02-19T10:34:41.298-0300] {logging_mixin.py:190} INFO - [2025-02-19T10:34:41.298-0300] {dagbag.py:588} INFO - Filling up the DagBag from /home/lucas/airflow/dags/DAGPipeline.py
[2025-02-19T10:34:41.961-0300] {processor.py:925} INFO - DAG(s) 'PipelineARGUS' retrieved from /home/lucas/airflow/dags/DAGPipeline.py
[2025-02-19T10:34:41.987-0300] {logging_mixin.py:190} INFO - [2025-02-19T10:34:41.987-0300] {dag.py:3239} INFO - Sync 1 DAGs
[2025-02-19T10:34:42.011-0300] {logging_mixin.py:190} INFO - [2025-02-19T10:34:42.011-0300] {dag.py:4180} INFO - Setting next_dagrun for PipelineARGUS to 2025-01-29 00:00:00+00:00, run_after=2025-01-29 00:05:00+00:00
[2025-02-19T10:34:42.057-0300] {processor.py:208} INFO - Processing /home/lucas/airflow/dags/DAGPipeline.py took 0.783 seconds
[2025-02-19T10:35:12.315-0300] {processor.py:186} INFO - Started process (PID=30866) to work on /home/lucas/airflow/dags/DAGPipeline.py
[2025-02-19T10:35:12.327-0300] {processor.py:914} INFO - Processing file /home/lucas/airflow/dags/DAGPipeline.py for tasks to queue
[2025-02-19T10:35:12.330-0300] {logging_mixin.py:190} INFO - [2025-02-19T10:35:12.329-0300] {dagbag.py:588} INFO - Filling up the DagBag from /home/lucas/airflow/dags/DAGPipeline.py
[2025-02-19T10:35:13.041-0300] {processor.py:925} INFO - DAG(s) 'PipelineARGUS' retrieved from /home/lucas/airflow/dags/DAGPipeline.py
[2025-02-19T10:35:13.068-0300] {logging_mixin.py:190} INFO - [2025-02-19T10:35:13.067-0300] {dag.py:3239} INFO - Sync 1 DAGs
[2025-02-19T10:35:13.097-0300] {logging_mixin.py:190} INFO - [2025-02-19T10:35:13.096-0300] {dag.py:4180} INFO - Setting next_dagrun for PipelineARGUS to 2025-01-29 00:00:00+00:00, run_after=2025-01-29 00:05:00+00:00
[2025-02-19T10:35:13.136-0300] {processor.py:208} INFO - Processing /home/lucas/airflow/dags/DAGPipeline.py took 0.830 seconds
[2025-02-19T10:35:43.672-0300] {processor.py:186} INFO - Started process (PID=31102) to work on /home/lucas/airflow/dags/DAGPipeline.py
[2025-02-19T10:35:43.673-0300] {processor.py:914} INFO - Processing file /home/lucas/airflow/dags/DAGPipeline.py for tasks to queue
[2025-02-19T10:35:43.676-0300] {logging_mixin.py:190} INFO - [2025-02-19T10:35:43.676-0300] {dagbag.py:588} INFO - Filling up the DagBag from /home/lucas/airflow/dags/DAGPipeline.py
[2025-02-19T10:35:44.373-0300] {processor.py:925} INFO - DAG(s) 'PipelineARGUS' retrieved from /home/lucas/airflow/dags/DAGPipeline.py
[2025-02-19T10:35:44.413-0300] {logging_mixin.py:190} INFO - [2025-02-19T10:35:44.412-0300] {dag.py:3239} INFO - Sync 1 DAGs
[2025-02-19T10:35:44.440-0300] {logging_mixin.py:190} INFO - [2025-02-19T10:35:44.440-0300] {dag.py:4180} INFO - Setting next_dagrun for PipelineARGUS to 2025-01-29 00:00:00+00:00, run_after=2025-01-29 00:05:00+00:00
[2025-02-19T10:35:44.471-0300] {processor.py:208} INFO - Processing /home/lucas/airflow/dags/DAGPipeline.py took 0.810 seconds
[2025-02-19T10:36:14.873-0300] {processor.py:186} INFO - Started process (PID=31337) to work on /home/lucas/airflow/dags/DAGPipeline.py
[2025-02-19T10:36:14.875-0300] {processor.py:914} INFO - Processing file /home/lucas/airflow/dags/DAGPipeline.py for tasks to queue
[2025-02-19T10:36:14.880-0300] {logging_mixin.py:190} INFO - [2025-02-19T10:36:14.879-0300] {dagbag.py:588} INFO - Filling up the DagBag from /home/lucas/airflow/dags/DAGPipeline.py
[2025-02-19T10:36:15.691-0300] {processor.py:925} INFO - DAG(s) 'PipelineARGUS' retrieved from /home/lucas/airflow/dags/DAGPipeline.py
[2025-02-19T10:36:15.721-0300] {logging_mixin.py:190} INFO - [2025-02-19T10:36:15.721-0300] {dag.py:3239} INFO - Sync 1 DAGs
[2025-02-19T10:36:15.747-0300] {logging_mixin.py:190} INFO - [2025-02-19T10:36:15.746-0300] {dag.py:4180} INFO - Setting next_dagrun for PipelineARGUS to 2025-01-29 00:00:00+00:00, run_after=2025-01-29 00:05:00+00:00
[2025-02-19T10:36:15.785-0300] {processor.py:208} INFO - Processing /home/lucas/airflow/dags/DAGPipeline.py took 0.925 seconds
[2025-02-19T10:36:46.083-0300] {processor.py:186} INFO - Started process (PID=31490) to work on /home/lucas/airflow/dags/DAGPipeline.py
[2025-02-19T10:36:46.086-0300] {processor.py:914} INFO - Processing file /home/lucas/airflow/dags/DAGPipeline.py for tasks to queue
[2025-02-19T10:36:46.091-0300] {logging_mixin.py:190} INFO - [2025-02-19T10:36:46.090-0300] {dagbag.py:588} INFO - Filling up the DagBag from /home/lucas/airflow/dags/DAGPipeline.py
[2025-02-19T10:36:46.973-0300] {processor.py:925} INFO - DAG(s) 'PipelineARGUS' retrieved from /home/lucas/airflow/dags/DAGPipeline.py
[2025-02-19T10:36:47.010-0300] {logging_mixin.py:190} INFO - [2025-02-19T10:36:47.010-0300] {dag.py:3239} INFO - Sync 1 DAGs
[2025-02-19T10:36:47.045-0300] {logging_mixin.py:190} INFO - [2025-02-19T10:36:47.045-0300] {dag.py:4180} INFO - Setting next_dagrun for PipelineARGUS to 2025-01-29 00:00:00+00:00, run_after=2025-01-29 00:05:00+00:00
[2025-02-19T10:36:47.079-0300] {processor.py:208} INFO - Processing /home/lucas/airflow/dags/DAGPipeline.py took 1.013 seconds
[2025-02-19T10:37:17.674-0300] {processor.py:186} INFO - Started process (PID=31643) to work on /home/lucas/airflow/dags/DAGPipeline.py
[2025-02-19T10:37:17.686-0300] {processor.py:914} INFO - Processing file /home/lucas/airflow/dags/DAGPipeline.py for tasks to queue
[2025-02-19T10:37:17.689-0300] {logging_mixin.py:190} INFO - [2025-02-19T10:37:17.689-0300] {dagbag.py:588} INFO - Filling up the DagBag from /home/lucas/airflow/dags/DAGPipeline.py
[2025-02-19T10:37:18.475-0300] {processor.py:925} INFO - DAG(s) 'PipelineARGUS' retrieved from /home/lucas/airflow/dags/DAGPipeline.py
[2025-02-19T10:37:18.543-0300] {logging_mixin.py:190} INFO - [2025-02-19T10:37:18.542-0300] {dag.py:3239} INFO - Sync 1 DAGs
[2025-02-19T10:37:18.583-0300] {logging_mixin.py:190} INFO - [2025-02-19T10:37:18.582-0300] {dag.py:4180} INFO - Setting next_dagrun for PipelineARGUS to 2025-01-29 00:00:00+00:00, run_after=2025-01-29 00:05:00+00:00
[2025-02-19T10:37:18.628-0300] {processor.py:208} INFO - Processing /home/lucas/airflow/dags/DAGPipeline.py took 0.965 seconds
[2025-02-19T10:37:48.900-0300] {processor.py:186} INFO - Started process (PID=31796) to work on /home/lucas/airflow/dags/DAGPipeline.py
[2025-02-19T10:37:48.902-0300] {processor.py:914} INFO - Processing file /home/lucas/airflow/dags/DAGPipeline.py for tasks to queue
[2025-02-19T10:37:48.906-0300] {logging_mixin.py:190} INFO - [2025-02-19T10:37:48.905-0300] {dagbag.py:588} INFO - Filling up the DagBag from /home/lucas/airflow/dags/DAGPipeline.py
[2025-02-19T10:37:49.749-0300] {processor.py:925} INFO - DAG(s) 'PipelineARGUS' retrieved from /home/lucas/airflow/dags/DAGPipeline.py
[2025-02-19T10:37:49.798-0300] {logging_mixin.py:190} INFO - [2025-02-19T10:37:49.797-0300] {dag.py:3239} INFO - Sync 1 DAGs
[2025-02-19T10:37:49.842-0300] {logging_mixin.py:190} INFO - [2025-02-19T10:37:49.841-0300] {dag.py:4180} INFO - Setting next_dagrun for PipelineARGUS to 2025-01-29 00:00:00+00:00, run_after=2025-01-29 00:05:00+00:00
[2025-02-19T10:37:49.896-0300] {processor.py:208} INFO - Processing /home/lucas/airflow/dags/DAGPipeline.py took 1.008 seconds
[2025-02-19T10:38:20.052-0300] {processor.py:186} INFO - Started process (PID=31947) to work on /home/lucas/airflow/dags/DAGPipeline.py
[2025-02-19T10:38:20.064-0300] {processor.py:914} INFO - Processing file /home/lucas/airflow/dags/DAGPipeline.py for tasks to queue
[2025-02-19T10:38:20.067-0300] {logging_mixin.py:190} INFO - [2025-02-19T10:38:20.066-0300] {dagbag.py:588} INFO - Filling up the DagBag from /home/lucas/airflow/dags/DAGPipeline.py
[2025-02-19T10:38:20.794-0300] {processor.py:925} INFO - DAG(s) 'PipelineARGUS' retrieved from /home/lucas/airflow/dags/DAGPipeline.py
[2025-02-19T10:38:20.822-0300] {logging_mixin.py:190} INFO - [2025-02-19T10:38:20.822-0300] {dag.py:3239} INFO - Sync 1 DAGs
[2025-02-19T10:38:20.851-0300] {logging_mixin.py:190} INFO - [2025-02-19T10:38:20.850-0300] {dag.py:4180} INFO - Setting next_dagrun for PipelineARGUS to 2025-01-29 00:00:00+00:00, run_after=2025-01-29 00:05:00+00:00
[2025-02-19T10:38:20.888-0300] {processor.py:208} INFO - Processing /home/lucas/airflow/dags/DAGPipeline.py took 0.847 seconds
[2025-02-19T10:38:52.788-0300] {processor.py:186} INFO - Started process (PID=32222) to work on /home/lucas/airflow/dags/DAGPipeline.py
[2025-02-19T10:38:52.794-0300] {processor.py:914} INFO - Processing file /home/lucas/airflow/dags/DAGPipeline.py for tasks to queue
[2025-02-19T10:38:52.803-0300] {logging_mixin.py:190} INFO - [2025-02-19T10:38:52.799-0300] {dagbag.py:588} INFO - Filling up the DagBag from /home/lucas/airflow/dags/DAGPipeline.py
[2025-02-19T10:38:53.810-0300] {processor.py:925} INFO - DAG(s) 'PipelineARGUS' retrieved from /home/lucas/airflow/dags/DAGPipeline.py
[2025-02-19T10:38:53.844-0300] {logging_mixin.py:190} INFO - [2025-02-19T10:38:53.844-0300] {dag.py:3239} INFO - Sync 1 DAGs
[2025-02-19T10:38:53.876-0300] {logging_mixin.py:190} INFO - [2025-02-19T10:38:53.876-0300] {dag.py:4180} INFO - Setting next_dagrun for PipelineARGUS to 2025-01-29 00:00:00+00:00, run_after=2025-01-29 00:05:00+00:00
[2025-02-19T10:38:53.936-0300] {processor.py:208} INFO - Processing /home/lucas/airflow/dags/DAGPipeline.py took 1.165 seconds
[2025-02-19T10:39:24.358-0300] {processor.py:186} INFO - Started process (PID=32384) to work on /home/lucas/airflow/dags/DAGPipeline.py
[2025-02-19T10:39:24.370-0300] {processor.py:914} INFO - Processing file /home/lucas/airflow/dags/DAGPipeline.py for tasks to queue
[2025-02-19T10:39:24.374-0300] {logging_mixin.py:190} INFO - [2025-02-19T10:39:24.373-0300] {dagbag.py:588} INFO - Filling up the DagBag from /home/lucas/airflow/dags/DAGPipeline.py
[2025-02-19T10:39:25.121-0300] {processor.py:925} INFO - DAG(s) 'PipelineARGUS' retrieved from /home/lucas/airflow/dags/DAGPipeline.py
[2025-02-19T10:39:25.149-0300] {logging_mixin.py:190} INFO - [2025-02-19T10:39:25.149-0300] {dag.py:3239} INFO - Sync 1 DAGs
[2025-02-19T10:39:25.183-0300] {logging_mixin.py:190} INFO - [2025-02-19T10:39:25.182-0300] {dag.py:4180} INFO - Setting next_dagrun for PipelineARGUS to 2025-01-29 00:00:00+00:00, run_after=2025-01-29 00:05:00+00:00
[2025-02-19T10:39:25.228-0300] {processor.py:208} INFO - Processing /home/lucas/airflow/dags/DAGPipeline.py took 0.881 seconds
[2025-02-19T10:39:55.743-0300] {processor.py:186} INFO - Started process (PID=32538) to work on /home/lucas/airflow/dags/DAGPipeline.py
[2025-02-19T10:39:55.755-0300] {processor.py:914} INFO - Processing file /home/lucas/airflow/dags/DAGPipeline.py for tasks to queue
[2025-02-19T10:39:55.759-0300] {logging_mixin.py:190} INFO - [2025-02-19T10:39:55.758-0300] {dagbag.py:588} INFO - Filling up the DagBag from /home/lucas/airflow/dags/DAGPipeline.py
[2025-02-19T10:39:56.549-0300] {processor.py:925} INFO - DAG(s) 'PipelineARGUS' retrieved from /home/lucas/airflow/dags/DAGPipeline.py
[2025-02-19T10:39:56.583-0300] {logging_mixin.py:190} INFO - [2025-02-19T10:39:56.583-0300] {dag.py:3239} INFO - Sync 1 DAGs
[2025-02-19T10:39:56.611-0300] {logging_mixin.py:190} INFO - [2025-02-19T10:39:56.611-0300] {dag.py:4180} INFO - Setting next_dagrun for PipelineARGUS to 2025-01-29 00:00:00+00:00, run_after=2025-01-29 00:05:00+00:00
[2025-02-19T10:39:56.652-0300] {processor.py:208} INFO - Processing /home/lucas/airflow/dags/DAGPipeline.py took 0.921 seconds
[2025-02-19T10:40:27.113-0300] {processor.py:186} INFO - Started process (PID=32697) to work on /home/lucas/airflow/dags/DAGPipeline.py
[2025-02-19T10:40:27.125-0300] {processor.py:914} INFO - Processing file /home/lucas/airflow/dags/DAGPipeline.py for tasks to queue
[2025-02-19T10:40:27.128-0300] {logging_mixin.py:190} INFO - [2025-02-19T10:40:27.127-0300] {dagbag.py:588} INFO - Filling up the DagBag from /home/lucas/airflow/dags/DAGPipeline.py
[2025-02-19T10:40:27.862-0300] {processor.py:925} INFO - DAG(s) 'PipelineARGUS' retrieved from /home/lucas/airflow/dags/DAGPipeline.py
[2025-02-19T10:40:27.898-0300] {logging_mixin.py:190} INFO - [2025-02-19T10:40:27.897-0300] {dag.py:3239} INFO - Sync 1 DAGs
[2025-02-19T10:40:27.932-0300] {logging_mixin.py:190} INFO - [2025-02-19T10:40:27.932-0300] {dag.py:4180} INFO - Setting next_dagrun for PipelineARGUS to 2025-01-29 00:00:00+00:00, run_after=2025-01-29 00:05:00+00:00
[2025-02-19T10:40:27.978-0300] {processor.py:208} INFO - Processing /home/lucas/airflow/dags/DAGPipeline.py took 0.876 seconds
[2025-02-19T10:40:58.449-0300] {processor.py:186} INFO - Started process (PID=32851) to work on /home/lucas/airflow/dags/DAGPipeline.py
[2025-02-19T10:40:58.461-0300] {processor.py:914} INFO - Processing file /home/lucas/airflow/dags/DAGPipeline.py for tasks to queue
[2025-02-19T10:40:58.465-0300] {logging_mixin.py:190} INFO - [2025-02-19T10:40:58.464-0300] {dagbag.py:588} INFO - Filling up the DagBag from /home/lucas/airflow/dags/DAGPipeline.py
[2025-02-19T10:40:59.203-0300] {processor.py:925} INFO - DAG(s) 'PipelineARGUS' retrieved from /home/lucas/airflow/dags/DAGPipeline.py
[2025-02-19T10:40:59.231-0300] {logging_mixin.py:190} INFO - [2025-02-19T10:40:59.231-0300] {dag.py:3239} INFO - Sync 1 DAGs
[2025-02-19T10:40:59.263-0300] {logging_mixin.py:190} INFO - [2025-02-19T10:40:59.263-0300] {dag.py:4180} INFO - Setting next_dagrun for PipelineARGUS to 2025-01-29 00:00:00+00:00, run_after=2025-01-29 00:05:00+00:00
[2025-02-19T10:40:59.305-0300] {processor.py:208} INFO - Processing /home/lucas/airflow/dags/DAGPipeline.py took 0.868 seconds
