[2025-01-24T09:51:56.542-0300] {local_task_job_runner.py:123} INFO - ::group::Pre task execution logs
[2025-01-24T09:51:56.547-0300] {taskinstance.py:2613} INFO - Dependencies all met for dep_context=non-requeueable deps ti=<TaskInstance: ReadPacTrat.starting scheduled__2020-03-18T11:00:00+00:00 [queued]>
[2025-01-24T09:51:56.551-0300] {taskinstance.py:2613} INFO - Dependencies all met for dep_context=requeueable deps ti=<TaskInstance: ReadPacTrat.starting scheduled__2020-03-18T11:00:00+00:00 [queued]>
[2025-01-24T09:51:56.551-0300] {taskinstance.py:2866} INFO - Starting attempt 1 of 2
[2025-01-24T09:51:56.560-0300] {taskinstance.py:2889} INFO - Executing <Task(BashOperator): starting> on 2020-03-18 11:00:00+00:00
[2025-01-24T09:51:56.563-0300] {standard_task_runner.py:72} INFO - Started process 24536 to run task
[2025-01-24T09:51:56.565-0300] {standard_task_runner.py:104} INFO - Running: ['airflow', 'tasks', 'run', 'ReadPacTrat', 'starting', 'scheduled__2020-03-18T11:00:00+00:00', '--job-id', '462', '--raw', '--subdir', 'DAGS_FOLDER/DAGFiltroPacientesTratamento.py', '--cfg-path', '/tmp/tmp7sj9o1xf']
[2025-01-24T09:51:56.566-0300] {standard_task_runner.py:105} INFO - Job 462: Subtask starting
[2025-01-24T09:51:56.585-0300] {task_command.py:467} INFO - Running <TaskInstance: ReadPacTrat.starting scheduled__2020-03-18T11:00:00+00:00 [running]> on host lucas-Aspire-A514-54
[2025-01-24T09:51:56.700-0300] {taskinstance.py:3132} INFO - Exporting env vars: AIRFLOW_CTX_DAG_OWNER='lucas' AIRFLOW_CTX_DAG_ID='ReadPacTrat' AIRFLOW_CTX_TASK_ID='starting' AIRFLOW_CTX_EXECUTION_DATE='2020-03-18T11:00:00+00:00' AIRFLOW_CTX_TRY_NUMBER='1' AIRFLOW_CTX_DAG_RUN_ID='scheduled__2020-03-18T11:00:00+00:00'
[2025-01-24T09:51:56.700-0300] {logging_mixin.py:190} INFO - Task instance is in running state
[2025-01-24T09:51:56.700-0300] {logging_mixin.py:190} INFO -  Previous state of the Task instance: queued
[2025-01-24T09:51:56.701-0300] {logging_mixin.py:190} INFO - Current task name:starting state:running start_date:2025-01-24 12:51:56.547311+00:00
[2025-01-24T09:51:56.701-0300] {logging_mixin.py:190} INFO - Dag name:ReadPacTrat and current dag run status:running
[2025-01-24T09:51:56.701-0300] {taskinstance.py:731} INFO - ::endgroup::
[2025-01-24T09:51:56.702-0300] {subprocess.py:78} INFO - Tmp dir root location: /tmp
[2025-01-24T09:51:56.702-0300] {subprocess.py:88} INFO - Running command: ['/usr/bin/bash', '-c', 'echo "I am reading the CSV now....."']
[2025-01-24T09:51:56.711-0300] {subprocess.py:99} INFO - Output:
[2025-01-24T09:51:56.712-0300] {subprocess.py:106} INFO - I am reading the CSV now.....
[2025-01-24T09:51:56.712-0300] {subprocess.py:110} INFO - Command exited with return code 0
[2025-01-24T09:51:56.724-0300] {taskinstance.py:340} INFO - ::group::Post task execution logs
[2025-01-24T09:51:56.724-0300] {taskinstance.py:352} INFO - Marking task as SUCCESS. dag_id=ReadPacTrat, task_id=starting, run_id=scheduled__2020-03-18T11:00:00+00:00, execution_date=20200318T110000, start_date=20250124T125156, end_date=20250124T125156
[2025-01-24T09:51:56.731-0300] {logging_mixin.py:190} INFO - Task instance in success state
[2025-01-24T09:51:56.731-0300] {logging_mixin.py:190} INFO -  Previous state of the Task instance: running
[2025-01-24T09:51:56.731-0300] {logging_mixin.py:190} INFO - Dag name:ReadPacTrat queued_at:2025-01-24 12:51:54.666190+00:00
[2025-01-24T09:51:56.731-0300] {logging_mixin.py:190} INFO - Task hostname:lucas-Aspire-A514-54 operator:BashOperator
[2025-01-24T09:51:56.777-0300] {local_task_job_runner.py:266} INFO - Task exited with return code 0
[2025-01-24T09:51:56.798-0300] {taskinstance.py:3895} INFO - 1 downstream tasks scheduled from follow-on schedule check
[2025-01-24T09:51:56.803-0300] {local_task_job_runner.py:245} INFO - ::endgroup::
