[2025-01-24T12:08:18.274-0300] {local_task_job_runner.py:123} INFO - ::group::Pre task execution logs
[2025-01-24T12:08:18.280-0300] {taskinstance.py:2613} INFO - Dependencies all met for dep_context=non-requeueable deps ti=<TaskInstance: MergePacTratAgeng.starting scheduled__2020-03-19T10:05:00+00:00 [queued]>
[2025-01-24T12:08:18.284-0300] {taskinstance.py:2613} INFO - Dependencies all met for dep_context=requeueable deps ti=<TaskInstance: MergePacTratAgeng.starting scheduled__2020-03-19T10:05:00+00:00 [queued]>
[2025-01-24T12:08:18.284-0300] {taskinstance.py:2866} INFO - Starting attempt 1 of 2
[2025-01-24T12:08:18.293-0300] {taskinstance.py:2889} INFO - Executing <Task(BashOperator): starting> on 2020-03-19 10:05:00+00:00
[2025-01-24T12:08:18.297-0300] {standard_task_runner.py:72} INFO - Started process 82805 to run task
[2025-01-24T12:08:18.298-0300] {standard_task_runner.py:104} INFO - Running: ['airflow', 'tasks', 'run', 'MergePacTratAgeng', 'starting', 'scheduled__2020-03-19T10:05:00+00:00', '--job-id', '3470', '--raw', '--subdir', 'DAGS_FOLDER/DAGAgendXPac.py', '--cfg-path', '/tmp/tmp_nzr9zb4']
[2025-01-24T12:08:18.299-0300] {standard_task_runner.py:105} INFO - Job 3470: Subtask starting
[2025-01-24T12:08:18.319-0300] {task_command.py:467} INFO - Running <TaskInstance: MergePacTratAgeng.starting scheduled__2020-03-19T10:05:00+00:00 [running]> on host lucas-Aspire-A514-54
[2025-01-24T12:08:18.353-0300] {taskinstance.py:3132} INFO - Exporting env vars: AIRFLOW_CTX_DAG_OWNER='lucas' AIRFLOW_CTX_DAG_ID='MergePacTratAgeng' AIRFLOW_CTX_TASK_ID='starting' AIRFLOW_CTX_EXECUTION_DATE='2020-03-19T10:05:00+00:00' AIRFLOW_CTX_TRY_NUMBER='1' AIRFLOW_CTX_DAG_RUN_ID='scheduled__2020-03-19T10:05:00+00:00'
[2025-01-24T12:08:18.353-0300] {taskinstance.py:731} INFO - ::endgroup::
[2025-01-24T12:08:18.361-0300] {subprocess.py:78} INFO - Tmp dir root location: /tmp
[2025-01-24T12:08:18.362-0300] {subprocess.py:88} INFO - Running command: ['/usr/bin/bash', '-c', 'echo "I am reading the CSV now....."']
[2025-01-24T12:08:18.368-0300] {subprocess.py:99} INFO - Output:
[2025-01-24T12:08:18.368-0300] {subprocess.py:106} INFO - I am reading the CSV now.....
[2025-01-24T12:08:18.368-0300] {subprocess.py:110} INFO - Command exited with return code 0
[2025-01-24T12:08:18.379-0300] {taskinstance.py:340} INFO - ::group::Post task execution logs
[2025-01-24T12:08:18.379-0300] {taskinstance.py:352} INFO - Marking task as SUCCESS. dag_id=MergePacTratAgeng, task_id=starting, run_id=scheduled__2020-03-19T10:05:00+00:00, execution_date=20200319T100500, start_date=20250124T150818, end_date=20250124T150818
[2025-01-24T12:08:18.430-0300] {local_task_job_runner.py:266} INFO - Task exited with return code 0
[2025-01-24T12:08:18.452-0300] {taskinstance.py:3895} INFO - 1 downstream tasks scheduled from follow-on schedule check
[2025-01-24T12:08:18.456-0300] {local_task_job_runner.py:245} INFO - ::endgroup::
