[2025-01-13T22:19:35.604-0300] {local_task_job_runner.py:123} INFO - ::group::Pre task execution logs
[2025-01-13T22:19:35.610-0300] {taskinstance.py:2613} INFO - Dependencies all met for dep_context=non-requeueable deps ti=<TaskInstance: MyCSVDAG.starting scheduled__2020-03-18T01:30:00+00:00 [queued]>
[2025-01-13T22:19:35.613-0300] {taskinstance.py:2613} INFO - Dependencies all met for dep_context=requeueable deps ti=<TaskInstance: MyCSVDAG.starting scheduled__2020-03-18T01:30:00+00:00 [queued]>
[2025-01-13T22:19:35.614-0300] {taskinstance.py:2866} INFO - Starting attempt 1 of 2
[2025-01-13T22:19:35.622-0300] {taskinstance.py:2889} INFO - Executing <Task(BashOperator): starting> on 2020-03-18 01:30:00+00:00
[2025-01-13T22:19:35.625-0300] {standard_task_runner.py:72} INFO - Started process 45514 to run task
[2025-01-13T22:19:35.627-0300] {standard_task_runner.py:104} INFO - Running: ['airflow', 'tasks', 'run', 'MyCSVDAG', 'starting', 'scheduled__2020-03-18T01:30:00+00:00', '--job-id', '55', '--raw', '--subdir', 'DAGS_FOLDER/DAGCsvToJson.py', '--cfg-path', '/tmp/tmpt1l4tep_']
[2025-01-13T22:19:35.627-0300] {standard_task_runner.py:105} INFO - Job 55: Subtask starting
[2025-01-13T22:19:35.649-0300] {task_command.py:467} INFO - Running <TaskInstance: MyCSVDAG.starting scheduled__2020-03-18T01:30:00+00:00 [running]> on host lucas-Aspire-A514-54
[2025-01-13T22:19:35.758-0300] {taskinstance.py:3132} INFO - Exporting env vars: AIRFLOW_CTX_DAG_OWNER='paulcrickard' AIRFLOW_CTX_DAG_ID='MyCSVDAG' AIRFLOW_CTX_TASK_ID='starting' AIRFLOW_CTX_EXECUTION_DATE='2020-03-18T01:30:00+00:00' AIRFLOW_CTX_TRY_NUMBER='1' AIRFLOW_CTX_DAG_RUN_ID='scheduled__2020-03-18T01:30:00+00:00'
[2025-01-13T22:19:35.759-0300] {logging_mixin.py:190} INFO - Task instance is in running state
[2025-01-13T22:19:35.759-0300] {logging_mixin.py:190} INFO -  Previous state of the Task instance: queued
[2025-01-13T22:19:35.759-0300] {logging_mixin.py:190} INFO - Current task name:starting state:running start_date:2025-01-14 01:19:35.610599+00:00
[2025-01-13T22:19:35.759-0300] {logging_mixin.py:190} INFO - Dag name:MyCSVDAG and current dag run status:running
[2025-01-13T22:19:35.759-0300] {taskinstance.py:731} INFO - ::endgroup::
[2025-01-13T22:19:35.759-0300] {subprocess.py:78} INFO - Tmp dir root location: /tmp
[2025-01-13T22:19:35.760-0300] {subprocess.py:88} INFO - Running command: ['/usr/bin/bash', '-c', 'echo "I am reading the CSV now....."']
[2025-01-13T22:19:35.766-0300] {subprocess.py:99} INFO - Output:
[2025-01-13T22:19:35.767-0300] {subprocess.py:106} INFO - I am reading the CSV now.....
[2025-01-13T22:19:35.767-0300] {subprocess.py:110} INFO - Command exited with return code 0
[2025-01-13T22:19:35.777-0300] {taskinstance.py:340} INFO - ::group::Post task execution logs
[2025-01-13T22:19:35.778-0300] {taskinstance.py:352} INFO - Marking task as SUCCESS. dag_id=MyCSVDAG, task_id=starting, run_id=scheduled__2020-03-18T01:30:00+00:00, execution_date=20200318T013000, start_date=20250114T011935, end_date=20250114T011935
[2025-01-13T22:19:35.784-0300] {logging_mixin.py:190} INFO - Task instance in success state
[2025-01-13T22:19:35.784-0300] {logging_mixin.py:190} INFO -  Previous state of the Task instance: running
[2025-01-13T22:19:35.784-0300] {logging_mixin.py:190} INFO - Dag name:MyCSVDAG queued_at:2025-01-14 01:19:34.321316+00:00
[2025-01-13T22:19:35.785-0300] {logging_mixin.py:190} INFO - Task hostname:lucas-Aspire-A514-54 operator:BashOperator
[2025-01-13T22:19:35.799-0300] {local_task_job_runner.py:266} INFO - Task exited with return code 0
[2025-01-13T22:19:35.808-0300] {taskinstance.py:3895} INFO - 1 downstream tasks scheduled from follow-on schedule check
[2025-01-13T22:19:35.812-0300] {local_task_job_runner.py:245} INFO - ::endgroup::
