[2025-01-24T09:21:42.662-0300] {local_task_job_runner.py:123} INFO - ::group::Pre task execution logs
[2025-01-24T09:21:42.666-0300] {taskinstance.py:2613} INFO - Dependencies all met for dep_context=non-requeueable deps ti=<TaskInstance: ReadPacTrat.starting scheduled__2020-03-18T04:55:00+00:00 [queued]>
[2025-01-24T09:21:42.669-0300] {taskinstance.py:2613} INFO - Dependencies all met for dep_context=requeueable deps ti=<TaskInstance: ReadPacTrat.starting scheduled__2020-03-18T04:55:00+00:00 [queued]>
[2025-01-24T09:21:42.669-0300] {taskinstance.py:2866} INFO - Starting attempt 1 of 2
[2025-01-24T09:21:42.678-0300] {taskinstance.py:2889} INFO - Executing <Task(BashOperator): starting> on 2020-03-18 04:55:00+00:00
[2025-01-24T09:21:42.681-0300] {standard_task_runner.py:72} INFO - Started process 17269 to run task
[2025-01-24T09:21:42.683-0300] {standard_task_runner.py:104} INFO - Running: ['airflow', 'tasks', 'run', 'ReadPacTrat', 'starting', 'scheduled__2020-03-18T04:55:00+00:00', '--job-id', '282', '--raw', '--subdir', 'DAGS_FOLDER/DAGFiltroPacientesTratamento.py', '--cfg-path', '/tmp/tmprrhn49nq']
[2025-01-24T09:21:42.683-0300] {standard_task_runner.py:105} INFO - Job 282: Subtask starting
[2025-01-24T09:21:42.703-0300] {task_command.py:467} INFO - Running <TaskInstance: ReadPacTrat.starting scheduled__2020-03-18T04:55:00+00:00 [running]> on host lucas-Aspire-A514-54
[2025-01-24T09:21:42.811-0300] {taskinstance.py:3132} INFO - Exporting env vars: AIRFLOW_CTX_DAG_OWNER='lucas' AIRFLOW_CTX_DAG_ID='ReadPacTrat' AIRFLOW_CTX_TASK_ID='starting' AIRFLOW_CTX_EXECUTION_DATE='2020-03-18T04:55:00+00:00' AIRFLOW_CTX_TRY_NUMBER='1' AIRFLOW_CTX_DAG_RUN_ID='scheduled__2020-03-18T04:55:00+00:00'
[2025-01-24T09:21:42.812-0300] {logging_mixin.py:190} INFO - Task instance is in running state
[2025-01-24T09:21:42.812-0300] {logging_mixin.py:190} INFO -  Previous state of the Task instance: queued
[2025-01-24T09:21:42.812-0300] {logging_mixin.py:190} INFO - Current task name:starting state:running start_date:2025-01-24 12:21:42.666801+00:00
[2025-01-24T09:21:42.812-0300] {logging_mixin.py:190} INFO - Dag name:ReadPacTrat and current dag run status:running
[2025-01-24T09:21:42.812-0300] {taskinstance.py:731} INFO - ::endgroup::
[2025-01-24T09:21:42.813-0300] {subprocess.py:78} INFO - Tmp dir root location: /tmp
[2025-01-24T09:21:42.813-0300] {subprocess.py:88} INFO - Running command: ['/usr/bin/bash', '-c', 'echo "I am reading the CSV now....."']
[2025-01-24T09:21:42.819-0300] {subprocess.py:99} INFO - Output:
[2025-01-24T09:21:42.820-0300] {subprocess.py:106} INFO - I am reading the CSV now.....
[2025-01-24T09:21:42.820-0300] {subprocess.py:110} INFO - Command exited with return code 0
[2025-01-24T09:21:42.830-0300] {taskinstance.py:340} INFO - ::group::Post task execution logs
[2025-01-24T09:21:42.831-0300] {taskinstance.py:352} INFO - Marking task as SUCCESS. dag_id=ReadPacTrat, task_id=starting, run_id=scheduled__2020-03-18T04:55:00+00:00, execution_date=20200318T045500, start_date=20250124T122142, end_date=20250124T122142
[2025-01-24T09:21:42.837-0300] {logging_mixin.py:190} INFO - Task instance in success state
[2025-01-24T09:21:42.837-0300] {logging_mixin.py:190} INFO -  Previous state of the Task instance: running
[2025-01-24T09:21:42.837-0300] {logging_mixin.py:190} INFO - Dag name:ReadPacTrat queued_at:2025-01-24 12:21:41.211133+00:00
[2025-01-24T09:21:42.837-0300] {logging_mixin.py:190} INFO - Task hostname:lucas-Aspire-A514-54 operator:BashOperator
[2025-01-24T09:21:42.855-0300] {local_task_job_runner.py:266} INFO - Task exited with return code 0
[2025-01-24T09:21:42.863-0300] {taskinstance.py:3895} INFO - 1 downstream tasks scheduled from follow-on schedule check
[2025-01-24T09:21:42.867-0300] {local_task_job_runner.py:245} INFO - ::endgroup::
