[2025-02-02T21:03:36.319-0300] {processor.py:186} INFO - Started process (PID=12823) to work on /home/lucas/airflow/dags/DAGPipeline.py
[2025-02-02T21:03:36.319-0300] {processor.py:914} INFO - Processing file /home/lucas/airflow/dags/DAGPipeline.py for tasks to queue
[2025-02-02T21:03:36.320-0300] {logging_mixin.py:190} INFO - [2025-02-02T21:03:36.320-0300] {dagbag.py:588} INFO - Filling up the DagBag from /home/lucas/airflow/dags/DAGPipeline.py
[2025-02-02T21:03:36.623-0300] {processor.py:925} INFO - DAG(s) 'PipelineARGUS' retrieved from /home/lucas/airflow/dags/DAGPipeline.py
[2025-02-02T21:03:36.633-0300] {logging_mixin.py:190} INFO - [2025-02-02T21:03:36.633-0300] {dag.py:3239} INFO - Sync 1 DAGs
[2025-02-02T21:03:36.643-0300] {logging_mixin.py:190} INFO - [2025-02-02T21:03:36.643-0300] {dag.py:4180} INFO - Setting next_dagrun for PipelineARGUS to 2025-01-29 00:00:00+00:00, run_after=2025-01-29 00:05:00+00:00
[2025-02-02T21:03:36.666-0300] {processor.py:208} INFO - Processing /home/lucas/airflow/dags/DAGPipeline.py took 0.351 seconds
[2025-02-02T21:04:13.788-0300] {processor.py:186} INFO - Started process (PID=13093) to work on /home/lucas/airflow/dags/DAGPipeline.py
[2025-02-02T21:04:13.789-0300] {processor.py:914} INFO - Processing file /home/lucas/airflow/dags/DAGPipeline.py for tasks to queue
[2025-02-02T21:04:13.801-0300] {logging_mixin.py:190} INFO - [2025-02-02T21:04:13.801-0300] {dagbag.py:588} INFO - Filling up the DagBag from /home/lucas/airflow/dags/DAGPipeline.py
[2025-02-02T21:04:14.079-0300] {processor.py:925} INFO - DAG(s) 'PipelineARGUS' retrieved from /home/lucas/airflow/dags/DAGPipeline.py
[2025-02-02T21:04:14.100-0300] {logging_mixin.py:190} INFO - [2025-02-02T21:04:14.100-0300] {dag.py:3239} INFO - Sync 1 DAGs
[2025-02-02T21:04:14.109-0300] {logging_mixin.py:190} INFO - [2025-02-02T21:04:14.109-0300] {dag.py:4180} INFO - Setting next_dagrun for PipelineARGUS to 2025-01-29 00:00:00+00:00, run_after=2025-01-29 00:05:00+00:00
[2025-02-02T21:04:14.121-0300] {processor.py:208} INFO - Processing /home/lucas/airflow/dags/DAGPipeline.py took 0.338 seconds
[2025-02-02T21:04:45.817-0300] {processor.py:186} INFO - Started process (PID=13344) to work on /home/lucas/airflow/dags/DAGPipeline.py
[2025-02-02T21:04:45.828-0300] {processor.py:914} INFO - Processing file /home/lucas/airflow/dags/DAGPipeline.py for tasks to queue
[2025-02-02T21:04:45.830-0300] {logging_mixin.py:190} INFO - [2025-02-02T21:04:45.830-0300] {dagbag.py:588} INFO - Filling up the DagBag from /home/lucas/airflow/dags/DAGPipeline.py
[2025-02-02T21:04:46.095-0300] {processor.py:925} INFO - DAG(s) 'PipelineARGUS' retrieved from /home/lucas/airflow/dags/DAGPipeline.py
[2025-02-02T21:04:46.105-0300] {logging_mixin.py:190} INFO - [2025-02-02T21:04:46.105-0300] {dag.py:3239} INFO - Sync 1 DAGs
[2025-02-02T21:04:46.114-0300] {logging_mixin.py:190} INFO - [2025-02-02T21:04:46.114-0300] {dag.py:4180} INFO - Setting next_dagrun for PipelineARGUS to 2025-01-29 00:00:00+00:00, run_after=2025-01-29 00:05:00+00:00
[2025-02-02T21:04:46.136-0300] {processor.py:208} INFO - Processing /home/lucas/airflow/dags/DAGPipeline.py took 0.322 seconds
[2025-02-02T21:05:18.072-0300] {processor.py:186} INFO - Started process (PID=13588) to work on /home/lucas/airflow/dags/DAGPipeline.py
[2025-02-02T21:05:18.073-0300] {processor.py:914} INFO - Processing file /home/lucas/airflow/dags/DAGPipeline.py for tasks to queue
[2025-02-02T21:05:18.074-0300] {logging_mixin.py:190} INFO - [2025-02-02T21:05:18.074-0300] {dagbag.py:588} INFO - Filling up the DagBag from /home/lucas/airflow/dags/DAGPipeline.py
[2025-02-02T21:05:18.273-0300] {processor.py:925} INFO - DAG(s) 'PipelineARGUS' retrieved from /home/lucas/airflow/dags/DAGPipeline.py
[2025-02-02T21:05:18.285-0300] {logging_mixin.py:190} INFO - [2025-02-02T21:05:18.285-0300] {dag.py:3239} INFO - Sync 1 DAGs
[2025-02-02T21:05:18.295-0300] {logging_mixin.py:190} INFO - [2025-02-02T21:05:18.294-0300] {dag.py:4180} INFO - Setting next_dagrun for PipelineARGUS to 2025-01-29 00:00:00+00:00, run_after=2025-01-29 00:05:00+00:00
[2025-02-02T21:05:18.318-0300] {processor.py:208} INFO - Processing /home/lucas/airflow/dags/DAGPipeline.py took 0.249 seconds
[2025-02-02T21:05:49.445-0300] {processor.py:186} INFO - Started process (PID=13834) to work on /home/lucas/airflow/dags/DAGPipeline.py
[2025-02-02T21:05:49.448-0300] {processor.py:914} INFO - Processing file /home/lucas/airflow/dags/DAGPipeline.py for tasks to queue
[2025-02-02T21:05:49.450-0300] {logging_mixin.py:190} INFO - [2025-02-02T21:05:49.450-0300] {dagbag.py:588} INFO - Filling up the DagBag from /home/lucas/airflow/dags/DAGPipeline.py
[2025-02-02T21:05:49.688-0300] {processor.py:925} INFO - DAG(s) 'PipelineARGUS' retrieved from /home/lucas/airflow/dags/DAGPipeline.py
[2025-02-02T21:05:49.701-0300] {logging_mixin.py:190} INFO - [2025-02-02T21:05:49.701-0300] {dag.py:3239} INFO - Sync 1 DAGs
[2025-02-02T21:05:49.711-0300] {logging_mixin.py:190} INFO - [2025-02-02T21:05:49.711-0300] {dag.py:4180} INFO - Setting next_dagrun for PipelineARGUS to 2025-01-29 00:00:00+00:00, run_after=2025-01-29 00:05:00+00:00
[2025-02-02T21:05:49.722-0300] {processor.py:208} INFO - Processing /home/lucas/airflow/dags/DAGPipeline.py took 0.284 seconds
[2025-02-02T21:06:20.946-0300] {processor.py:186} INFO - Started process (PID=14081) to work on /home/lucas/airflow/dags/DAGPipeline.py
[2025-02-02T21:06:20.957-0300] {processor.py:914} INFO - Processing file /home/lucas/airflow/dags/DAGPipeline.py for tasks to queue
[2025-02-02T21:06:20.960-0300] {logging_mixin.py:190} INFO - [2025-02-02T21:06:20.960-0300] {dagbag.py:588} INFO - Filling up the DagBag from /home/lucas/airflow/dags/DAGPipeline.py
[2025-02-02T21:06:21.182-0300] {processor.py:925} INFO - DAG(s) 'PipelineARGUS' retrieved from /home/lucas/airflow/dags/DAGPipeline.py
[2025-02-02T21:06:21.194-0300] {logging_mixin.py:190} INFO - [2025-02-02T21:06:21.194-0300] {dag.py:3239} INFO - Sync 1 DAGs
[2025-02-02T21:06:21.204-0300] {logging_mixin.py:190} INFO - [2025-02-02T21:06:21.204-0300] {dag.py:4180} INFO - Setting next_dagrun for PipelineARGUS to 2025-01-29 00:00:00+00:00, run_after=2025-01-29 00:05:00+00:00
[2025-02-02T21:06:21.226-0300] {processor.py:208} INFO - Processing /home/lucas/airflow/dags/DAGPipeline.py took 0.284 seconds
[2025-02-02T21:06:54.896-0300] {processor.py:186} INFO - Started process (PID=14325) to work on /home/lucas/airflow/dags/DAGPipeline.py
[2025-02-02T21:06:54.897-0300] {processor.py:914} INFO - Processing file /home/lucas/airflow/dags/DAGPipeline.py for tasks to queue
[2025-02-02T21:06:54.898-0300] {logging_mixin.py:190} INFO - [2025-02-02T21:06:54.898-0300] {dagbag.py:588} INFO - Filling up the DagBag from /home/lucas/airflow/dags/DAGPipeline.py
[2025-02-02T21:06:55.155-0300] {processor.py:925} INFO - DAG(s) 'PipelineARGUS' retrieved from /home/lucas/airflow/dags/DAGPipeline.py
[2025-02-02T21:06:55.169-0300] {logging_mixin.py:190} INFO - [2025-02-02T21:06:55.169-0300] {dag.py:3239} INFO - Sync 1 DAGs
[2025-02-02T21:06:55.180-0300] {logging_mixin.py:190} INFO - [2025-02-02T21:06:55.180-0300] {dag.py:4180} INFO - Setting next_dagrun for PipelineARGUS to 2025-01-29 00:00:00+00:00, run_after=2025-01-29 00:05:00+00:00
[2025-02-02T21:06:55.205-0300] {processor.py:208} INFO - Processing /home/lucas/airflow/dags/DAGPipeline.py took 0.313 seconds
[2025-02-02T21:07:26.364-0300] {processor.py:186} INFO - Started process (PID=14584) to work on /home/lucas/airflow/dags/DAGPipeline.py
[2025-02-02T21:07:26.365-0300] {processor.py:914} INFO - Processing file /home/lucas/airflow/dags/DAGPipeline.py for tasks to queue
[2025-02-02T21:07:26.366-0300] {logging_mixin.py:190} INFO - [2025-02-02T21:07:26.366-0300] {dagbag.py:588} INFO - Filling up the DagBag from /home/lucas/airflow/dags/DAGPipeline.py
[2025-02-02T21:07:26.603-0300] {processor.py:925} INFO - DAG(s) 'PipelineARGUS' retrieved from /home/lucas/airflow/dags/DAGPipeline.py
[2025-02-02T21:07:26.617-0300] {logging_mixin.py:190} INFO - [2025-02-02T21:07:26.617-0300] {dag.py:3239} INFO - Sync 1 DAGs
[2025-02-02T21:07:26.628-0300] {logging_mixin.py:190} INFO - [2025-02-02T21:07:26.628-0300] {dag.py:4180} INFO - Setting next_dagrun for PipelineARGUS to 2025-01-29 00:00:00+00:00, run_after=2025-01-29 00:05:00+00:00
[2025-02-02T21:07:26.654-0300] {processor.py:208} INFO - Processing /home/lucas/airflow/dags/DAGPipeline.py took 0.295 seconds
[2025-02-02T21:07:57.739-0300] {processor.py:186} INFO - Started process (PID=14862) to work on /home/lucas/airflow/dags/DAGPipeline.py
[2025-02-02T21:07:57.740-0300] {processor.py:914} INFO - Processing file /home/lucas/airflow/dags/DAGPipeline.py for tasks to queue
[2025-02-02T21:07:57.741-0300] {logging_mixin.py:190} INFO - [2025-02-02T21:07:57.741-0300] {dagbag.py:588} INFO - Filling up the DagBag from /home/lucas/airflow/dags/DAGPipeline.py
[2025-02-02T21:07:57.993-0300] {processor.py:925} INFO - DAG(s) 'PipelineARGUS' retrieved from /home/lucas/airflow/dags/DAGPipeline.py
[2025-02-02T21:07:58.013-0300] {logging_mixin.py:190} INFO - [2025-02-02T21:07:58.013-0300] {dag.py:3239} INFO - Sync 1 DAGs
[2025-02-02T21:07:58.027-0300] {logging_mixin.py:190} INFO - [2025-02-02T21:07:58.027-0300] {dag.py:4180} INFO - Setting next_dagrun for PipelineARGUS to 2025-01-29 00:00:00+00:00, run_after=2025-01-29 00:05:00+00:00
[2025-02-02T21:07:58.043-0300] {processor.py:208} INFO - Processing /home/lucas/airflow/dags/DAGPipeline.py took 0.308 seconds
[2025-02-02T21:08:31.927-0300] {processor.py:186} INFO - Started process (PID=15225) to work on /home/lucas/airflow/dags/DAGPipeline.py
[2025-02-02T21:08:31.928-0300] {processor.py:914} INFO - Processing file /home/lucas/airflow/dags/DAGPipeline.py for tasks to queue
[2025-02-02T21:08:31.929-0300] {logging_mixin.py:190} INFO - [2025-02-02T21:08:31.929-0300] {dagbag.py:588} INFO - Filling up the DagBag from /home/lucas/airflow/dags/DAGPipeline.py
[2025-02-02T21:08:32.173-0300] {processor.py:925} INFO - DAG(s) 'PipelineARGUS' retrieved from /home/lucas/airflow/dags/DAGPipeline.py
[2025-02-02T21:08:32.185-0300] {logging_mixin.py:190} INFO - [2025-02-02T21:08:32.185-0300] {dag.py:3239} INFO - Sync 1 DAGs
[2025-02-02T21:08:32.196-0300] {logging_mixin.py:190} INFO - [2025-02-02T21:08:32.196-0300] {dag.py:4180} INFO - Setting next_dagrun for PipelineARGUS to 2025-01-29 00:00:00+00:00, run_after=2025-01-29 00:05:00+00:00
[2025-02-02T21:08:32.216-0300] {processor.py:208} INFO - Processing /home/lucas/airflow/dags/DAGPipeline.py took 0.294 seconds
[2025-02-02T21:09:05.938-0300] {processor.py:186} INFO - Started process (PID=15521) to work on /home/lucas/airflow/dags/DAGPipeline.py
[2025-02-02T21:09:05.939-0300] {processor.py:914} INFO - Processing file /home/lucas/airflow/dags/DAGPipeline.py for tasks to queue
[2025-02-02T21:09:05.940-0300] {logging_mixin.py:190} INFO - [2025-02-02T21:09:05.940-0300] {dagbag.py:588} INFO - Filling up the DagBag from /home/lucas/airflow/dags/DAGPipeline.py
[2025-02-02T21:09:06.159-0300] {processor.py:925} INFO - DAG(s) 'PipelineARGUS' retrieved from /home/lucas/airflow/dags/DAGPipeline.py
[2025-02-02T21:09:06.171-0300] {logging_mixin.py:190} INFO - [2025-02-02T21:09:06.171-0300] {dag.py:3239} INFO - Sync 1 DAGs
[2025-02-02T21:09:06.181-0300] {logging_mixin.py:190} INFO - [2025-02-02T21:09:06.181-0300] {dag.py:4180} INFO - Setting next_dagrun for PipelineARGUS to 2025-01-29 00:00:00+00:00, run_after=2025-01-29 00:05:00+00:00
[2025-02-02T21:09:06.203-0300] {processor.py:208} INFO - Processing /home/lucas/airflow/dags/DAGPipeline.py took 0.270 seconds
[2025-02-02T21:09:38.809-0300] {processor.py:186} INFO - Started process (PID=15806) to work on /home/lucas/airflow/dags/DAGPipeline.py
[2025-02-02T21:09:38.820-0300] {processor.py:914} INFO - Processing file /home/lucas/airflow/dags/DAGPipeline.py for tasks to queue
[2025-02-02T21:09:38.823-0300] {logging_mixin.py:190} INFO - [2025-02-02T21:09:38.823-0300] {dagbag.py:588} INFO - Filling up the DagBag from /home/lucas/airflow/dags/DAGPipeline.py
[2025-02-02T21:09:39.043-0300] {processor.py:925} INFO - DAG(s) 'PipelineARGUS' retrieved from /home/lucas/airflow/dags/DAGPipeline.py
[2025-02-02T21:09:39.056-0300] {logging_mixin.py:190} INFO - [2025-02-02T21:09:39.056-0300] {dag.py:3239} INFO - Sync 1 DAGs
[2025-02-02T21:09:39.066-0300] {logging_mixin.py:190} INFO - [2025-02-02T21:09:39.066-0300] {dag.py:4180} INFO - Setting next_dagrun for PipelineARGUS to 2025-01-29 00:00:00+00:00, run_after=2025-01-29 00:05:00+00:00
[2025-02-02T21:09:39.088-0300] {processor.py:208} INFO - Processing /home/lucas/airflow/dags/DAGPipeline.py took 0.284 seconds
[2025-02-02T21:10:09.890-0300] {processor.py:186} INFO - Started process (PID=16059) to work on /home/lucas/airflow/dags/DAGPipeline.py
[2025-02-02T21:10:09.901-0300] {processor.py:914} INFO - Processing file /home/lucas/airflow/dags/DAGPipeline.py for tasks to queue
[2025-02-02T21:10:09.905-0300] {logging_mixin.py:190} INFO - [2025-02-02T21:10:09.904-0300] {dagbag.py:588} INFO - Filling up the DagBag from /home/lucas/airflow/dags/DAGPipeline.py
[2025-02-02T21:10:10.131-0300] {processor.py:925} INFO - DAG(s) 'PipelineARGUS' retrieved from /home/lucas/airflow/dags/DAGPipeline.py
[2025-02-02T21:10:10.144-0300] {logging_mixin.py:190} INFO - [2025-02-02T21:10:10.144-0300] {dag.py:3239} INFO - Sync 1 DAGs
[2025-02-02T21:10:10.155-0300] {logging_mixin.py:190} INFO - [2025-02-02T21:10:10.155-0300] {dag.py:4180} INFO - Setting next_dagrun for PipelineARGUS to 2025-01-29 00:00:00+00:00, run_after=2025-01-29 00:05:00+00:00
[2025-02-02T21:10:10.166-0300] {processor.py:208} INFO - Processing /home/lucas/airflow/dags/DAGPipeline.py took 0.280 seconds
[2025-02-02T21:10:40.885-0300] {processor.py:186} INFO - Started process (PID=16289) to work on /home/lucas/airflow/dags/DAGPipeline.py
[2025-02-02T21:10:40.886-0300] {processor.py:914} INFO - Processing file /home/lucas/airflow/dags/DAGPipeline.py for tasks to queue
[2025-02-02T21:10:40.888-0300] {logging_mixin.py:190} INFO - [2025-02-02T21:10:40.887-0300] {dagbag.py:588} INFO - Filling up the DagBag from /home/lucas/airflow/dags/DAGPipeline.py
[2025-02-02T21:10:41.104-0300] {processor.py:925} INFO - DAG(s) 'PipelineARGUS' retrieved from /home/lucas/airflow/dags/DAGPipeline.py
[2025-02-02T21:10:41.117-0300] {logging_mixin.py:190} INFO - [2025-02-02T21:10:41.117-0300] {dag.py:3239} INFO - Sync 1 DAGs
[2025-02-02T21:10:41.129-0300] {logging_mixin.py:190} INFO - [2025-02-02T21:10:41.128-0300] {dag.py:4180} INFO - Setting next_dagrun for PipelineARGUS to 2025-01-29 00:00:00+00:00, run_after=2025-01-29 00:05:00+00:00
[2025-02-02T21:10:41.150-0300] {processor.py:208} INFO - Processing /home/lucas/airflow/dags/DAGPipeline.py took 0.270 seconds
[2025-02-02T21:11:11.542-0300] {processor.py:186} INFO - Started process (PID=16548) to work on /home/lucas/airflow/dags/DAGPipeline.py
[2025-02-02T21:11:11.543-0300] {processor.py:914} INFO - Processing file /home/lucas/airflow/dags/DAGPipeline.py for tasks to queue
[2025-02-02T21:11:11.545-0300] {logging_mixin.py:190} INFO - [2025-02-02T21:11:11.545-0300] {dagbag.py:588} INFO - Filling up the DagBag from /home/lucas/airflow/dags/DAGPipeline.py
[2025-02-02T21:11:11.831-0300] {processor.py:925} INFO - DAG(s) 'PipelineARGUS' retrieved from /home/lucas/airflow/dags/DAGPipeline.py
[2025-02-02T21:11:11.847-0300] {logging_mixin.py:190} INFO - [2025-02-02T21:11:11.847-0300] {dag.py:3239} INFO - Sync 1 DAGs
[2025-02-02T21:11:11.860-0300] {logging_mixin.py:190} INFO - [2025-02-02T21:11:11.860-0300] {dag.py:4180} INFO - Setting next_dagrun for PipelineARGUS to 2025-01-29 00:00:00+00:00, run_after=2025-01-29 00:05:00+00:00
[2025-02-02T21:11:11.877-0300] {processor.py:208} INFO - Processing /home/lucas/airflow/dags/DAGPipeline.py took 0.339 seconds
[2025-02-02T21:11:42.185-0300] {processor.py:186} INFO - Started process (PID=16814) to work on /home/lucas/airflow/dags/DAGPipeline.py
[2025-02-02T21:11:42.185-0300] {processor.py:914} INFO - Processing file /home/lucas/airflow/dags/DAGPipeline.py for tasks to queue
[2025-02-02T21:11:42.187-0300] {logging_mixin.py:190} INFO - [2025-02-02T21:11:42.187-0300] {dagbag.py:588} INFO - Filling up the DagBag from /home/lucas/airflow/dags/DAGPipeline.py
[2025-02-02T21:11:42.435-0300] {processor.py:925} INFO - DAG(s) 'PipelineARGUS' retrieved from /home/lucas/airflow/dags/DAGPipeline.py
[2025-02-02T21:11:42.447-0300] {logging_mixin.py:190} INFO - [2025-02-02T21:11:42.447-0300] {dag.py:3239} INFO - Sync 1 DAGs
[2025-02-02T21:11:42.459-0300] {logging_mixin.py:190} INFO - [2025-02-02T21:11:42.459-0300] {dag.py:4180} INFO - Setting next_dagrun for PipelineARGUS to 2025-01-29 00:00:00+00:00, run_after=2025-01-29 00:05:00+00:00
[2025-02-02T21:11:42.482-0300] {processor.py:208} INFO - Processing /home/lucas/airflow/dags/DAGPipeline.py took 0.302 seconds
[2025-02-02T21:12:13.357-0300] {processor.py:186} INFO - Started process (PID=17079) to work on /home/lucas/airflow/dags/DAGPipeline.py
[2025-02-02T21:12:13.358-0300] {processor.py:914} INFO - Processing file /home/lucas/airflow/dags/DAGPipeline.py for tasks to queue
[2025-02-02T21:12:13.360-0300] {logging_mixin.py:190} INFO - [2025-02-02T21:12:13.359-0300] {dagbag.py:588} INFO - Filling up the DagBag from /home/lucas/airflow/dags/DAGPipeline.py
[2025-02-02T21:12:13.590-0300] {processor.py:925} INFO - DAG(s) 'PipelineARGUS' retrieved from /home/lucas/airflow/dags/DAGPipeline.py
[2025-02-02T21:12:13.603-0300] {logging_mixin.py:190} INFO - [2025-02-02T21:12:13.603-0300] {dag.py:3239} INFO - Sync 1 DAGs
[2025-02-02T21:12:13.614-0300] {logging_mixin.py:190} INFO - [2025-02-02T21:12:13.614-0300] {dag.py:4180} INFO - Setting next_dagrun for PipelineARGUS to 2025-01-29 00:00:00+00:00, run_after=2025-01-29 00:05:00+00:00
[2025-02-02T21:12:13.637-0300] {processor.py:208} INFO - Processing /home/lucas/airflow/dags/DAGPipeline.py took 0.284 seconds
[2025-02-02T21:12:44.635-0300] {processor.py:186} INFO - Started process (PID=17308) to work on /home/lucas/airflow/dags/DAGPipeline.py
[2025-02-02T21:12:44.637-0300] {processor.py:914} INFO - Processing file /home/lucas/airflow/dags/DAGPipeline.py for tasks to queue
[2025-02-02T21:12:44.640-0300] {logging_mixin.py:190} INFO - [2025-02-02T21:12:44.639-0300] {dagbag.py:588} INFO - Filling up the DagBag from /home/lucas/airflow/dags/DAGPipeline.py
[2025-02-02T21:12:44.873-0300] {processor.py:925} INFO - DAG(s) 'PipelineARGUS' retrieved from /home/lucas/airflow/dags/DAGPipeline.py
[2025-02-02T21:12:44.888-0300] {logging_mixin.py:190} INFO - [2025-02-02T21:12:44.887-0300] {dag.py:3239} INFO - Sync 1 DAGs
[2025-02-02T21:12:44.898-0300] {logging_mixin.py:190} INFO - [2025-02-02T21:12:44.898-0300] {dag.py:4180} INFO - Setting next_dagrun for PipelineARGUS to 2025-01-29 00:00:00+00:00, run_after=2025-01-29 00:05:00+00:00
[2025-02-02T21:12:44.911-0300] {processor.py:208} INFO - Processing /home/lucas/airflow/dags/DAGPipeline.py took 0.294 seconds
[2025-02-02T21:13:18.859-0300] {processor.py:186} INFO - Started process (PID=17723) to work on /home/lucas/airflow/dags/DAGPipeline.py
[2025-02-02T21:13:18.859-0300] {processor.py:914} INFO - Processing file /home/lucas/airflow/dags/DAGPipeline.py for tasks to queue
[2025-02-02T21:13:18.860-0300] {logging_mixin.py:190} INFO - [2025-02-02T21:13:18.860-0300] {dagbag.py:588} INFO - Filling up the DagBag from /home/lucas/airflow/dags/DAGPipeline.py
[2025-02-02T21:13:19.124-0300] {processor.py:925} INFO - DAG(s) 'PipelineARGUS' retrieved from /home/lucas/airflow/dags/DAGPipeline.py
[2025-02-02T21:13:19.138-0300] {logging_mixin.py:190} INFO - [2025-02-02T21:13:19.138-0300] {dag.py:3239} INFO - Sync 1 DAGs
[2025-02-02T21:13:19.150-0300] {logging_mixin.py:190} INFO - [2025-02-02T21:13:19.150-0300] {dag.py:4180} INFO - Setting next_dagrun for PipelineARGUS to 2025-01-29 00:00:00+00:00, run_after=2025-01-29 00:05:00+00:00
[2025-02-02T21:13:19.175-0300] {processor.py:208} INFO - Processing /home/lucas/airflow/dags/DAGPipeline.py took 0.320 seconds
[2025-02-02T21:13:51.657-0300] {processor.py:186} INFO - Started process (PID=18023) to work on /home/lucas/airflow/dags/DAGPipeline.py
[2025-02-02T21:13:51.658-0300] {processor.py:914} INFO - Processing file /home/lucas/airflow/dags/DAGPipeline.py for tasks to queue
[2025-02-02T21:13:51.659-0300] {logging_mixin.py:190} INFO - [2025-02-02T21:13:51.659-0300] {dagbag.py:588} INFO - Filling up the DagBag from /home/lucas/airflow/dags/DAGPipeline.py
[2025-02-02T21:13:51.875-0300] {processor.py:925} INFO - DAG(s) 'PipelineARGUS' retrieved from /home/lucas/airflow/dags/DAGPipeline.py
[2025-02-02T21:13:51.887-0300] {logging_mixin.py:190} INFO - [2025-02-02T21:13:51.887-0300] {dag.py:3239} INFO - Sync 1 DAGs
[2025-02-02T21:13:51.898-0300] {logging_mixin.py:190} INFO - [2025-02-02T21:13:51.898-0300] {dag.py:4180} INFO - Setting next_dagrun for PipelineARGUS to 2025-01-29 00:00:00+00:00, run_after=2025-01-29 00:05:00+00:00
[2025-02-02T21:13:51.920-0300] {processor.py:208} INFO - Processing /home/lucas/airflow/dags/DAGPipeline.py took 0.268 seconds
[2025-02-02T21:14:22.213-0300] {processor.py:186} INFO - Started process (PID=18339) to work on /home/lucas/airflow/dags/DAGPipeline.py
[2025-02-02T21:14:22.214-0300] {processor.py:914} INFO - Processing file /home/lucas/airflow/dags/DAGPipeline.py for tasks to queue
[2025-02-02T21:14:22.215-0300] {logging_mixin.py:190} INFO - [2025-02-02T21:14:22.215-0300] {dagbag.py:588} INFO - Filling up the DagBag from /home/lucas/airflow/dags/DAGPipeline.py
[2025-02-02T21:14:22.476-0300] {processor.py:925} INFO - DAG(s) 'PipelineARGUS' retrieved from /home/lucas/airflow/dags/DAGPipeline.py
[2025-02-02T21:14:22.488-0300] {logging_mixin.py:190} INFO - [2025-02-02T21:14:22.488-0300] {dag.py:3239} INFO - Sync 1 DAGs
[2025-02-02T21:14:22.499-0300] {logging_mixin.py:190} INFO - [2025-02-02T21:14:22.498-0300] {dag.py:4180} INFO - Setting next_dagrun for PipelineARGUS to 2025-01-29 00:00:00+00:00, run_after=2025-01-29 00:05:00+00:00
[2025-02-02T21:14:22.521-0300] {processor.py:208} INFO - Processing /home/lucas/airflow/dags/DAGPipeline.py took 0.311 seconds
[2025-02-02T21:14:53.099-0300] {processor.py:186} INFO - Started process (PID=18670) to work on /home/lucas/airflow/dags/DAGPipeline.py
[2025-02-02T21:14:53.099-0300] {processor.py:914} INFO - Processing file /home/lucas/airflow/dags/DAGPipeline.py for tasks to queue
[2025-02-02T21:14:53.101-0300] {logging_mixin.py:190} INFO - [2025-02-02T21:14:53.101-0300] {dagbag.py:588} INFO - Filling up the DagBag from /home/lucas/airflow/dags/DAGPipeline.py
[2025-02-02T21:14:53.329-0300] {processor.py:925} INFO - DAG(s) 'PipelineARGUS' retrieved from /home/lucas/airflow/dags/DAGPipeline.py
[2025-02-02T21:14:53.341-0300] {logging_mixin.py:190} INFO - [2025-02-02T21:14:53.340-0300] {dag.py:3239} INFO - Sync 1 DAGs
[2025-02-02T21:14:53.351-0300] {logging_mixin.py:190} INFO - [2025-02-02T21:14:53.351-0300] {dag.py:4180} INFO - Setting next_dagrun for PipelineARGUS to 2025-01-29 00:00:00+00:00, run_after=2025-01-29 00:05:00+00:00
[2025-02-02T21:14:53.365-0300] {processor.py:208} INFO - Processing /home/lucas/airflow/dags/DAGPipeline.py took 0.271 seconds
[2025-02-02T21:15:24.886-0300] {processor.py:186} INFO - Started process (PID=19009) to work on /home/lucas/airflow/dags/DAGPipeline.py
[2025-02-02T21:15:24.892-0300] {processor.py:914} INFO - Processing file /home/lucas/airflow/dags/DAGPipeline.py for tasks to queue
[2025-02-02T21:15:24.895-0300] {logging_mixin.py:190} INFO - [2025-02-02T21:15:24.894-0300] {dagbag.py:588} INFO - Filling up the DagBag from /home/lucas/airflow/dags/DAGPipeline.py
[2025-02-02T21:15:25.147-0300] {processor.py:925} INFO - DAG(s) 'PipelineARGUS' retrieved from /home/lucas/airflow/dags/DAGPipeline.py
[2025-02-02T21:15:25.161-0300] {logging_mixin.py:190} INFO - [2025-02-02T21:15:25.161-0300] {dag.py:3239} INFO - Sync 1 DAGs
[2025-02-02T21:15:25.173-0300] {logging_mixin.py:190} INFO - [2025-02-02T21:15:25.173-0300] {dag.py:4180} INFO - Setting next_dagrun for PipelineARGUS to 2025-01-29 00:00:00+00:00, run_after=2025-01-29 00:05:00+00:00
[2025-02-02T21:15:25.200-0300] {processor.py:208} INFO - Processing /home/lucas/airflow/dags/DAGPipeline.py took 0.318 seconds
[2025-02-02T21:15:56.873-0300] {processor.py:186} INFO - Started process (PID=19325) to work on /home/lucas/airflow/dags/DAGPipeline.py
[2025-02-02T21:15:56.874-0300] {processor.py:914} INFO - Processing file /home/lucas/airflow/dags/DAGPipeline.py for tasks to queue
[2025-02-02T21:15:56.876-0300] {logging_mixin.py:190} INFO - [2025-02-02T21:15:56.876-0300] {dagbag.py:588} INFO - Filling up the DagBag from /home/lucas/airflow/dags/DAGPipeline.py
[2025-02-02T21:15:57.113-0300] {processor.py:925} INFO - DAG(s) 'PipelineARGUS' retrieved from /home/lucas/airflow/dags/DAGPipeline.py
[2025-02-02T21:15:57.126-0300] {logging_mixin.py:190} INFO - [2025-02-02T21:15:57.126-0300] {dag.py:3239} INFO - Sync 1 DAGs
[2025-02-02T21:15:57.137-0300] {logging_mixin.py:190} INFO - [2025-02-02T21:15:57.136-0300] {dag.py:4180} INFO - Setting next_dagrun for PipelineARGUS to 2025-01-29 00:00:00+00:00, run_after=2025-01-29 00:05:00+00:00
[2025-02-02T21:15:57.162-0300] {processor.py:208} INFO - Processing /home/lucas/airflow/dags/DAGPipeline.py took 0.294 seconds
[2025-02-02T21:16:28.405-0300] {processor.py:186} INFO - Started process (PID=19774) to work on /home/lucas/airflow/dags/DAGPipeline.py
[2025-02-02T21:16:28.406-0300] {processor.py:914} INFO - Processing file /home/lucas/airflow/dags/DAGPipeline.py for tasks to queue
[2025-02-02T21:16:28.408-0300] {logging_mixin.py:190} INFO - [2025-02-02T21:16:28.407-0300] {dagbag.py:588} INFO - Filling up the DagBag from /home/lucas/airflow/dags/DAGPipeline.py
[2025-02-02T21:16:28.644-0300] {processor.py:925} INFO - DAG(s) 'PipelineARGUS' retrieved from /home/lucas/airflow/dags/DAGPipeline.py
[2025-02-02T21:16:28.662-0300] {logging_mixin.py:190} INFO - [2025-02-02T21:16:28.661-0300] {dag.py:3239} INFO - Sync 1 DAGs
[2025-02-02T21:16:28.676-0300] {logging_mixin.py:190} INFO - [2025-02-02T21:16:28.676-0300] {dag.py:4180} INFO - Setting next_dagrun for PipelineARGUS to 2025-01-29 00:00:00+00:00, run_after=2025-01-29 00:05:00+00:00
[2025-02-02T21:16:28.704-0300] {processor.py:208} INFO - Processing /home/lucas/airflow/dags/DAGPipeline.py took 0.302 seconds
[2025-02-02T21:16:59.342-0300] {processor.py:186} INFO - Started process (PID=20097) to work on /home/lucas/airflow/dags/DAGPipeline.py
[2025-02-02T21:16:59.342-0300] {processor.py:914} INFO - Processing file /home/lucas/airflow/dags/DAGPipeline.py for tasks to queue
[2025-02-02T21:16:59.344-0300] {logging_mixin.py:190} INFO - [2025-02-02T21:16:59.344-0300] {dagbag.py:588} INFO - Filling up the DagBag from /home/lucas/airflow/dags/DAGPipeline.py
[2025-02-02T21:16:59.578-0300] {processor.py:925} INFO - DAG(s) 'PipelineARGUS' retrieved from /home/lucas/airflow/dags/DAGPipeline.py
[2025-02-02T21:16:59.602-0300] {logging_mixin.py:190} INFO - [2025-02-02T21:16:59.602-0300] {dag.py:3239} INFO - Sync 1 DAGs
[2025-02-02T21:16:59.613-0300] {logging_mixin.py:190} INFO - [2025-02-02T21:16:59.613-0300] {dag.py:4180} INFO - Setting next_dagrun for PipelineARGUS to 2025-01-29 00:00:00+00:00, run_after=2025-01-29 00:05:00+00:00
[2025-02-02T21:16:59.627-0300] {processor.py:208} INFO - Processing /home/lucas/airflow/dags/DAGPipeline.py took 0.290 seconds
[2025-02-02T21:17:33.318-0300] {processor.py:186} INFO - Started process (PID=20435) to work on /home/lucas/airflow/dags/DAGPipeline.py
[2025-02-02T21:17:33.318-0300] {processor.py:914} INFO - Processing file /home/lucas/airflow/dags/DAGPipeline.py for tasks to queue
[2025-02-02T21:17:33.321-0300] {logging_mixin.py:190} INFO - [2025-02-02T21:17:33.321-0300] {dagbag.py:588} INFO - Filling up the DagBag from /home/lucas/airflow/dags/DAGPipeline.py
[2025-02-02T21:17:33.600-0300] {processor.py:925} INFO - DAG(s) 'PipelineARGUS' retrieved from /home/lucas/airflow/dags/DAGPipeline.py
[2025-02-02T21:17:33.616-0300] {logging_mixin.py:190} INFO - [2025-02-02T21:17:33.615-0300] {dag.py:3239} INFO - Sync 1 DAGs
[2025-02-02T21:17:33.628-0300] {logging_mixin.py:190} INFO - [2025-02-02T21:17:33.628-0300] {dag.py:4180} INFO - Setting next_dagrun for PipelineARGUS to 2025-01-29 00:00:00+00:00, run_after=2025-01-29 00:05:00+00:00
[2025-02-02T21:17:33.641-0300] {processor.py:208} INFO - Processing /home/lucas/airflow/dags/DAGPipeline.py took 0.328 seconds
[2025-02-02T21:18:04.941-0300] {processor.py:186} INFO - Started process (PID=20672) to work on /home/lucas/airflow/dags/DAGPipeline.py
[2025-02-02T21:18:04.942-0300] {processor.py:914} INFO - Processing file /home/lucas/airflow/dags/DAGPipeline.py for tasks to queue
[2025-02-02T21:18:04.943-0300] {logging_mixin.py:190} INFO - [2025-02-02T21:18:04.943-0300] {dagbag.py:588} INFO - Filling up the DagBag from /home/lucas/airflow/dags/DAGPipeline.py
[2025-02-02T21:18:05.177-0300] {processor.py:925} INFO - DAG(s) 'PipelineARGUS' retrieved from /home/lucas/airflow/dags/DAGPipeline.py
[2025-02-02T21:18:05.190-0300] {logging_mixin.py:190} INFO - [2025-02-02T21:18:05.190-0300] {dag.py:3239} INFO - Sync 1 DAGs
[2025-02-02T21:18:05.202-0300] {logging_mixin.py:190} INFO - [2025-02-02T21:18:05.202-0300] {dag.py:4180} INFO - Setting next_dagrun for PipelineARGUS to 2025-01-29 00:00:00+00:00, run_after=2025-01-29 00:05:00+00:00
[2025-02-02T21:18:05.215-0300] {processor.py:208} INFO - Processing /home/lucas/airflow/dags/DAGPipeline.py took 0.278 seconds
[2025-02-02T21:18:35.409-0300] {processor.py:186} INFO - Started process (PID=20981) to work on /home/lucas/airflow/dags/DAGPipeline.py
[2025-02-02T21:18:35.410-0300] {processor.py:914} INFO - Processing file /home/lucas/airflow/dags/DAGPipeline.py for tasks to queue
[2025-02-02T21:18:35.411-0300] {logging_mixin.py:190} INFO - [2025-02-02T21:18:35.411-0300] {dagbag.py:588} INFO - Filling up the DagBag from /home/lucas/airflow/dags/DAGPipeline.py
[2025-02-02T21:18:35.733-0300] {processor.py:925} INFO - DAG(s) 'PipelineARGUS' retrieved from /home/lucas/airflow/dags/DAGPipeline.py
[2025-02-02T21:18:35.750-0300] {logging_mixin.py:190} INFO - [2025-02-02T21:18:35.750-0300] {dag.py:3239} INFO - Sync 1 DAGs
[2025-02-02T21:18:35.764-0300] {logging_mixin.py:190} INFO - [2025-02-02T21:18:35.764-0300] {dag.py:4180} INFO - Setting next_dagrun for PipelineARGUS to 2025-01-29 00:00:00+00:00, run_after=2025-01-29 00:05:00+00:00
[2025-02-02T21:18:35.779-0300] {processor.py:208} INFO - Processing /home/lucas/airflow/dags/DAGPipeline.py took 0.374 seconds
[2025-02-02T21:19:10.026-0300] {processor.py:186} INFO - Started process (PID=21296) to work on /home/lucas/airflow/dags/DAGPipeline.py
[2025-02-02T21:19:10.027-0300] {processor.py:914} INFO - Processing file /home/lucas/airflow/dags/DAGPipeline.py for tasks to queue
[2025-02-02T21:19:10.028-0300] {logging_mixin.py:190} INFO - [2025-02-02T21:19:10.028-0300] {dagbag.py:588} INFO - Filling up the DagBag from /home/lucas/airflow/dags/DAGPipeline.py
[2025-02-02T21:19:10.267-0300] {processor.py:925} INFO - DAG(s) 'PipelineARGUS' retrieved from /home/lucas/airflow/dags/DAGPipeline.py
[2025-02-02T21:19:10.291-0300] {logging_mixin.py:190} INFO - [2025-02-02T21:19:10.290-0300] {dag.py:3239} INFO - Sync 1 DAGs
[2025-02-02T21:19:10.301-0300] {logging_mixin.py:190} INFO - [2025-02-02T21:19:10.301-0300] {dag.py:4180} INFO - Setting next_dagrun for PipelineARGUS to 2025-01-29 00:00:00+00:00, run_after=2025-01-29 00:05:00+00:00
[2025-02-02T21:19:10.315-0300] {processor.py:208} INFO - Processing /home/lucas/airflow/dags/DAGPipeline.py took 0.293 seconds
[2025-02-02T21:19:40.446-0300] {processor.py:186} INFO - Started process (PID=21517) to work on /home/lucas/airflow/dags/DAGPipeline.py
[2025-02-02T21:19:40.447-0300] {processor.py:914} INFO - Processing file /home/lucas/airflow/dags/DAGPipeline.py for tasks to queue
[2025-02-02T21:19:40.449-0300] {logging_mixin.py:190} INFO - [2025-02-02T21:19:40.449-0300] {dagbag.py:588} INFO - Filling up the DagBag from /home/lucas/airflow/dags/DAGPipeline.py
[2025-02-02T21:19:40.725-0300] {processor.py:925} INFO - DAG(s) 'PipelineARGUS' retrieved from /home/lucas/airflow/dags/DAGPipeline.py
[2025-02-02T21:19:40.739-0300] {logging_mixin.py:190} INFO - [2025-02-02T21:19:40.739-0300] {dag.py:3239} INFO - Sync 1 DAGs
[2025-02-02T21:19:40.751-0300] {logging_mixin.py:190} INFO - [2025-02-02T21:19:40.751-0300] {dag.py:4180} INFO - Setting next_dagrun for PipelineARGUS to 2025-01-29 00:00:00+00:00, run_after=2025-01-29 00:05:00+00:00
[2025-02-02T21:19:40.767-0300] {processor.py:208} INFO - Processing /home/lucas/airflow/dags/DAGPipeline.py took 0.328 seconds
[2025-02-02T21:20:11.066-0300] {processor.py:186} INFO - Started process (PID=21802) to work on /home/lucas/airflow/dags/DAGPipeline.py
[2025-02-02T21:20:11.067-0300] {processor.py:914} INFO - Processing file /home/lucas/airflow/dags/DAGPipeline.py for tasks to queue
[2025-02-02T21:20:11.070-0300] {logging_mixin.py:190} INFO - [2025-02-02T21:20:11.069-0300] {dagbag.py:588} INFO - Filling up the DagBag from /home/lucas/airflow/dags/DAGPipeline.py
[2025-02-02T21:20:11.322-0300] {processor.py:925} INFO - DAG(s) 'PipelineARGUS' retrieved from /home/lucas/airflow/dags/DAGPipeline.py
[2025-02-02T21:20:11.338-0300] {logging_mixin.py:190} INFO - [2025-02-02T21:20:11.338-0300] {dag.py:3239} INFO - Sync 1 DAGs
[2025-02-02T21:20:11.358-0300] {logging_mixin.py:190} INFO - [2025-02-02T21:20:11.358-0300] {dag.py:4180} INFO - Setting next_dagrun for PipelineARGUS to 2025-01-29 00:00:00+00:00, run_after=2025-01-29 00:05:00+00:00
[2025-02-02T21:20:11.373-0300] {processor.py:208} INFO - Processing /home/lucas/airflow/dags/DAGPipeline.py took 0.318 seconds
[2025-02-02T21:20:42.044-0300] {processor.py:186} INFO - Started process (PID=22027) to work on /home/lucas/airflow/dags/DAGPipeline.py
[2025-02-02T21:20:42.045-0300] {processor.py:914} INFO - Processing file /home/lucas/airflow/dags/DAGPipeline.py for tasks to queue
[2025-02-02T21:20:42.046-0300] {logging_mixin.py:190} INFO - [2025-02-02T21:20:42.046-0300] {dagbag.py:588} INFO - Filling up the DagBag from /home/lucas/airflow/dags/DAGPipeline.py
[2025-02-02T21:20:42.326-0300] {processor.py:925} INFO - DAG(s) 'PipelineARGUS' retrieved from /home/lucas/airflow/dags/DAGPipeline.py
[2025-02-02T21:20:42.341-0300] {logging_mixin.py:190} INFO - [2025-02-02T21:20:42.341-0300] {dag.py:3239} INFO - Sync 1 DAGs
[2025-02-02T21:20:42.354-0300] {logging_mixin.py:190} INFO - [2025-02-02T21:20:42.354-0300] {dag.py:4180} INFO - Setting next_dagrun for PipelineARGUS to 2025-01-29 00:00:00+00:00, run_after=2025-01-29 00:05:00+00:00
[2025-02-02T21:20:42.368-0300] {processor.py:208} INFO - Processing /home/lucas/airflow/dags/DAGPipeline.py took 0.329 seconds
[2025-02-02T21:21:13.610-0300] {processor.py:186} INFO - Started process (PID=22410) to work on /home/lucas/airflow/dags/DAGPipeline.py
[2025-02-02T21:21:13.611-0300] {processor.py:914} INFO - Processing file /home/lucas/airflow/dags/DAGPipeline.py for tasks to queue
[2025-02-02T21:21:13.612-0300] {logging_mixin.py:190} INFO - [2025-02-02T21:21:13.612-0300] {dagbag.py:588} INFO - Filling up the DagBag from /home/lucas/airflow/dags/DAGPipeline.py
[2025-02-02T21:21:13.842-0300] {processor.py:925} INFO - DAG(s) 'PipelineARGUS' retrieved from /home/lucas/airflow/dags/DAGPipeline.py
[2025-02-02T21:21:13.854-0300] {logging_mixin.py:190} INFO - [2025-02-02T21:21:13.854-0300] {dag.py:3239} INFO - Sync 1 DAGs
[2025-02-02T21:21:13.864-0300] {logging_mixin.py:190} INFO - [2025-02-02T21:21:13.864-0300] {dag.py:4180} INFO - Setting next_dagrun for PipelineARGUS to 2025-01-29 00:00:00+00:00, run_after=2025-01-29 00:05:00+00:00
[2025-02-02T21:21:14.064-0300] {processor.py:208} INFO - Processing /home/lucas/airflow/dags/DAGPipeline.py took 0.458 seconds
[2025-02-02T21:21:44.551-0300] {processor.py:186} INFO - Started process (PID=22627) to work on /home/lucas/airflow/dags/DAGPipeline.py
[2025-02-02T21:21:44.552-0300] {processor.py:914} INFO - Processing file /home/lucas/airflow/dags/DAGPipeline.py for tasks to queue
[2025-02-02T21:21:44.554-0300] {logging_mixin.py:190} INFO - [2025-02-02T21:21:44.554-0300] {dagbag.py:588} INFO - Filling up the DagBag from /home/lucas/airflow/dags/DAGPipeline.py
[2025-02-02T21:21:44.793-0300] {processor.py:925} INFO - DAG(s) 'PipelineARGUS' retrieved from /home/lucas/airflow/dags/DAGPipeline.py
[2025-02-02T21:21:44.807-0300] {logging_mixin.py:190} INFO - [2025-02-02T21:21:44.807-0300] {dag.py:3239} INFO - Sync 1 DAGs
[2025-02-02T21:21:44.893-0300] {logging_mixin.py:190} INFO - [2025-02-02T21:21:44.893-0300] {dag.py:4180} INFO - Setting next_dagrun for PipelineARGUS to 2025-01-29 00:00:00+00:00, run_after=2025-01-29 00:05:00+00:00
[2025-02-02T21:21:44.905-0300] {processor.py:208} INFO - Processing /home/lucas/airflow/dags/DAGPipeline.py took 0.360 seconds
[2025-02-02T21:22:24.220-0300] {processor.py:186} INFO - Started process (PID=22851) to work on /home/lucas/airflow/dags/DAGPipeline.py
[2025-02-02T21:22:24.221-0300] {processor.py:914} INFO - Processing file /home/lucas/airflow/dags/DAGPipeline.py for tasks to queue
[2025-02-02T21:22:24.222-0300] {logging_mixin.py:190} INFO - [2025-02-02T21:22:24.222-0300] {dagbag.py:588} INFO - Filling up the DagBag from /home/lucas/airflow/dags/DAGPipeline.py
[2025-02-02T21:22:24.471-0300] {processor.py:925} INFO - DAG(s) 'PipelineARGUS' retrieved from /home/lucas/airflow/dags/DAGPipeline.py
[2025-02-02T21:22:24.572-0300] {logging_mixin.py:190} INFO - [2025-02-02T21:22:24.571-0300] {dag.py:3239} INFO - Sync 1 DAGs
[2025-02-02T21:22:24.582-0300] {logging_mixin.py:190} INFO - [2025-02-02T21:22:24.582-0300] {dag.py:4180} INFO - Setting next_dagrun for PipelineARGUS to 2025-01-29 00:00:00+00:00, run_after=2025-01-29 00:05:00+00:00
[2025-02-02T21:22:24.604-0300] {processor.py:208} INFO - Processing /home/lucas/airflow/dags/DAGPipeline.py took 0.388 seconds
[2025-02-02T21:22:57.679-0300] {processor.py:186} INFO - Started process (PID=23092) to work on /home/lucas/airflow/dags/DAGPipeline.py
[2025-02-02T21:22:57.680-0300] {processor.py:914} INFO - Processing file /home/lucas/airflow/dags/DAGPipeline.py for tasks to queue
[2025-02-02T21:22:57.682-0300] {logging_mixin.py:190} INFO - [2025-02-02T21:22:57.681-0300] {dagbag.py:588} INFO - Filling up the DagBag from /home/lucas/airflow/dags/DAGPipeline.py
[2025-02-02T21:22:57.903-0300] {processor.py:925} INFO - DAG(s) 'PipelineARGUS' retrieved from /home/lucas/airflow/dags/DAGPipeline.py
[2025-02-02T21:22:57.915-0300] {logging_mixin.py:190} INFO - [2025-02-02T21:22:57.915-0300] {dag.py:3239} INFO - Sync 1 DAGs
[2025-02-02T21:22:57.925-0300] {logging_mixin.py:190} INFO - [2025-02-02T21:22:57.925-0300] {dag.py:4180} INFO - Setting next_dagrun for PipelineARGUS to 2025-01-29 00:00:00+00:00, run_after=2025-01-29 00:05:00+00:00
[2025-02-02T21:22:58.022-0300] {processor.py:208} INFO - Processing /home/lucas/airflow/dags/DAGPipeline.py took 0.347 seconds
[2025-02-02T21:23:29.428-0300] {processor.py:186} INFO - Started process (PID=23394) to work on /home/lucas/airflow/dags/DAGPipeline.py
[2025-02-02T21:23:29.430-0300] {processor.py:914} INFO - Processing file /home/lucas/airflow/dags/DAGPipeline.py for tasks to queue
[2025-02-02T21:23:29.433-0300] {logging_mixin.py:190} INFO - [2025-02-02T21:23:29.433-0300] {dagbag.py:588} INFO - Filling up the DagBag from /home/lucas/airflow/dags/DAGPipeline.py
[2025-02-02T21:23:29.712-0300] {processor.py:925} INFO - DAG(s) 'PipelineARGUS' retrieved from /home/lucas/airflow/dags/DAGPipeline.py
[2025-02-02T21:23:29.728-0300] {logging_mixin.py:190} INFO - [2025-02-02T21:23:29.728-0300] {dag.py:3239} INFO - Sync 1 DAGs
[2025-02-02T21:23:29.826-0300] {logging_mixin.py:190} INFO - [2025-02-02T21:23:29.826-0300] {dag.py:4180} INFO - Setting next_dagrun for PipelineARGUS to 2025-01-29 00:00:00+00:00, run_after=2025-01-29 00:05:00+00:00
[2025-02-02T21:23:29.852-0300] {processor.py:208} INFO - Processing /home/lucas/airflow/dags/DAGPipeline.py took 0.436 seconds
[2025-02-02T21:24:01.490-0300] {processor.py:186} INFO - Started process (PID=23644) to work on /home/lucas/airflow/dags/DAGPipeline.py
[2025-02-02T21:24:01.496-0300] {processor.py:914} INFO - Processing file /home/lucas/airflow/dags/DAGPipeline.py for tasks to queue
[2025-02-02T21:24:01.498-0300] {logging_mixin.py:190} INFO - [2025-02-02T21:24:01.497-0300] {dagbag.py:588} INFO - Filling up the DagBag from /home/lucas/airflow/dags/DAGPipeline.py
[2025-02-02T21:24:01.833-0300] {processor.py:925} INFO - DAG(s) 'PipelineARGUS' retrieved from /home/lucas/airflow/dags/DAGPipeline.py
[2025-02-02T21:24:01.843-0300] {logging_mixin.py:190} INFO - [2025-02-02T21:24:01.843-0300] {dag.py:3239} INFO - Sync 1 DAGs
[2025-02-02T21:24:01.853-0300] {logging_mixin.py:190} INFO - [2025-02-02T21:24:01.852-0300] {dag.py:4180} INFO - Setting next_dagrun for PipelineARGUS to 2025-01-29 00:00:00+00:00, run_after=2025-01-29 00:05:00+00:00
[2025-02-02T21:24:01.871-0300] {processor.py:208} INFO - Processing /home/lucas/airflow/dags/DAGPipeline.py took 0.386 seconds
[2025-02-02T21:24:32.461-0300] {processor.py:186} INFO - Started process (PID=23919) to work on /home/lucas/airflow/dags/DAGPipeline.py
[2025-02-02T21:24:32.467-0300] {processor.py:914} INFO - Processing file /home/lucas/airflow/dags/DAGPipeline.py for tasks to queue
[2025-02-02T21:24:32.469-0300] {logging_mixin.py:190} INFO - [2025-02-02T21:24:32.468-0300] {dagbag.py:588} INFO - Filling up the DagBag from /home/lucas/airflow/dags/DAGPipeline.py
[2025-02-02T21:24:32.800-0300] {processor.py:925} INFO - DAG(s) 'PipelineARGUS' retrieved from /home/lucas/airflow/dags/DAGPipeline.py
[2025-02-02T21:24:32.821-0300] {logging_mixin.py:190} INFO - [2025-02-02T21:24:32.821-0300] {dag.py:3239} INFO - Sync 1 DAGs
[2025-02-02T21:24:32.831-0300] {logging_mixin.py:190} INFO - [2025-02-02T21:24:32.831-0300] {dag.py:4180} INFO - Setting next_dagrun for PipelineARGUS to 2025-01-29 00:00:00+00:00, run_after=2025-01-29 00:05:00+00:00
[2025-02-02T21:24:32.845-0300] {processor.py:208} INFO - Processing /home/lucas/airflow/dags/DAGPipeline.py took 0.388 seconds
[2025-02-02T21:25:05.294-0300] {processor.py:186} INFO - Started process (PID=24081) to work on /home/lucas/airflow/dags/DAGPipeline.py
[2025-02-02T21:25:05.294-0300] {processor.py:914} INFO - Processing file /home/lucas/airflow/dags/DAGPipeline.py for tasks to queue
[2025-02-02T21:25:05.296-0300] {logging_mixin.py:190} INFO - [2025-02-02T21:25:05.295-0300] {dagbag.py:588} INFO - Filling up the DagBag from /home/lucas/airflow/dags/DAGPipeline.py
[2025-02-02T21:25:05.550-0300] {processor.py:925} INFO - DAG(s) 'PipelineARGUS' retrieved from /home/lucas/airflow/dags/DAGPipeline.py
[2025-02-02T21:25:05.564-0300] {logging_mixin.py:190} INFO - [2025-02-02T21:25:05.564-0300] {dag.py:3239} INFO - Sync 1 DAGs
[2025-02-02T21:25:05.665-0300] {logging_mixin.py:190} INFO - [2025-02-02T21:25:05.665-0300] {dag.py:4180} INFO - Setting next_dagrun for PipelineARGUS to 2025-01-29 00:00:00+00:00, run_after=2025-01-29 00:05:00+00:00
[2025-02-02T21:25:05.689-0300] {processor.py:208} INFO - Processing /home/lucas/airflow/dags/DAGPipeline.py took 0.400 seconds
[2025-02-02T21:25:35.944-0300] {processor.py:186} INFO - Started process (PID=24263) to work on /home/lucas/airflow/dags/DAGPipeline.py
[2025-02-02T21:25:35.945-0300] {processor.py:914} INFO - Processing file /home/lucas/airflow/dags/DAGPipeline.py for tasks to queue
[2025-02-02T21:25:35.947-0300] {logging_mixin.py:190} INFO - [2025-02-02T21:25:35.947-0300] {dagbag.py:588} INFO - Filling up the DagBag from /home/lucas/airflow/dags/DAGPipeline.py
[2025-02-02T21:25:36.290-0300] {processor.py:925} INFO - DAG(s) 'PipelineARGUS' retrieved from /home/lucas/airflow/dags/DAGPipeline.py
[2025-02-02T21:25:36.313-0300] {logging_mixin.py:190} INFO - [2025-02-02T21:25:36.313-0300] {dag.py:3239} INFO - Sync 1 DAGs
[2025-02-02T21:25:36.326-0300] {logging_mixin.py:190} INFO - [2025-02-02T21:25:36.325-0300] {dag.py:4180} INFO - Setting next_dagrun for PipelineARGUS to 2025-01-29 00:00:00+00:00, run_after=2025-01-29 00:05:00+00:00
[2025-02-02T21:25:36.341-0300] {processor.py:208} INFO - Processing /home/lucas/airflow/dags/DAGPipeline.py took 0.401 seconds
[2025-02-02T21:26:07.452-0300] {processor.py:186} INFO - Started process (PID=24535) to work on /home/lucas/airflow/dags/DAGPipeline.py
[2025-02-02T21:26:07.453-0300] {processor.py:914} INFO - Processing file /home/lucas/airflow/dags/DAGPipeline.py for tasks to queue
[2025-02-02T21:26:07.454-0300] {logging_mixin.py:190} INFO - [2025-02-02T21:26:07.454-0300] {dagbag.py:588} INFO - Filling up the DagBag from /home/lucas/airflow/dags/DAGPipeline.py
[2025-02-02T21:26:07.761-0300] {processor.py:925} INFO - DAG(s) 'PipelineARGUS' retrieved from /home/lucas/airflow/dags/DAGPipeline.py
[2025-02-02T21:26:07.782-0300] {logging_mixin.py:190} INFO - [2025-02-02T21:26:07.781-0300] {dag.py:3239} INFO - Sync 1 DAGs
[2025-02-02T21:26:07.790-0300] {logging_mixin.py:190} INFO - [2025-02-02T21:26:07.790-0300] {dag.py:4180} INFO - Setting next_dagrun for PipelineARGUS to 2025-01-29 00:00:00+00:00, run_after=2025-01-29 00:05:00+00:00
[2025-02-02T21:26:07.803-0300] {processor.py:208} INFO - Processing /home/lucas/airflow/dags/DAGPipeline.py took 0.355 seconds
[2025-02-02T21:26:38.748-0300] {processor.py:186} INFO - Started process (PID=24914) to work on /home/lucas/airflow/dags/DAGPipeline.py
[2025-02-02T21:26:38.749-0300] {processor.py:914} INFO - Processing file /home/lucas/airflow/dags/DAGPipeline.py for tasks to queue
[2025-02-02T21:26:38.752-0300] {logging_mixin.py:190} INFO - [2025-02-02T21:26:38.751-0300] {dagbag.py:588} INFO - Filling up the DagBag from /home/lucas/airflow/dags/DAGPipeline.py
[2025-02-02T21:26:39.146-0300] {processor.py:925} INFO - DAG(s) 'PipelineARGUS' retrieved from /home/lucas/airflow/dags/DAGPipeline.py
[2025-02-02T21:26:39.159-0300] {logging_mixin.py:190} INFO - [2025-02-02T21:26:39.159-0300] {dag.py:3239} INFO - Sync 1 DAGs
[2025-02-02T21:26:39.170-0300] {logging_mixin.py:190} INFO - [2025-02-02T21:26:39.170-0300] {dag.py:4180} INFO - Setting next_dagrun for PipelineARGUS to 2025-01-29 00:00:00+00:00, run_after=2025-01-29 00:05:00+00:00
[2025-02-02T21:26:39.183-0300] {processor.py:208} INFO - Processing /home/lucas/airflow/dags/DAGPipeline.py took 0.443 seconds
[2025-02-02T21:27:09.404-0300] {processor.py:186} INFO - Started process (PID=25043) to work on /home/lucas/airflow/dags/DAGPipeline.py
[2025-02-02T21:27:09.415-0300] {processor.py:914} INFO - Processing file /home/lucas/airflow/dags/DAGPipeline.py for tasks to queue
[2025-02-02T21:27:09.419-0300] {logging_mixin.py:190} INFO - [2025-02-02T21:27:09.418-0300] {dagbag.py:588} INFO - Filling up the DagBag from /home/lucas/airflow/dags/DAGPipeline.py
[2025-02-02T21:27:09.716-0300] {processor.py:925} INFO - DAG(s) 'PipelineARGUS' retrieved from /home/lucas/airflow/dags/DAGPipeline.py
[2025-02-02T21:27:09.726-0300] {logging_mixin.py:190} INFO - [2025-02-02T21:27:09.726-0300] {dag.py:3239} INFO - Sync 1 DAGs
[2025-02-02T21:27:09.735-0300] {logging_mixin.py:190} INFO - [2025-02-02T21:27:09.735-0300] {dag.py:4180} INFO - Setting next_dagrun for PipelineARGUS to 2025-01-29 00:00:00+00:00, run_after=2025-01-29 00:05:00+00:00
[2025-02-02T21:27:09.756-0300] {processor.py:208} INFO - Processing /home/lucas/airflow/dags/DAGPipeline.py took 0.356 seconds
[2025-02-02T21:27:39.945-0300] {processor.py:186} INFO - Started process (PID=25118) to work on /home/lucas/airflow/dags/DAGPipeline.py
[2025-02-02T21:27:39.956-0300] {processor.py:914} INFO - Processing file /home/lucas/airflow/dags/DAGPipeline.py for tasks to queue
[2025-02-02T21:27:39.958-0300] {logging_mixin.py:190} INFO - [2025-02-02T21:27:39.958-0300] {dagbag.py:588} INFO - Filling up the DagBag from /home/lucas/airflow/dags/DAGPipeline.py
[2025-02-02T21:27:40.258-0300] {processor.py:925} INFO - DAG(s) 'PipelineARGUS' retrieved from /home/lucas/airflow/dags/DAGPipeline.py
[2025-02-02T21:27:40.267-0300] {logging_mixin.py:190} INFO - [2025-02-02T21:27:40.267-0300] {dag.py:3239} INFO - Sync 1 DAGs
[2025-02-02T21:27:40.276-0300] {logging_mixin.py:190} INFO - [2025-02-02T21:27:40.276-0300] {dag.py:4180} INFO - Setting next_dagrun for PipelineARGUS to 2025-01-29 00:00:00+00:00, run_after=2025-01-29 00:05:00+00:00
[2025-02-02T21:27:40.298-0300] {processor.py:208} INFO - Processing /home/lucas/airflow/dags/DAGPipeline.py took 0.359 seconds
[2025-02-02T21:28:12.051-0300] {processor.py:186} INFO - Started process (PID=25346) to work on /home/lucas/airflow/dags/DAGPipeline.py
[2025-02-02T21:28:12.051-0300] {processor.py:914} INFO - Processing file /home/lucas/airflow/dags/DAGPipeline.py for tasks to queue
[2025-02-02T21:28:12.053-0300] {logging_mixin.py:190} INFO - [2025-02-02T21:28:12.052-0300] {dagbag.py:588} INFO - Filling up the DagBag from /home/lucas/airflow/dags/DAGPipeline.py
[2025-02-02T21:28:12.404-0300] {processor.py:925} INFO - DAG(s) 'PipelineARGUS' retrieved from /home/lucas/airflow/dags/DAGPipeline.py
[2025-02-02T21:28:12.415-0300] {logging_mixin.py:190} INFO - [2025-02-02T21:28:12.415-0300] {dag.py:3239} INFO - Sync 1 DAGs
[2025-02-02T21:28:12.427-0300] {logging_mixin.py:190} INFO - [2025-02-02T21:28:12.427-0300] {dag.py:4180} INFO - Setting next_dagrun for PipelineARGUS to 2025-01-29 00:00:00+00:00, run_after=2025-01-29 00:05:00+00:00
[2025-02-02T21:28:12.449-0300] {processor.py:208} INFO - Processing /home/lucas/airflow/dags/DAGPipeline.py took 0.402 seconds
[2025-02-02T21:28:44.573-0300] {processor.py:186} INFO - Started process (PID=25646) to work on /home/lucas/airflow/dags/DAGPipeline.py
[2025-02-02T21:28:44.579-0300] {processor.py:914} INFO - Processing file /home/lucas/airflow/dags/DAGPipeline.py for tasks to queue
[2025-02-02T21:28:44.580-0300] {logging_mixin.py:190} INFO - [2025-02-02T21:28:44.580-0300] {dagbag.py:588} INFO - Filling up the DagBag from /home/lucas/airflow/dags/DAGPipeline.py
[2025-02-02T21:28:44.970-0300] {processor.py:925} INFO - DAG(s) 'PipelineARGUS' retrieved from /home/lucas/airflow/dags/DAGPipeline.py
[2025-02-02T21:28:44.981-0300] {logging_mixin.py:190} INFO - [2025-02-02T21:28:44.981-0300] {dag.py:3239} INFO - Sync 1 DAGs
[2025-02-02T21:28:44.992-0300] {logging_mixin.py:190} INFO - [2025-02-02T21:28:44.992-0300] {dag.py:4180} INFO - Setting next_dagrun for PipelineARGUS to 2025-01-29 00:00:00+00:00, run_after=2025-01-29 00:05:00+00:00
[2025-02-02T21:28:45.014-0300] {processor.py:208} INFO - Processing /home/lucas/airflow/dags/DAGPipeline.py took 0.446 seconds
[2025-02-02T21:29:15.682-0300] {processor.py:186} INFO - Started process (PID=25928) to work on /home/lucas/airflow/dags/DAGPipeline.py
[2025-02-02T21:29:15.683-0300] {processor.py:914} INFO - Processing file /home/lucas/airflow/dags/DAGPipeline.py for tasks to queue
[2025-02-02T21:29:15.684-0300] {logging_mixin.py:190} INFO - [2025-02-02T21:29:15.684-0300] {dagbag.py:588} INFO - Filling up the DagBag from /home/lucas/airflow/dags/DAGPipeline.py
[2025-02-02T21:29:16.009-0300] {processor.py:925} INFO - DAG(s) 'PipelineARGUS' retrieved from /home/lucas/airflow/dags/DAGPipeline.py
[2025-02-02T21:29:16.020-0300] {logging_mixin.py:190} INFO - [2025-02-02T21:29:16.020-0300] {dag.py:3239} INFO - Sync 1 DAGs
[2025-02-02T21:29:16.031-0300] {logging_mixin.py:190} INFO - [2025-02-02T21:29:16.031-0300] {dag.py:4180} INFO - Setting next_dagrun for PipelineARGUS to 2025-01-29 00:00:00+00:00, run_after=2025-01-29 00:05:00+00:00
[2025-02-02T21:29:16.053-0300] {processor.py:208} INFO - Processing /home/lucas/airflow/dags/DAGPipeline.py took 0.375 seconds
[2025-02-02T21:29:46.504-0300] {processor.py:186} INFO - Started process (PID=26207) to work on /home/lucas/airflow/dags/DAGPipeline.py
[2025-02-02T21:29:46.510-0300] {processor.py:914} INFO - Processing file /home/lucas/airflow/dags/DAGPipeline.py for tasks to queue
[2025-02-02T21:29:46.511-0300] {logging_mixin.py:190} INFO - [2025-02-02T21:29:46.511-0300] {dagbag.py:588} INFO - Filling up the DagBag from /home/lucas/airflow/dags/DAGPipeline.py
[2025-02-02T21:29:46.836-0300] {processor.py:925} INFO - DAG(s) 'PipelineARGUS' retrieved from /home/lucas/airflow/dags/DAGPipeline.py
[2025-02-02T21:29:46.848-0300] {logging_mixin.py:190} INFO - [2025-02-02T21:29:46.848-0300] {dag.py:3239} INFO - Sync 1 DAGs
[2025-02-02T21:29:46.858-0300] {logging_mixin.py:190} INFO - [2025-02-02T21:29:46.858-0300] {dag.py:4180} INFO - Setting next_dagrun for PipelineARGUS to 2025-01-29 00:00:00+00:00, run_after=2025-01-29 00:05:00+00:00
[2025-02-02T21:29:46.872-0300] {processor.py:208} INFO - Processing /home/lucas/airflow/dags/DAGPipeline.py took 0.372 seconds
[2025-02-02T21:30:18.513-0300] {processor.py:186} INFO - Started process (PID=26562) to work on /home/lucas/airflow/dags/DAGPipeline.py
[2025-02-02T21:30:18.520-0300] {processor.py:914} INFO - Processing file /home/lucas/airflow/dags/DAGPipeline.py for tasks to queue
[2025-02-02T21:30:18.523-0300] {logging_mixin.py:190} INFO - [2025-02-02T21:30:18.523-0300] {dagbag.py:588} INFO - Filling up the DagBag from /home/lucas/airflow/dags/DAGPipeline.py
[2025-02-02T21:30:18.849-0300] {processor.py:925} INFO - DAG(s) 'PipelineARGUS' retrieved from /home/lucas/airflow/dags/DAGPipeline.py
[2025-02-02T21:30:18.861-0300] {logging_mixin.py:190} INFO - [2025-02-02T21:30:18.861-0300] {dag.py:3239} INFO - Sync 1 DAGs
[2025-02-02T21:30:18.872-0300] {logging_mixin.py:190} INFO - [2025-02-02T21:30:18.872-0300] {dag.py:4180} INFO - Setting next_dagrun for PipelineARGUS to 2025-01-29 00:00:00+00:00, run_after=2025-01-29 00:05:00+00:00
[2025-02-02T21:30:18.894-0300] {processor.py:208} INFO - Processing /home/lucas/airflow/dags/DAGPipeline.py took 0.385 seconds
[2025-02-02T21:30:49.605-0300] {processor.py:186} INFO - Started process (PID=26843) to work on /home/lucas/airflow/dags/DAGPipeline.py
[2025-02-02T21:30:49.605-0300] {processor.py:914} INFO - Processing file /home/lucas/airflow/dags/DAGPipeline.py for tasks to queue
[2025-02-02T21:30:49.607-0300] {logging_mixin.py:190} INFO - [2025-02-02T21:30:49.607-0300] {dagbag.py:588} INFO - Filling up the DagBag from /home/lucas/airflow/dags/DAGPipeline.py
[2025-02-02T21:30:49.909-0300] {processor.py:925} INFO - DAG(s) 'PipelineARGUS' retrieved from /home/lucas/airflow/dags/DAGPipeline.py
[2025-02-02T21:30:49.920-0300] {logging_mixin.py:190} INFO - [2025-02-02T21:30:49.920-0300] {dag.py:3239} INFO - Sync 1 DAGs
[2025-02-02T21:30:49.929-0300] {logging_mixin.py:190} INFO - [2025-02-02T21:30:49.929-0300] {dag.py:4180} INFO - Setting next_dagrun for PipelineARGUS to 2025-01-29 00:00:00+00:00, run_after=2025-01-29 00:05:00+00:00
[2025-02-02T21:30:49.951-0300] {processor.py:208} INFO - Processing /home/lucas/airflow/dags/DAGPipeline.py took 0.350 seconds
[2025-02-02T21:31:20.740-0300] {processor.py:186} INFO - Started process (PID=26982) to work on /home/lucas/airflow/dags/DAGPipeline.py
[2025-02-02T21:31:20.750-0300] {processor.py:914} INFO - Processing file /home/lucas/airflow/dags/DAGPipeline.py for tasks to queue
[2025-02-02T21:31:20.752-0300] {logging_mixin.py:190} INFO - [2025-02-02T21:31:20.751-0300] {dagbag.py:588} INFO - Filling up the DagBag from /home/lucas/airflow/dags/DAGPipeline.py
[2025-02-02T21:31:21.106-0300] {processor.py:925} INFO - DAG(s) 'PipelineARGUS' retrieved from /home/lucas/airflow/dags/DAGPipeline.py
[2025-02-02T21:31:21.119-0300] {logging_mixin.py:190} INFO - [2025-02-02T21:31:21.119-0300] {dag.py:3239} INFO - Sync 1 DAGs
[2025-02-02T21:31:21.133-0300] {logging_mixin.py:190} INFO - [2025-02-02T21:31:21.133-0300] {dag.py:4180} INFO - Setting next_dagrun for PipelineARGUS to 2025-01-29 00:00:00+00:00, run_after=2025-01-29 00:05:00+00:00
[2025-02-02T21:31:21.148-0300] {processor.py:208} INFO - Processing /home/lucas/airflow/dags/DAGPipeline.py took 0.413 seconds
[2025-02-02T21:31:51.320-0300] {processor.py:186} INFO - Started process (PID=27114) to work on /home/lucas/airflow/dags/DAGPipeline.py
[2025-02-02T21:31:51.328-0300] {processor.py:914} INFO - Processing file /home/lucas/airflow/dags/DAGPipeline.py for tasks to queue
[2025-02-02T21:31:51.330-0300] {logging_mixin.py:190} INFO - [2025-02-02T21:31:51.330-0300] {dagbag.py:588} INFO - Filling up the DagBag from /home/lucas/airflow/dags/DAGPipeline.py
[2025-02-02T21:31:51.618-0300] {processor.py:925} INFO - DAG(s) 'PipelineARGUS' retrieved from /home/lucas/airflow/dags/DAGPipeline.py
[2025-02-02T21:31:51.629-0300] {logging_mixin.py:190} INFO - [2025-02-02T21:31:51.629-0300] {dag.py:3239} INFO - Sync 1 DAGs
[2025-02-02T21:31:51.638-0300] {logging_mixin.py:190} INFO - [2025-02-02T21:31:51.637-0300] {dag.py:4180} INFO - Setting next_dagrun for PipelineARGUS to 2025-01-29 00:00:00+00:00, run_after=2025-01-29 00:05:00+00:00
[2025-02-02T21:31:51.659-0300] {processor.py:208} INFO - Processing /home/lucas/airflow/dags/DAGPipeline.py took 0.343 seconds
[2025-02-02T21:36:46.738-0300] {processor.py:186} INFO - Started process (PID=27437) to work on /home/lucas/airflow/dags/DAGPipeline.py
[2025-02-02T21:36:46.738-0300] {processor.py:914} INFO - Processing file /home/lucas/airflow/dags/DAGPipeline.py for tasks to queue
[2025-02-02T21:36:46.739-0300] {logging_mixin.py:190} INFO - [2025-02-02T21:36:46.739-0300] {dagbag.py:588} INFO - Filling up the DagBag from /home/lucas/airflow/dags/DAGPipeline.py
[2025-02-02T21:36:47.080-0300] {processor.py:925} INFO - DAG(s) 'PipelineARGUS' retrieved from /home/lucas/airflow/dags/DAGPipeline.py
[2025-02-02T21:36:47.092-0300] {logging_mixin.py:190} INFO - [2025-02-02T21:36:47.092-0300] {dag.py:3239} INFO - Sync 1 DAGs
[2025-02-02T21:36:47.102-0300] {logging_mixin.py:190} INFO - [2025-02-02T21:36:47.102-0300] {dag.py:4180} INFO - Setting next_dagrun for PipelineARGUS to 2025-01-29 00:00:00+00:00, run_after=2025-01-29 00:05:00+00:00
[2025-02-02T21:36:47.122-0300] {processor.py:208} INFO - Processing /home/lucas/airflow/dags/DAGPipeline.py took 0.389 seconds
[2025-02-02T21:43:16.719-0300] {processor.py:186} INFO - Started process (PID=27960) to work on /home/lucas/airflow/dags/DAGPipeline.py
[2025-02-02T21:43:16.720-0300] {processor.py:914} INFO - Processing file /home/lucas/airflow/dags/DAGPipeline.py for tasks to queue
[2025-02-02T21:43:16.721-0300] {logging_mixin.py:190} INFO - [2025-02-02T21:43:16.721-0300] {dagbag.py:588} INFO - Filling up the DagBag from /home/lucas/airflow/dags/DAGPipeline.py
[2025-02-02T21:43:17.053-0300] {processor.py:925} INFO - DAG(s) 'PipelineARGUS' retrieved from /home/lucas/airflow/dags/DAGPipeline.py
[2025-02-02T21:43:17.066-0300] {logging_mixin.py:190} INFO - [2025-02-02T21:43:17.065-0300] {dag.py:3239} INFO - Sync 1 DAGs
[2025-02-02T21:43:17.073-0300] {logging_mixin.py:190} INFO - [2025-02-02T21:43:17.073-0300] {dag.py:4180} INFO - Setting next_dagrun for PipelineARGUS to 2025-01-29 00:00:00+00:00, run_after=2025-01-29 00:05:00+00:00
[2025-02-02T21:43:17.099-0300] {processor.py:208} INFO - Processing /home/lucas/airflow/dags/DAGPipeline.py took 0.384 seconds
[2025-02-02T21:44:55.278-0300] {processor.py:186} INFO - Started process (PID=28174) to work on /home/lucas/airflow/dags/DAGPipeline.py
[2025-02-02T21:44:55.278-0300] {processor.py:914} INFO - Processing file /home/lucas/airflow/dags/DAGPipeline.py for tasks to queue
[2025-02-02T21:44:55.279-0300] {logging_mixin.py:190} INFO - [2025-02-02T21:44:55.279-0300] {dagbag.py:588} INFO - Filling up the DagBag from /home/lucas/airflow/dags/DAGPipeline.py
[2025-02-02T21:44:55.662-0300] {processor.py:925} INFO - DAG(s) 'PipelineARGUS' retrieved from /home/lucas/airflow/dags/DAGPipeline.py
[2025-02-02T21:44:55.674-0300] {logging_mixin.py:190} INFO - [2025-02-02T21:44:55.673-0300] {dag.py:3239} INFO - Sync 1 DAGs
[2025-02-02T21:44:55.683-0300] {logging_mixin.py:190} INFO - [2025-02-02T21:44:55.682-0300] {dag.py:4180} INFO - Setting next_dagrun for PipelineARGUS to 2025-01-29 00:00:00+00:00, run_after=2025-01-29 00:05:00+00:00
[2025-02-02T21:44:55.694-0300] {processor.py:208} INFO - Processing /home/lucas/airflow/dags/DAGPipeline.py took 0.422 seconds
[2025-02-02T21:45:36.944-0300] {processor.py:186} INFO - Started process (PID=28280) to work on /home/lucas/airflow/dags/DAGPipeline.py
[2025-02-02T21:45:36.954-0300] {processor.py:914} INFO - Processing file /home/lucas/airflow/dags/DAGPipeline.py for tasks to queue
[2025-02-02T21:45:36.956-0300] {logging_mixin.py:190} INFO - [2025-02-02T21:45:36.955-0300] {dagbag.py:588} INFO - Filling up the DagBag from /home/lucas/airflow/dags/DAGPipeline.py
[2025-02-02T21:45:37.261-0300] {processor.py:925} INFO - DAG(s) 'PipelineARGUS' retrieved from /home/lucas/airflow/dags/DAGPipeline.py
[2025-02-02T21:45:37.282-0300] {logging_mixin.py:190} INFO - [2025-02-02T21:45:37.282-0300] {dag.py:3239} INFO - Sync 1 DAGs
[2025-02-02T21:45:37.290-0300] {logging_mixin.py:190} INFO - [2025-02-02T21:45:37.290-0300] {dag.py:4180} INFO - Setting next_dagrun for PipelineARGUS to 2025-01-29 00:00:00+00:00, run_after=2025-01-29 00:05:00+00:00
[2025-02-02T21:45:37.302-0300] {processor.py:208} INFO - Processing /home/lucas/airflow/dags/DAGPipeline.py took 0.362 seconds
[2025-02-02T21:46:07.644-0300] {processor.py:186} INFO - Started process (PID=28435) to work on /home/lucas/airflow/dags/DAGPipeline.py
[2025-02-02T21:46:07.655-0300] {processor.py:914} INFO - Processing file /home/lucas/airflow/dags/DAGPipeline.py for tasks to queue
[2025-02-02T21:46:07.656-0300] {logging_mixin.py:190} INFO - [2025-02-02T21:46:07.655-0300] {dagbag.py:588} INFO - Filling up the DagBag from /home/lucas/airflow/dags/DAGPipeline.py
[2025-02-02T21:46:08.043-0300] {processor.py:925} INFO - DAG(s) 'PipelineARGUS' retrieved from /home/lucas/airflow/dags/DAGPipeline.py
[2025-02-02T21:46:08.057-0300] {logging_mixin.py:190} INFO - [2025-02-02T21:46:08.057-0300] {dag.py:3239} INFO - Sync 1 DAGs
[2025-02-02T21:46:08.069-0300] {logging_mixin.py:190} INFO - [2025-02-02T21:46:08.069-0300] {dag.py:4180} INFO - Setting next_dagrun for PipelineARGUS to 2025-01-29 00:00:00+00:00, run_after=2025-01-29 00:05:00+00:00
[2025-02-02T21:46:08.081-0300] {processor.py:208} INFO - Processing /home/lucas/airflow/dags/DAGPipeline.py took 0.441 seconds
[2025-02-02T21:46:38.271-0300] {processor.py:186} INFO - Started process (PID=28508) to work on /home/lucas/airflow/dags/DAGPipeline.py
[2025-02-02T21:46:38.272-0300] {processor.py:914} INFO - Processing file /home/lucas/airflow/dags/DAGPipeline.py for tasks to queue
[2025-02-02T21:46:38.273-0300] {logging_mixin.py:190} INFO - [2025-02-02T21:46:38.272-0300] {dagbag.py:588} INFO - Filling up the DagBag from /home/lucas/airflow/dags/DAGPipeline.py
[2025-02-02T21:46:38.580-0300] {processor.py:925} INFO - DAG(s) 'PipelineARGUS' retrieved from /home/lucas/airflow/dags/DAGPipeline.py
[2025-02-02T21:46:38.592-0300] {logging_mixin.py:190} INFO - [2025-02-02T21:46:38.592-0300] {dag.py:3239} INFO - Sync 1 DAGs
[2025-02-02T21:46:38.602-0300] {logging_mixin.py:190} INFO - [2025-02-02T21:46:38.601-0300] {dag.py:4180} INFO - Setting next_dagrun for PipelineARGUS to 2025-01-29 00:00:00+00:00, run_after=2025-01-29 00:05:00+00:00
[2025-02-02T21:46:38.622-0300] {processor.py:208} INFO - Processing /home/lucas/airflow/dags/DAGPipeline.py took 0.356 seconds
[2025-02-02T21:47:08.799-0300] {processor.py:186} INFO - Started process (PID=28577) to work on /home/lucas/airflow/dags/DAGPipeline.py
[2025-02-02T21:47:08.810-0300] {processor.py:914} INFO - Processing file /home/lucas/airflow/dags/DAGPipeline.py for tasks to queue
[2025-02-02T21:47:08.812-0300] {logging_mixin.py:190} INFO - [2025-02-02T21:47:08.811-0300] {dagbag.py:588} INFO - Filling up the DagBag from /home/lucas/airflow/dags/DAGPipeline.py
[2025-02-02T21:47:09.041-0300] {processor.py:925} INFO - DAG(s) 'PipelineARGUS' retrieved from /home/lucas/airflow/dags/DAGPipeline.py
[2025-02-02T21:47:09.054-0300] {logging_mixin.py:190} INFO - [2025-02-02T21:47:09.054-0300] {dag.py:3239} INFO - Sync 1 DAGs
[2025-02-02T21:47:09.065-0300] {logging_mixin.py:190} INFO - [2025-02-02T21:47:09.065-0300] {dag.py:4180} INFO - Setting next_dagrun for PipelineARGUS to 2025-01-29 00:00:00+00:00, run_after=2025-01-29 00:05:00+00:00
[2025-02-02T21:47:09.086-0300] {processor.py:208} INFO - Processing /home/lucas/airflow/dags/DAGPipeline.py took 0.291 seconds
[2025-02-02T21:47:39.215-0300] {processor.py:186} INFO - Started process (PID=28651) to work on /home/lucas/airflow/dags/DAGPipeline.py
[2025-02-02T21:47:39.226-0300] {processor.py:914} INFO - Processing file /home/lucas/airflow/dags/DAGPipeline.py for tasks to queue
[2025-02-02T21:47:39.228-0300] {logging_mixin.py:190} INFO - [2025-02-02T21:47:39.227-0300] {dagbag.py:588} INFO - Filling up the DagBag from /home/lucas/airflow/dags/DAGPipeline.py
[2025-02-02T21:47:39.432-0300] {processor.py:925} INFO - DAG(s) 'PipelineARGUS' retrieved from /home/lucas/airflow/dags/DAGPipeline.py
[2025-02-02T21:47:39.444-0300] {logging_mixin.py:190} INFO - [2025-02-02T21:47:39.444-0300] {dag.py:3239} INFO - Sync 1 DAGs
[2025-02-02T21:47:39.452-0300] {logging_mixin.py:190} INFO - [2025-02-02T21:47:39.452-0300] {dag.py:4180} INFO - Setting next_dagrun for PipelineARGUS to 2025-01-29 00:00:00+00:00, run_after=2025-01-29 00:05:00+00:00
[2025-02-02T21:47:39.474-0300] {processor.py:208} INFO - Processing /home/lucas/airflow/dags/DAGPipeline.py took 0.263 seconds
[2025-02-02T21:48:09.641-0300] {processor.py:186} INFO - Started process (PID=28720) to work on /home/lucas/airflow/dags/DAGPipeline.py
[2025-02-02T21:48:09.641-0300] {processor.py:914} INFO - Processing file /home/lucas/airflow/dags/DAGPipeline.py for tasks to queue
[2025-02-02T21:48:09.642-0300] {logging_mixin.py:190} INFO - [2025-02-02T21:48:09.642-0300] {dagbag.py:588} INFO - Filling up the DagBag from /home/lucas/airflow/dags/DAGPipeline.py
[2025-02-02T21:48:09.850-0300] {processor.py:925} INFO - DAG(s) 'PipelineARGUS' retrieved from /home/lucas/airflow/dags/DAGPipeline.py
[2025-02-02T21:48:09.863-0300] {logging_mixin.py:190} INFO - [2025-02-02T21:48:09.862-0300] {dag.py:3239} INFO - Sync 1 DAGs
[2025-02-02T21:48:09.872-0300] {logging_mixin.py:190} INFO - [2025-02-02T21:48:09.872-0300] {dag.py:4180} INFO - Setting next_dagrun for PipelineARGUS to 2025-01-29 00:00:00+00:00, run_after=2025-01-29 00:05:00+00:00
[2025-02-02T21:48:09.894-0300] {processor.py:208} INFO - Processing /home/lucas/airflow/dags/DAGPipeline.py took 0.257 seconds
[2025-02-02T21:48:40.053-0300] {processor.py:186} INFO - Started process (PID=28797) to work on /home/lucas/airflow/dags/DAGPipeline.py
[2025-02-02T21:48:40.063-0300] {processor.py:914} INFO - Processing file /home/lucas/airflow/dags/DAGPipeline.py for tasks to queue
[2025-02-02T21:48:40.064-0300] {logging_mixin.py:190} INFO - [2025-02-02T21:48:40.064-0300] {dagbag.py:588} INFO - Filling up the DagBag from /home/lucas/airflow/dags/DAGPipeline.py
[2025-02-02T21:48:40.309-0300] {processor.py:925} INFO - DAG(s) 'PipelineARGUS' retrieved from /home/lucas/airflow/dags/DAGPipeline.py
[2025-02-02T21:48:40.323-0300] {logging_mixin.py:190} INFO - [2025-02-02T21:48:40.323-0300] {dag.py:3239} INFO - Sync 1 DAGs
[2025-02-02T21:48:40.333-0300] {logging_mixin.py:190} INFO - [2025-02-02T21:48:40.333-0300] {dag.py:4180} INFO - Setting next_dagrun for PipelineARGUS to 2025-01-29 00:00:00+00:00, run_after=2025-01-29 00:05:00+00:00
[2025-02-02T21:48:40.357-0300] {processor.py:208} INFO - Processing /home/lucas/airflow/dags/DAGPipeline.py took 0.308 seconds
[2025-02-02T21:49:10.564-0300] {processor.py:186} INFO - Started process (PID=28866) to work on /home/lucas/airflow/dags/DAGPipeline.py
[2025-02-02T21:49:10.575-0300] {processor.py:914} INFO - Processing file /home/lucas/airflow/dags/DAGPipeline.py for tasks to queue
[2025-02-02T21:49:10.576-0300] {logging_mixin.py:190} INFO - [2025-02-02T21:49:10.576-0300] {dagbag.py:588} INFO - Filling up the DagBag from /home/lucas/airflow/dags/DAGPipeline.py
[2025-02-02T21:49:10.797-0300] {processor.py:925} INFO - DAG(s) 'PipelineARGUS' retrieved from /home/lucas/airflow/dags/DAGPipeline.py
[2025-02-02T21:49:10.821-0300] {logging_mixin.py:190} INFO - [2025-02-02T21:49:10.820-0300] {dag.py:3239} INFO - Sync 1 DAGs
[2025-02-02T21:49:10.831-0300] {logging_mixin.py:190} INFO - [2025-02-02T21:49:10.831-0300] {dag.py:4180} INFO - Setting next_dagrun for PipelineARGUS to 2025-01-29 00:00:00+00:00, run_after=2025-01-29 00:05:00+00:00
[2025-02-02T21:49:10.845-0300] {processor.py:208} INFO - Processing /home/lucas/airflow/dags/DAGPipeline.py took 0.285 seconds
[2025-02-02T21:49:40.970-0300] {processor.py:186} INFO - Started process (PID=28941) to work on /home/lucas/airflow/dags/DAGPipeline.py
[2025-02-02T21:49:40.981-0300] {processor.py:914} INFO - Processing file /home/lucas/airflow/dags/DAGPipeline.py for tasks to queue
[2025-02-02T21:49:40.982-0300] {logging_mixin.py:190} INFO - [2025-02-02T21:49:40.982-0300] {dagbag.py:588} INFO - Filling up the DagBag from /home/lucas/airflow/dags/DAGPipeline.py
[2025-02-02T21:49:41.221-0300] {processor.py:925} INFO - DAG(s) 'PipelineARGUS' retrieved from /home/lucas/airflow/dags/DAGPipeline.py
[2025-02-02T21:49:41.235-0300] {logging_mixin.py:190} INFO - [2025-02-02T21:49:41.235-0300] {dag.py:3239} INFO - Sync 1 DAGs
[2025-02-02T21:49:41.244-0300] {logging_mixin.py:190} INFO - [2025-02-02T21:49:41.244-0300] {dag.py:4180} INFO - Setting next_dagrun for PipelineARGUS to 2025-01-29 00:00:00+00:00, run_after=2025-01-29 00:05:00+00:00
[2025-02-02T21:49:41.266-0300] {processor.py:208} INFO - Processing /home/lucas/airflow/dags/DAGPipeline.py took 0.299 seconds
[2025-02-02T21:50:11.836-0300] {processor.py:186} INFO - Started process (PID=29008) to work on /home/lucas/airflow/dags/DAGPipeline.py
[2025-02-02T21:50:11.847-0300] {processor.py:914} INFO - Processing file /home/lucas/airflow/dags/DAGPipeline.py for tasks to queue
[2025-02-02T21:50:11.848-0300] {logging_mixin.py:190} INFO - [2025-02-02T21:50:11.848-0300] {dagbag.py:588} INFO - Filling up the DagBag from /home/lucas/airflow/dags/DAGPipeline.py
[2025-02-02T21:50:12.065-0300] {processor.py:925} INFO - DAG(s) 'PipelineARGUS' retrieved from /home/lucas/airflow/dags/DAGPipeline.py
[2025-02-02T21:50:12.079-0300] {logging_mixin.py:190} INFO - [2025-02-02T21:50:12.079-0300] {dag.py:3239} INFO - Sync 1 DAGs
[2025-02-02T21:50:12.088-0300] {logging_mixin.py:190} INFO - [2025-02-02T21:50:12.088-0300] {dag.py:4180} INFO - Setting next_dagrun for PipelineARGUS to 2025-01-29 00:00:00+00:00, run_after=2025-01-29 00:05:00+00:00
[2025-02-02T21:50:12.110-0300] {processor.py:208} INFO - Processing /home/lucas/airflow/dags/DAGPipeline.py took 0.278 seconds
[2025-02-02T21:50:42.956-0300] {processor.py:186} INFO - Started process (PID=29090) to work on /home/lucas/airflow/dags/DAGPipeline.py
[2025-02-02T21:50:42.966-0300] {processor.py:914} INFO - Processing file /home/lucas/airflow/dags/DAGPipeline.py for tasks to queue
[2025-02-02T21:50:42.967-0300] {logging_mixin.py:190} INFO - [2025-02-02T21:50:42.967-0300] {dagbag.py:588} INFO - Filling up the DagBag from /home/lucas/airflow/dags/DAGPipeline.py
[2025-02-02T21:50:43.181-0300] {processor.py:925} INFO - DAG(s) 'PipelineARGUS' retrieved from /home/lucas/airflow/dags/DAGPipeline.py
[2025-02-02T21:50:43.193-0300] {logging_mixin.py:190} INFO - [2025-02-02T21:50:43.193-0300] {dag.py:3239} INFO - Sync 1 DAGs
[2025-02-02T21:50:43.203-0300] {logging_mixin.py:190} INFO - [2025-02-02T21:50:43.202-0300] {dag.py:4180} INFO - Setting next_dagrun for PipelineARGUS to 2025-01-29 00:00:00+00:00, run_after=2025-01-29 00:05:00+00:00
[2025-02-02T21:50:43.225-0300] {processor.py:208} INFO - Processing /home/lucas/airflow/dags/DAGPipeline.py took 0.273 seconds
[2025-02-02T21:51:13.368-0300] {processor.py:186} INFO - Started process (PID=29163) to work on /home/lucas/airflow/dags/DAGPipeline.py
[2025-02-02T21:51:13.378-0300] {processor.py:914} INFO - Processing file /home/lucas/airflow/dags/DAGPipeline.py for tasks to queue
[2025-02-02T21:51:13.379-0300] {logging_mixin.py:190} INFO - [2025-02-02T21:51:13.379-0300] {dagbag.py:588} INFO - Filling up the DagBag from /home/lucas/airflow/dags/DAGPipeline.py
[2025-02-02T21:51:13.599-0300] {processor.py:925} INFO - DAG(s) 'PipelineARGUS' retrieved from /home/lucas/airflow/dags/DAGPipeline.py
[2025-02-02T21:51:13.612-0300] {logging_mixin.py:190} INFO - [2025-02-02T21:51:13.612-0300] {dag.py:3239} INFO - Sync 1 DAGs
[2025-02-02T21:51:13.621-0300] {logging_mixin.py:190} INFO - [2025-02-02T21:51:13.621-0300] {dag.py:4180} INFO - Setting next_dagrun for PipelineARGUS to 2025-01-29 00:00:00+00:00, run_after=2025-01-29 00:05:00+00:00
[2025-02-02T21:51:13.644-0300] {processor.py:208} INFO - Processing /home/lucas/airflow/dags/DAGPipeline.py took 0.281 seconds
[2025-02-02T21:51:43.745-0300] {processor.py:186} INFO - Started process (PID=29234) to work on /home/lucas/airflow/dags/DAGPipeline.py
[2025-02-02T21:51:43.746-0300] {processor.py:914} INFO - Processing file /home/lucas/airflow/dags/DAGPipeline.py for tasks to queue
[2025-02-02T21:51:43.746-0300] {logging_mixin.py:190} INFO - [2025-02-02T21:51:43.746-0300] {dagbag.py:588} INFO - Filling up the DagBag from /home/lucas/airflow/dags/DAGPipeline.py
[2025-02-02T21:51:43.956-0300] {processor.py:925} INFO - DAG(s) 'PipelineARGUS' retrieved from /home/lucas/airflow/dags/DAGPipeline.py
[2025-02-02T21:51:43.979-0300] {logging_mixin.py:190} INFO - [2025-02-02T21:51:43.979-0300] {dag.py:3239} INFO - Sync 1 DAGs
[2025-02-02T21:51:43.990-0300] {logging_mixin.py:190} INFO - [2025-02-02T21:51:43.989-0300] {dag.py:4180} INFO - Setting next_dagrun for PipelineARGUS to 2025-01-29 00:00:00+00:00, run_after=2025-01-29 00:05:00+00:00
[2025-02-02T21:51:44.002-0300] {processor.py:208} INFO - Processing /home/lucas/airflow/dags/DAGPipeline.py took 0.261 seconds
[2025-02-02T21:52:14.136-0300] {processor.py:186} INFO - Started process (PID=29306) to work on /home/lucas/airflow/dags/DAGPipeline.py
[2025-02-02T21:52:14.147-0300] {processor.py:914} INFO - Processing file /home/lucas/airflow/dags/DAGPipeline.py for tasks to queue
[2025-02-02T21:52:14.149-0300] {logging_mixin.py:190} INFO - [2025-02-02T21:52:14.148-0300] {dagbag.py:588} INFO - Filling up the DagBag from /home/lucas/airflow/dags/DAGPipeline.py
[2025-02-02T21:52:14.352-0300] {processor.py:925} INFO - DAG(s) 'PipelineARGUS' retrieved from /home/lucas/airflow/dags/DAGPipeline.py
[2025-02-02T21:52:14.365-0300] {logging_mixin.py:190} INFO - [2025-02-02T21:52:14.365-0300] {dag.py:3239} INFO - Sync 1 DAGs
[2025-02-02T21:52:14.373-0300] {logging_mixin.py:190} INFO - [2025-02-02T21:52:14.373-0300] {dag.py:4180} INFO - Setting next_dagrun for PipelineARGUS to 2025-01-29 00:00:00+00:00, run_after=2025-01-29 00:05:00+00:00
[2025-02-02T21:52:14.394-0300] {processor.py:208} INFO - Processing /home/lucas/airflow/dags/DAGPipeline.py took 0.262 seconds
[2025-02-02T21:52:44.534-0300] {processor.py:186} INFO - Started process (PID=29376) to work on /home/lucas/airflow/dags/DAGPipeline.py
[2025-02-02T21:52:44.544-0300] {processor.py:914} INFO - Processing file /home/lucas/airflow/dags/DAGPipeline.py for tasks to queue
[2025-02-02T21:52:44.546-0300] {logging_mixin.py:190} INFO - [2025-02-02T21:52:44.546-0300] {dagbag.py:588} INFO - Filling up the DagBag from /home/lucas/airflow/dags/DAGPipeline.py
[2025-02-02T21:52:44.753-0300] {processor.py:925} INFO - DAG(s) 'PipelineARGUS' retrieved from /home/lucas/airflow/dags/DAGPipeline.py
[2025-02-02T21:52:44.765-0300] {logging_mixin.py:190} INFO - [2025-02-02T21:52:44.765-0300] {dag.py:3239} INFO - Sync 1 DAGs
[2025-02-02T21:52:44.773-0300] {logging_mixin.py:190} INFO - [2025-02-02T21:52:44.773-0300] {dag.py:4180} INFO - Setting next_dagrun for PipelineARGUS to 2025-01-29 00:00:00+00:00, run_after=2025-01-29 00:05:00+00:00
[2025-02-02T21:52:44.794-0300] {processor.py:208} INFO - Processing /home/lucas/airflow/dags/DAGPipeline.py took 0.265 seconds
[2025-02-02T21:53:14.915-0300] {processor.py:186} INFO - Started process (PID=29450) to work on /home/lucas/airflow/dags/DAGPipeline.py
[2025-02-02T21:53:14.926-0300] {processor.py:914} INFO - Processing file /home/lucas/airflow/dags/DAGPipeline.py for tasks to queue
[2025-02-02T21:53:14.927-0300] {logging_mixin.py:190} INFO - [2025-02-02T21:53:14.927-0300] {dagbag.py:588} INFO - Filling up the DagBag from /home/lucas/airflow/dags/DAGPipeline.py
[2025-02-02T21:53:15.133-0300] {processor.py:925} INFO - DAG(s) 'PipelineARGUS' retrieved from /home/lucas/airflow/dags/DAGPipeline.py
[2025-02-02T21:53:15.145-0300] {logging_mixin.py:190} INFO - [2025-02-02T21:53:15.145-0300] {dag.py:3239} INFO - Sync 1 DAGs
[2025-02-02T21:53:15.154-0300] {logging_mixin.py:190} INFO - [2025-02-02T21:53:15.154-0300] {dag.py:4180} INFO - Setting next_dagrun for PipelineARGUS to 2025-01-29 00:00:00+00:00, run_after=2025-01-29 00:05:00+00:00
[2025-02-02T21:53:15.166-0300] {processor.py:208} INFO - Processing /home/lucas/airflow/dags/DAGPipeline.py took 0.255 seconds
[2025-02-02T21:53:46.652-0300] {processor.py:186} INFO - Started process (PID=29518) to work on /home/lucas/airflow/dags/DAGPipeline.py
[2025-02-02T21:53:46.663-0300] {processor.py:914} INFO - Processing file /home/lucas/airflow/dags/DAGPipeline.py for tasks to queue
[2025-02-02T21:53:46.665-0300] {logging_mixin.py:190} INFO - [2025-02-02T21:53:46.664-0300] {dagbag.py:588} INFO - Filling up the DagBag from /home/lucas/airflow/dags/DAGPipeline.py
[2025-02-02T21:53:46.867-0300] {processor.py:925} INFO - DAG(s) 'PipelineARGUS' retrieved from /home/lucas/airflow/dags/DAGPipeline.py
[2025-02-02T21:53:46.878-0300] {logging_mixin.py:190} INFO - [2025-02-02T21:53:46.878-0300] {dag.py:3239} INFO - Sync 1 DAGs
[2025-02-02T21:53:46.887-0300] {logging_mixin.py:190} INFO - [2025-02-02T21:53:46.887-0300] {dag.py:4180} INFO - Setting next_dagrun for PipelineARGUS to 2025-01-29 00:00:00+00:00, run_after=2025-01-29 00:05:00+00:00
[2025-02-02T21:53:46.911-0300] {processor.py:208} INFO - Processing /home/lucas/airflow/dags/DAGPipeline.py took 0.264 seconds
[2025-02-02T21:54:17.030-0300] {processor.py:186} INFO - Started process (PID=29580) to work on /home/lucas/airflow/dags/DAGPipeline.py
[2025-02-02T21:54:17.041-0300] {processor.py:914} INFO - Processing file /home/lucas/airflow/dags/DAGPipeline.py for tasks to queue
[2025-02-02T21:54:17.043-0300] {logging_mixin.py:190} INFO - [2025-02-02T21:54:17.042-0300] {dagbag.py:588} INFO - Filling up the DagBag from /home/lucas/airflow/dags/DAGPipeline.py
[2025-02-02T21:54:17.315-0300] {processor.py:925} INFO - DAG(s) 'PipelineARGUS' retrieved from /home/lucas/airflow/dags/DAGPipeline.py
[2025-02-02T21:54:17.329-0300] {logging_mixin.py:190} INFO - [2025-02-02T21:54:17.329-0300] {dag.py:3239} INFO - Sync 1 DAGs
[2025-02-02T21:54:17.338-0300] {logging_mixin.py:190} INFO - [2025-02-02T21:54:17.338-0300] {dag.py:4180} INFO - Setting next_dagrun for PipelineARGUS to 2025-01-29 00:00:00+00:00, run_after=2025-01-29 00:05:00+00:00
[2025-02-02T21:54:17.349-0300] {processor.py:208} INFO - Processing /home/lucas/airflow/dags/DAGPipeline.py took 0.323 seconds
[2025-02-02T21:54:48.439-0300] {processor.py:186} INFO - Started process (PID=29647) to work on /home/lucas/airflow/dags/DAGPipeline.py
[2025-02-02T21:54:48.450-0300] {processor.py:914} INFO - Processing file /home/lucas/airflow/dags/DAGPipeline.py for tasks to queue
[2025-02-02T21:54:48.452-0300] {logging_mixin.py:190} INFO - [2025-02-02T21:54:48.451-0300] {dagbag.py:588} INFO - Filling up the DagBag from /home/lucas/airflow/dags/DAGPipeline.py
[2025-02-02T21:54:48.653-0300] {processor.py:925} INFO - DAG(s) 'PipelineARGUS' retrieved from /home/lucas/airflow/dags/DAGPipeline.py
[2025-02-02T21:54:48.666-0300] {logging_mixin.py:190} INFO - [2025-02-02T21:54:48.666-0300] {dag.py:3239} INFO - Sync 1 DAGs
[2025-02-02T21:54:48.674-0300] {logging_mixin.py:190} INFO - [2025-02-02T21:54:48.674-0300] {dag.py:4180} INFO - Setting next_dagrun for PipelineARGUS to 2025-01-29 00:00:00+00:00, run_after=2025-01-29 00:05:00+00:00
[2025-02-02T21:54:48.696-0300] {processor.py:208} INFO - Processing /home/lucas/airflow/dags/DAGPipeline.py took 0.262 seconds
[2025-02-02T21:55:18.817-0300] {processor.py:186} INFO - Started process (PID=29734) to work on /home/lucas/airflow/dags/DAGPipeline.py
[2025-02-02T21:55:18.828-0300] {processor.py:914} INFO - Processing file /home/lucas/airflow/dags/DAGPipeline.py for tasks to queue
[2025-02-02T21:55:18.829-0300] {logging_mixin.py:190} INFO - [2025-02-02T21:55:18.828-0300] {dagbag.py:588} INFO - Filling up the DagBag from /home/lucas/airflow/dags/DAGPipeline.py
[2025-02-02T21:55:19.059-0300] {processor.py:925} INFO - DAG(s) 'PipelineARGUS' retrieved from /home/lucas/airflow/dags/DAGPipeline.py
[2025-02-02T21:55:19.071-0300] {logging_mixin.py:190} INFO - [2025-02-02T21:55:19.071-0300] {dag.py:3239} INFO - Sync 1 DAGs
[2025-02-02T21:55:19.080-0300] {logging_mixin.py:190} INFO - [2025-02-02T21:55:19.080-0300] {dag.py:4180} INFO - Setting next_dagrun for PipelineARGUS to 2025-01-29 00:00:00+00:00, run_after=2025-01-29 00:05:00+00:00
[2025-02-02T21:55:19.102-0300] {processor.py:208} INFO - Processing /home/lucas/airflow/dags/DAGPipeline.py took 0.290 seconds
[2025-02-02T21:55:49.219-0300] {processor.py:186} INFO - Started process (PID=29798) to work on /home/lucas/airflow/dags/DAGPipeline.py
[2025-02-02T21:55:49.230-0300] {processor.py:914} INFO - Processing file /home/lucas/airflow/dags/DAGPipeline.py for tasks to queue
[2025-02-02T21:55:49.232-0300] {logging_mixin.py:190} INFO - [2025-02-02T21:55:49.231-0300] {dagbag.py:588} INFO - Filling up the DagBag from /home/lucas/airflow/dags/DAGPipeline.py
[2025-02-02T21:55:49.435-0300] {processor.py:925} INFO - DAG(s) 'PipelineARGUS' retrieved from /home/lucas/airflow/dags/DAGPipeline.py
[2025-02-02T21:55:49.447-0300] {logging_mixin.py:190} INFO - [2025-02-02T21:55:49.447-0300] {dag.py:3239} INFO - Sync 1 DAGs
[2025-02-02T21:55:49.456-0300] {logging_mixin.py:190} INFO - [2025-02-02T21:55:49.456-0300] {dag.py:4180} INFO - Setting next_dagrun for PipelineARGUS to 2025-01-29 00:00:00+00:00, run_after=2025-01-29 00:05:00+00:00
[2025-02-02T21:55:49.477-0300] {processor.py:208} INFO - Processing /home/lucas/airflow/dags/DAGPipeline.py took 0.263 seconds
[2025-02-02T21:56:19.915-0300] {processor.py:186} INFO - Started process (PID=29872) to work on /home/lucas/airflow/dags/DAGPipeline.py
[2025-02-02T21:56:19.921-0300] {processor.py:914} INFO - Processing file /home/lucas/airflow/dags/DAGPipeline.py for tasks to queue
[2025-02-02T21:56:19.922-0300] {logging_mixin.py:190} INFO - [2025-02-02T21:56:19.922-0300] {dagbag.py:588} INFO - Filling up the DagBag from /home/lucas/airflow/dags/DAGPipeline.py
[2025-02-02T21:56:20.124-0300] {processor.py:925} INFO - DAG(s) 'PipelineARGUS' retrieved from /home/lucas/airflow/dags/DAGPipeline.py
[2025-02-02T21:56:20.136-0300] {logging_mixin.py:190} INFO - [2025-02-02T21:56:20.136-0300] {dag.py:3239} INFO - Sync 1 DAGs
[2025-02-02T21:56:20.145-0300] {logging_mixin.py:190} INFO - [2025-02-02T21:56:20.145-0300] {dag.py:4180} INFO - Setting next_dagrun for PipelineARGUS to 2025-01-29 00:00:00+00:00, run_after=2025-01-29 00:05:00+00:00
[2025-02-02T21:56:20.166-0300] {processor.py:208} INFO - Processing /home/lucas/airflow/dags/DAGPipeline.py took 0.255 seconds
[2025-02-02T21:56:50.295-0300] {processor.py:186} INFO - Started process (PID=29942) to work on /home/lucas/airflow/dags/DAGPipeline.py
[2025-02-02T21:56:50.296-0300] {processor.py:914} INFO - Processing file /home/lucas/airflow/dags/DAGPipeline.py for tasks to queue
[2025-02-02T21:56:50.296-0300] {logging_mixin.py:190} INFO - [2025-02-02T21:56:50.296-0300] {dagbag.py:588} INFO - Filling up the DagBag from /home/lucas/airflow/dags/DAGPipeline.py
[2025-02-02T21:56:50.495-0300] {processor.py:925} INFO - DAG(s) 'PipelineARGUS' retrieved from /home/lucas/airflow/dags/DAGPipeline.py
[2025-02-02T21:56:50.507-0300] {logging_mixin.py:190} INFO - [2025-02-02T21:56:50.506-0300] {dag.py:3239} INFO - Sync 1 DAGs
[2025-02-02T21:56:50.516-0300] {logging_mixin.py:190} INFO - [2025-02-02T21:56:50.516-0300] {dag.py:4180} INFO - Setting next_dagrun for PipelineARGUS to 2025-01-29 00:00:00+00:00, run_after=2025-01-29 00:05:00+00:00
[2025-02-02T21:56:50.538-0300] {processor.py:208} INFO - Processing /home/lucas/airflow/dags/DAGPipeline.py took 0.247 seconds
[2025-02-02T21:57:20.673-0300] {processor.py:186} INFO - Started process (PID=30015) to work on /home/lucas/airflow/dags/DAGPipeline.py
[2025-02-02T21:57:20.683-0300] {processor.py:914} INFO - Processing file /home/lucas/airflow/dags/DAGPipeline.py for tasks to queue
[2025-02-02T21:57:20.684-0300] {logging_mixin.py:190} INFO - [2025-02-02T21:57:20.684-0300] {dagbag.py:588} INFO - Filling up the DagBag from /home/lucas/airflow/dags/DAGPipeline.py
[2025-02-02T21:57:20.905-0300] {processor.py:925} INFO - DAG(s) 'PipelineARGUS' retrieved from /home/lucas/airflow/dags/DAGPipeline.py
[2025-02-02T21:57:20.919-0300] {logging_mixin.py:190} INFO - [2025-02-02T21:57:20.918-0300] {dag.py:3239} INFO - Sync 1 DAGs
[2025-02-02T21:57:20.928-0300] {logging_mixin.py:190} INFO - [2025-02-02T21:57:20.928-0300] {dag.py:4180} INFO - Setting next_dagrun for PipelineARGUS to 2025-01-29 00:00:00+00:00, run_after=2025-01-29 00:05:00+00:00
[2025-02-02T21:57:20.950-0300] {processor.py:208} INFO - Processing /home/lucas/airflow/dags/DAGPipeline.py took 0.282 seconds
[2025-02-02T21:57:51.060-0300] {processor.py:186} INFO - Started process (PID=30082) to work on /home/lucas/airflow/dags/DAGPipeline.py
[2025-02-02T21:57:51.065-0300] {processor.py:914} INFO - Processing file /home/lucas/airflow/dags/DAGPipeline.py for tasks to queue
[2025-02-02T21:57:51.067-0300] {logging_mixin.py:190} INFO - [2025-02-02T21:57:51.066-0300] {dagbag.py:588} INFO - Filling up the DagBag from /home/lucas/airflow/dags/DAGPipeline.py
[2025-02-02T21:57:51.267-0300] {processor.py:925} INFO - DAG(s) 'PipelineARGUS' retrieved from /home/lucas/airflow/dags/DAGPipeline.py
[2025-02-02T21:57:51.279-0300] {logging_mixin.py:190} INFO - [2025-02-02T21:57:51.279-0300] {dag.py:3239} INFO - Sync 1 DAGs
[2025-02-02T21:57:51.288-0300] {logging_mixin.py:190} INFO - [2025-02-02T21:57:51.287-0300] {dag.py:4180} INFO - Setting next_dagrun for PipelineARGUS to 2025-01-29 00:00:00+00:00, run_after=2025-01-29 00:05:00+00:00
[2025-02-02T21:57:51.310-0300] {processor.py:208} INFO - Processing /home/lucas/airflow/dags/DAGPipeline.py took 0.254 seconds
[2025-02-02T21:58:21.542-0300] {processor.py:186} INFO - Started process (PID=30157) to work on /home/lucas/airflow/dags/DAGPipeline.py
[2025-02-02T21:58:21.553-0300] {processor.py:914} INFO - Processing file /home/lucas/airflow/dags/DAGPipeline.py for tasks to queue
[2025-02-02T21:58:21.555-0300] {logging_mixin.py:190} INFO - [2025-02-02T21:58:21.555-0300] {dagbag.py:588} INFO - Filling up the DagBag from /home/lucas/airflow/dags/DAGPipeline.py
[2025-02-02T21:58:21.758-0300] {processor.py:925} INFO - DAG(s) 'PipelineARGUS' retrieved from /home/lucas/airflow/dags/DAGPipeline.py
[2025-02-02T21:58:21.771-0300] {logging_mixin.py:190} INFO - [2025-02-02T21:58:21.771-0300] {dag.py:3239} INFO - Sync 1 DAGs
[2025-02-02T21:58:21.779-0300] {logging_mixin.py:190} INFO - [2025-02-02T21:58:21.779-0300] {dag.py:4180} INFO - Setting next_dagrun for PipelineARGUS to 2025-01-29 00:00:00+00:00, run_after=2025-01-29 00:05:00+00:00
[2025-02-02T21:58:21.801-0300] {processor.py:208} INFO - Processing /home/lucas/airflow/dags/DAGPipeline.py took 0.263 seconds
[2025-02-02T21:58:53.278-0300] {processor.py:186} INFO - Started process (PID=30224) to work on /home/lucas/airflow/dags/DAGPipeline.py
[2025-02-02T21:58:53.289-0300] {processor.py:914} INFO - Processing file /home/lucas/airflow/dags/DAGPipeline.py for tasks to queue
[2025-02-02T21:58:53.291-0300] {logging_mixin.py:190} INFO - [2025-02-02T21:58:53.291-0300] {dagbag.py:588} INFO - Filling up the DagBag from /home/lucas/airflow/dags/DAGPipeline.py
[2025-02-02T21:58:53.496-0300] {processor.py:925} INFO - DAG(s) 'PipelineARGUS' retrieved from /home/lucas/airflow/dags/DAGPipeline.py
[2025-02-02T21:58:53.508-0300] {logging_mixin.py:190} INFO - [2025-02-02T21:58:53.508-0300] {dag.py:3239} INFO - Sync 1 DAGs
[2025-02-02T21:58:53.516-0300] {logging_mixin.py:190} INFO - [2025-02-02T21:58:53.516-0300] {dag.py:4180} INFO - Setting next_dagrun for PipelineARGUS to 2025-01-29 00:00:00+00:00, run_after=2025-01-29 00:05:00+00:00
[2025-02-02T21:58:53.537-0300] {processor.py:208} INFO - Processing /home/lucas/airflow/dags/DAGPipeline.py took 0.263 seconds
[2025-02-02T21:59:23.658-0300] {processor.py:186} INFO - Started process (PID=30296) to work on /home/lucas/airflow/dags/DAGPipeline.py
[2025-02-02T21:59:23.669-0300] {processor.py:914} INFO - Processing file /home/lucas/airflow/dags/DAGPipeline.py for tasks to queue
[2025-02-02T21:59:23.671-0300] {logging_mixin.py:190} INFO - [2025-02-02T21:59:23.670-0300] {dagbag.py:588} INFO - Filling up the DagBag from /home/lucas/airflow/dags/DAGPipeline.py
[2025-02-02T21:59:23.873-0300] {processor.py:925} INFO - DAG(s) 'PipelineARGUS' retrieved from /home/lucas/airflow/dags/DAGPipeline.py
[2025-02-02T21:59:23.885-0300] {logging_mixin.py:190} INFO - [2025-02-02T21:59:23.884-0300] {dag.py:3239} INFO - Sync 1 DAGs
[2025-02-02T21:59:23.894-0300] {logging_mixin.py:190} INFO - [2025-02-02T21:59:23.894-0300] {dag.py:4180} INFO - Setting next_dagrun for PipelineARGUS to 2025-01-29 00:00:00+00:00, run_after=2025-01-29 00:05:00+00:00
[2025-02-02T21:59:23.905-0300] {processor.py:208} INFO - Processing /home/lucas/airflow/dags/DAGPipeline.py took 0.252 seconds
[2025-02-02T21:59:54.051-0300] {processor.py:186} INFO - Started process (PID=30363) to work on /home/lucas/airflow/dags/DAGPipeline.py
[2025-02-02T21:59:54.053-0300] {processor.py:914} INFO - Processing file /home/lucas/airflow/dags/DAGPipeline.py for tasks to queue
[2025-02-02T21:59:54.053-0300] {logging_mixin.py:190} INFO - [2025-02-02T21:59:54.053-0300] {dagbag.py:588} INFO - Filling up the DagBag from /home/lucas/airflow/dags/DAGPipeline.py
[2025-02-02T21:59:54.267-0300] {processor.py:925} INFO - DAG(s) 'PipelineARGUS' retrieved from /home/lucas/airflow/dags/DAGPipeline.py
[2025-02-02T21:59:54.279-0300] {logging_mixin.py:190} INFO - [2025-02-02T21:59:54.279-0300] {dag.py:3239} INFO - Sync 1 DAGs
[2025-02-02T21:59:54.288-0300] {logging_mixin.py:190} INFO - [2025-02-02T21:59:54.288-0300] {dag.py:4180} INFO - Setting next_dagrun for PipelineARGUS to 2025-01-29 00:00:00+00:00, run_after=2025-01-29 00:05:00+00:00
[2025-02-02T21:59:54.299-0300] {processor.py:208} INFO - Processing /home/lucas/airflow/dags/DAGPipeline.py took 0.253 seconds
[2025-02-02T22:00:24.417-0300] {processor.py:186} INFO - Started process (PID=30438) to work on /home/lucas/airflow/dags/DAGPipeline.py
[2025-02-02T22:00:24.428-0300] {processor.py:914} INFO - Processing file /home/lucas/airflow/dags/DAGPipeline.py for tasks to queue
[2025-02-02T22:00:24.430-0300] {logging_mixin.py:190} INFO - [2025-02-02T22:00:24.429-0300] {dagbag.py:588} INFO - Filling up the DagBag from /home/lucas/airflow/dags/DAGPipeline.py
[2025-02-02T22:00:24.633-0300] {processor.py:925} INFO - DAG(s) 'PipelineARGUS' retrieved from /home/lucas/airflow/dags/DAGPipeline.py
[2025-02-02T22:00:24.645-0300] {logging_mixin.py:190} INFO - [2025-02-02T22:00:24.645-0300] {dag.py:3239} INFO - Sync 1 DAGs
[2025-02-02T22:00:24.654-0300] {logging_mixin.py:190} INFO - [2025-02-02T22:00:24.654-0300] {dag.py:4180} INFO - Setting next_dagrun for PipelineARGUS to 2025-01-29 00:00:00+00:00, run_after=2025-01-29 00:05:00+00:00
[2025-02-02T22:00:24.675-0300] {processor.py:208} INFO - Processing /home/lucas/airflow/dags/DAGPipeline.py took 0.263 seconds
[2025-02-03T08:45:39.193-0300] {processor.py:186} INFO - Started process (PID=31181) to work on /home/lucas/airflow/dags/DAGPipeline.py
[2025-02-03T08:45:39.194-0300] {processor.py:914} INFO - Processing file /home/lucas/airflow/dags/DAGPipeline.py for tasks to queue
[2025-02-03T08:45:39.197-0300] {logging_mixin.py:190} INFO - [2025-02-03T08:45:39.196-0300] {dagbag.py:588} INFO - Filling up the DagBag from /home/lucas/airflow/dags/DAGPipeline.py
[2025-02-03T08:45:39.559-0300] {processor.py:925} INFO - DAG(s) 'PipelineARGUS' retrieved from /home/lucas/airflow/dags/DAGPipeline.py
[2025-02-03T08:45:39.587-0300] {logging_mixin.py:190} INFO - [2025-02-03T08:45:39.587-0300] {dag.py:3239} INFO - Sync 1 DAGs
[2025-02-03T08:45:39.617-0300] {logging_mixin.py:190} INFO - [2025-02-03T08:45:39.616-0300] {dag.py:4180} INFO - Setting next_dagrun for PipelineARGUS to 2025-01-29 00:00:00+00:00, run_after=2025-01-29 00:05:00+00:00
[2025-02-03T08:45:39.647-0300] {processor.py:208} INFO - Processing /home/lucas/airflow/dags/DAGPipeline.py took 0.467 seconds
[2025-02-03T08:46:09.770-0300] {processor.py:186} INFO - Started process (PID=31866) to work on /home/lucas/airflow/dags/DAGPipeline.py
[2025-02-03T08:46:09.771-0300] {processor.py:914} INFO - Processing file /home/lucas/airflow/dags/DAGPipeline.py for tasks to queue
[2025-02-03T08:46:09.772-0300] {logging_mixin.py:190} INFO - [2025-02-03T08:46:09.772-0300] {dagbag.py:588} INFO - Filling up the DagBag from /home/lucas/airflow/dags/DAGPipeline.py
[2025-02-03T08:46:10.042-0300] {processor.py:925} INFO - DAG(s) 'PipelineARGUS' retrieved from /home/lucas/airflow/dags/DAGPipeline.py
[2025-02-03T08:46:10.060-0300] {logging_mixin.py:190} INFO - [2025-02-03T08:46:10.060-0300] {dag.py:3239} INFO - Sync 1 DAGs
[2025-02-03T08:46:10.073-0300] {logging_mixin.py:190} INFO - [2025-02-03T08:46:10.073-0300] {dag.py:4180} INFO - Setting next_dagrun for PipelineARGUS to 2025-01-29 00:00:00+00:00, run_after=2025-01-29 00:05:00+00:00
[2025-02-03T08:46:10.090-0300] {processor.py:208} INFO - Processing /home/lucas/airflow/dags/DAGPipeline.py took 0.325 seconds
[2025-02-03T08:46:41.481-0300] {processor.py:186} INFO - Started process (PID=31976) to work on /home/lucas/airflow/dags/DAGPipeline.py
[2025-02-03T08:46:41.482-0300] {processor.py:914} INFO - Processing file /home/lucas/airflow/dags/DAGPipeline.py for tasks to queue
[2025-02-03T08:46:41.483-0300] {logging_mixin.py:190} INFO - [2025-02-03T08:46:41.483-0300] {dagbag.py:588} INFO - Filling up the DagBag from /home/lucas/airflow/dags/DAGPipeline.py
[2025-02-03T08:46:42.005-0300] {processor.py:925} INFO - DAG(s) 'PipelineARGUS' retrieved from /home/lucas/airflow/dags/DAGPipeline.py
[2025-02-03T08:46:42.048-0300] {logging_mixin.py:190} INFO - [2025-02-03T08:46:42.048-0300] {dag.py:3239} INFO - Sync 1 DAGs
[2025-02-03T08:46:42.066-0300] {logging_mixin.py:190} INFO - [2025-02-03T08:46:42.066-0300] {dag.py:4180} INFO - Setting next_dagrun for PipelineARGUS to 2025-01-29 00:00:00+00:00, run_after=2025-01-29 00:05:00+00:00
[2025-02-03T08:46:42.089-0300] {processor.py:208} INFO - Processing /home/lucas/airflow/dags/DAGPipeline.py took 0.614 seconds
[2025-02-03T08:47:12.442-0300] {processor.py:186} INFO - Started process (PID=32058) to work on /home/lucas/airflow/dags/DAGPipeline.py
[2025-02-03T08:47:12.444-0300] {processor.py:914} INFO - Processing file /home/lucas/airflow/dags/DAGPipeline.py for tasks to queue
[2025-02-03T08:47:12.445-0300] {logging_mixin.py:190} INFO - [2025-02-03T08:47:12.445-0300] {dagbag.py:588} INFO - Filling up the DagBag from /home/lucas/airflow/dags/DAGPipeline.py
[2025-02-03T08:47:13.180-0300] {processor.py:925} INFO - DAG(s) 'PipelineARGUS' retrieved from /home/lucas/airflow/dags/DAGPipeline.py
[2025-02-03T08:47:13.231-0300] {logging_mixin.py:190} INFO - [2025-02-03T08:47:13.231-0300] {dag.py:3239} INFO - Sync 1 DAGs
[2025-02-03T08:47:13.256-0300] {logging_mixin.py:190} INFO - [2025-02-03T08:47:13.255-0300] {dag.py:4180} INFO - Setting next_dagrun for PipelineARGUS to 2025-01-29 00:00:00+00:00, run_after=2025-01-29 00:05:00+00:00
[2025-02-03T08:47:13.292-0300] {processor.py:208} INFO - Processing /home/lucas/airflow/dags/DAGPipeline.py took 0.861 seconds
[2025-02-03T08:47:46.834-0300] {processor.py:186} INFO - Started process (PID=32315) to work on /home/lucas/airflow/dags/DAGPipeline.py
[2025-02-03T08:47:46.836-0300] {processor.py:914} INFO - Processing file /home/lucas/airflow/dags/DAGPipeline.py for tasks to queue
[2025-02-03T08:47:46.838-0300] {logging_mixin.py:190} INFO - [2025-02-03T08:47:46.837-0300] {dagbag.py:588} INFO - Filling up the DagBag from /home/lucas/airflow/dags/DAGPipeline.py
[2025-02-03T08:47:47.931-0300] {processor.py:925} INFO - DAG(s) 'PipelineARGUS' retrieved from /home/lucas/airflow/dags/DAGPipeline.py
[2025-02-03T08:47:48.081-0300] {logging_mixin.py:190} INFO - [2025-02-03T08:47:48.076-0300] {dag.py:3239} INFO - Sync 1 DAGs
[2025-02-03T08:47:48.135-0300] {logging_mixin.py:190} INFO - [2025-02-03T08:47:48.134-0300] {dag.py:4180} INFO - Setting next_dagrun for PipelineARGUS to 2025-01-29 00:00:00+00:00, run_after=2025-01-29 00:05:00+00:00
[2025-02-03T08:47:48.210-0300] {processor.py:208} INFO - Processing /home/lucas/airflow/dags/DAGPipeline.py took 1.392 seconds
