[2025-01-24T09:24:57.060-0300] {local_task_job_runner.py:123} INFO - ::group::Pre task execution logs
[2025-01-24T09:24:57.066-0300] {taskinstance.py:2613} INFO - Dependencies all met for dep_context=non-requeueable deps ti=<TaskInstance: ReadPacTrat.starting scheduled__2020-03-18T06:25:00+00:00 [queued]>
[2025-01-24T09:24:57.069-0300] {taskinstance.py:2613} INFO - Dependencies all met for dep_context=requeueable deps ti=<TaskInstance: ReadPacTrat.starting scheduled__2020-03-18T06:25:00+00:00 [queued]>
[2025-01-24T09:24:57.070-0300] {taskinstance.py:2866} INFO - Starting attempt 1 of 2
[2025-01-24T09:24:57.080-0300] {taskinstance.py:2889} INFO - Executing <Task(BashOperator): starting> on 2020-03-18 06:25:00+00:00
[2025-01-24T09:24:57.083-0300] {standard_task_runner.py:72} INFO - Started process 18357 to run task
[2025-01-24T09:24:57.085-0300] {standard_task_runner.py:104} INFO - Running: ['airflow', 'tasks', 'run', 'ReadPacTrat', 'starting', 'scheduled__2020-03-18T06:25:00+00:00', '--job-id', '328', '--raw', '--subdir', 'DAGS_FOLDER/DAGFiltroPacientesTratamento.py', '--cfg-path', '/tmp/tmpdwtz55wp']
[2025-01-24T09:24:57.085-0300] {standard_task_runner.py:105} INFO - Job 328: Subtask starting
[2025-01-24T09:24:57.107-0300] {task_command.py:467} INFO - Running <TaskInstance: ReadPacTrat.starting scheduled__2020-03-18T06:25:00+00:00 [running]> on host lucas-Aspire-A514-54
[2025-01-24T09:24:57.266-0300] {taskinstance.py:3132} INFO - Exporting env vars: AIRFLOW_CTX_DAG_OWNER='lucas' AIRFLOW_CTX_DAG_ID='ReadPacTrat' AIRFLOW_CTX_TASK_ID='starting' AIRFLOW_CTX_EXECUTION_DATE='2020-03-18T06:25:00+00:00' AIRFLOW_CTX_TRY_NUMBER='1' AIRFLOW_CTX_DAG_RUN_ID='scheduled__2020-03-18T06:25:00+00:00'
[2025-01-24T09:24:57.266-0300] {logging_mixin.py:190} INFO - Task instance is in running state
[2025-01-24T09:24:57.267-0300] {logging_mixin.py:190} INFO -  Previous state of the Task instance: queued
[2025-01-24T09:24:57.267-0300] {logging_mixin.py:190} INFO - Current task name:starting state:running start_date:2025-01-24 12:24:57.067220+00:00
[2025-01-24T09:24:57.267-0300] {logging_mixin.py:190} INFO - Dag name:ReadPacTrat and current dag run status:running
[2025-01-24T09:24:57.267-0300] {taskinstance.py:731} INFO - ::endgroup::
[2025-01-24T09:24:57.267-0300] {subprocess.py:78} INFO - Tmp dir root location: /tmp
[2025-01-24T09:24:57.268-0300] {subprocess.py:88} INFO - Running command: ['/usr/bin/bash', '-c', 'echo "I am reading the CSV now....."']
[2025-01-24T09:24:57.273-0300] {subprocess.py:99} INFO - Output:
[2025-01-24T09:24:57.273-0300] {subprocess.py:106} INFO - I am reading the CSV now.....
[2025-01-24T09:24:57.274-0300] {subprocess.py:110} INFO - Command exited with return code 0
[2025-01-24T09:24:57.287-0300] {taskinstance.py:340} INFO - ::group::Post task execution logs
[2025-01-24T09:24:57.287-0300] {taskinstance.py:352} INFO - Marking task as SUCCESS. dag_id=ReadPacTrat, task_id=starting, run_id=scheduled__2020-03-18T06:25:00+00:00, execution_date=20200318T062500, start_date=20250124T122457, end_date=20250124T122457
[2025-01-24T09:24:57.295-0300] {logging_mixin.py:190} INFO - Task instance in success state
[2025-01-24T09:24:57.295-0300] {logging_mixin.py:190} INFO -  Previous state of the Task instance: running
[2025-01-24T09:24:57.295-0300] {logging_mixin.py:190} INFO - Dag name:ReadPacTrat queued_at:2025-01-24 12:24:55.540311+00:00
[2025-01-24T09:24:57.295-0300] {logging_mixin.py:190} INFO - Task hostname:lucas-Aspire-A514-54 operator:BashOperator
[2025-01-24T09:24:57.337-0300] {local_task_job_runner.py:266} INFO - Task exited with return code 0
[2025-01-24T09:24:57.351-0300] {taskinstance.py:3895} INFO - 1 downstream tasks scheduled from follow-on schedule check
[2025-01-24T09:24:57.354-0300] {local_task_job_runner.py:245} INFO - ::endgroup::
