[2025-01-24T11:57:49.045-0300] {local_task_job_runner.py:123} INFO - ::group::Pre task execution logs
[2025-01-24T11:57:49.050-0300] {taskinstance.py:2613} INFO - Dependencies all met for dep_context=non-requeueable deps ti=<TaskInstance: MergePacTratAgeng.starting scheduled__2020-03-19T00:55:00+00:00 [queued]>
[2025-01-24T11:57:49.053-0300] {taskinstance.py:2613} INFO - Dependencies all met for dep_context=requeueable deps ti=<TaskInstance: MergePacTratAgeng.starting scheduled__2020-03-19T00:55:00+00:00 [queued]>
[2025-01-24T11:57:49.053-0300] {taskinstance.py:2866} INFO - Starting attempt 1 of 2
[2025-01-24T11:57:49.062-0300] {taskinstance.py:2889} INFO - Executing <Task(BashOperator): starting> on 2020-03-19 00:55:00+00:00
[2025-01-24T11:57:49.066-0300] {standard_task_runner.py:72} INFO - Started process 77499 to run task
[2025-01-24T11:57:49.068-0300] {standard_task_runner.py:104} INFO - Running: ['airflow', 'tasks', 'run', 'MergePacTratAgeng', 'starting', 'scheduled__2020-03-19T00:55:00+00:00', '--job-id', '3140', '--raw', '--subdir', 'DAGS_FOLDER/DAGAgendXPac.py', '--cfg-path', '/tmp/tmpn0h7vg0o']
[2025-01-24T11:57:49.068-0300] {standard_task_runner.py:105} INFO - Job 3140: Subtask starting
[2025-01-24T11:57:49.088-0300] {task_command.py:467} INFO - Running <TaskInstance: MergePacTratAgeng.starting scheduled__2020-03-19T00:55:00+00:00 [running]> on host lucas-Aspire-A514-54
[2025-01-24T11:57:49.123-0300] {taskinstance.py:3132} INFO - Exporting env vars: AIRFLOW_CTX_DAG_OWNER='lucas' AIRFLOW_CTX_DAG_ID='MergePacTratAgeng' AIRFLOW_CTX_TASK_ID='starting' AIRFLOW_CTX_EXECUTION_DATE='2020-03-19T00:55:00+00:00' AIRFLOW_CTX_TRY_NUMBER='1' AIRFLOW_CTX_DAG_RUN_ID='scheduled__2020-03-19T00:55:00+00:00'
[2025-01-24T11:57:49.124-0300] {taskinstance.py:731} INFO - ::endgroup::
[2025-01-24T11:57:49.132-0300] {subprocess.py:78} INFO - Tmp dir root location: /tmp
[2025-01-24T11:57:49.132-0300] {subprocess.py:88} INFO - Running command: ['/usr/bin/bash', '-c', 'echo "I am reading the CSV now....."']
[2025-01-24T11:57:49.139-0300] {subprocess.py:99} INFO - Output:
[2025-01-24T11:57:49.139-0300] {subprocess.py:106} INFO - I am reading the CSV now.....
[2025-01-24T11:57:49.139-0300] {subprocess.py:110} INFO - Command exited with return code 0
[2025-01-24T11:57:49.150-0300] {taskinstance.py:340} INFO - ::group::Post task execution logs
[2025-01-24T11:57:49.151-0300] {taskinstance.py:352} INFO - Marking task as SUCCESS. dag_id=MergePacTratAgeng, task_id=starting, run_id=scheduled__2020-03-19T00:55:00+00:00, execution_date=20200319T005500, start_date=20250124T145749, end_date=20250124T145749
[2025-01-24T11:57:49.200-0300] {local_task_job_runner.py:266} INFO - Task exited with return code 0
[2025-01-24T11:57:49.223-0300] {taskinstance.py:3895} INFO - 1 downstream tasks scheduled from follow-on schedule check
[2025-01-24T11:57:49.227-0300] {local_task_job_runner.py:245} INFO - ::endgroup::
