[2025-02-02T21:06:51.668-0300] {local_task_job_runner.py:123} INFO - ::group::Pre task execution logs
[2025-02-02T21:06:51.674-0300] {taskinstance.py:2613} INFO - Dependencies all met for dep_context=non-requeueable deps ti=<TaskInstance: ReadAgend.starting scheduled__2020-03-20T11:55:00+00:00 [queued]>
[2025-02-02T21:06:51.678-0300] {taskinstance.py:2613} INFO - Dependencies all met for dep_context=requeueable deps ti=<TaskInstance: ReadAgend.starting scheduled__2020-03-20T11:55:00+00:00 [queued]>
[2025-02-02T21:06:51.678-0300] {taskinstance.py:2866} INFO - Starting attempt 1 of 2
[2025-02-02T21:06:51.688-0300] {taskinstance.py:2889} INFO - Executing <Task(BashOperator): starting> on 2020-03-20 11:55:00+00:00
[2025-02-02T21:06:51.692-0300] {standard_task_runner.py:72} INFO - Started process 14308 to run task
[2025-02-02T21:06:51.693-0300] {standard_task_runner.py:104} INFO - Running: ['airflow', 'tasks', 'run', 'ReadAgend', 'starting', 'scheduled__2020-03-20T11:55:00+00:00', '--job-id', '7840', '--raw', '--subdir', 'DAGS_FOLDER/DAGFiltroPacientesAgendamento.py', '--cfg-path', '/tmp/tmpo88pc5kf']
[2025-02-02T21:06:51.694-0300] {standard_task_runner.py:105} INFO - Job 7840: Subtask starting
[2025-02-02T21:06:51.715-0300] {task_command.py:467} INFO - Running <TaskInstance: ReadAgend.starting scheduled__2020-03-20T11:55:00+00:00 [running]> on host lucas-Aspire-A514-54
[2025-02-02T21:06:51.757-0300] {taskinstance.py:3132} INFO - Exporting env vars: AIRFLOW_CTX_DAG_OWNER='lucas' AIRFLOW_CTX_DAG_ID='ReadAgend' AIRFLOW_CTX_TASK_ID='starting' AIRFLOW_CTX_EXECUTION_DATE='2020-03-20T11:55:00+00:00' AIRFLOW_CTX_TRY_NUMBER='1' AIRFLOW_CTX_DAG_RUN_ID='scheduled__2020-03-20T11:55:00+00:00'
[2025-02-02T21:06:51.758-0300] {taskinstance.py:731} INFO - ::endgroup::
[2025-02-02T21:06:51.766-0300] {subprocess.py:78} INFO - Tmp dir root location: /tmp
[2025-02-02T21:06:51.766-0300] {subprocess.py:88} INFO - Running command: ['/usr/bin/bash', '-c', 'echo "I am reading the CSV now....."']
[2025-02-02T21:06:51.775-0300] {subprocess.py:99} INFO - Output:
[2025-02-02T21:06:51.776-0300] {subprocess.py:106} INFO - I am reading the CSV now.....
[2025-02-02T21:06:51.776-0300] {subprocess.py:110} INFO - Command exited with return code 0
[2025-02-02T21:06:51.789-0300] {taskinstance.py:340} INFO - ::group::Post task execution logs
[2025-02-02T21:06:51.789-0300] {taskinstance.py:352} INFO - Marking task as SUCCESS. dag_id=ReadAgend, task_id=starting, run_id=scheduled__2020-03-20T11:55:00+00:00, execution_date=20200320T115500, start_date=20250203T000651, end_date=20250203T000651
[2025-02-02T21:06:51.825-0300] {local_task_job_runner.py:266} INFO - Task exited with return code 0
[2025-02-02T21:06:51.841-0300] {taskinstance.py:3895} INFO - 1 downstream tasks scheduled from follow-on schedule check
[2025-02-02T21:06:51.844-0300] {local_task_job_runner.py:245} INFO - ::endgroup::
