[2025-01-24T11:55:39.050-0300] {local_task_job_runner.py:123} INFO - ::group::Pre task execution logs
[2025-01-24T11:55:39.055-0300] {taskinstance.py:2613} INFO - Dependencies all met for dep_context=non-requeueable deps ti=<TaskInstance: MergePacTratAgeng.coping scheduled__2020-03-18T22:55:00+00:00 [queued]>
[2025-01-24T11:55:39.058-0300] {taskinstance.py:2613} INFO - Dependencies all met for dep_context=requeueable deps ti=<TaskInstance: MergePacTratAgeng.coping scheduled__2020-03-18T22:55:00+00:00 [queued]>
[2025-01-24T11:55:39.058-0300] {taskinstance.py:2866} INFO - Starting attempt 1 of 2
[2025-01-24T11:55:39.068-0300] {taskinstance.py:2889} INFO - Executing <Task(BashOperator): coping> on 2020-03-18 22:55:00+00:00
[2025-01-24T11:55:39.071-0300] {standard_task_runner.py:72} INFO - Started process 76413 to run task
[2025-01-24T11:55:39.072-0300] {standard_task_runner.py:104} INFO - Running: ['airflow', 'tasks', 'run', 'MergePacTratAgeng', 'coping', 'scheduled__2020-03-18T22:55:00+00:00', '--job-id', '3072', '--raw', '--subdir', 'DAGS_FOLDER/DAGAgendXPac.py', '--cfg-path', '/tmp/tmpr0fstlp2']
[2025-01-24T11:55:39.073-0300] {standard_task_runner.py:105} INFO - Job 3072: Subtask coping
[2025-01-24T11:55:39.092-0300] {task_command.py:467} INFO - Running <TaskInstance: MergePacTratAgeng.coping scheduled__2020-03-18T22:55:00+00:00 [running]> on host lucas-Aspire-A514-54
[2025-01-24T11:55:39.128-0300] {taskinstance.py:3132} INFO - Exporting env vars: AIRFLOW_CTX_DAG_OWNER='lucas' AIRFLOW_CTX_DAG_ID='MergePacTratAgeng' AIRFLOW_CTX_TASK_ID='coping' AIRFLOW_CTX_EXECUTION_DATE='2020-03-18T22:55:00+00:00' AIRFLOW_CTX_TRY_NUMBER='1' AIRFLOW_CTX_DAG_RUN_ID='scheduled__2020-03-18T22:55:00+00:00'
[2025-01-24T11:55:39.129-0300] {taskinstance.py:731} INFO - ::endgroup::
[2025-01-24T11:55:39.137-0300] {subprocess.py:78} INFO - Tmp dir root location: /tmp
[2025-01-24T11:55:39.137-0300] {subprocess.py:88} INFO - Running command: ['/usr/bin/bash', '-c', 'cp -f /home/lucas/airflow/PAC_TRAT_AGEND.csv /home/lucas/airflow/PAC_TRAT_FILTER.csv /home/lucas/airflow/input/']
[2025-01-24T11:55:39.144-0300] {subprocess.py:99} INFO - Output:
[2025-01-24T11:55:39.146-0300] {subprocess.py:110} INFO - Command exited with return code 0
[2025-01-24T11:55:39.157-0300] {taskinstance.py:340} INFO - ::group::Post task execution logs
[2025-01-24T11:55:39.157-0300] {taskinstance.py:352} INFO - Marking task as SUCCESS. dag_id=MergePacTratAgeng, task_id=coping, run_id=scheduled__2020-03-18T22:55:00+00:00, execution_date=20200318T225500, start_date=20250124T145539, end_date=20250124T145539
[2025-01-24T11:55:39.205-0300] {local_task_job_runner.py:266} INFO - Task exited with return code 0
[2025-01-24T11:55:39.225-0300] {taskinstance.py:3895} INFO - 1 downstream tasks scheduled from follow-on schedule check
[2025-01-24T11:55:39.229-0300] {local_task_job_runner.py:245} INFO - ::endgroup::
