[2025-01-24T12:07:24.244-0300] {local_task_job_runner.py:123} INFO - ::group::Pre task execution logs
[2025-01-24T12:07:24.249-0300] {taskinstance.py:2613} INFO - Dependencies all met for dep_context=non-requeueable deps ti=<TaskInstance: MergePacTratAgeng.starting scheduled__2020-03-19T09:15:00+00:00 [queued]>
[2025-01-24T12:07:24.252-0300] {taskinstance.py:2613} INFO - Dependencies all met for dep_context=requeueable deps ti=<TaskInstance: MergePacTratAgeng.starting scheduled__2020-03-19T09:15:00+00:00 [queued]>
[2025-01-24T12:07:24.252-0300] {taskinstance.py:2866} INFO - Starting attempt 1 of 2
[2025-01-24T12:07:24.261-0300] {taskinstance.py:2889} INFO - Executing <Task(BashOperator): starting> on 2020-03-19 09:15:00+00:00
[2025-01-24T12:07:24.264-0300] {standard_task_runner.py:72} INFO - Started process 82354 to run task
[2025-01-24T12:07:24.266-0300] {standard_task_runner.py:104} INFO - Running: ['airflow', 'tasks', 'run', 'MergePacTratAgeng', 'starting', 'scheduled__2020-03-19T09:15:00+00:00', '--job-id', '3441', '--raw', '--subdir', 'DAGS_FOLDER/DAGAgendXPac.py', '--cfg-path', '/tmp/tmp7mxetw02']
[2025-01-24T12:07:24.267-0300] {standard_task_runner.py:105} INFO - Job 3441: Subtask starting
[2025-01-24T12:07:24.287-0300] {task_command.py:467} INFO - Running <TaskInstance: MergePacTratAgeng.starting scheduled__2020-03-19T09:15:00+00:00 [running]> on host lucas-Aspire-A514-54
[2025-01-24T12:07:24.321-0300] {taskinstance.py:3132} INFO - Exporting env vars: AIRFLOW_CTX_DAG_OWNER='lucas' AIRFLOW_CTX_DAG_ID='MergePacTratAgeng' AIRFLOW_CTX_TASK_ID='starting' AIRFLOW_CTX_EXECUTION_DATE='2020-03-19T09:15:00+00:00' AIRFLOW_CTX_TRY_NUMBER='1' AIRFLOW_CTX_DAG_RUN_ID='scheduled__2020-03-19T09:15:00+00:00'
[2025-01-24T12:07:24.322-0300] {taskinstance.py:731} INFO - ::endgroup::
[2025-01-24T12:07:24.330-0300] {subprocess.py:78} INFO - Tmp dir root location: /tmp
[2025-01-24T12:07:24.330-0300] {subprocess.py:88} INFO - Running command: ['/usr/bin/bash', '-c', 'echo "I am reading the CSV now....."']
[2025-01-24T12:07:24.337-0300] {subprocess.py:99} INFO - Output:
[2025-01-24T12:07:24.337-0300] {subprocess.py:106} INFO - I am reading the CSV now.....
[2025-01-24T12:07:24.338-0300] {subprocess.py:110} INFO - Command exited with return code 0
[2025-01-24T12:07:24.349-0300] {taskinstance.py:340} INFO - ::group::Post task execution logs
[2025-01-24T12:07:24.349-0300] {taskinstance.py:352} INFO - Marking task as SUCCESS. dag_id=MergePacTratAgeng, task_id=starting, run_id=scheduled__2020-03-19T09:15:00+00:00, execution_date=20200319T091500, start_date=20250124T150724, end_date=20250124T150724
[2025-01-24T12:07:24.398-0300] {local_task_job_runner.py:266} INFO - Task exited with return code 0
[2025-01-24T12:07:24.421-0300] {taskinstance.py:3895} INFO - 1 downstream tasks scheduled from follow-on schedule check
[2025-01-24T12:07:24.425-0300] {local_task_job_runner.py:245} INFO - ::endgroup::
