[2025-01-13T22:31:49.612-0300] {local_task_job_runner.py:123} INFO - ::group::Pre task execution logs
[2025-01-13T22:31:49.617-0300] {taskinstance.py:2613} INFO - Dependencies all met for dep_context=non-requeueable deps ti=<TaskInstance: MyCSVDAG.convertCSVtoJson scheduled__2020-03-18T03:10:00+00:00 [queued]>
[2025-01-13T22:31:49.620-0300] {taskinstance.py:2613} INFO - Dependencies all met for dep_context=requeueable deps ti=<TaskInstance: MyCSVDAG.convertCSVtoJson scheduled__2020-03-18T03:10:00+00:00 [queued]>
[2025-01-13T22:31:49.620-0300] {taskinstance.py:2866} INFO - Starting attempt 1 of 2
[2025-01-13T22:31:49.629-0300] {taskinstance.py:2889} INFO - Executing <Task(PythonOperator): convertCSVtoJson> on 2020-03-18 03:10:00+00:00
[2025-01-13T22:31:49.632-0300] {standard_task_runner.py:72} INFO - Started process 48187 to run task
[2025-01-13T22:31:49.634-0300] {standard_task_runner.py:104} INFO - Running: ['airflow', 'tasks', 'run', 'MyCSVDAG', 'convertCSVtoJson', 'scheduled__2020-03-18T03:10:00+00:00', '--job-id', '114', '--raw', '--subdir', 'DAGS_FOLDER/DAGCsvToJson.py', '--cfg-path', '/tmp/tmpf59kqxlt']
[2025-01-13T22:31:49.634-0300] {standard_task_runner.py:105} INFO - Job 114: Subtask convertCSVtoJson
[2025-01-13T22:31:49.654-0300] {task_command.py:467} INFO - Running <TaskInstance: MyCSVDAG.convertCSVtoJson scheduled__2020-03-18T03:10:00+00:00 [running]> on host lucas-Aspire-A514-54
[2025-01-13T22:31:49.761-0300] {taskinstance.py:3132} INFO - Exporting env vars: AIRFLOW_CTX_DAG_OWNER='paulcrickard' AIRFLOW_CTX_DAG_ID='MyCSVDAG' AIRFLOW_CTX_TASK_ID='convertCSVtoJson' AIRFLOW_CTX_EXECUTION_DATE='2020-03-18T03:10:00+00:00' AIRFLOW_CTX_TRY_NUMBER='1' AIRFLOW_CTX_DAG_RUN_ID='scheduled__2020-03-18T03:10:00+00:00'
[2025-01-13T22:31:49.761-0300] {logging_mixin.py:190} INFO - Task instance is in running state
[2025-01-13T22:31:49.761-0300] {logging_mixin.py:190} INFO -  Previous state of the Task instance: queued
[2025-01-13T22:31:49.761-0300] {logging_mixin.py:190} INFO - Current task name:convertCSVtoJson state:running start_date:2025-01-14 01:31:49.617693+00:00
[2025-01-13T22:31:49.761-0300] {logging_mixin.py:190} INFO - Dag name:MyCSVDAG and current dag run status:running
[2025-01-13T22:31:49.761-0300] {taskinstance.py:731} INFO - ::endgroup::
[2025-01-13T22:31:49.764-0300] {logging_mixin.py:190} INFO - Barbara Coleman PhD
[2025-01-13T22:31:49.764-0300] {python.py:240} INFO - Done. Returned value was: None
[2025-01-13T22:31:49.767-0300] {taskinstance.py:340} INFO - ::group::Post task execution logs
[2025-01-13T22:31:49.767-0300] {taskinstance.py:352} INFO - Marking task as SUCCESS. dag_id=MyCSVDAG, task_id=convertCSVtoJson, run_id=scheduled__2020-03-18T03:10:00+00:00, execution_date=20200318T031000, start_date=20250114T013149, end_date=20250114T013149
[2025-01-13T22:31:49.773-0300] {logging_mixin.py:190} INFO - Task instance in success state
[2025-01-13T22:31:49.773-0300] {logging_mixin.py:190} INFO -  Previous state of the Task instance: running
[2025-01-13T22:31:49.773-0300] {logging_mixin.py:190} INFO - Dag name:MyCSVDAG queued_at:2025-01-14 01:31:44.525264+00:00
[2025-01-13T22:31:49.773-0300] {logging_mixin.py:190} INFO - Task hostname:lucas-Aspire-A514-54 operator:PythonOperator
[2025-01-13T22:31:49.806-0300] {local_task_job_runner.py:266} INFO - Task exited with return code 0
[2025-01-13T22:31:49.823-0300] {taskinstance.py:3895} INFO - 0 downstream tasks scheduled from follow-on schedule check
[2025-01-13T22:31:49.824-0300] {local_task_job_runner.py:245} INFO - ::endgroup::
