[2025-03-22T21:08:29.403-0300] {local_task_job_runner.py:123} INFO - ::group::Pre task execution logs
[2025-03-22T21:08:29.410-0300] {taskinstance.py:2613} INFO - Dependencies all met for dep_context=non-requeueable deps ti=<TaskInstance: ReadPacTrat.starting scheduled__2020-03-19T03:45:00+00:00 [queued]>
[2025-03-22T21:08:29.414-0300] {taskinstance.py:2613} INFO - Dependencies all met for dep_context=requeueable deps ti=<TaskInstance: ReadPacTrat.starting scheduled__2020-03-19T03:45:00+00:00 [queued]>
[2025-03-22T21:08:29.414-0300] {taskinstance.py:2866} INFO - Starting attempt 1 of 2
[2025-03-22T21:08:29.426-0300] {taskinstance.py:2889} INFO - Executing <Task(BashOperator): starting> on 2020-03-19 03:45:00+00:00
[2025-03-22T21:08:29.430-0300] {standard_task_runner.py:72} INFO - Started process 37150 to run task
[2025-03-22T21:08:29.433-0300] {standard_task_runner.py:104} INFO - Running: ['airflow', 'tasks', 'run', 'ReadPacTrat', 'starting', 'scheduled__2020-03-19T03:45:00+00:00', '--job-id', '8548', '--raw', '--subdir', 'DAGS_FOLDER/DAGFiltroPacientesTratamento.py', '--cfg-path', '/tmp/tmp8bp0qwtw']
[2025-03-22T21:08:29.434-0300] {standard_task_runner.py:105} INFO - Job 8548: Subtask starting
[2025-03-22T21:08:29.470-0300] {task_command.py:467} INFO - Running <TaskInstance: ReadPacTrat.starting scheduled__2020-03-19T03:45:00+00:00 [running]> on host lucas-Aspire-A514-54
[2025-03-22T21:08:29.534-0300] {taskinstance.py:3132} INFO - Exporting env vars: AIRFLOW_CTX_DAG_OWNER='lucas' AIRFLOW_CTX_DAG_ID='ReadPacTrat' AIRFLOW_CTX_TASK_ID='starting' AIRFLOW_CTX_EXECUTION_DATE='2020-03-19T03:45:00+00:00' AIRFLOW_CTX_TRY_NUMBER='1' AIRFLOW_CTX_DAG_RUN_ID='scheduled__2020-03-19T03:45:00+00:00'
[2025-03-22T21:08:29.535-0300] {taskinstance.py:731} INFO - ::endgroup::
[2025-03-22T21:08:29.546-0300] {subprocess.py:78} INFO - Tmp dir root location: /tmp
[2025-03-22T21:08:29.546-0300] {subprocess.py:88} INFO - Running command: ['/usr/bin/bash', '-c', 'echo "I am reading the CSV now....."']
[2025-03-22T21:08:29.555-0300] {subprocess.py:99} INFO - Output:
[2025-03-22T21:08:29.556-0300] {subprocess.py:106} INFO - I am reading the CSV now.....
[2025-03-22T21:08:29.556-0300] {subprocess.py:110} INFO - Command exited with return code 0
[2025-03-22T21:08:29.570-0300] {taskinstance.py:340} INFO - ::group::Post task execution logs
[2025-03-22T21:08:29.571-0300] {taskinstance.py:352} INFO - Marking task as SUCCESS. dag_id=ReadPacTrat, task_id=starting, run_id=scheduled__2020-03-19T03:45:00+00:00, execution_date=20200319T034500, start_date=20250323T000829, end_date=20250323T000829
[2025-03-22T21:08:29.605-0300] {local_task_job_runner.py:266} INFO - Task exited with return code 0
[2025-03-22T21:08:29.627-0300] {taskinstance.py:3895} INFO - 1 downstream tasks scheduled from follow-on schedule check
[2025-03-22T21:08:29.633-0300] {local_task_job_runner.py:245} INFO - ::endgroup::
