[2025-01-24T09:50:13.917-0300] {local_task_job_runner.py:123} INFO - ::group::Pre task execution logs
[2025-01-24T09:50:13.926-0300] {taskinstance.py:2613} INFO - Dependencies all met for dep_context=non-requeueable deps ti=<TaskInstance: ReadPacTrat.readPacTrat scheduled__2020-03-18T09:40:00+00:00 [queued]>
[2025-01-24T09:50:13.930-0300] {taskinstance.py:2613} INFO - Dependencies all met for dep_context=requeueable deps ti=<TaskInstance: ReadPacTrat.readPacTrat scheduled__2020-03-18T09:40:00+00:00 [queued]>
[2025-01-24T09:50:13.931-0300] {taskinstance.py:2866} INFO - Starting attempt 1 of 2
[2025-01-24T09:50:13.946-0300] {taskinstance.py:2889} INFO - Executing <Task(PythonOperator): readPacTrat> on 2020-03-18 09:40:00+00:00
[2025-01-24T09:50:13.952-0300] {standard_task_runner.py:72} INFO - Started process 24012 to run task
[2025-01-24T09:50:13.954-0300] {standard_task_runner.py:104} INFO - Running: ['airflow', 'tasks', 'run', 'ReadPacTrat', 'readPacTrat', 'scheduled__2020-03-18T09:40:00+00:00', '--job-id', '432', '--raw', '--subdir', 'DAGS_FOLDER/DAGFiltroPacientesTratamento.py', '--cfg-path', '/tmp/tmpkm4kgo7j']
[2025-01-24T09:50:13.955-0300] {standard_task_runner.py:105} INFO - Job 432: Subtask readPacTrat
[2025-01-24T09:50:13.979-0300] {task_command.py:467} INFO - Running <TaskInstance: ReadPacTrat.readPacTrat scheduled__2020-03-18T09:40:00+00:00 [running]> on host lucas-Aspire-A514-54
[2025-01-24T09:50:14.117-0300] {taskinstance.py:3132} INFO - Exporting env vars: AIRFLOW_CTX_DAG_OWNER='lucas' AIRFLOW_CTX_DAG_ID='ReadPacTrat' AIRFLOW_CTX_TASK_ID='readPacTrat' AIRFLOW_CTX_EXECUTION_DATE='2020-03-18T09:40:00+00:00' AIRFLOW_CTX_TRY_NUMBER='1' AIRFLOW_CTX_DAG_RUN_ID='scheduled__2020-03-18T09:40:00+00:00'
[2025-01-24T09:50:14.117-0300] {logging_mixin.py:190} INFO - Task instance is in running state
[2025-01-24T09:50:14.118-0300] {logging_mixin.py:190} INFO -  Previous state of the Task instance: queued
[2025-01-24T09:50:14.118-0300] {logging_mixin.py:190} INFO - Current task name:readPacTrat state:running start_date:2025-01-24 12:50:13.926725+00:00
[2025-01-24T09:50:14.118-0300] {logging_mixin.py:190} INFO - Dag name:ReadPacTrat and current dag run status:running
[2025-01-24T09:50:14.118-0300] {taskinstance.py:731} INFO - ::endgroup::
[2025-01-24T09:50:14.200-0300] {logging_mixin.py:190} WARNING - /home/lucas/airflow/dags/DAGFiltroPacientesTratamento.py:9 DtypeWarning: Columns (8,34) have mixed types. Specify dtype option on import or set low_memory=False.
[2025-01-24T09:50:14.441-0300] {python.py:240} INFO - Done. Returned value was: None
[2025-01-24T09:50:14.445-0300] {taskinstance.py:340} INFO - ::group::Post task execution logs
[2025-01-24T09:50:14.445-0300] {taskinstance.py:352} INFO - Marking task as SUCCESS. dag_id=ReadPacTrat, task_id=readPacTrat, run_id=scheduled__2020-03-18T09:40:00+00:00, execution_date=20200318T094000, start_date=20250124T125013, end_date=20250124T125014
[2025-01-24T09:50:14.455-0300] {logging_mixin.py:190} INFO - Task instance in success state
[2025-01-24T09:50:14.455-0300] {logging_mixin.py:190} INFO -  Previous state of the Task instance: running
[2025-01-24T09:50:14.455-0300] {logging_mixin.py:190} INFO - Dag name:ReadPacTrat queued_at:2025-01-24 12:49:59.392393+00:00
[2025-01-24T09:50:14.456-0300] {logging_mixin.py:190} INFO - Task hostname:lucas-Aspire-A514-54 operator:PythonOperator
[2025-01-24T09:50:14.487-0300] {local_task_job_runner.py:266} INFO - Task exited with return code 0
[2025-01-24T09:50:14.494-0300] {taskinstance.py:3895} INFO - 0 downstream tasks scheduled from follow-on schedule check
[2025-01-24T09:50:14.495-0300] {local_task_job_runner.py:245} INFO - ::endgroup::
