[2025-01-24T09:51:49.125-0300] {local_task_job_runner.py:123} INFO - ::group::Pre task execution logs
[2025-01-24T09:51:49.130-0300] {taskinstance.py:2613} INFO - Dependencies all met for dep_context=non-requeueable deps ti=<TaskInstance: ReadPacTrat.starting scheduled__2020-03-18T10:50:00+00:00 [queued]>
[2025-01-24T09:51:49.134-0300] {taskinstance.py:2613} INFO - Dependencies all met for dep_context=requeueable deps ti=<TaskInstance: ReadPacTrat.starting scheduled__2020-03-18T10:50:00+00:00 [queued]>
[2025-01-24T09:51:49.134-0300] {taskinstance.py:2866} INFO - Starting attempt 1 of 2
[2025-01-24T09:51:49.143-0300] {taskinstance.py:2889} INFO - Executing <Task(BashOperator): starting> on 2020-03-18 10:50:00+00:00
[2025-01-24T09:51:49.146-0300] {standard_task_runner.py:72} INFO - Started process 24489 to run task
[2025-01-24T09:51:49.148-0300] {standard_task_runner.py:104} INFO - Running: ['airflow', 'tasks', 'run', 'ReadPacTrat', 'starting', 'scheduled__2020-03-18T10:50:00+00:00', '--job-id', '459', '--raw', '--subdir', 'DAGS_FOLDER/DAGFiltroPacientesTratamento.py', '--cfg-path', '/tmp/tmpnwu062ul']
[2025-01-24T09:51:49.148-0300] {standard_task_runner.py:105} INFO - Job 459: Subtask starting
[2025-01-24T09:51:49.172-0300] {task_command.py:467} INFO - Running <TaskInstance: ReadPacTrat.starting scheduled__2020-03-18T10:50:00+00:00 [running]> on host lucas-Aspire-A514-54
[2025-01-24T09:51:49.280-0300] {taskinstance.py:3132} INFO - Exporting env vars: AIRFLOW_CTX_DAG_OWNER='lucas' AIRFLOW_CTX_DAG_ID='ReadPacTrat' AIRFLOW_CTX_TASK_ID='starting' AIRFLOW_CTX_EXECUTION_DATE='2020-03-18T10:50:00+00:00' AIRFLOW_CTX_TRY_NUMBER='1' AIRFLOW_CTX_DAG_RUN_ID='scheduled__2020-03-18T10:50:00+00:00'
[2025-01-24T09:51:49.280-0300] {logging_mixin.py:190} INFO - Task instance is in running state
[2025-01-24T09:51:49.280-0300] {logging_mixin.py:190} INFO -  Previous state of the Task instance: queued
[2025-01-24T09:51:49.280-0300] {logging_mixin.py:190} INFO - Current task name:starting state:running start_date:2025-01-24 12:51:49.130532+00:00
[2025-01-24T09:51:49.280-0300] {logging_mixin.py:190} INFO - Dag name:ReadPacTrat and current dag run status:running
[2025-01-24T09:51:49.281-0300] {taskinstance.py:731} INFO - ::endgroup::
[2025-01-24T09:51:49.282-0300] {subprocess.py:78} INFO - Tmp dir root location: /tmp
[2025-01-24T09:51:49.282-0300] {subprocess.py:88} INFO - Running command: ['/usr/bin/bash', '-c', 'echo "I am reading the CSV now....."']
[2025-01-24T09:51:49.291-0300] {subprocess.py:99} INFO - Output:
[2025-01-24T09:51:49.292-0300] {subprocess.py:106} INFO - I am reading the CSV now.....
[2025-01-24T09:51:49.292-0300] {subprocess.py:110} INFO - Command exited with return code 0
[2025-01-24T09:51:49.304-0300] {taskinstance.py:340} INFO - ::group::Post task execution logs
[2025-01-24T09:51:49.304-0300] {taskinstance.py:352} INFO - Marking task as SUCCESS. dag_id=ReadPacTrat, task_id=starting, run_id=scheduled__2020-03-18T10:50:00+00:00, execution_date=20200318T105000, start_date=20250124T125149, end_date=20250124T125149
[2025-01-24T09:51:49.310-0300] {logging_mixin.py:190} INFO - Task instance in success state
[2025-01-24T09:51:49.311-0300] {logging_mixin.py:190} INFO -  Previous state of the Task instance: running
[2025-01-24T09:51:49.311-0300] {logging_mixin.py:190} INFO - Dag name:ReadPacTrat queued_at:2025-01-24 12:51:47.648684+00:00
[2025-01-24T09:51:49.311-0300] {logging_mixin.py:190} INFO - Task hostname:lucas-Aspire-A514-54 operator:BashOperator
[2025-01-24T09:51:49.320-0300] {local_task_job_runner.py:266} INFO - Task exited with return code 0
[2025-01-24T09:51:49.328-0300] {taskinstance.py:3895} INFO - 1 downstream tasks scheduled from follow-on schedule check
[2025-01-24T09:51:49.332-0300] {local_task_job_runner.py:245} INFO - ::endgroup::
