[2025-01-24T09:53:13.738-0300] {local_task_job_runner.py:123} INFO - ::group::Pre task execution logs
[2025-01-24T09:53:13.743-0300] {taskinstance.py:2613} INFO - Dependencies all met for dep_context=non-requeueable deps ti=<TaskInstance: ReadPacTrat.starting scheduled__2020-03-18T12:10:00+00:00 [queued]>
[2025-01-24T09:53:13.748-0300] {taskinstance.py:2613} INFO - Dependencies all met for dep_context=requeueable deps ti=<TaskInstance: ReadPacTrat.starting scheduled__2020-03-18T12:10:00+00:00 [queued]>
[2025-01-24T09:53:13.748-0300] {taskinstance.py:2866} INFO - Starting attempt 1 of 2
[2025-01-24T09:53:13.757-0300] {taskinstance.py:2889} INFO - Executing <Task(BashOperator): starting> on 2020-03-18 12:10:00+00:00
[2025-01-24T09:53:13.760-0300] {standard_task_runner.py:72} INFO - Started process 25015 to run task
[2025-01-24T09:53:13.761-0300] {standard_task_runner.py:104} INFO - Running: ['airflow', 'tasks', 'run', 'ReadPacTrat', 'starting', 'scheduled__2020-03-18T12:10:00+00:00', '--job-id', '491', '--raw', '--subdir', 'DAGS_FOLDER/DAGFiltroPacientesTratamento.py', '--cfg-path', '/tmp/tmp99qwd_5q']
[2025-01-24T09:53:13.762-0300] {standard_task_runner.py:105} INFO - Job 491: Subtask starting
[2025-01-24T09:53:13.784-0300] {task_command.py:467} INFO - Running <TaskInstance: ReadPacTrat.starting scheduled__2020-03-18T12:10:00+00:00 [running]> on host lucas-Aspire-A514-54
[2025-01-24T09:53:13.900-0300] {taskinstance.py:3132} INFO - Exporting env vars: AIRFLOW_CTX_DAG_OWNER='lucas' AIRFLOW_CTX_DAG_ID='ReadPacTrat' AIRFLOW_CTX_TASK_ID='starting' AIRFLOW_CTX_EXECUTION_DATE='2020-03-18T12:10:00+00:00' AIRFLOW_CTX_TRY_NUMBER='1' AIRFLOW_CTX_DAG_RUN_ID='scheduled__2020-03-18T12:10:00+00:00'
[2025-01-24T09:53:13.901-0300] {logging_mixin.py:190} INFO - Task instance is in running state
[2025-01-24T09:53:13.901-0300] {logging_mixin.py:190} INFO -  Previous state of the Task instance: queued
[2025-01-24T09:53:13.901-0300] {logging_mixin.py:190} INFO - Current task name:starting state:running start_date:2025-01-24 12:53:13.743687+00:00
[2025-01-24T09:53:13.901-0300] {logging_mixin.py:190} INFO - Dag name:ReadPacTrat and current dag run status:running
[2025-01-24T09:53:13.901-0300] {taskinstance.py:731} INFO - ::endgroup::
[2025-01-24T09:53:13.903-0300] {subprocess.py:78} INFO - Tmp dir root location: /tmp
[2025-01-24T09:53:13.903-0300] {subprocess.py:88} INFO - Running command: ['/usr/bin/bash', '-c', 'echo "I am reading the CSV now....."']
[2025-01-24T09:53:13.914-0300] {subprocess.py:99} INFO - Output:
[2025-01-24T09:53:13.916-0300] {subprocess.py:106} INFO - I am reading the CSV now.....
[2025-01-24T09:53:13.916-0300] {subprocess.py:110} INFO - Command exited with return code 0
[2025-01-24T09:53:13.928-0300] {taskinstance.py:340} INFO - ::group::Post task execution logs
[2025-01-24T09:53:13.928-0300] {taskinstance.py:352} INFO - Marking task as SUCCESS. dag_id=ReadPacTrat, task_id=starting, run_id=scheduled__2020-03-18T12:10:00+00:00, execution_date=20200318T121000, start_date=20250124T125313, end_date=20250124T125313
[2025-01-24T09:53:13.937-0300] {logging_mixin.py:190} INFO - Task instance in success state
[2025-01-24T09:53:13.937-0300] {logging_mixin.py:190} INFO -  Previous state of the Task instance: running
[2025-01-24T09:53:13.937-0300] {logging_mixin.py:190} INFO - Dag name:ReadPacTrat queued_at:2025-01-24 12:53:11.952319+00:00
[2025-01-24T09:53:13.937-0300] {logging_mixin.py:190} INFO - Task hostname:lucas-Aspire-A514-54 operator:BashOperator
[2025-01-24T09:53:13.974-0300] {local_task_job_runner.py:266} INFO - Task exited with return code 0
[2025-01-24T09:53:13.994-0300] {taskinstance.py:3895} INFO - 1 downstream tasks scheduled from follow-on schedule check
[2025-01-24T09:53:13.998-0300] {local_task_job_runner.py:245} INFO - ::endgroup::
