[2025-02-02T21:24:19.427-0300] {local_task_job_runner.py:123} INFO - ::group::Pre task execution logs
[2025-02-02T21:24:19.432-0300] {taskinstance.py:2613} INFO - Dependencies all met for dep_context=non-requeueable deps ti=<TaskInstance: ReadAgend.starting scheduled__2020-03-21T03:35:00+00:00 [queued]>
[2025-02-02T21:24:19.436-0300] {taskinstance.py:2613} INFO - Dependencies all met for dep_context=requeueable deps ti=<TaskInstance: ReadAgend.starting scheduled__2020-03-21T03:35:00+00:00 [queued]>
[2025-02-02T21:24:19.437-0300] {taskinstance.py:2866} INFO - Starting attempt 1 of 2
[2025-02-02T21:24:19.447-0300] {taskinstance.py:2889} INFO - Executing <Task(BashOperator): starting> on 2020-03-21 03:35:00+00:00
[2025-02-02T21:24:19.450-0300] {standard_task_runner.py:72} INFO - Started process 23793 to run task
[2025-02-02T21:24:19.452-0300] {standard_task_runner.py:104} INFO - Running: ['airflow', 'tasks', 'run', 'ReadAgend', 'starting', 'scheduled__2020-03-21T03:35:00+00:00', '--job-id', '8216', '--raw', '--subdir', 'DAGS_FOLDER/DAGFiltroPacientesAgendamento.py', '--cfg-path', '/tmp/tmpx3w33542']
[2025-02-02T21:24:19.453-0300] {standard_task_runner.py:105} INFO - Job 8216: Subtask starting
[2025-02-02T21:24:19.473-0300] {task_command.py:467} INFO - Running <TaskInstance: ReadAgend.starting scheduled__2020-03-21T03:35:00+00:00 [running]> on host lucas-Aspire-A514-54
[2025-02-02T21:24:19.514-0300] {taskinstance.py:3132} INFO - Exporting env vars: AIRFLOW_CTX_DAG_OWNER='lucas' AIRFLOW_CTX_DAG_ID='ReadAgend' AIRFLOW_CTX_TASK_ID='starting' AIRFLOW_CTX_EXECUTION_DATE='2020-03-21T03:35:00+00:00' AIRFLOW_CTX_TRY_NUMBER='1' AIRFLOW_CTX_DAG_RUN_ID='scheduled__2020-03-21T03:35:00+00:00'
[2025-02-02T21:24:19.514-0300] {taskinstance.py:731} INFO - ::endgroup::
[2025-02-02T21:24:19.523-0300] {subprocess.py:78} INFO - Tmp dir root location: /tmp
[2025-02-02T21:24:19.523-0300] {subprocess.py:88} INFO - Running command: ['/usr/bin/bash', '-c', 'echo "I am reading the CSV now....."']
[2025-02-02T21:24:19.530-0300] {subprocess.py:99} INFO - Output:
[2025-02-02T21:24:19.530-0300] {subprocess.py:106} INFO - I am reading the CSV now.....
[2025-02-02T21:24:19.530-0300] {subprocess.py:110} INFO - Command exited with return code 0
[2025-02-02T21:24:19.541-0300] {taskinstance.py:340} INFO - ::group::Post task execution logs
[2025-02-02T21:24:19.542-0300] {taskinstance.py:352} INFO - Marking task as SUCCESS. dag_id=ReadAgend, task_id=starting, run_id=scheduled__2020-03-21T03:35:00+00:00, execution_date=20200321T033500, start_date=20250203T002419, end_date=20250203T002419
[2025-02-02T21:24:19.584-0300] {local_task_job_runner.py:266} INFO - Task exited with return code 0
[2025-02-02T21:24:19.601-0300] {taskinstance.py:3895} INFO - 1 downstream tasks scheduled from follow-on schedule check
[2025-02-02T21:24:19.604-0300] {local_task_job_runner.py:245} INFO - ::endgroup::
