[2025-03-22T21:53:22.081-0300] {local_task_job_runner.py:123} INFO - ::group::Pre task execution logs
[2025-03-22T21:53:22.087-0300] {taskinstance.py:2613} INFO - Dependencies all met for dep_context=non-requeueable deps ti=<TaskInstance: ReadPacTrat.starting scheduled__2020-03-19T08:45:00+00:00 [queued]>
[2025-03-22T21:53:22.091-0300] {taskinstance.py:2613} INFO - Dependencies all met for dep_context=requeueable deps ti=<TaskInstance: ReadPacTrat.starting scheduled__2020-03-19T08:45:00+00:00 [queued]>
[2025-03-22T21:53:22.092-0300] {taskinstance.py:2866} INFO - Starting attempt 1 of 2
[2025-03-22T21:53:22.103-0300] {taskinstance.py:2889} INFO - Executing <Task(BashOperator): starting> on 2020-03-19 08:45:00+00:00
[2025-03-22T21:53:22.108-0300] {standard_task_runner.py:72} INFO - Started process 8587 to run task
[2025-03-22T21:53:22.110-0300] {standard_task_runner.py:104} INFO - Running: ['airflow', 'tasks', 'run', 'ReadPacTrat', 'starting', 'scheduled__2020-03-19T08:45:00+00:00', '--job-id', '8705', '--raw', '--subdir', 'DAGS_FOLDER/DAGFiltroPacientesTratamento.py', '--cfg-path', '/tmp/tmps__xs9ju']
[2025-03-22T21:53:22.111-0300] {standard_task_runner.py:105} INFO - Job 8705: Subtask starting
[2025-03-22T21:53:22.145-0300] {task_command.py:467} INFO - Running <TaskInstance: ReadPacTrat.starting scheduled__2020-03-19T08:45:00+00:00 [running]> on host lucas-Aspire-A514-54
[2025-03-22T21:53:22.209-0300] {taskinstance.py:3132} INFO - Exporting env vars: AIRFLOW_CTX_DAG_OWNER='lucas' AIRFLOW_CTX_DAG_ID='ReadPacTrat' AIRFLOW_CTX_TASK_ID='starting' AIRFLOW_CTX_EXECUTION_DATE='2020-03-19T08:45:00+00:00' AIRFLOW_CTX_TRY_NUMBER='1' AIRFLOW_CTX_DAG_RUN_ID='scheduled__2020-03-19T08:45:00+00:00'
[2025-03-22T21:53:22.210-0300] {taskinstance.py:731} INFO - ::endgroup::
[2025-03-22T21:53:22.220-0300] {subprocess.py:78} INFO - Tmp dir root location: /tmp
[2025-03-22T21:53:22.221-0300] {subprocess.py:88} INFO - Running command: ['/usr/bin/bash', '-c', 'echo "I am reading the CSV now....."']
[2025-03-22T21:53:22.230-0300] {subprocess.py:99} INFO - Output:
[2025-03-22T21:53:22.230-0300] {subprocess.py:106} INFO - I am reading the CSV now.....
[2025-03-22T21:53:22.231-0300] {subprocess.py:110} INFO - Command exited with return code 0
[2025-03-22T21:53:22.244-0300] {taskinstance.py:340} INFO - ::group::Post task execution logs
[2025-03-22T21:53:22.244-0300] {taskinstance.py:352} INFO - Marking task as SUCCESS. dag_id=ReadPacTrat, task_id=starting, run_id=scheduled__2020-03-19T08:45:00+00:00, execution_date=20200319T084500, start_date=20250323T005322, end_date=20250323T005322
[2025-03-22T21:53:22.282-0300] {local_task_job_runner.py:266} INFO - Task exited with return code 0
[2025-03-22T21:53:22.306-0300] {taskinstance.py:3895} INFO - 1 downstream tasks scheduled from follow-on schedule check
[2025-03-22T21:53:22.312-0300] {local_task_job_runner.py:245} INFO - ::endgroup::
