[2025-01-24T10:37:23.468-0300] {local_task_job_runner.py:123} INFO - ::group::Pre task execution logs
[2025-01-24T10:37:23.473-0300] {taskinstance.py:2613} INFO - Dependencies all met for dep_context=non-requeueable deps ti=<TaskInstance: ReadAgend.starting scheduled__2020-03-18T12:30:00+00:00 [queued]>
[2025-01-24T10:37:23.476-0300] {taskinstance.py:2613} INFO - Dependencies all met for dep_context=requeueable deps ti=<TaskInstance: ReadAgend.starting scheduled__2020-03-18T12:30:00+00:00 [queued]>
[2025-01-24T10:37:23.476-0300] {taskinstance.py:2866} INFO - Starting attempt 1 of 2
[2025-01-24T10:37:23.486-0300] {taskinstance.py:2889} INFO - Executing <Task(BashOperator): starting> on 2020-03-18 12:30:00+00:00
[2025-01-24T10:37:23.489-0300] {standard_task_runner.py:72} INFO - Started process 39200 to run task
[2025-01-24T10:37:23.491-0300] {standard_task_runner.py:104} INFO - Running: ['airflow', 'tasks', 'run', 'ReadAgend', 'starting', 'scheduled__2020-03-18T12:30:00+00:00', '--job-id', '1160', '--raw', '--subdir', 'DAGS_FOLDER/DAGFiltroPacientesAgendamento.py', '--cfg-path', '/tmp/tmp9k2f1f_3']
[2025-01-24T10:37:23.492-0300] {standard_task_runner.py:105} INFO - Job 1160: Subtask starting
[2025-01-24T10:37:23.511-0300] {task_command.py:467} INFO - Running <TaskInstance: ReadAgend.starting scheduled__2020-03-18T12:30:00+00:00 [running]> on host lucas-Aspire-A514-54
[2025-01-24T10:37:23.546-0300] {taskinstance.py:3132} INFO - Exporting env vars: AIRFLOW_CTX_DAG_OWNER='lucas' AIRFLOW_CTX_DAG_ID='ReadAgend' AIRFLOW_CTX_TASK_ID='starting' AIRFLOW_CTX_EXECUTION_DATE='2020-03-18T12:30:00+00:00' AIRFLOW_CTX_TRY_NUMBER='1' AIRFLOW_CTX_DAG_RUN_ID='scheduled__2020-03-18T12:30:00+00:00'
[2025-01-24T10:37:23.546-0300] {taskinstance.py:731} INFO - ::endgroup::
[2025-01-24T10:37:23.555-0300] {subprocess.py:78} INFO - Tmp dir root location: /tmp
[2025-01-24T10:37:23.555-0300] {subprocess.py:88} INFO - Running command: ['/usr/bin/bash', '-c', 'echo "I am reading the CSV now....."']
[2025-01-24T10:37:23.561-0300] {subprocess.py:99} INFO - Output:
[2025-01-24T10:37:23.561-0300] {subprocess.py:106} INFO - I am reading the CSV now.....
[2025-01-24T10:37:23.561-0300] {subprocess.py:110} INFO - Command exited with return code 0
[2025-01-24T10:37:23.572-0300] {taskinstance.py:340} INFO - ::group::Post task execution logs
[2025-01-24T10:37:23.572-0300] {taskinstance.py:352} INFO - Marking task as SUCCESS. dag_id=ReadAgend, task_id=starting, run_id=scheduled__2020-03-18T12:30:00+00:00, execution_date=20200318T123000, start_date=20250124T133723, end_date=20250124T133723
[2025-01-24T10:37:23.623-0300] {local_task_job_runner.py:266} INFO - Task exited with return code 0
[2025-01-24T10:37:23.644-0300] {taskinstance.py:3895} INFO - 1 downstream tasks scheduled from follow-on schedule check
[2025-01-24T10:37:23.648-0300] {local_task_job_runner.py:245} INFO - ::endgroup::
