[2025-03-22T21:55:14.201-0300] {local_task_job_runner.py:123} INFO - ::group::Pre task execution logs
[2025-03-22T21:55:14.210-0300] {taskinstance.py:2613} INFO - Dependencies all met for dep_context=non-requeueable deps ti=<TaskInstance: ReadPacTrat.starting scheduled__2020-03-19T10:15:00+00:00 [queued]>
[2025-03-22T21:55:14.214-0300] {taskinstance.py:2613} INFO - Dependencies all met for dep_context=requeueable deps ti=<TaskInstance: ReadPacTrat.starting scheduled__2020-03-19T10:15:00+00:00 [queued]>
[2025-03-22T21:55:14.215-0300] {taskinstance.py:2866} INFO - Starting attempt 1 of 2
[2025-03-22T21:55:14.229-0300] {taskinstance.py:2889} INFO - Executing <Task(BashOperator): starting> on 2020-03-19 10:15:00+00:00
[2025-03-22T21:55:14.232-0300] {standard_task_runner.py:72} INFO - Started process 9484 to run task
[2025-03-22T21:55:14.234-0300] {standard_task_runner.py:104} INFO - Running: ['airflow', 'tasks', 'run', 'ReadPacTrat', 'starting', 'scheduled__2020-03-19T10:15:00+00:00', '--job-id', '8741', '--raw', '--subdir', 'DAGS_FOLDER/DAGFiltroPacientesTratamento.py', '--cfg-path', '/tmp/tmpz_99jwwz']
[2025-03-22T21:55:14.236-0300] {standard_task_runner.py:105} INFO - Job 8741: Subtask starting
[2025-03-22T21:55:14.278-0300] {task_command.py:467} INFO - Running <TaskInstance: ReadPacTrat.starting scheduled__2020-03-19T10:15:00+00:00 [running]> on host lucas-Aspire-A514-54
[2025-03-22T21:55:14.340-0300] {taskinstance.py:3132} INFO - Exporting env vars: AIRFLOW_CTX_DAG_OWNER='lucas' AIRFLOW_CTX_DAG_ID='ReadPacTrat' AIRFLOW_CTX_TASK_ID='starting' AIRFLOW_CTX_EXECUTION_DATE='2020-03-19T10:15:00+00:00' AIRFLOW_CTX_TRY_NUMBER='1' AIRFLOW_CTX_DAG_RUN_ID='scheduled__2020-03-19T10:15:00+00:00'
[2025-03-22T21:55:14.341-0300] {taskinstance.py:731} INFO - ::endgroup::
[2025-03-22T21:55:14.364-0300] {subprocess.py:78} INFO - Tmp dir root location: /tmp
[2025-03-22T21:55:14.365-0300] {subprocess.py:88} INFO - Running command: ['/usr/bin/bash', '-c', 'echo "I am reading the CSV now....."']
[2025-03-22T21:55:14.378-0300] {subprocess.py:99} INFO - Output:
[2025-03-22T21:55:14.379-0300] {subprocess.py:106} INFO - I am reading the CSV now.....
[2025-03-22T21:55:14.379-0300] {subprocess.py:110} INFO - Command exited with return code 0
[2025-03-22T21:55:14.401-0300] {taskinstance.py:340} INFO - ::group::Post task execution logs
[2025-03-22T21:55:14.402-0300] {taskinstance.py:352} INFO - Marking task as SUCCESS. dag_id=ReadPacTrat, task_id=starting, run_id=scheduled__2020-03-19T10:15:00+00:00, execution_date=20200319T101500, start_date=20250323T005514, end_date=20250323T005514
[2025-03-22T21:55:14.447-0300] {local_task_job_runner.py:266} INFO - Task exited with return code 0
[2025-03-22T21:55:14.460-0300] {taskinstance.py:3895} INFO - 1 downstream tasks scheduled from follow-on schedule check
[2025-03-22T21:55:14.465-0300] {local_task_job_runner.py:245} INFO - ::endgroup::
