[2025-03-22T21:58:01.174-0300] {local_task_job_runner.py:123} INFO - ::group::Pre task execution logs
[2025-03-22T21:58:01.180-0300] {taskinstance.py:2613} INFO - Dependencies all met for dep_context=non-requeueable deps ti=<TaskInstance: ReadPacTrat.starting scheduled__2020-03-19T12:45:00+00:00 [queued]>
[2025-03-22T21:58:01.184-0300] {taskinstance.py:2613} INFO - Dependencies all met for dep_context=requeueable deps ti=<TaskInstance: ReadPacTrat.starting scheduled__2020-03-19T12:45:00+00:00 [queued]>
[2025-03-22T21:58:01.184-0300] {taskinstance.py:2866} INFO - Starting attempt 1 of 2
[2025-03-22T21:58:01.196-0300] {taskinstance.py:2889} INFO - Executing <Task(BashOperator): starting> on 2020-03-19 12:45:00+00:00
[2025-03-22T21:58:01.200-0300] {standard_task_runner.py:72} INFO - Started process 10848 to run task
[2025-03-22T21:58:01.202-0300] {standard_task_runner.py:104} INFO - Running: ['airflow', 'tasks', 'run', 'ReadPacTrat', 'starting', 'scheduled__2020-03-19T12:45:00+00:00', '--job-id', '8801', '--raw', '--subdir', 'DAGS_FOLDER/DAGFiltroPacientesTratamento.py', '--cfg-path', '/tmp/tmpi911bfqx']
[2025-03-22T21:58:01.203-0300] {standard_task_runner.py:105} INFO - Job 8801: Subtask starting
[2025-03-22T21:58:01.228-0300] {task_command.py:467} INFO - Running <TaskInstance: ReadPacTrat.starting scheduled__2020-03-19T12:45:00+00:00 [running]> on host lucas-Aspire-A514-54
[2025-03-22T21:58:01.275-0300] {taskinstance.py:3132} INFO - Exporting env vars: AIRFLOW_CTX_DAG_OWNER='lucas' AIRFLOW_CTX_DAG_ID='ReadPacTrat' AIRFLOW_CTX_TASK_ID='starting' AIRFLOW_CTX_EXECUTION_DATE='2020-03-19T12:45:00+00:00' AIRFLOW_CTX_TRY_NUMBER='1' AIRFLOW_CTX_DAG_RUN_ID='scheduled__2020-03-19T12:45:00+00:00'
[2025-03-22T21:58:01.275-0300] {taskinstance.py:731} INFO - ::endgroup::
[2025-03-22T21:58:01.286-0300] {subprocess.py:78} INFO - Tmp dir root location: /tmp
[2025-03-22T21:58:01.286-0300] {subprocess.py:88} INFO - Running command: ['/usr/bin/bash', '-c', 'echo "I am reading the CSV now....."']
[2025-03-22T21:58:01.295-0300] {subprocess.py:99} INFO - Output:
[2025-03-22T21:58:01.295-0300] {subprocess.py:106} INFO - I am reading the CSV now.....
[2025-03-22T21:58:01.296-0300] {subprocess.py:110} INFO - Command exited with return code 0
[2025-03-22T21:58:01.309-0300] {taskinstance.py:340} INFO - ::group::Post task execution logs
[2025-03-22T21:58:01.309-0300] {taskinstance.py:352} INFO - Marking task as SUCCESS. dag_id=ReadPacTrat, task_id=starting, run_id=scheduled__2020-03-19T12:45:00+00:00, execution_date=20200319T124500, start_date=20250323T005801, end_date=20250323T005801
[2025-03-22T21:58:01.334-0300] {local_task_job_runner.py:266} INFO - Task exited with return code 0
[2025-03-22T21:58:01.346-0300] {taskinstance.py:3895} INFO - 1 downstream tasks scheduled from follow-on schedule check
[2025-03-22T21:58:01.351-0300] {local_task_job_runner.py:245} INFO - ::endgroup::
