[2025-01-24T11:05:25.060-0300] {local_task_job_runner.py:123} INFO - ::group::Pre task execution logs
[2025-01-24T11:05:25.065-0300] {taskinstance.py:2613} INFO - Dependencies all met for dep_context=non-requeueable deps ti=<TaskInstance: ReadAgend.starting scheduled__2020-03-19T19:40:00+00:00 [queued]>
[2025-01-24T11:05:25.068-0300] {taskinstance.py:2613} INFO - Dependencies all met for dep_context=requeueable deps ti=<TaskInstance: ReadAgend.starting scheduled__2020-03-19T19:40:00+00:00 [queued]>
[2025-01-24T11:05:25.068-0300] {taskinstance.py:2866} INFO - Starting attempt 1 of 2
[2025-01-24T11:05:25.077-0300] {taskinstance.py:2889} INFO - Executing <Task(BashOperator): starting> on 2020-03-19 19:40:00+00:00
[2025-01-24T11:05:25.080-0300] {standard_task_runner.py:72} INFO - Started process 54132 to run task
[2025-01-24T11:05:25.081-0300] {standard_task_runner.py:104} INFO - Running: ['airflow', 'tasks', 'run', 'ReadAgend', 'starting', 'scheduled__2020-03-19T19:40:00+00:00', '--job-id', '1908', '--raw', '--subdir', 'DAGS_FOLDER/DAGFiltroPacientesAgendamento.py', '--cfg-path', '/tmp/tmpg6uy8554']
[2025-01-24T11:05:25.082-0300] {standard_task_runner.py:105} INFO - Job 1908: Subtask starting
[2025-01-24T11:05:25.102-0300] {task_command.py:467} INFO - Running <TaskInstance: ReadAgend.starting scheduled__2020-03-19T19:40:00+00:00 [running]> on host lucas-Aspire-A514-54
[2025-01-24T11:05:25.137-0300] {taskinstance.py:3132} INFO - Exporting env vars: AIRFLOW_CTX_DAG_OWNER='lucas' AIRFLOW_CTX_DAG_ID='ReadAgend' AIRFLOW_CTX_TASK_ID='starting' AIRFLOW_CTX_EXECUTION_DATE='2020-03-19T19:40:00+00:00' AIRFLOW_CTX_TRY_NUMBER='1' AIRFLOW_CTX_DAG_RUN_ID='scheduled__2020-03-19T19:40:00+00:00'
[2025-01-24T11:05:25.137-0300] {taskinstance.py:731} INFO - ::endgroup::
[2025-01-24T11:05:25.145-0300] {subprocess.py:78} INFO - Tmp dir root location: /tmp
[2025-01-24T11:05:25.146-0300] {subprocess.py:88} INFO - Running command: ['/usr/bin/bash', '-c', 'echo "I am reading the CSV now....."']
[2025-01-24T11:05:25.151-0300] {subprocess.py:99} INFO - Output:
[2025-01-24T11:05:25.152-0300] {subprocess.py:106} INFO - I am reading the CSV now.....
[2025-01-24T11:05:25.152-0300] {subprocess.py:110} INFO - Command exited with return code 0
[2025-01-24T11:05:25.162-0300] {taskinstance.py:340} INFO - ::group::Post task execution logs
[2025-01-24T11:05:25.163-0300] {taskinstance.py:352} INFO - Marking task as SUCCESS. dag_id=ReadAgend, task_id=starting, run_id=scheduled__2020-03-19T19:40:00+00:00, execution_date=20200319T194000, start_date=20250124T140525, end_date=20250124T140525
[2025-01-24T11:05:25.173-0300] {local_task_job_runner.py:266} INFO - Task exited with return code 0
[2025-01-24T11:05:25.182-0300] {taskinstance.py:3895} INFO - 1 downstream tasks scheduled from follow-on schedule check
[2025-01-24T11:05:25.185-0300] {local_task_job_runner.py:245} INFO - ::endgroup::
