[2025-03-22T21:53:58.100-0300] {local_task_job_runner.py:123} INFO - ::group::Pre task execution logs
[2025-03-22T21:53:58.107-0300] {taskinstance.py:2613} INFO - Dependencies all met for dep_context=non-requeueable deps ti=<TaskInstance: ReadPacTrat.starting scheduled__2020-03-19T09:20:00+00:00 [queued]>
[2025-03-22T21:53:58.112-0300] {taskinstance.py:2613} INFO - Dependencies all met for dep_context=requeueable deps ti=<TaskInstance: ReadPacTrat.starting scheduled__2020-03-19T09:20:00+00:00 [queued]>
[2025-03-22T21:53:58.112-0300] {taskinstance.py:2866} INFO - Starting attempt 1 of 2
[2025-03-22T21:53:58.124-0300] {taskinstance.py:2889} INFO - Executing <Task(BashOperator): starting> on 2020-03-19 09:20:00+00:00
[2025-03-22T21:53:58.128-0300] {standard_task_runner.py:72} INFO - Started process 8914 to run task
[2025-03-22T21:53:58.130-0300] {standard_task_runner.py:104} INFO - Running: ['airflow', 'tasks', 'run', 'ReadPacTrat', 'starting', 'scheduled__2020-03-19T09:20:00+00:00', '--job-id', '8718', '--raw', '--subdir', 'DAGS_FOLDER/DAGFiltroPacientesTratamento.py', '--cfg-path', '/tmp/tmph_v61_ep']
[2025-03-22T21:53:58.131-0300] {standard_task_runner.py:105} INFO - Job 8718: Subtask starting
[2025-03-22T21:53:58.166-0300] {task_command.py:467} INFO - Running <TaskInstance: ReadPacTrat.starting scheduled__2020-03-19T09:20:00+00:00 [running]> on host lucas-Aspire-A514-54
[2025-03-22T21:53:58.253-0300] {taskinstance.py:3132} INFO - Exporting env vars: AIRFLOW_CTX_DAG_OWNER='lucas' AIRFLOW_CTX_DAG_ID='ReadPacTrat' AIRFLOW_CTX_TASK_ID='starting' AIRFLOW_CTX_EXECUTION_DATE='2020-03-19T09:20:00+00:00' AIRFLOW_CTX_TRY_NUMBER='1' AIRFLOW_CTX_DAG_RUN_ID='scheduled__2020-03-19T09:20:00+00:00'
[2025-03-22T21:53:58.254-0300] {taskinstance.py:731} INFO - ::endgroup::
[2025-03-22T21:53:58.270-0300] {subprocess.py:78} INFO - Tmp dir root location: /tmp
[2025-03-22T21:53:58.270-0300] {subprocess.py:88} INFO - Running command: ['/usr/bin/bash', '-c', 'echo "I am reading the CSV now....."']
[2025-03-22T21:53:58.281-0300] {subprocess.py:99} INFO - Output:
[2025-03-22T21:53:58.282-0300] {subprocess.py:106} INFO - I am reading the CSV now.....
[2025-03-22T21:53:58.282-0300] {subprocess.py:110} INFO - Command exited with return code 0
[2025-03-22T21:53:58.299-0300] {taskinstance.py:340} INFO - ::group::Post task execution logs
[2025-03-22T21:53:58.300-0300] {taskinstance.py:352} INFO - Marking task as SUCCESS. dag_id=ReadPacTrat, task_id=starting, run_id=scheduled__2020-03-19T09:20:00+00:00, execution_date=20200319T092000, start_date=20250323T005358, end_date=20250323T005358
[2025-03-22T21:53:58.343-0300] {local_task_job_runner.py:266} INFO - Task exited with return code 0
[2025-03-22T21:53:58.366-0300] {taskinstance.py:3895} INFO - 1 downstream tasks scheduled from follow-on schedule check
[2025-03-22T21:53:58.372-0300] {local_task_job_runner.py:245} INFO - ::endgroup::
