[2025-01-13T22:12:35.975-0300] {local_task_job_runner.py:123} INFO - ::group::Pre task execution logs
[2025-01-13T22:12:35.983-0300] {taskinstance.py:2613} INFO - Dependencies all met for dep_context=non-requeueable deps ti=<TaskInstance: MyCSVDAG.starting scheduled__2020-03-18T01:10:00+00:00 [queued]>
[2025-01-13T22:12:35.986-0300] {taskinstance.py:2613} INFO - Dependencies all met for dep_context=requeueable deps ti=<TaskInstance: MyCSVDAG.starting scheduled__2020-03-18T01:10:00+00:00 [queued]>
[2025-01-13T22:12:35.986-0300] {taskinstance.py:2866} INFO - Starting attempt 1 of 2
[2025-01-13T22:12:35.996-0300] {taskinstance.py:2889} INFO - Executing <Task(BashOperator): starting> on 2020-03-18 01:10:00+00:00
[2025-01-13T22:12:36.000-0300] {standard_task_runner.py:72} INFO - Started process 44142 to run task
[2025-01-13T22:12:36.002-0300] {standard_task_runner.py:104} INFO - Running: ['airflow', 'tasks', 'run', 'MyCSVDAG', 'starting', 'scheduled__2020-03-18T01:10:00+00:00', '--job-id', '31', '--raw', '--subdir', 'DAGS_FOLDER/DAGCsvToJson.py', '--cfg-path', '/tmp/tmp7avx8ssu']
[2025-01-13T22:12:36.002-0300] {standard_task_runner.py:105} INFO - Job 31: Subtask starting
[2025-01-13T22:12:36.024-0300] {task_command.py:467} INFO - Running <TaskInstance: MyCSVDAG.starting scheduled__2020-03-18T01:10:00+00:00 [running]> on host lucas-Aspire-A514-54
[2025-01-13T22:12:36.148-0300] {taskinstance.py:3132} INFO - Exporting env vars: AIRFLOW_CTX_DAG_OWNER='paulcrickard' AIRFLOW_CTX_DAG_ID='MyCSVDAG' AIRFLOW_CTX_TASK_ID='starting' AIRFLOW_CTX_EXECUTION_DATE='2020-03-18T01:10:00+00:00' AIRFLOW_CTX_TRY_NUMBER='1' AIRFLOW_CTX_DAG_RUN_ID='scheduled__2020-03-18T01:10:00+00:00'
[2025-01-13T22:12:36.149-0300] {logging_mixin.py:190} INFO - Task instance is in running state
[2025-01-13T22:12:36.149-0300] {logging_mixin.py:190} INFO -  Previous state of the Task instance: queued
[2025-01-13T22:12:36.149-0300] {logging_mixin.py:190} INFO - Current task name:starting state:running start_date:2025-01-14 01:12:35.983273+00:00
[2025-01-13T22:12:36.149-0300] {logging_mixin.py:190} INFO - Dag name:MyCSVDAG and current dag run status:running
[2025-01-13T22:12:36.149-0300] {taskinstance.py:731} INFO - ::endgroup::
[2025-01-13T22:12:36.150-0300] {subprocess.py:78} INFO - Tmp dir root location: /tmp
[2025-01-13T22:12:36.150-0300] {subprocess.py:88} INFO - Running command: ['/usr/bin/bash', '-c', 'echo "I am reading the CSV now....."']
[2025-01-13T22:12:36.156-0300] {subprocess.py:99} INFO - Output:
[2025-01-13T22:12:36.157-0300] {subprocess.py:106} INFO - I am reading the CSV now.....
[2025-01-13T22:12:36.157-0300] {subprocess.py:110} INFO - Command exited with return code 0
[2025-01-13T22:12:36.171-0300] {taskinstance.py:340} INFO - ::group::Post task execution logs
[2025-01-13T22:12:36.171-0300] {taskinstance.py:352} INFO - Marking task as SUCCESS. dag_id=MyCSVDAG, task_id=starting, run_id=scheduled__2020-03-18T01:10:00+00:00, execution_date=20200318T011000, start_date=20250114T011235, end_date=20250114T011236
[2025-01-13T22:12:36.178-0300] {logging_mixin.py:190} INFO - Task instance in success state
[2025-01-13T22:12:36.179-0300] {logging_mixin.py:190} INFO -  Previous state of the Task instance: running
[2025-01-13T22:12:36.179-0300] {logging_mixin.py:190} INFO - Dag name:MyCSVDAG queued_at:2025-01-14 01:12:34.449919+00:00
[2025-01-13T22:12:36.179-0300] {logging_mixin.py:190} INFO - Task hostname:lucas-Aspire-A514-54 operator:BashOperator
[2025-01-13T22:12:36.214-0300] {local_task_job_runner.py:266} INFO - Task exited with return code 0
[2025-01-13T22:12:36.225-0300] {taskinstance.py:3895} INFO - 1 downstream tasks scheduled from follow-on schedule check
[2025-01-13T22:12:36.229-0300] {local_task_job_runner.py:245} INFO - ::endgroup::
