[2025-01-24T11:37:06.592-0300] {local_task_job_runner.py:123} INFO - ::group::Pre task execution logs
[2025-01-24T11:37:06.597-0300] {taskinstance.py:2613} INFO - Dependencies all met for dep_context=non-requeueable deps ti=<TaskInstance: MergePacTratAgeng.coping scheduled__2020-03-18T06:45:00+00:00 [queued]>
[2025-01-24T11:37:06.601-0300] {taskinstance.py:2613} INFO - Dependencies all met for dep_context=requeueable deps ti=<TaskInstance: MergePacTratAgeng.coping scheduled__2020-03-18T06:45:00+00:00 [queued]>
[2025-01-24T11:37:06.601-0300] {taskinstance.py:2866} INFO - Starting attempt 1 of 2
[2025-01-24T11:37:06.611-0300] {taskinstance.py:2889} INFO - Executing <Task(BashOperator): coping> on 2020-03-18 06:45:00+00:00
[2025-01-24T11:37:06.614-0300] {standard_task_runner.py:72} INFO - Started process 67160 to run task
[2025-01-24T11:37:06.616-0300] {standard_task_runner.py:104} INFO - Running: ['airflow', 'tasks', 'run', 'MergePacTratAgeng', 'coping', 'scheduled__2020-03-18T06:45:00+00:00', '--job-id', '2491', '--raw', '--subdir', 'DAGS_FOLDER/DAGAgendXPac.py', '--cfg-path', '/tmp/tmpj8pwomuz']
[2025-01-24T11:37:06.617-0300] {standard_task_runner.py:105} INFO - Job 2491: Subtask coping
[2025-01-24T11:37:06.637-0300] {task_command.py:467} INFO - Running <TaskInstance: MergePacTratAgeng.coping scheduled__2020-03-18T06:45:00+00:00 [running]> on host lucas-Aspire-A514-54
[2025-01-24T11:37:06.675-0300] {taskinstance.py:3132} INFO - Exporting env vars: AIRFLOW_CTX_DAG_OWNER='lucas' AIRFLOW_CTX_DAG_ID='MergePacTratAgeng' AIRFLOW_CTX_TASK_ID='coping' AIRFLOW_CTX_EXECUTION_DATE='2020-03-18T06:45:00+00:00' AIRFLOW_CTX_TRY_NUMBER='1' AIRFLOW_CTX_DAG_RUN_ID='scheduled__2020-03-18T06:45:00+00:00'
[2025-01-24T11:37:06.676-0300] {taskinstance.py:731} INFO - ::endgroup::
[2025-01-24T11:37:06.684-0300] {subprocess.py:78} INFO - Tmp dir root location: /tmp
[2025-01-24T11:37:06.685-0300] {subprocess.py:88} INFO - Running command: ['/usr/bin/bash', '-c', 'cp -f /home/lucas/airflow/PAC_TRAT_AGEND.csv /home/lucas/airflow/PAC_TRAT_FILTER.csv /home/lucas/airflow/input/']
[2025-01-24T11:37:06.691-0300] {subprocess.py:99} INFO - Output:
[2025-01-24T11:37:06.694-0300] {subprocess.py:110} INFO - Command exited with return code 0
[2025-01-24T11:37:06.705-0300] {taskinstance.py:340} INFO - ::group::Post task execution logs
[2025-01-24T11:37:06.705-0300] {taskinstance.py:352} INFO - Marking task as SUCCESS. dag_id=MergePacTratAgeng, task_id=coping, run_id=scheduled__2020-03-18T06:45:00+00:00, execution_date=20200318T064500, start_date=20250124T143706, end_date=20250124T143706
[2025-01-24T11:37:06.748-0300] {local_task_job_runner.py:266} INFO - Task exited with return code 0
[2025-01-24T11:37:06.767-0300] {taskinstance.py:3895} INFO - 1 downstream tasks scheduled from follow-on schedule check
[2025-01-24T11:37:06.771-0300] {local_task_job_runner.py:245} INFO - ::endgroup::
