[2025-01-27T21:46:58.460-0300] {local_task_job_runner.py:123} INFO - ::group::Pre task execution logs
[2025-01-27T21:46:58.474-0300] {taskinstance.py:2613} INFO - Dependencies all met for dep_context=non-requeueable deps ti=<TaskInstance: InsertPACTRATxAGENDIntoElastic.inject_pactrat_agend_into_es scheduled__2021-04-09T00:00:00+00:00 [queued]>
[2025-01-27T21:46:58.486-0300] {taskinstance.py:2613} INFO - Dependencies all met for dep_context=requeueable deps ti=<TaskInstance: InsertPACTRATxAGENDIntoElastic.inject_pactrat_agend_into_es scheduled__2021-04-09T00:00:00+00:00 [queued]>
[2025-01-27T21:46:58.487-0300] {taskinstance.py:2866} INFO - Starting attempt 1 of 2
[2025-01-27T21:46:58.501-0300] {taskinstance.py:2889} INFO - Executing <Task(PythonOperator): inject_pactrat_agend_into_es> on 2021-04-09 00:00:00+00:00
[2025-01-27T21:46:58.504-0300] {standard_task_runner.py:72} INFO - Started process 57261 to run task
[2025-01-27T21:46:58.506-0300] {standard_task_runner.py:104} INFO - Running: ['airflow', 'tasks', 'run', 'InsertPACTRATxAGENDIntoElastic', 'inject_pactrat_agend_into_es', 'scheduled__2021-04-09T00:00:00+00:00', '--job-id', '7407', '--raw', '--subdir', 'DAGS_FOLDER/DAGInjectPACTRATXAGENDElastic.py', '--cfg-path', '/tmp/tmp7w23fjlo']
[2025-01-27T21:46:58.507-0300] {standard_task_runner.py:105} INFO - Job 7407: Subtask inject_pactrat_agend_into_es
[2025-01-27T21:46:58.535-0300] {task_command.py:467} INFO - Running <TaskInstance: InsertPACTRATxAGENDIntoElastic.inject_pactrat_agend_into_es scheduled__2021-04-09T00:00:00+00:00 [running]> on host lucas-Aspire-A514-54
[2025-01-27T21:46:58.596-0300] {taskinstance.py:3132} INFO - Exporting env vars: AIRFLOW_CTX_DAG_OWNER='lucas' AIRFLOW_CTX_DAG_ID='InsertPACTRATxAGENDIntoElastic' AIRFLOW_CTX_TASK_ID='inject_pactrat_agend_into_es' AIRFLOW_CTX_EXECUTION_DATE='2021-04-09T00:00:00+00:00' AIRFLOW_CTX_TRY_NUMBER='1' AIRFLOW_CTX_DAG_RUN_ID='scheduled__2021-04-09T00:00:00+00:00'
[2025-01-27T21:46:58.598-0300] {taskinstance.py:731} INFO - ::endgroup::
[2025-01-27T21:46:59.180-0300] {logging_mixin.py:190} WARNING - /home/lucas/airflow/dags/DAGInjectPACTRATXAGENDElastic.py:136 DtypeWarning: Columns (2) have mixed types. Specify dtype option on import or set low_memory=False.
[2025-01-27T21:46:59.571-0300] {_transport.py:349} INFO - DELETE http://localhost:9200/pacientes_agendamento [status:200 duration:0.066s]
[2025-01-27T21:46:59.751-0300] {_transport.py:349} INFO - PUT http://localhost:9200/pacientes_agendamento [status:200 duration:0.179s]
[2025-01-27T21:46:59.751-0300] {logging_mixin.py:190} INFO - {'acknowledged': True, 'shards_acknowledged': True, 'index': 'pacientes_agendamento'}
[2025-01-27T21:47:03.640-0300] {logging_mixin.py:190} INFO - {'acknowledged': True, 'shards_acknowledged': True, 'index': 'pacientes_agendamento'}
[2025-01-27T21:47:03.661-0300] {python.py:240} INFO - Done. Returned value was: True
[2025-01-27T21:47:03.695-0300] {taskinstance.py:340} INFO - ::group::Post task execution logs
[2025-01-27T21:47:03.696-0300] {taskinstance.py:352} INFO - Marking task as SUCCESS. dag_id=InsertPACTRATxAGENDIntoElastic, task_id=inject_pactrat_agend_into_es, run_id=scheduled__2021-04-09T00:00:00+00:00, execution_date=20210409T000000, start_date=20250128T004658, end_date=20250128T004703
[2025-01-27T21:47:03.765-0300] {local_task_job_runner.py:266} INFO - Task exited with return code 0
[2025-01-27T21:47:03.777-0300] {taskinstance.py:3895} INFO - 0 downstream tasks scheduled from follow-on schedule check
[2025-01-27T21:47:03.777-0300] {local_task_job_runner.py:245} INFO - ::endgroup::
