[2025-01-24T10:50:18.264-0300] {local_task_job_runner.py:123} INFO - ::group::Pre task execution logs
[2025-01-24T10:50:18.268-0300] {taskinstance.py:2613} INFO - Dependencies all met for dep_context=non-requeueable deps ti=<TaskInstance: ReadAgend.starting scheduled__2020-03-19T02:45:00+00:00 [queued]>
[2025-01-24T10:50:18.272-0300] {taskinstance.py:2613} INFO - Dependencies all met for dep_context=requeueable deps ti=<TaskInstance: ReadAgend.starting scheduled__2020-03-19T02:45:00+00:00 [queued]>
[2025-01-24T10:50:18.272-0300] {taskinstance.py:2866} INFO - Starting attempt 1 of 2
[2025-01-24T10:50:18.281-0300] {taskinstance.py:2889} INFO - Executing <Task(BashOperator): starting> on 2020-03-19 02:45:00+00:00
[2025-01-24T10:50:18.284-0300] {standard_task_runner.py:72} INFO - Started process 46571 to run task
[2025-01-24T10:50:18.286-0300] {standard_task_runner.py:104} INFO - Running: ['airflow', 'tasks', 'run', 'ReadAgend', 'starting', 'scheduled__2020-03-19T02:45:00+00:00', '--job-id', '1502', '--raw', '--subdir', 'DAGS_FOLDER/DAGFiltroPacientesAgendamento.py', '--cfg-path', '/tmp/tmp3nxjfhf4']
[2025-01-24T10:50:18.287-0300] {standard_task_runner.py:105} INFO - Job 1502: Subtask starting
[2025-01-24T10:50:18.308-0300] {task_command.py:467} INFO - Running <TaskInstance: ReadAgend.starting scheduled__2020-03-19T02:45:00+00:00 [running]> on host lucas-Aspire-A514-54
[2025-01-24T10:50:18.344-0300] {taskinstance.py:3132} INFO - Exporting env vars: AIRFLOW_CTX_DAG_OWNER='lucas' AIRFLOW_CTX_DAG_ID='ReadAgend' AIRFLOW_CTX_TASK_ID='starting' AIRFLOW_CTX_EXECUTION_DATE='2020-03-19T02:45:00+00:00' AIRFLOW_CTX_TRY_NUMBER='1' AIRFLOW_CTX_DAG_RUN_ID='scheduled__2020-03-19T02:45:00+00:00'
[2025-01-24T10:50:18.345-0300] {taskinstance.py:731} INFO - ::endgroup::
[2025-01-24T10:50:18.353-0300] {subprocess.py:78} INFO - Tmp dir root location: /tmp
[2025-01-24T10:50:18.353-0300] {subprocess.py:88} INFO - Running command: ['/usr/bin/bash', '-c', 'echo "I am reading the CSV now....."']
[2025-01-24T10:50:18.359-0300] {subprocess.py:99} INFO - Output:
[2025-01-24T10:50:18.360-0300] {subprocess.py:106} INFO - I am reading the CSV now.....
[2025-01-24T10:50:18.360-0300] {subprocess.py:110} INFO - Command exited with return code 0
[2025-01-24T10:50:18.371-0300] {taskinstance.py:340} INFO - ::group::Post task execution logs
[2025-01-24T10:50:18.372-0300] {taskinstance.py:352} INFO - Marking task as SUCCESS. dag_id=ReadAgend, task_id=starting, run_id=scheduled__2020-03-19T02:45:00+00:00, execution_date=20200319T024500, start_date=20250124T135018, end_date=20250124T135018
[2025-01-24T10:50:18.418-0300] {local_task_job_runner.py:266} INFO - Task exited with return code 0
[2025-01-24T10:50:18.439-0300] {taskinstance.py:3895} INFO - 1 downstream tasks scheduled from follow-on schedule check
[2025-01-24T10:50:18.443-0300] {local_task_job_runner.py:245} INFO - ::endgroup::
