[2025-02-19T09:54:53.668-0300] {local_task_job_runner.py:123} INFO - ::group::Pre task execution logs
[2025-02-19T09:54:53.674-0300] {taskinstance.py:2613} INFO - Dependencies all met for dep_context=non-requeueable deps ti=<TaskInstance: ReadAgend.starting scheduled__2020-03-21T05:10:00+00:00 [queued]>
[2025-02-19T09:54:53.679-0300] {taskinstance.py:2613} INFO - Dependencies all met for dep_context=requeueable deps ti=<TaskInstance: ReadAgend.starting scheduled__2020-03-21T05:10:00+00:00 [queued]>
[2025-02-19T09:54:53.679-0300] {taskinstance.py:2866} INFO - Starting attempt 1 of 2
[2025-02-19T09:54:53.692-0300] {taskinstance.py:2889} INFO - Executing <Task(BashOperator): starting> on 2020-03-21 05:10:00+00:00
[2025-02-19T09:54:53.695-0300] {standard_task_runner.py:72} INFO - Started process 9312 to run task
[2025-02-19T09:54:53.697-0300] {standard_task_runner.py:104} INFO - Running: ['airflow', 'tasks', 'run', 'ReadAgend', 'starting', 'scheduled__2020-03-21T05:10:00+00:00', '--job-id', '8339', '--raw', '--subdir', 'DAGS_FOLDER/DAGFiltroPacientesAgendamento.py', '--cfg-path', '/tmp/tmpdhuf3al0']
[2025-02-19T09:54:53.699-0300] {standard_task_runner.py:105} INFO - Job 8339: Subtask starting
[2025-02-19T09:54:53.732-0300] {task_command.py:467} INFO - Running <TaskInstance: ReadAgend.starting scheduled__2020-03-21T05:10:00+00:00 [running]> on host lucas-Aspire-A514-54
[2025-02-19T09:54:53.815-0300] {taskinstance.py:3132} INFO - Exporting env vars: AIRFLOW_CTX_DAG_OWNER='lucas' AIRFLOW_CTX_DAG_ID='ReadAgend' AIRFLOW_CTX_TASK_ID='starting' AIRFLOW_CTX_EXECUTION_DATE='2020-03-21T05:10:00+00:00' AIRFLOW_CTX_TRY_NUMBER='1' AIRFLOW_CTX_DAG_RUN_ID='scheduled__2020-03-21T05:10:00+00:00'
[2025-02-19T09:54:53.816-0300] {taskinstance.py:731} INFO - ::endgroup::
[2025-02-19T09:54:53.834-0300] {subprocess.py:78} INFO - Tmp dir root location: /tmp
[2025-02-19T09:54:53.835-0300] {subprocess.py:88} INFO - Running command: ['/usr/bin/bash', '-c', 'echo "I am reading the CSV now....."']
[2025-02-19T09:54:53.843-0300] {subprocess.py:99} INFO - Output:
[2025-02-19T09:54:53.845-0300] {subprocess.py:106} INFO - I am reading the CSV now.....
[2025-02-19T09:54:53.845-0300] {subprocess.py:110} INFO - Command exited with return code 0
[2025-02-19T09:54:53.863-0300] {taskinstance.py:340} INFO - ::group::Post task execution logs
[2025-02-19T09:54:53.863-0300] {taskinstance.py:352} INFO - Marking task as SUCCESS. dag_id=ReadAgend, task_id=starting, run_id=scheduled__2020-03-21T05:10:00+00:00, execution_date=20200321T051000, start_date=20250219T125453, end_date=20250219T125453
[2025-02-19T09:54:53.910-0300] {local_task_job_runner.py:266} INFO - Task exited with return code 0
[2025-02-19T09:54:53.933-0300] {taskinstance.py:3895} INFO - 1 downstream tasks scheduled from follow-on schedule check
[2025-02-19T09:54:53.940-0300] {local_task_job_runner.py:245} INFO - ::endgroup::
