[2025-01-13T22:31:22.519-0300] {local_task_job_runner.py:123} INFO - ::group::Pre task execution logs
[2025-01-13T22:31:22.525-0300] {taskinstance.py:2613} INFO - Dependencies all met for dep_context=non-requeueable deps ti=<TaskInstance: MyCSVDAG.convertCSVtoJson scheduled__2020-03-18T02:40:00+00:00 [queued]>
[2025-01-13T22:31:22.529-0300] {taskinstance.py:2613} INFO - Dependencies all met for dep_context=requeueable deps ti=<TaskInstance: MyCSVDAG.convertCSVtoJson scheduled__2020-03-18T02:40:00+00:00 [queued]>
[2025-01-13T22:31:22.529-0300] {taskinstance.py:2866} INFO - Starting attempt 1 of 2
[2025-01-13T22:31:22.539-0300] {taskinstance.py:2889} INFO - Executing <Task(PythonOperator): convertCSVtoJson> on 2020-03-18 02:40:00+00:00
[2025-01-13T22:31:22.543-0300] {standard_task_runner.py:72} INFO - Started process 47861 to run task
[2025-01-13T22:31:22.545-0300] {standard_task_runner.py:104} INFO - Running: ['airflow', 'tasks', 'run', 'MyCSVDAG', 'convertCSVtoJson', 'scheduled__2020-03-18T02:40:00+00:00', '--job-id', '102', '--raw', '--subdir', 'DAGS_FOLDER/DAGCsvToJson.py', '--cfg-path', '/tmp/tmpae9fggin']
[2025-01-13T22:31:22.545-0300] {standard_task_runner.py:105} INFO - Job 102: Subtask convertCSVtoJson
[2025-01-13T22:31:22.568-0300] {task_command.py:467} INFO - Running <TaskInstance: MyCSVDAG.convertCSVtoJson scheduled__2020-03-18T02:40:00+00:00 [running]> on host lucas-Aspire-A514-54
[2025-01-13T22:31:22.687-0300] {taskinstance.py:3132} INFO - Exporting env vars: AIRFLOW_CTX_DAG_OWNER='paulcrickard' AIRFLOW_CTX_DAG_ID='MyCSVDAG' AIRFLOW_CTX_TASK_ID='convertCSVtoJson' AIRFLOW_CTX_EXECUTION_DATE='2020-03-18T02:40:00+00:00' AIRFLOW_CTX_TRY_NUMBER='1' AIRFLOW_CTX_DAG_RUN_ID='scheduled__2020-03-18T02:40:00+00:00'
[2025-01-13T22:31:22.687-0300] {logging_mixin.py:190} INFO - Task instance is in running state
[2025-01-13T22:31:22.687-0300] {logging_mixin.py:190} INFO -  Previous state of the Task instance: queued
[2025-01-13T22:31:22.688-0300] {logging_mixin.py:190} INFO - Current task name:convertCSVtoJson state:running start_date:2025-01-14 01:31:22.526071+00:00
[2025-01-13T22:31:22.688-0300] {logging_mixin.py:190} INFO - Dag name:MyCSVDAG and current dag run status:running
[2025-01-13T22:31:22.688-0300] {taskinstance.py:731} INFO - ::endgroup::
[2025-01-13T22:31:22.692-0300] {logging_mixin.py:190} INFO - Barbara Coleman PhD
[2025-01-13T22:31:22.692-0300] {python.py:240} INFO - Done. Returned value was: None
[2025-01-13T22:31:22.695-0300] {taskinstance.py:340} INFO - ::group::Post task execution logs
[2025-01-13T22:31:22.695-0300] {taskinstance.py:352} INFO - Marking task as SUCCESS. dag_id=MyCSVDAG, task_id=convertCSVtoJson, run_id=scheduled__2020-03-18T02:40:00+00:00, execution_date=20200318T024000, start_date=20250114T013122, end_date=20250114T013122
[2025-01-13T22:31:22.702-0300] {logging_mixin.py:190} INFO - Task instance in success state
[2025-01-13T22:31:22.702-0300] {logging_mixin.py:190} INFO -  Previous state of the Task instance: running
[2025-01-13T22:31:22.702-0300] {logging_mixin.py:190} INFO - Dag name:MyCSVDAG queued_at:2025-01-14 01:31:17.269962+00:00
[2025-01-13T22:31:22.702-0300] {logging_mixin.py:190} INFO - Task hostname:lucas-Aspire-A514-54 operator:PythonOperator
[2025-01-13T22:31:22.717-0300] {local_task_job_runner.py:266} INFO - Task exited with return code 0
[2025-01-13T22:31:22.724-0300] {taskinstance.py:3895} INFO - 0 downstream tasks scheduled from follow-on schedule check
[2025-01-13T22:31:22.725-0300] {local_task_job_runner.py:245} INFO - ::endgroup::
