[2025-01-13T22:20:58.631-0300] {local_task_job_runner.py:123} INFO - ::group::Pre task execution logs
[2025-01-13T22:20:58.636-0300] {taskinstance.py:2613} INFO - Dependencies all met for dep_context=non-requeueable deps ti=<TaskInstance: MyCSVDAG.starting scheduled__2020-03-18T02:15:00+00:00 [queued]>
[2025-01-13T22:20:58.639-0300] {taskinstance.py:2613} INFO - Dependencies all met for dep_context=requeueable deps ti=<TaskInstance: MyCSVDAG.starting scheduled__2020-03-18T02:15:00+00:00 [queued]>
[2025-01-13T22:20:58.639-0300] {taskinstance.py:2866} INFO - Starting attempt 1 of 2
[2025-01-13T22:20:58.647-0300] {taskinstance.py:2889} INFO - Executing <Task(BashOperator): starting> on 2020-03-18 02:15:00+00:00
[2025-01-13T22:20:58.651-0300] {standard_task_runner.py:72} INFO - Started process 46064 to run task
[2025-01-13T22:20:58.652-0300] {standard_task_runner.py:104} INFO - Running: ['airflow', 'tasks', 'run', 'MyCSVDAG', 'starting', 'scheduled__2020-03-18T02:15:00+00:00', '--job-id', '73', '--raw', '--subdir', 'DAGS_FOLDER/DAGCsvToJson.py', '--cfg-path', '/tmp/tmp16ky2wta']
[2025-01-13T22:20:58.653-0300] {standard_task_runner.py:105} INFO - Job 73: Subtask starting
[2025-01-13T22:20:58.673-0300] {task_command.py:467} INFO - Running <TaskInstance: MyCSVDAG.starting scheduled__2020-03-18T02:15:00+00:00 [running]> on host lucas-Aspire-A514-54
[2025-01-13T22:20:58.777-0300] {taskinstance.py:3132} INFO - Exporting env vars: AIRFLOW_CTX_DAG_OWNER='paulcrickard' AIRFLOW_CTX_DAG_ID='MyCSVDAG' AIRFLOW_CTX_TASK_ID='starting' AIRFLOW_CTX_EXECUTION_DATE='2020-03-18T02:15:00+00:00' AIRFLOW_CTX_TRY_NUMBER='1' AIRFLOW_CTX_DAG_RUN_ID='scheduled__2020-03-18T02:15:00+00:00'
[2025-01-13T22:20:58.778-0300] {logging_mixin.py:190} INFO - Task instance is in running state
[2025-01-13T22:20:58.778-0300] {logging_mixin.py:190} INFO -  Previous state of the Task instance: queued
[2025-01-13T22:20:58.778-0300] {logging_mixin.py:190} INFO - Current task name:starting state:running start_date:2025-01-14 01:20:58.637047+00:00
[2025-01-13T22:20:58.778-0300] {logging_mixin.py:190} INFO - Dag name:MyCSVDAG and current dag run status:running
[2025-01-13T22:20:58.778-0300] {taskinstance.py:731} INFO - ::endgroup::
[2025-01-13T22:20:58.778-0300] {subprocess.py:78} INFO - Tmp dir root location: /tmp
[2025-01-13T22:20:58.779-0300] {subprocess.py:88} INFO - Running command: ['/usr/bin/bash', '-c', 'echo "I am reading the CSV now....."']
[2025-01-13T22:20:58.785-0300] {subprocess.py:99} INFO - Output:
[2025-01-13T22:20:58.786-0300] {subprocess.py:106} INFO - I am reading the CSV now.....
[2025-01-13T22:20:58.786-0300] {subprocess.py:110} INFO - Command exited with return code 0
[2025-01-13T22:20:58.797-0300] {taskinstance.py:340} INFO - ::group::Post task execution logs
[2025-01-13T22:20:58.797-0300] {taskinstance.py:352} INFO - Marking task as SUCCESS. dag_id=MyCSVDAG, task_id=starting, run_id=scheduled__2020-03-18T02:15:00+00:00, execution_date=20200318T021500, start_date=20250114T012058, end_date=20250114T012058
[2025-01-13T22:20:58.803-0300] {logging_mixin.py:190} INFO - Task instance in success state
[2025-01-13T22:20:58.804-0300] {logging_mixin.py:190} INFO -  Previous state of the Task instance: running
[2025-01-13T22:20:58.804-0300] {logging_mixin.py:190} INFO - Dag name:MyCSVDAG queued_at:2025-01-14 01:20:57.366842+00:00
[2025-01-13T22:20:58.804-0300] {logging_mixin.py:190} INFO - Task hostname:lucas-Aspire-A514-54 operator:BashOperator
[2025-01-13T22:20:58.825-0300] {local_task_job_runner.py:266} INFO - Task exited with return code 0
[2025-01-13T22:20:58.834-0300] {taskinstance.py:3895} INFO - 1 downstream tasks scheduled from follow-on schedule check
[2025-01-13T22:20:58.838-0300] {local_task_job_runner.py:245} INFO - ::endgroup::
