[2025-03-22T20:51:22.321-0300] {processor.py:186} INFO - Started process (PID=33451) to work on /home/lucas/airflow/dags/DAGAgendXPac.py
[2025-03-22T20:51:22.322-0300] {processor.py:914} INFO - Processing file /home/lucas/airflow/dags/DAGAgendXPac.py for tasks to queue
[2025-03-22T20:51:22.325-0300] {logging_mixin.py:190} INFO - [2025-03-22T20:51:22.325-0300] {dagbag.py:588} INFO - Filling up the DagBag from /home/lucas/airflow/dags/DAGAgendXPac.py
[2025-03-22T20:51:22.684-0300] {processor.py:925} INFO - DAG(s) 'MergePacTratAgeng' retrieved from /home/lucas/airflow/dags/DAGAgendXPac.py
[2025-03-22T20:51:22.696-0300] {logging_mixin.py:190} INFO - [2025-03-22T20:51:22.695-0300] {dag.py:3239} INFO - Sync 1 DAGs
[2025-03-22T20:51:22.719-0300] {logging_mixin.py:190} INFO - [2025-03-22T20:51:22.719-0300] {dag.py:4180} INFO - Setting next_dagrun for MergePacTratAgeng to 2020-03-19 23:30:00+00:00, run_after=2020-03-19 23:35:00+00:00
[2025-03-22T20:51:22.733-0300] {processor.py:208} INFO - Processing /home/lucas/airflow/dags/DAGAgendXPac.py took 0.420 seconds
[2025-03-22T20:51:52.896-0300] {processor.py:186} INFO - Started process (PID=33509) to work on /home/lucas/airflow/dags/DAGAgendXPac.py
[2025-03-22T20:51:52.898-0300] {processor.py:914} INFO - Processing file /home/lucas/airflow/dags/DAGAgendXPac.py for tasks to queue
[2025-03-22T20:51:52.900-0300] {logging_mixin.py:190} INFO - [2025-03-22T20:51:52.900-0300] {dagbag.py:588} INFO - Filling up the DagBag from /home/lucas/airflow/dags/DAGAgendXPac.py
[2025-03-22T20:51:53.261-0300] {processor.py:925} INFO - DAG(s) 'MergePacTratAgeng' retrieved from /home/lucas/airflow/dags/DAGAgendXPac.py
[2025-03-22T20:51:53.273-0300] {logging_mixin.py:190} INFO - [2025-03-22T20:51:53.273-0300] {dag.py:3239} INFO - Sync 1 DAGs
[2025-03-22T20:51:53.286-0300] {logging_mixin.py:190} INFO - [2025-03-22T20:51:53.286-0300] {dag.py:4180} INFO - Setting next_dagrun for MergePacTratAgeng to 2020-03-19 23:30:00+00:00, run_after=2020-03-19 23:35:00+00:00
[2025-03-22T20:51:53.300-0300] {processor.py:208} INFO - Processing /home/lucas/airflow/dags/DAGAgendXPac.py took 0.413 seconds
[2025-03-22T20:52:24.074-0300] {processor.py:186} INFO - Started process (PID=33764) to work on /home/lucas/airflow/dags/DAGAgendXPac.py
[2025-03-22T20:52:24.086-0300] {processor.py:914} INFO - Processing file /home/lucas/airflow/dags/DAGAgendXPac.py for tasks to queue
[2025-03-22T20:52:24.089-0300] {logging_mixin.py:190} INFO - [2025-03-22T20:52:24.088-0300] {dagbag.py:588} INFO - Filling up the DagBag from /home/lucas/airflow/dags/DAGAgendXPac.py
[2025-03-22T20:52:24.482-0300] {processor.py:925} INFO - DAG(s) 'MergePacTratAgeng' retrieved from /home/lucas/airflow/dags/DAGAgendXPac.py
[2025-03-22T20:52:24.495-0300] {logging_mixin.py:190} INFO - [2025-03-22T20:52:24.495-0300] {dag.py:3239} INFO - Sync 1 DAGs
[2025-03-22T20:52:24.507-0300] {logging_mixin.py:190} INFO - [2025-03-22T20:52:24.507-0300] {dag.py:4180} INFO - Setting next_dagrun for MergePacTratAgeng to 2020-03-19 23:30:00+00:00, run_after=2020-03-19 23:35:00+00:00
[2025-03-22T20:52:24.532-0300] {processor.py:208} INFO - Processing /home/lucas/airflow/dags/DAGAgendXPac.py took 0.467 seconds
[2025-03-22T20:52:55.508-0300] {processor.py:186} INFO - Started process (PID=33823) to work on /home/lucas/airflow/dags/DAGAgendXPac.py
[2025-03-22T20:52:55.519-0300] {processor.py:914} INFO - Processing file /home/lucas/airflow/dags/DAGAgendXPac.py for tasks to queue
[2025-03-22T20:52:55.523-0300] {logging_mixin.py:190} INFO - [2025-03-22T20:52:55.522-0300] {dagbag.py:588} INFO - Filling up the DagBag from /home/lucas/airflow/dags/DAGAgendXPac.py
[2025-03-22T20:52:55.797-0300] {processor.py:925} INFO - DAG(s) 'MergePacTratAgeng' retrieved from /home/lucas/airflow/dags/DAGAgendXPac.py
[2025-03-22T20:52:55.811-0300] {logging_mixin.py:190} INFO - [2025-03-22T20:52:55.811-0300] {dag.py:3239} INFO - Sync 1 DAGs
[2025-03-22T20:52:55.825-0300] {logging_mixin.py:190} INFO - [2025-03-22T20:52:55.825-0300] {dag.py:4180} INFO - Setting next_dagrun for MergePacTratAgeng to 2020-03-19 23:30:00+00:00, run_after=2020-03-19 23:35:00+00:00
[2025-03-22T20:52:55.852-0300] {processor.py:208} INFO - Processing /home/lucas/airflow/dags/DAGAgendXPac.py took 0.354 seconds
[2025-03-22T20:53:26.292-0300] {processor.py:186} INFO - Started process (PID=33881) to work on /home/lucas/airflow/dags/DAGAgendXPac.py
[2025-03-22T20:53:26.304-0300] {processor.py:914} INFO - Processing file /home/lucas/airflow/dags/DAGAgendXPac.py for tasks to queue
[2025-03-22T20:53:26.307-0300] {logging_mixin.py:190} INFO - [2025-03-22T20:53:26.306-0300] {dagbag.py:588} INFO - Filling up the DagBag from /home/lucas/airflow/dags/DAGAgendXPac.py
[2025-03-22T20:53:26.579-0300] {processor.py:925} INFO - DAG(s) 'MergePacTratAgeng' retrieved from /home/lucas/airflow/dags/DAGAgendXPac.py
[2025-03-22T20:53:26.594-0300] {logging_mixin.py:190} INFO - [2025-03-22T20:53:26.593-0300] {dag.py:3239} INFO - Sync 1 DAGs
[2025-03-22T20:53:26.608-0300] {logging_mixin.py:190} INFO - [2025-03-22T20:53:26.608-0300] {dag.py:4180} INFO - Setting next_dagrun for MergePacTratAgeng to 2020-03-19 23:30:00+00:00, run_after=2020-03-19 23:35:00+00:00
[2025-03-22T20:53:26.633-0300] {processor.py:208} INFO - Processing /home/lucas/airflow/dags/DAGAgendXPac.py took 0.352 seconds
[2025-03-22T20:53:57.077-0300] {processor.py:186} INFO - Started process (PID=33943) to work on /home/lucas/airflow/dags/DAGAgendXPac.py
[2025-03-22T20:53:57.088-0300] {processor.py:914} INFO - Processing file /home/lucas/airflow/dags/DAGAgendXPac.py for tasks to queue
[2025-03-22T20:53:57.092-0300] {logging_mixin.py:190} INFO - [2025-03-22T20:53:57.091-0300] {dagbag.py:588} INFO - Filling up the DagBag from /home/lucas/airflow/dags/DAGAgendXPac.py
[2025-03-22T20:53:57.364-0300] {processor.py:925} INFO - DAG(s) 'MergePacTratAgeng' retrieved from /home/lucas/airflow/dags/DAGAgendXPac.py
[2025-03-22T20:53:57.378-0300] {logging_mixin.py:190} INFO - [2025-03-22T20:53:57.378-0300] {dag.py:3239} INFO - Sync 1 DAGs
[2025-03-22T20:53:57.392-0300] {logging_mixin.py:190} INFO - [2025-03-22T20:53:57.392-0300] {dag.py:4180} INFO - Setting next_dagrun for MergePacTratAgeng to 2020-03-19 23:30:00+00:00, run_after=2020-03-19 23:35:00+00:00
[2025-03-22T20:53:57.417-0300] {processor.py:208} INFO - Processing /home/lucas/airflow/dags/DAGAgendXPac.py took 0.350 seconds
[2025-03-22T20:54:27.895-0300] {processor.py:186} INFO - Started process (PID=33999) to work on /home/lucas/airflow/dags/DAGAgendXPac.py
[2025-03-22T20:54:27.906-0300] {processor.py:914} INFO - Processing file /home/lucas/airflow/dags/DAGAgendXPac.py for tasks to queue
[2025-03-22T20:54:27.910-0300] {logging_mixin.py:190} INFO - [2025-03-22T20:54:27.909-0300] {dagbag.py:588} INFO - Filling up the DagBag from /home/lucas/airflow/dags/DAGAgendXPac.py
[2025-03-22T20:54:28.178-0300] {processor.py:925} INFO - DAG(s) 'MergePacTratAgeng' retrieved from /home/lucas/airflow/dags/DAGAgendXPac.py
[2025-03-22T20:54:28.192-0300] {logging_mixin.py:190} INFO - [2025-03-22T20:54:28.192-0300] {dag.py:3239} INFO - Sync 1 DAGs
[2025-03-22T20:54:28.207-0300] {logging_mixin.py:190} INFO - [2025-03-22T20:54:28.207-0300] {dag.py:4180} INFO - Setting next_dagrun for MergePacTratAgeng to 2020-03-19 23:30:00+00:00, run_after=2020-03-19 23:35:00+00:00
[2025-03-22T20:54:28.232-0300] {processor.py:208} INFO - Processing /home/lucas/airflow/dags/DAGAgendXPac.py took 0.348 seconds
[2025-03-22T20:54:58.708-0300] {processor.py:186} INFO - Started process (PID=34060) to work on /home/lucas/airflow/dags/DAGAgendXPac.py
[2025-03-22T20:54:58.720-0300] {processor.py:914} INFO - Processing file /home/lucas/airflow/dags/DAGAgendXPac.py for tasks to queue
[2025-03-22T20:54:58.723-0300] {logging_mixin.py:190} INFO - [2025-03-22T20:54:58.722-0300] {dagbag.py:588} INFO - Filling up the DagBag from /home/lucas/airflow/dags/DAGAgendXPac.py
[2025-03-22T20:54:58.999-0300] {processor.py:925} INFO - DAG(s) 'MergePacTratAgeng' retrieved from /home/lucas/airflow/dags/DAGAgendXPac.py
[2025-03-22T20:54:59.015-0300] {logging_mixin.py:190} INFO - [2025-03-22T20:54:59.015-0300] {dag.py:3239} INFO - Sync 1 DAGs
[2025-03-22T20:54:59.028-0300] {logging_mixin.py:190} INFO - [2025-03-22T20:54:59.028-0300] {dag.py:4180} INFO - Setting next_dagrun for MergePacTratAgeng to 2020-03-19 23:30:00+00:00, run_after=2020-03-19 23:35:00+00:00
[2025-03-22T20:54:59.053-0300] {processor.py:208} INFO - Processing /home/lucas/airflow/dags/DAGAgendXPac.py took 0.355 seconds
[2025-03-22T20:55:29.468-0300] {processor.py:186} INFO - Started process (PID=34166) to work on /home/lucas/airflow/dags/DAGAgendXPac.py
[2025-03-22T20:55:29.479-0300] {processor.py:914} INFO - Processing file /home/lucas/airflow/dags/DAGAgendXPac.py for tasks to queue
[2025-03-22T20:55:29.482-0300] {logging_mixin.py:190} INFO - [2025-03-22T20:55:29.482-0300] {dagbag.py:588} INFO - Filling up the DagBag from /home/lucas/airflow/dags/DAGAgendXPac.py
[2025-03-22T20:55:29.755-0300] {processor.py:925} INFO - DAG(s) 'MergePacTratAgeng' retrieved from /home/lucas/airflow/dags/DAGAgendXPac.py
[2025-03-22T20:55:29.769-0300] {logging_mixin.py:190} INFO - [2025-03-22T20:55:29.769-0300] {dag.py:3239} INFO - Sync 1 DAGs
[2025-03-22T20:55:29.783-0300] {logging_mixin.py:190} INFO - [2025-03-22T20:55:29.783-0300] {dag.py:4180} INFO - Setting next_dagrun for MergePacTratAgeng to 2020-03-19 23:30:00+00:00, run_after=2020-03-19 23:35:00+00:00
[2025-03-22T20:55:29.811-0300] {processor.py:208} INFO - Processing /home/lucas/airflow/dags/DAGAgendXPac.py took 0.353 seconds
[2025-03-22T20:56:00.260-0300] {processor.py:186} INFO - Started process (PID=34258) to work on /home/lucas/airflow/dags/DAGAgendXPac.py
[2025-03-22T20:56:00.261-0300] {processor.py:914} INFO - Processing file /home/lucas/airflow/dags/DAGAgendXPac.py for tasks to queue
[2025-03-22T20:56:00.264-0300] {logging_mixin.py:190} INFO - [2025-03-22T20:56:00.263-0300] {dagbag.py:588} INFO - Filling up the DagBag from /home/lucas/airflow/dags/DAGAgendXPac.py
[2025-03-22T20:56:00.565-0300] {processor.py:925} INFO - DAG(s) 'MergePacTratAgeng' retrieved from /home/lucas/airflow/dags/DAGAgendXPac.py
[2025-03-22T20:56:00.582-0300] {logging_mixin.py:190} INFO - [2025-03-22T20:56:00.582-0300] {dag.py:3239} INFO - Sync 1 DAGs
[2025-03-22T20:56:00.601-0300] {logging_mixin.py:190} INFO - [2025-03-22T20:56:00.601-0300] {dag.py:4180} INFO - Setting next_dagrun for MergePacTratAgeng to 2020-03-19 23:30:00+00:00, run_after=2020-03-19 23:35:00+00:00
[2025-03-22T20:56:00.618-0300] {processor.py:208} INFO - Processing /home/lucas/airflow/dags/DAGAgendXPac.py took 0.364 seconds
[2025-03-22T20:56:30.983-0300] {processor.py:186} INFO - Started process (PID=34321) to work on /home/lucas/airflow/dags/DAGAgendXPac.py
[2025-03-22T20:56:30.995-0300] {processor.py:914} INFO - Processing file /home/lucas/airflow/dags/DAGAgendXPac.py for tasks to queue
[2025-03-22T20:56:30.998-0300] {logging_mixin.py:190} INFO - [2025-03-22T20:56:30.998-0300] {dagbag.py:588} INFO - Filling up the DagBag from /home/lucas/airflow/dags/DAGAgendXPac.py
[2025-03-22T20:56:31.300-0300] {processor.py:925} INFO - DAG(s) 'MergePacTratAgeng' retrieved from /home/lucas/airflow/dags/DAGAgendXPac.py
[2025-03-22T20:56:31.315-0300] {logging_mixin.py:190} INFO - [2025-03-22T20:56:31.315-0300] {dag.py:3239} INFO - Sync 1 DAGs
[2025-03-22T20:56:31.330-0300] {logging_mixin.py:190} INFO - [2025-03-22T20:56:31.329-0300] {dag.py:4180} INFO - Setting next_dagrun for MergePacTratAgeng to 2020-03-19 23:30:00+00:00, run_after=2020-03-19 23:35:00+00:00
[2025-03-22T20:56:31.357-0300] {processor.py:208} INFO - Processing /home/lucas/airflow/dags/DAGAgendXPac.py took 0.385 seconds
[2025-03-22T20:57:01.784-0300] {processor.py:186} INFO - Started process (PID=34379) to work on /home/lucas/airflow/dags/DAGAgendXPac.py
[2025-03-22T20:57:01.796-0300] {processor.py:914} INFO - Processing file /home/lucas/airflow/dags/DAGAgendXPac.py for tasks to queue
[2025-03-22T20:57:01.799-0300] {logging_mixin.py:190} INFO - [2025-03-22T20:57:01.798-0300] {dagbag.py:588} INFO - Filling up the DagBag from /home/lucas/airflow/dags/DAGAgendXPac.py
[2025-03-22T20:57:02.072-0300] {processor.py:925} INFO - DAG(s) 'MergePacTratAgeng' retrieved from /home/lucas/airflow/dags/DAGAgendXPac.py
[2025-03-22T20:57:02.087-0300] {logging_mixin.py:190} INFO - [2025-03-22T20:57:02.087-0300] {dag.py:3239} INFO - Sync 1 DAGs
[2025-03-22T20:57:02.102-0300] {logging_mixin.py:190} INFO - [2025-03-22T20:57:02.102-0300] {dag.py:4180} INFO - Setting next_dagrun for MergePacTratAgeng to 2020-03-19 23:30:00+00:00, run_after=2020-03-19 23:35:00+00:00
[2025-03-22T20:57:02.126-0300] {processor.py:208} INFO - Processing /home/lucas/airflow/dags/DAGAgendXPac.py took 0.354 seconds
[2025-03-22T20:57:32.566-0300] {processor.py:186} INFO - Started process (PID=34447) to work on /home/lucas/airflow/dags/DAGAgendXPac.py
[2025-03-22T20:57:32.578-0300] {processor.py:914} INFO - Processing file /home/lucas/airflow/dags/DAGAgendXPac.py for tasks to queue
[2025-03-22T20:57:32.581-0300] {logging_mixin.py:190} INFO - [2025-03-22T20:57:32.580-0300] {dagbag.py:588} INFO - Filling up the DagBag from /home/lucas/airflow/dags/DAGAgendXPac.py
[2025-03-22T20:57:32.881-0300] {processor.py:925} INFO - DAG(s) 'MergePacTratAgeng' retrieved from /home/lucas/airflow/dags/DAGAgendXPac.py
[2025-03-22T20:57:32.898-0300] {logging_mixin.py:190} INFO - [2025-03-22T20:57:32.898-0300] {dag.py:3239} INFO - Sync 1 DAGs
[2025-03-22T20:57:32.916-0300] {logging_mixin.py:190} INFO - [2025-03-22T20:57:32.915-0300] {dag.py:4180} INFO - Setting next_dagrun for MergePacTratAgeng to 2020-03-19 23:30:00+00:00, run_after=2020-03-19 23:35:00+00:00
[2025-03-22T20:57:32.934-0300] {processor.py:208} INFO - Processing /home/lucas/airflow/dags/DAGAgendXPac.py took 0.378 seconds
[2025-03-22T20:58:03.413-0300] {processor.py:186} INFO - Started process (PID=34619) to work on /home/lucas/airflow/dags/DAGAgendXPac.py
[2025-03-22T20:58:03.424-0300] {processor.py:914} INFO - Processing file /home/lucas/airflow/dags/DAGAgendXPac.py for tasks to queue
[2025-03-22T20:58:03.428-0300] {logging_mixin.py:190} INFO - [2025-03-22T20:58:03.427-0300] {dagbag.py:588} INFO - Filling up the DagBag from /home/lucas/airflow/dags/DAGAgendXPac.py
[2025-03-22T20:58:03.716-0300] {processor.py:925} INFO - DAG(s) 'MergePacTratAgeng' retrieved from /home/lucas/airflow/dags/DAGAgendXPac.py
[2025-03-22T20:58:03.730-0300] {logging_mixin.py:190} INFO - [2025-03-22T20:58:03.730-0300] {dag.py:3239} INFO - Sync 1 DAGs
[2025-03-22T20:58:03.746-0300] {logging_mixin.py:190} INFO - [2025-03-22T20:58:03.745-0300] {dag.py:4180} INFO - Setting next_dagrun for MergePacTratAgeng to 2020-03-19 23:30:00+00:00, run_after=2020-03-19 23:35:00+00:00
[2025-03-22T20:58:03.771-0300] {processor.py:208} INFO - Processing /home/lucas/airflow/dags/DAGAgendXPac.py took 0.369 seconds
[2025-03-22T20:58:33.948-0300] {processor.py:186} INFO - Started process (PID=34787) to work on /home/lucas/airflow/dags/DAGAgendXPac.py
[2025-03-22T20:58:33.960-0300] {processor.py:914} INFO - Processing file /home/lucas/airflow/dags/DAGAgendXPac.py for tasks to queue
[2025-03-22T20:58:33.963-0300] {logging_mixin.py:190} INFO - [2025-03-22T20:58:33.962-0300] {dagbag.py:588} INFO - Filling up the DagBag from /home/lucas/airflow/dags/DAGAgendXPac.py
[2025-03-22T20:58:34.250-0300] {processor.py:925} INFO - DAG(s) 'MergePacTratAgeng' retrieved from /home/lucas/airflow/dags/DAGAgendXPac.py
[2025-03-22T20:58:34.265-0300] {logging_mixin.py:190} INFO - [2025-03-22T20:58:34.265-0300] {dag.py:3239} INFO - Sync 1 DAGs
[2025-03-22T20:58:34.279-0300] {logging_mixin.py:190} INFO - [2025-03-22T20:58:34.279-0300] {dag.py:4180} INFO - Setting next_dagrun for MergePacTratAgeng to 2020-03-19 23:30:00+00:00, run_after=2020-03-19 23:35:00+00:00
[2025-03-22T20:58:34.304-0300] {processor.py:208} INFO - Processing /home/lucas/airflow/dags/DAGAgendXPac.py took 0.367 seconds
[2025-03-22T20:59:04.468-0300] {processor.py:186} INFO - Started process (PID=35185) to work on /home/lucas/airflow/dags/DAGAgendXPac.py
[2025-03-22T20:59:04.470-0300] {processor.py:914} INFO - Processing file /home/lucas/airflow/dags/DAGAgendXPac.py for tasks to queue
[2025-03-22T20:59:04.472-0300] {logging_mixin.py:190} INFO - [2025-03-22T20:59:04.471-0300] {dagbag.py:588} INFO - Filling up the DagBag from /home/lucas/airflow/dags/DAGAgendXPac.py
[2025-03-22T20:59:04.796-0300] {processor.py:925} INFO - DAG(s) 'MergePacTratAgeng' retrieved from /home/lucas/airflow/dags/DAGAgendXPac.py
[2025-03-22T20:59:04.812-0300] {logging_mixin.py:190} INFO - [2025-03-22T20:59:04.812-0300] {dag.py:3239} INFO - Sync 1 DAGs
[2025-03-22T20:59:04.827-0300] {logging_mixin.py:190} INFO - [2025-03-22T20:59:04.826-0300] {dag.py:4180} INFO - Setting next_dagrun for MergePacTratAgeng to 2020-03-19 23:30:00+00:00, run_after=2020-03-19 23:35:00+00:00
[2025-03-22T20:59:04.845-0300] {processor.py:208} INFO - Processing /home/lucas/airflow/dags/DAGAgendXPac.py took 0.382 seconds
[2025-03-22T20:59:35.188-0300] {processor.py:186} INFO - Started process (PID=35402) to work on /home/lucas/airflow/dags/DAGAgendXPac.py
[2025-03-22T20:59:35.189-0300] {processor.py:914} INFO - Processing file /home/lucas/airflow/dags/DAGAgendXPac.py for tasks to queue
[2025-03-22T20:59:35.193-0300] {logging_mixin.py:190} INFO - [2025-03-22T20:59:35.192-0300] {dagbag.py:588} INFO - Filling up the DagBag from /home/lucas/airflow/dags/DAGAgendXPac.py
[2025-03-22T20:59:35.494-0300] {processor.py:925} INFO - DAG(s) 'MergePacTratAgeng' retrieved from /home/lucas/airflow/dags/DAGAgendXPac.py
[2025-03-22T20:59:35.509-0300] {logging_mixin.py:190} INFO - [2025-03-22T20:59:35.509-0300] {dag.py:3239} INFO - Sync 1 DAGs
[2025-03-22T20:59:35.531-0300] {logging_mixin.py:190} INFO - [2025-03-22T20:59:35.531-0300] {dag.py:4180} INFO - Setting next_dagrun for MergePacTratAgeng to 2020-03-19 23:30:00+00:00, run_after=2020-03-19 23:35:00+00:00
[2025-03-22T20:59:35.547-0300] {processor.py:208} INFO - Processing /home/lucas/airflow/dags/DAGAgendXPac.py took 0.370 seconds
