[2025-03-22T20:51:20.512-0300] {processor.py:186} INFO - Started process (PID=33443) to work on /home/lucas/airflow/dags/DAGFiltroPacientesAgendamento.py
[2025-03-22T20:51:20.513-0300] {processor.py:914} INFO - Processing file /home/lucas/airflow/dags/DAGFiltroPacientesAgendamento.py for tasks to queue
[2025-03-22T20:51:20.516-0300] {logging_mixin.py:190} INFO - [2025-03-22T20:51:20.515-0300] {dagbag.py:588} INFO - Filling up the DagBag from /home/lucas/airflow/dags/DAGFiltroPacientesAgendamento.py
[2025-03-22T20:51:21.141-0300] {processor.py:925} INFO - DAG(s) 'ReadAgend' retrieved from /home/lucas/airflow/dags/DAGFiltroPacientesAgendamento.py
[2025-03-22T20:51:21.155-0300] {logging_mixin.py:190} INFO - [2025-03-22T20:51:21.154-0300] {dag.py:3239} INFO - Sync 1 DAGs
[2025-03-22T20:51:21.170-0300] {logging_mixin.py:190} INFO - [2025-03-22T20:51:21.169-0300] {dag.py:4180} INFO - Setting next_dagrun for ReadAgend to 2020-03-21 13:20:00+00:00, run_after=2020-03-21 13:25:00+00:00
[2025-03-22T20:51:21.184-0300] {processor.py:208} INFO - Processing /home/lucas/airflow/dags/DAGFiltroPacientesAgendamento.py took 0.681 seconds
[2025-03-22T20:51:51.317-0300] {processor.py:186} INFO - Started process (PID=33501) to work on /home/lucas/airflow/dags/DAGFiltroPacientesAgendamento.py
[2025-03-22T20:51:51.318-0300] {processor.py:914} INFO - Processing file /home/lucas/airflow/dags/DAGFiltroPacientesAgendamento.py for tasks to queue
[2025-03-22T20:51:51.321-0300] {logging_mixin.py:190} INFO - [2025-03-22T20:51:51.321-0300] {dagbag.py:588} INFO - Filling up the DagBag from /home/lucas/airflow/dags/DAGFiltroPacientesAgendamento.py
[2025-03-22T20:51:51.686-0300] {processor.py:925} INFO - DAG(s) 'ReadAgend' retrieved from /home/lucas/airflow/dags/DAGFiltroPacientesAgendamento.py
[2025-03-22T20:51:51.698-0300] {logging_mixin.py:190} INFO - [2025-03-22T20:51:51.698-0300] {dag.py:3239} INFO - Sync 1 DAGs
[2025-03-22T20:51:51.711-0300] {logging_mixin.py:190} INFO - [2025-03-22T20:51:51.711-0300] {dag.py:4180} INFO - Setting next_dagrun for ReadAgend to 2020-03-21 13:20:00+00:00, run_after=2020-03-21 13:25:00+00:00
[2025-03-22T20:51:51.735-0300] {processor.py:208} INFO - Processing /home/lucas/airflow/dags/DAGFiltroPacientesAgendamento.py took 0.428 seconds
[2025-03-22T20:52:22.498-0300] {processor.py:186} INFO - Started process (PID=33756) to work on /home/lucas/airflow/dags/DAGFiltroPacientesAgendamento.py
[2025-03-22T20:52:22.509-0300] {processor.py:914} INFO - Processing file /home/lucas/airflow/dags/DAGFiltroPacientesAgendamento.py for tasks to queue
[2025-03-22T20:52:22.513-0300] {logging_mixin.py:190} INFO - [2025-03-22T20:52:22.512-0300] {dagbag.py:588} INFO - Filling up the DagBag from /home/lucas/airflow/dags/DAGFiltroPacientesAgendamento.py
[2025-03-22T20:52:22.880-0300] {processor.py:925} INFO - DAG(s) 'ReadAgend' retrieved from /home/lucas/airflow/dags/DAGFiltroPacientesAgendamento.py
[2025-03-22T20:52:22.892-0300] {logging_mixin.py:190} INFO - [2025-03-22T20:52:22.892-0300] {dag.py:3239} INFO - Sync 1 DAGs
[2025-03-22T20:52:22.904-0300] {logging_mixin.py:190} INFO - [2025-03-22T20:52:22.904-0300] {dag.py:4180} INFO - Setting next_dagrun for ReadAgend to 2020-03-21 13:20:00+00:00, run_after=2020-03-21 13:25:00+00:00
[2025-03-22T20:52:22.928-0300] {processor.py:208} INFO - Processing /home/lucas/airflow/dags/DAGFiltroPacientesAgendamento.py took 0.441 seconds
[2025-03-22T20:52:54.029-0300] {processor.py:186} INFO - Started process (PID=33815) to work on /home/lucas/airflow/dags/DAGFiltroPacientesAgendamento.py
[2025-03-22T20:52:54.067-0300] {processor.py:914} INFO - Processing file /home/lucas/airflow/dags/DAGFiltroPacientesAgendamento.py for tasks to queue
[2025-03-22T20:52:54.070-0300] {logging_mixin.py:190} INFO - [2025-03-22T20:52:54.069-0300] {dagbag.py:588} INFO - Filling up the DagBag from /home/lucas/airflow/dags/DAGFiltroPacientesAgendamento.py
[2025-03-22T20:52:54.353-0300] {processor.py:925} INFO - DAG(s) 'ReadAgend' retrieved from /home/lucas/airflow/dags/DAGFiltroPacientesAgendamento.py
[2025-03-22T20:52:54.367-0300] {logging_mixin.py:190} INFO - [2025-03-22T20:52:54.367-0300] {dag.py:3239} INFO - Sync 1 DAGs
[2025-03-22T20:52:54.380-0300] {logging_mixin.py:190} INFO - [2025-03-22T20:52:54.380-0300] {dag.py:4180} INFO - Setting next_dagrun for ReadAgend to 2020-03-21 13:20:00+00:00, run_after=2020-03-21 13:25:00+00:00
[2025-03-22T20:52:54.408-0300] {processor.py:208} INFO - Processing /home/lucas/airflow/dags/DAGFiltroPacientesAgendamento.py took 0.384 seconds
[2025-03-22T20:53:24.480-0300] {processor.py:186} INFO - Started process (PID=33873) to work on /home/lucas/airflow/dags/DAGFiltroPacientesAgendamento.py
[2025-03-22T20:53:24.518-0300] {processor.py:914} INFO - Processing file /home/lucas/airflow/dags/DAGFiltroPacientesAgendamento.py for tasks to queue
[2025-03-22T20:53:24.522-0300] {logging_mixin.py:190} INFO - [2025-03-22T20:53:24.521-0300] {dagbag.py:588} INFO - Filling up the DagBag from /home/lucas/airflow/dags/DAGFiltroPacientesAgendamento.py
[2025-03-22T20:53:24.828-0300] {processor.py:925} INFO - DAG(s) 'ReadAgend' retrieved from /home/lucas/airflow/dags/DAGFiltroPacientesAgendamento.py
[2025-03-22T20:53:24.842-0300] {logging_mixin.py:190} INFO - [2025-03-22T20:53:24.842-0300] {dag.py:3239} INFO - Sync 1 DAGs
[2025-03-22T20:53:24.857-0300] {logging_mixin.py:190} INFO - [2025-03-22T20:53:24.857-0300] {dag.py:4180} INFO - Setting next_dagrun for ReadAgend to 2020-03-21 13:20:00+00:00, run_after=2020-03-21 13:25:00+00:00
[2025-03-22T20:53:24.884-0300] {processor.py:208} INFO - Processing /home/lucas/airflow/dags/DAGFiltroPacientesAgendamento.py took 0.415 seconds
[2025-03-22T20:53:55.131-0300] {processor.py:186} INFO - Started process (PID=33935) to work on /home/lucas/airflow/dags/DAGFiltroPacientesAgendamento.py
[2025-03-22T20:53:55.169-0300] {processor.py:914} INFO - Processing file /home/lucas/airflow/dags/DAGFiltroPacientesAgendamento.py for tasks to queue
[2025-03-22T20:53:55.173-0300] {logging_mixin.py:190} INFO - [2025-03-22T20:53:55.172-0300] {dagbag.py:588} INFO - Filling up the DagBag from /home/lucas/airflow/dags/DAGFiltroPacientesAgendamento.py
[2025-03-22T20:53:55.449-0300] {processor.py:925} INFO - DAG(s) 'ReadAgend' retrieved from /home/lucas/airflow/dags/DAGFiltroPacientesAgendamento.py
[2025-03-22T20:53:55.463-0300] {logging_mixin.py:190} INFO - [2025-03-22T20:53:55.462-0300] {dag.py:3239} INFO - Sync 1 DAGs
[2025-03-22T20:53:55.476-0300] {logging_mixin.py:190} INFO - [2025-03-22T20:53:55.476-0300] {dag.py:4180} INFO - Setting next_dagrun for ReadAgend to 2020-03-21 13:20:00+00:00, run_after=2020-03-21 13:25:00+00:00
[2025-03-22T20:53:55.503-0300] {processor.py:208} INFO - Processing /home/lucas/airflow/dags/DAGFiltroPacientesAgendamento.py took 0.382 seconds
[2025-03-22T20:54:25.684-0300] {processor.py:186} INFO - Started process (PID=33991) to work on /home/lucas/airflow/dags/DAGFiltroPacientesAgendamento.py
[2025-03-22T20:54:25.723-0300] {processor.py:914} INFO - Processing file /home/lucas/airflow/dags/DAGFiltroPacientesAgendamento.py for tasks to queue
[2025-03-22T20:54:25.726-0300] {logging_mixin.py:190} INFO - [2025-03-22T20:54:25.726-0300] {dagbag.py:588} INFO - Filling up the DagBag from /home/lucas/airflow/dags/DAGFiltroPacientesAgendamento.py
[2025-03-22T20:54:26.028-0300] {processor.py:925} INFO - DAG(s) 'ReadAgend' retrieved from /home/lucas/airflow/dags/DAGFiltroPacientesAgendamento.py
[2025-03-22T20:54:26.042-0300] {logging_mixin.py:190} INFO - [2025-03-22T20:54:26.042-0300] {dag.py:3239} INFO - Sync 1 DAGs
[2025-03-22T20:54:26.057-0300] {logging_mixin.py:190} INFO - [2025-03-22T20:54:26.057-0300] {dag.py:4180} INFO - Setting next_dagrun for ReadAgend to 2020-03-21 13:20:00+00:00, run_after=2020-03-21 13:25:00+00:00
[2025-03-22T20:54:26.084-0300] {processor.py:208} INFO - Processing /home/lucas/airflow/dags/DAGFiltroPacientesAgendamento.py took 0.409 seconds
[2025-03-22T20:54:56.983-0300] {processor.py:186} INFO - Started process (PID=34052) to work on /home/lucas/airflow/dags/DAGFiltroPacientesAgendamento.py
[2025-03-22T20:54:57.021-0300] {processor.py:914} INFO - Processing file /home/lucas/airflow/dags/DAGFiltroPacientesAgendamento.py for tasks to queue
[2025-03-22T20:54:57.025-0300] {logging_mixin.py:190} INFO - [2025-03-22T20:54:57.024-0300] {dagbag.py:588} INFO - Filling up the DagBag from /home/lucas/airflow/dags/DAGFiltroPacientesAgendamento.py
[2025-03-22T20:54:57.302-0300] {processor.py:925} INFO - DAG(s) 'ReadAgend' retrieved from /home/lucas/airflow/dags/DAGFiltroPacientesAgendamento.py
[2025-03-22T20:54:57.317-0300] {logging_mixin.py:190} INFO - [2025-03-22T20:54:57.317-0300] {dag.py:3239} INFO - Sync 1 DAGs
[2025-03-22T20:54:57.331-0300] {logging_mixin.py:190} INFO - [2025-03-22T20:54:57.330-0300] {dag.py:4180} INFO - Setting next_dagrun for ReadAgend to 2020-03-21 13:20:00+00:00, run_after=2020-03-21 13:25:00+00:00
[2025-03-22T20:54:57.357-0300] {processor.py:208} INFO - Processing /home/lucas/airflow/dags/DAGFiltroPacientesAgendamento.py took 0.387 seconds
[2025-03-22T20:55:27.537-0300] {processor.py:186} INFO - Started process (PID=34158) to work on /home/lucas/airflow/dags/DAGFiltroPacientesAgendamento.py
[2025-03-22T20:55:27.549-0300] {processor.py:914} INFO - Processing file /home/lucas/airflow/dags/DAGFiltroPacientesAgendamento.py for tasks to queue
[2025-03-22T20:55:27.552-0300] {logging_mixin.py:190} INFO - [2025-03-22T20:55:27.552-0300] {dagbag.py:588} INFO - Filling up the DagBag from /home/lucas/airflow/dags/DAGFiltroPacientesAgendamento.py
[2025-03-22T20:55:27.826-0300] {processor.py:925} INFO - DAG(s) 'ReadAgend' retrieved from /home/lucas/airflow/dags/DAGFiltroPacientesAgendamento.py
[2025-03-22T20:55:27.840-0300] {logging_mixin.py:190} INFO - [2025-03-22T20:55:27.840-0300] {dag.py:3239} INFO - Sync 1 DAGs
[2025-03-22T20:55:27.854-0300] {logging_mixin.py:190} INFO - [2025-03-22T20:55:27.854-0300] {dag.py:4180} INFO - Setting next_dagrun for ReadAgend to 2020-03-21 13:20:00+00:00, run_after=2020-03-21 13:25:00+00:00
[2025-03-22T20:55:27.880-0300] {processor.py:208} INFO - Processing /home/lucas/airflow/dags/DAGFiltroPacientesAgendamento.py took 0.352 seconds
[2025-03-22T20:55:58.091-0300] {processor.py:186} INFO - Started process (PID=34250) to work on /home/lucas/airflow/dags/DAGFiltroPacientesAgendamento.py
[2025-03-22T20:55:58.095-0300] {processor.py:914} INFO - Processing file /home/lucas/airflow/dags/DAGFiltroPacientesAgendamento.py for tasks to queue
[2025-03-22T20:55:58.097-0300] {logging_mixin.py:190} INFO - [2025-03-22T20:55:58.097-0300] {dagbag.py:588} INFO - Filling up the DagBag from /home/lucas/airflow/dags/DAGFiltroPacientesAgendamento.py
[2025-03-22T20:55:58.439-0300] {processor.py:925} INFO - DAG(s) 'ReadAgend' retrieved from /home/lucas/airflow/dags/DAGFiltroPacientesAgendamento.py
[2025-03-22T20:55:58.462-0300] {logging_mixin.py:190} INFO - [2025-03-22T20:55:58.462-0300] {dag.py:3239} INFO - Sync 1 DAGs
[2025-03-22T20:55:58.478-0300] {logging_mixin.py:190} INFO - [2025-03-22T20:55:58.478-0300] {dag.py:4180} INFO - Setting next_dagrun for ReadAgend to 2020-03-21 13:20:00+00:00, run_after=2020-03-21 13:25:00+00:00
[2025-03-22T20:55:58.497-0300] {processor.py:208} INFO - Processing /home/lucas/airflow/dags/DAGFiltroPacientesAgendamento.py took 0.411 seconds
[2025-03-22T20:56:28.632-0300] {processor.py:186} INFO - Started process (PID=34313) to work on /home/lucas/airflow/dags/DAGFiltroPacientesAgendamento.py
[2025-03-22T20:56:28.643-0300] {processor.py:914} INFO - Processing file /home/lucas/airflow/dags/DAGFiltroPacientesAgendamento.py for tasks to queue
[2025-03-22T20:56:28.647-0300] {logging_mixin.py:190} INFO - [2025-03-22T20:56:28.646-0300] {dagbag.py:588} INFO - Filling up the DagBag from /home/lucas/airflow/dags/DAGFiltroPacientesAgendamento.py
[2025-03-22T20:56:28.979-0300] {processor.py:925} INFO - DAG(s) 'ReadAgend' retrieved from /home/lucas/airflow/dags/DAGFiltroPacientesAgendamento.py
[2025-03-22T20:56:28.993-0300] {logging_mixin.py:190} INFO - [2025-03-22T20:56:28.993-0300] {dag.py:3239} INFO - Sync 1 DAGs
[2025-03-22T20:56:29.008-0300] {logging_mixin.py:190} INFO - [2025-03-22T20:56:29.007-0300] {dag.py:4180} INFO - Setting next_dagrun for ReadAgend to 2020-03-21 13:20:00+00:00, run_after=2020-03-21 13:25:00+00:00
[2025-03-22T20:56:29.034-0300] {processor.py:208} INFO - Processing /home/lucas/airflow/dags/DAGFiltroPacientesAgendamento.py took 0.413 seconds
[2025-03-22T20:56:59.313-0300] {processor.py:186} INFO - Started process (PID=34371) to work on /home/lucas/airflow/dags/DAGFiltroPacientesAgendamento.py
[2025-03-22T20:56:59.352-0300] {processor.py:914} INFO - Processing file /home/lucas/airflow/dags/DAGFiltroPacientesAgendamento.py for tasks to queue
[2025-03-22T20:56:59.355-0300] {logging_mixin.py:190} INFO - [2025-03-22T20:56:59.354-0300] {dagbag.py:588} INFO - Filling up the DagBag from /home/lucas/airflow/dags/DAGFiltroPacientesAgendamento.py
[2025-03-22T20:56:59.665-0300] {processor.py:925} INFO - DAG(s) 'ReadAgend' retrieved from /home/lucas/airflow/dags/DAGFiltroPacientesAgendamento.py
[2025-03-22T20:56:59.679-0300] {logging_mixin.py:190} INFO - [2025-03-22T20:56:59.679-0300] {dag.py:3239} INFO - Sync 1 DAGs
[2025-03-22T20:56:59.694-0300] {logging_mixin.py:190} INFO - [2025-03-22T20:56:59.694-0300] {dag.py:4180} INFO - Setting next_dagrun for ReadAgend to 2020-03-21 13:20:00+00:00, run_after=2020-03-21 13:25:00+00:00
[2025-03-22T20:56:59.721-0300] {processor.py:208} INFO - Processing /home/lucas/airflow/dags/DAGFiltroPacientesAgendamento.py took 0.418 seconds
[2025-03-22T20:57:29.886-0300] {processor.py:186} INFO - Started process (PID=34439) to work on /home/lucas/airflow/dags/DAGFiltroPacientesAgendamento.py
[2025-03-22T20:57:29.898-0300] {processor.py:914} INFO - Processing file /home/lucas/airflow/dags/DAGFiltroPacientesAgendamento.py for tasks to queue
[2025-03-22T20:57:29.902-0300] {logging_mixin.py:190} INFO - [2025-03-22T20:57:29.901-0300] {dagbag.py:588} INFO - Filling up the DagBag from /home/lucas/airflow/dags/DAGFiltroPacientesAgendamento.py
[2025-03-22T20:57:30.187-0300] {processor.py:925} INFO - DAG(s) 'ReadAgend' retrieved from /home/lucas/airflow/dags/DAGFiltroPacientesAgendamento.py
[2025-03-22T20:57:30.202-0300] {logging_mixin.py:190} INFO - [2025-03-22T20:57:30.202-0300] {dag.py:3239} INFO - Sync 1 DAGs
[2025-03-22T20:57:30.217-0300] {logging_mixin.py:190} INFO - [2025-03-22T20:57:30.217-0300] {dag.py:4180} INFO - Setting next_dagrun for ReadAgend to 2020-03-21 13:20:00+00:00, run_after=2020-03-21 13:25:00+00:00
[2025-03-22T20:57:30.242-0300] {processor.py:208} INFO - Processing /home/lucas/airflow/dags/DAGFiltroPacientesAgendamento.py took 0.371 seconds
[2025-03-22T20:58:00.430-0300] {processor.py:186} INFO - Started process (PID=34611) to work on /home/lucas/airflow/dags/DAGFiltroPacientesAgendamento.py
[2025-03-22T20:58:00.441-0300] {processor.py:914} INFO - Processing file /home/lucas/airflow/dags/DAGFiltroPacientesAgendamento.py for tasks to queue
[2025-03-22T20:58:00.445-0300] {logging_mixin.py:190} INFO - [2025-03-22T20:58:00.444-0300] {dagbag.py:588} INFO - Filling up the DagBag from /home/lucas/airflow/dags/DAGFiltroPacientesAgendamento.py
[2025-03-22T20:58:00.735-0300] {processor.py:925} INFO - DAG(s) 'ReadAgend' retrieved from /home/lucas/airflow/dags/DAGFiltroPacientesAgendamento.py
[2025-03-22T20:58:00.749-0300] {logging_mixin.py:190} INFO - [2025-03-22T20:58:00.749-0300] {dag.py:3239} INFO - Sync 1 DAGs
[2025-03-22T20:58:00.764-0300] {logging_mixin.py:190} INFO - [2025-03-22T20:58:00.764-0300] {dag.py:4180} INFO - Setting next_dagrun for ReadAgend to 2020-03-21 13:20:00+00:00, run_after=2020-03-21 13:25:00+00:00
[2025-03-22T20:58:00.789-0300] {processor.py:208} INFO - Processing /home/lucas/airflow/dags/DAGFiltroPacientesAgendamento.py took 0.371 seconds
[2025-03-22T20:58:30.979-0300] {processor.py:186} INFO - Started process (PID=34778) to work on /home/lucas/airflow/dags/DAGFiltroPacientesAgendamento.py
[2025-03-22T20:58:30.991-0300] {processor.py:914} INFO - Processing file /home/lucas/airflow/dags/DAGFiltroPacientesAgendamento.py for tasks to queue
[2025-03-22T20:58:30.994-0300] {logging_mixin.py:190} INFO - [2025-03-22T20:58:30.994-0300] {dagbag.py:588} INFO - Filling up the DagBag from /home/lucas/airflow/dags/DAGFiltroPacientesAgendamento.py
[2025-03-22T20:58:31.306-0300] {processor.py:925} INFO - DAG(s) 'ReadAgend' retrieved from /home/lucas/airflow/dags/DAGFiltroPacientesAgendamento.py
[2025-03-22T20:58:31.324-0300] {logging_mixin.py:190} INFO - [2025-03-22T20:58:31.324-0300] {dag.py:3239} INFO - Sync 1 DAGs
[2025-03-22T20:58:31.341-0300] {logging_mixin.py:190} INFO - [2025-03-22T20:58:31.340-0300] {dag.py:4180} INFO - Setting next_dagrun for ReadAgend to 2020-03-21 13:20:00+00:00, run_after=2020-03-21 13:25:00+00:00
[2025-03-22T20:58:31.360-0300] {processor.py:208} INFO - Processing /home/lucas/airflow/dags/DAGFiltroPacientesAgendamento.py took 0.391 seconds
[2025-03-22T20:59:01.486-0300] {processor.py:186} INFO - Started process (PID=35170) to work on /home/lucas/airflow/dags/DAGFiltroPacientesAgendamento.py
[2025-03-22T20:59:01.497-0300] {processor.py:914} INFO - Processing file /home/lucas/airflow/dags/DAGFiltroPacientesAgendamento.py for tasks to queue
[2025-03-22T20:59:01.498-0300] {logging_mixin.py:190} INFO - [2025-03-22T20:59:01.498-0300] {dagbag.py:588} INFO - Filling up the DagBag from /home/lucas/airflow/dags/DAGFiltroPacientesAgendamento.py
[2025-03-22T20:59:01.790-0300] {processor.py:925} INFO - DAG(s) 'ReadAgend' retrieved from /home/lucas/airflow/dags/DAGFiltroPacientesAgendamento.py
[2025-03-22T20:59:01.804-0300] {logging_mixin.py:190} INFO - [2025-03-22T20:59:01.803-0300] {dag.py:3239} INFO - Sync 1 DAGs
[2025-03-22T20:59:01.817-0300] {logging_mixin.py:190} INFO - [2025-03-22T20:59:01.817-0300] {dag.py:4180} INFO - Setting next_dagrun for ReadAgend to 2020-03-21 13:20:00+00:00, run_after=2020-03-21 13:25:00+00:00
[2025-03-22T20:59:01.843-0300] {processor.py:208} INFO - Processing /home/lucas/airflow/dags/DAGFiltroPacientesAgendamento.py took 0.362 seconds
[2025-03-22T20:59:32.205-0300] {processor.py:186} INFO - Started process (PID=35393) to work on /home/lucas/airflow/dags/DAGFiltroPacientesAgendamento.py
[2025-03-22T20:59:32.216-0300] {processor.py:914} INFO - Processing file /home/lucas/airflow/dags/DAGFiltroPacientesAgendamento.py for tasks to queue
[2025-03-22T20:59:32.219-0300] {logging_mixin.py:190} INFO - [2025-03-22T20:59:32.219-0300] {dagbag.py:588} INFO - Filling up the DagBag from /home/lucas/airflow/dags/DAGFiltroPacientesAgendamento.py
[2025-03-22T20:59:32.495-0300] {processor.py:925} INFO - DAG(s) 'ReadAgend' retrieved from /home/lucas/airflow/dags/DAGFiltroPacientesAgendamento.py
[2025-03-22T20:59:32.509-0300] {logging_mixin.py:190} INFO - [2025-03-22T20:59:32.509-0300] {dag.py:3239} INFO - Sync 1 DAGs
[2025-03-22T20:59:32.525-0300] {logging_mixin.py:190} INFO - [2025-03-22T20:59:32.525-0300] {dag.py:4180} INFO - Setting next_dagrun for ReadAgend to 2020-03-21 13:20:00+00:00, run_after=2020-03-21 13:25:00+00:00
[2025-03-22T20:59:32.541-0300] {processor.py:208} INFO - Processing /home/lucas/airflow/dags/DAGFiltroPacientesAgendamento.py took 0.346 seconds
