[2025-03-22T20:51:27.056-0300] {processor.py:186} INFO - Started process (PID=33476) to work on /home/lucas/airflow/dags/DAGPipeline.py
[2025-03-22T20:51:27.057-0300] {processor.py:914} INFO - Processing file /home/lucas/airflow/dags/DAGPipeline.py for tasks to queue
[2025-03-22T20:51:27.060-0300] {logging_mixin.py:190} INFO - [2025-03-22T20:51:27.059-0300] {dagbag.py:588} INFO - Filling up the DagBag from /home/lucas/airflow/dags/DAGPipeline.py
[2025-03-22T20:51:27.423-0300] {processor.py:925} INFO - DAG(s) 'PipelineARGUS' retrieved from /home/lucas/airflow/dags/DAGPipeline.py
[2025-03-22T20:51:27.448-0300] {logging_mixin.py:190} INFO - [2025-03-22T20:51:27.447-0300] {dag.py:3239} INFO - Sync 1 DAGs
[2025-03-22T20:51:27.461-0300] {logging_mixin.py:190} INFO - [2025-03-22T20:51:27.461-0300] {dag.py:4180} INFO - Setting next_dagrun for PipelineARGUS to 2025-01-29 00:00:00+00:00, run_after=2025-01-29 00:05:00+00:00
[2025-03-22T20:51:27.476-0300] {processor.py:208} INFO - Processing /home/lucas/airflow/dags/DAGPipeline.py took 0.431 seconds
[2025-03-22T20:51:58.481-0300] {processor.py:186} INFO - Started process (PID=33589) to work on /home/lucas/airflow/dags/DAGPipeline.py
[2025-03-22T20:51:58.482-0300] {processor.py:914} INFO - Processing file /home/lucas/airflow/dags/DAGPipeline.py for tasks to queue
[2025-03-22T20:51:58.485-0300] {logging_mixin.py:190} INFO - [2025-03-22T20:51:58.485-0300] {dagbag.py:588} INFO - Filling up the DagBag from /home/lucas/airflow/dags/DAGPipeline.py
[2025-03-22T20:51:58.874-0300] {processor.py:925} INFO - DAG(s) 'PipelineARGUS' retrieved from /home/lucas/airflow/dags/DAGPipeline.py
[2025-03-22T20:51:58.889-0300] {logging_mixin.py:190} INFO - [2025-03-22T20:51:58.889-0300] {dag.py:3239} INFO - Sync 1 DAGs
[2025-03-22T20:51:58.901-0300] {logging_mixin.py:190} INFO - [2025-03-22T20:51:58.901-0300] {dag.py:4180} INFO - Setting next_dagrun for PipelineARGUS to 2025-01-29 00:00:00+00:00, run_after=2025-01-29 00:05:00+00:00
[2025-03-22T20:51:58.920-0300] {processor.py:208} INFO - Processing /home/lucas/airflow/dags/DAGPipeline.py took 0.448 seconds
[2025-03-22T20:52:29.673-0300] {processor.py:186} INFO - Started process (PID=33788) to work on /home/lucas/airflow/dags/DAGPipeline.py
[2025-03-22T20:52:29.684-0300] {processor.py:914} INFO - Processing file /home/lucas/airflow/dags/DAGPipeline.py for tasks to queue
[2025-03-22T20:52:29.688-0300] {logging_mixin.py:190} INFO - [2025-03-22T20:52:29.687-0300] {dagbag.py:588} INFO - Filling up the DagBag from /home/lucas/airflow/dags/DAGPipeline.py
[2025-03-22T20:52:30.066-0300] {processor.py:925} INFO - DAG(s) 'PipelineARGUS' retrieved from /home/lucas/airflow/dags/DAGPipeline.py
[2025-03-22T20:52:30.080-0300] {logging_mixin.py:190} INFO - [2025-03-22T20:52:30.079-0300] {dag.py:3239} INFO - Sync 1 DAGs
[2025-03-22T20:52:30.092-0300] {logging_mixin.py:190} INFO - [2025-03-22T20:52:30.092-0300] {dag.py:4180} INFO - Setting next_dagrun for PipelineARGUS to 2025-01-29 00:00:00+00:00, run_after=2025-01-29 00:05:00+00:00
[2025-03-22T20:52:30.118-0300] {processor.py:208} INFO - Processing /home/lucas/airflow/dags/DAGPipeline.py took 0.455 seconds
[2025-03-22T20:53:00.955-0300] {processor.py:186} INFO - Started process (PID=33847) to work on /home/lucas/airflow/dags/DAGPipeline.py
[2025-03-22T20:53:00.967-0300] {processor.py:914} INFO - Processing file /home/lucas/airflow/dags/DAGPipeline.py for tasks to queue
[2025-03-22T20:53:00.970-0300] {logging_mixin.py:190} INFO - [2025-03-22T20:53:00.969-0300] {dagbag.py:588} INFO - Filling up the DagBag from /home/lucas/airflow/dags/DAGPipeline.py
[2025-03-22T20:53:01.272-0300] {processor.py:925} INFO - DAG(s) 'PipelineARGUS' retrieved from /home/lucas/airflow/dags/DAGPipeline.py
[2025-03-22T20:53:01.288-0300] {logging_mixin.py:190} INFO - [2025-03-22T20:53:01.288-0300] {dag.py:3239} INFO - Sync 1 DAGs
[2025-03-22T20:53:01.303-0300] {logging_mixin.py:190} INFO - [2025-03-22T20:53:01.302-0300] {dag.py:4180} INFO - Setting next_dagrun for PipelineARGUS to 2025-01-29 00:00:00+00:00, run_after=2025-01-29 00:05:00+00:00
[2025-03-22T20:53:01.328-0300] {processor.py:208} INFO - Processing /home/lucas/airflow/dags/DAGPipeline.py took 0.383 seconds
[2025-03-22T20:53:31.734-0300] {processor.py:186} INFO - Started process (PID=33906) to work on /home/lucas/airflow/dags/DAGPipeline.py
[2025-03-22T20:53:31.745-0300] {processor.py:914} INFO - Processing file /home/lucas/airflow/dags/DAGPipeline.py for tasks to queue
[2025-03-22T20:53:31.749-0300] {logging_mixin.py:190} INFO - [2025-03-22T20:53:31.748-0300] {dagbag.py:588} INFO - Filling up the DagBag from /home/lucas/airflow/dags/DAGPipeline.py
[2025-03-22T20:53:32.030-0300] {processor.py:925} INFO - DAG(s) 'PipelineARGUS' retrieved from /home/lucas/airflow/dags/DAGPipeline.py
[2025-03-22T20:53:32.046-0300] {logging_mixin.py:190} INFO - [2025-03-22T20:53:32.046-0300] {dag.py:3239} INFO - Sync 1 DAGs
[2025-03-22T20:53:32.060-0300] {logging_mixin.py:190} INFO - [2025-03-22T20:53:32.060-0300] {dag.py:4180} INFO - Setting next_dagrun for PipelineARGUS to 2025-01-29 00:00:00+00:00, run_after=2025-01-29 00:05:00+00:00
[2025-03-22T20:53:32.085-0300] {processor.py:208} INFO - Processing /home/lucas/airflow/dags/DAGPipeline.py took 0.361 seconds
[2025-03-22T20:54:02.518-0300] {processor.py:186} INFO - Started process (PID=33967) to work on /home/lucas/airflow/dags/DAGPipeline.py
[2025-03-22T20:54:02.529-0300] {processor.py:914} INFO - Processing file /home/lucas/airflow/dags/DAGPipeline.py for tasks to queue
[2025-03-22T20:54:02.532-0300] {logging_mixin.py:190} INFO - [2025-03-22T20:54:02.532-0300] {dagbag.py:588} INFO - Filling up the DagBag from /home/lucas/airflow/dags/DAGPipeline.py
[2025-03-22T20:54:02.807-0300] {processor.py:925} INFO - DAG(s) 'PipelineARGUS' retrieved from /home/lucas/airflow/dags/DAGPipeline.py
[2025-03-22T20:54:02.823-0300] {logging_mixin.py:190} INFO - [2025-03-22T20:54:02.823-0300] {dag.py:3239} INFO - Sync 1 DAGs
[2025-03-22T20:54:02.838-0300] {logging_mixin.py:190} INFO - [2025-03-22T20:54:02.838-0300] {dag.py:4180} INFO - Setting next_dagrun for PipelineARGUS to 2025-01-29 00:00:00+00:00, run_after=2025-01-29 00:05:00+00:00
[2025-03-22T20:54:02.862-0300] {processor.py:208} INFO - Processing /home/lucas/airflow/dags/DAGPipeline.py took 0.355 seconds
[2025-03-22T20:54:33.336-0300] {processor.py:186} INFO - Started process (PID=34023) to work on /home/lucas/airflow/dags/DAGPipeline.py
[2025-03-22T20:54:33.348-0300] {processor.py:914} INFO - Processing file /home/lucas/airflow/dags/DAGPipeline.py for tasks to queue
[2025-03-22T20:54:33.351-0300] {logging_mixin.py:190} INFO - [2025-03-22T20:54:33.350-0300] {dagbag.py:588} INFO - Filling up the DagBag from /home/lucas/airflow/dags/DAGPipeline.py
[2025-03-22T20:54:33.626-0300] {processor.py:925} INFO - DAG(s) 'PipelineARGUS' retrieved from /home/lucas/airflow/dags/DAGPipeline.py
[2025-03-22T20:54:33.643-0300] {logging_mixin.py:190} INFO - [2025-03-22T20:54:33.642-0300] {dag.py:3239} INFO - Sync 1 DAGs
[2025-03-22T20:54:33.656-0300] {logging_mixin.py:190} INFO - [2025-03-22T20:54:33.656-0300] {dag.py:4180} INFO - Setting next_dagrun for PipelineARGUS to 2025-01-29 00:00:00+00:00, run_after=2025-01-29 00:05:00+00:00
[2025-03-22T20:54:33.681-0300] {processor.py:208} INFO - Processing /home/lucas/airflow/dags/DAGPipeline.py took 0.356 seconds
[2025-03-22T20:55:03.905-0300] {processor.py:186} INFO - Started process (PID=34089) to work on /home/lucas/airflow/dags/DAGPipeline.py
[2025-03-22T20:55:03.916-0300] {processor.py:914} INFO - Processing file /home/lucas/airflow/dags/DAGPipeline.py for tasks to queue
[2025-03-22T20:55:03.919-0300] {logging_mixin.py:190} INFO - [2025-03-22T20:55:03.919-0300] {dagbag.py:588} INFO - Filling up the DagBag from /home/lucas/airflow/dags/DAGPipeline.py
[2025-03-22T20:55:04.203-0300] {processor.py:925} INFO - DAG(s) 'PipelineARGUS' retrieved from /home/lucas/airflow/dags/DAGPipeline.py
[2025-03-22T20:55:04.219-0300] {logging_mixin.py:190} INFO - [2025-03-22T20:55:04.219-0300] {dag.py:3239} INFO - Sync 1 DAGs
[2025-03-22T20:55:04.232-0300] {logging_mixin.py:190} INFO - [2025-03-22T20:55:04.232-0300] {dag.py:4180} INFO - Setting next_dagrun for PipelineARGUS to 2025-01-29 00:00:00+00:00, run_after=2025-01-29 00:05:00+00:00
[2025-03-22T20:55:04.258-0300] {processor.py:208} INFO - Processing /home/lucas/airflow/dags/DAGPipeline.py took 0.363 seconds
[2025-03-22T20:55:34.467-0300] {processor.py:186} INFO - Started process (PID=34191) to work on /home/lucas/airflow/dags/DAGPipeline.py
[2025-03-22T20:55:34.478-0300] {processor.py:914} INFO - Processing file /home/lucas/airflow/dags/DAGPipeline.py for tasks to queue
[2025-03-22T20:55:34.482-0300] {logging_mixin.py:190} INFO - [2025-03-22T20:55:34.481-0300] {dagbag.py:588} INFO - Filling up the DagBag from /home/lucas/airflow/dags/DAGPipeline.py
[2025-03-22T20:55:34.762-0300] {processor.py:925} INFO - DAG(s) 'PipelineARGUS' retrieved from /home/lucas/airflow/dags/DAGPipeline.py
[2025-03-22T20:55:34.777-0300] {logging_mixin.py:190} INFO - [2025-03-22T20:55:34.777-0300] {dag.py:3239} INFO - Sync 1 DAGs
[2025-03-22T20:55:34.792-0300] {logging_mixin.py:190} INFO - [2025-03-22T20:55:34.792-0300] {dag.py:4180} INFO - Setting next_dagrun for PipelineARGUS to 2025-01-29 00:00:00+00:00, run_after=2025-01-29 00:05:00+00:00
[2025-03-22T20:55:34.817-0300] {processor.py:208} INFO - Processing /home/lucas/airflow/dags/DAGPipeline.py took 0.362 seconds
[2025-03-22T20:56:05.027-0300] {processor.py:186} INFO - Started process (PID=34282) to work on /home/lucas/airflow/dags/DAGPipeline.py
[2025-03-22T20:56:05.037-0300] {processor.py:914} INFO - Processing file /home/lucas/airflow/dags/DAGPipeline.py for tasks to queue
[2025-03-22T20:56:05.039-0300] {logging_mixin.py:190} INFO - [2025-03-22T20:56:05.039-0300] {dagbag.py:588} INFO - Filling up the DagBag from /home/lucas/airflow/dags/DAGPipeline.py
[2025-03-22T20:56:05.352-0300] {processor.py:925} INFO - DAG(s) 'PipelineARGUS' retrieved from /home/lucas/airflow/dags/DAGPipeline.py
[2025-03-22T20:56:05.369-0300] {logging_mixin.py:190} INFO - [2025-03-22T20:56:05.369-0300] {dag.py:3239} INFO - Sync 1 DAGs
[2025-03-22T20:56:05.384-0300] {logging_mixin.py:190} INFO - [2025-03-22T20:56:05.383-0300] {dag.py:4180} INFO - Setting next_dagrun for PipelineARGUS to 2025-01-29 00:00:00+00:00, run_after=2025-01-29 00:05:00+00:00
[2025-03-22T20:56:05.411-0300] {processor.py:208} INFO - Processing /home/lucas/airflow/dags/DAGPipeline.py took 0.389 seconds
[2025-03-22T20:56:35.568-0300] {processor.py:186} INFO - Started process (PID=34347) to work on /home/lucas/airflow/dags/DAGPipeline.py
[2025-03-22T20:56:35.580-0300] {processor.py:914} INFO - Processing file /home/lucas/airflow/dags/DAGPipeline.py for tasks to queue
[2025-03-22T20:56:35.583-0300] {logging_mixin.py:190} INFO - [2025-03-22T20:56:35.582-0300] {dagbag.py:588} INFO - Filling up the DagBag from /home/lucas/airflow/dags/DAGPipeline.py
[2025-03-22T20:56:35.901-0300] {processor.py:925} INFO - DAG(s) 'PipelineARGUS' retrieved from /home/lucas/airflow/dags/DAGPipeline.py
[2025-03-22T20:56:35.918-0300] {logging_mixin.py:190} INFO - [2025-03-22T20:56:35.918-0300] {dag.py:3239} INFO - Sync 1 DAGs
[2025-03-22T20:56:35.934-0300] {logging_mixin.py:190} INFO - [2025-03-22T20:56:35.934-0300] {dag.py:4180} INFO - Setting next_dagrun for PipelineARGUS to 2025-01-29 00:00:00+00:00, run_after=2025-01-29 00:05:00+00:00
[2025-03-22T20:56:35.960-0300] {processor.py:208} INFO - Processing /home/lucas/airflow/dags/DAGPipeline.py took 0.403 seconds
[2025-03-22T20:57:06.236-0300] {processor.py:186} INFO - Started process (PID=34403) to work on /home/lucas/airflow/dags/DAGPipeline.py
[2025-03-22T20:57:06.238-0300] {processor.py:914} INFO - Processing file /home/lucas/airflow/dags/DAGPipeline.py for tasks to queue
[2025-03-22T20:57:06.241-0300] {logging_mixin.py:190} INFO - [2025-03-22T20:57:06.240-0300] {dagbag.py:588} INFO - Filling up the DagBag from /home/lucas/airflow/dags/DAGPipeline.py
[2025-03-22T20:57:06.515-0300] {processor.py:925} INFO - DAG(s) 'PipelineARGUS' retrieved from /home/lucas/airflow/dags/DAGPipeline.py
[2025-03-22T20:57:06.532-0300] {logging_mixin.py:190} INFO - [2025-03-22T20:57:06.531-0300] {dag.py:3239} INFO - Sync 1 DAGs
[2025-03-22T20:57:06.545-0300] {logging_mixin.py:190} INFO - [2025-03-22T20:57:06.545-0300] {dag.py:4180} INFO - Setting next_dagrun for PipelineARGUS to 2025-01-29 00:00:00+00:00, run_after=2025-01-29 00:05:00+00:00
[2025-03-22T20:57:06.570-0300] {processor.py:208} INFO - Processing /home/lucas/airflow/dags/DAGPipeline.py took 0.344 seconds
[2025-03-22T20:57:38.112-0300] {processor.py:186} INFO - Started process (PID=34472) to work on /home/lucas/airflow/dags/DAGPipeline.py
[2025-03-22T20:57:38.113-0300] {processor.py:914} INFO - Processing file /home/lucas/airflow/dags/DAGPipeline.py for tasks to queue
[2025-03-22T20:57:38.115-0300] {logging_mixin.py:190} INFO - [2025-03-22T20:57:38.115-0300] {dagbag.py:588} INFO - Filling up the DagBag from /home/lucas/airflow/dags/DAGPipeline.py
[2025-03-22T20:57:38.517-0300] {processor.py:925} INFO - DAG(s) 'PipelineARGUS' retrieved from /home/lucas/airflow/dags/DAGPipeline.py
[2025-03-22T20:57:38.535-0300] {logging_mixin.py:190} INFO - [2025-03-22T20:57:38.535-0300] {dag.py:3239} INFO - Sync 1 DAGs
[2025-03-22T20:57:38.549-0300] {logging_mixin.py:190} INFO - [2025-03-22T20:57:38.549-0300] {dag.py:4180} INFO - Setting next_dagrun for PipelineARGUS to 2025-01-29 00:00:00+00:00, run_after=2025-01-29 00:05:00+00:00
[2025-03-22T20:57:38.572-0300] {processor.py:208} INFO - Processing /home/lucas/airflow/dags/DAGPipeline.py took 0.465 seconds
[2025-03-22T20:58:08.681-0300] {processor.py:186} INFO - Started process (PID=34643) to work on /home/lucas/airflow/dags/DAGPipeline.py
[2025-03-22T20:58:08.692-0300] {processor.py:914} INFO - Processing file /home/lucas/airflow/dags/DAGPipeline.py for tasks to queue
[2025-03-22T20:58:08.696-0300] {logging_mixin.py:190} INFO - [2025-03-22T20:58:08.695-0300] {dagbag.py:588} INFO - Filling up the DagBag from /home/lucas/airflow/dags/DAGPipeline.py
[2025-03-22T20:58:09.000-0300] {processor.py:925} INFO - DAG(s) 'PipelineARGUS' retrieved from /home/lucas/airflow/dags/DAGPipeline.py
[2025-03-22T20:58:09.027-0300] {logging_mixin.py:190} INFO - [2025-03-22T20:58:09.026-0300] {dag.py:3239} INFO - Sync 1 DAGs
[2025-03-22T20:58:09.043-0300] {logging_mixin.py:190} INFO - [2025-03-22T20:58:09.043-0300] {dag.py:4180} INFO - Setting next_dagrun for PipelineARGUS to 2025-01-29 00:00:00+00:00, run_after=2025-01-29 00:05:00+00:00
[2025-03-22T20:58:09.071-0300] {processor.py:208} INFO - Processing /home/lucas/airflow/dags/DAGPipeline.py took 0.401 seconds
[2025-03-22T20:58:39.279-0300] {processor.py:186} INFO - Started process (PID=34811) to work on /home/lucas/airflow/dags/DAGPipeline.py
[2025-03-22T20:58:39.280-0300] {processor.py:914} INFO - Processing file /home/lucas/airflow/dags/DAGPipeline.py for tasks to queue
[2025-03-22T20:58:39.283-0300] {logging_mixin.py:190} INFO - [2025-03-22T20:58:39.283-0300] {dagbag.py:588} INFO - Filling up the DagBag from /home/lucas/airflow/dags/DAGPipeline.py
[2025-03-22T20:58:39.560-0300] {processor.py:925} INFO - DAG(s) 'PipelineARGUS' retrieved from /home/lucas/airflow/dags/DAGPipeline.py
[2025-03-22T20:58:39.576-0300] {logging_mixin.py:190} INFO - [2025-03-22T20:58:39.575-0300] {dag.py:3239} INFO - Sync 1 DAGs
[2025-03-22T20:58:39.589-0300] {logging_mixin.py:190} INFO - [2025-03-22T20:58:39.589-0300] {dag.py:4180} INFO - Setting next_dagrun for PipelineARGUS to 2025-01-29 00:00:00+00:00, run_after=2025-01-29 00:05:00+00:00
[2025-03-22T20:58:39.605-0300] {processor.py:208} INFO - Processing /home/lucas/airflow/dags/DAGPipeline.py took 0.338 seconds
[2025-03-22T20:59:10.734-0300] {processor.py:186} INFO - Started process (PID=35315) to work on /home/lucas/airflow/dags/DAGPipeline.py
[2025-03-22T20:59:10.745-0300] {processor.py:914} INFO - Processing file /home/lucas/airflow/dags/DAGPipeline.py for tasks to queue
[2025-03-22T20:59:10.747-0300] {logging_mixin.py:190} INFO - [2025-03-22T20:59:10.746-0300] {dagbag.py:588} INFO - Filling up the DagBag from /home/lucas/airflow/dags/DAGPipeline.py
[2025-03-22T20:59:11.043-0300] {processor.py:925} INFO - DAG(s) 'PipelineARGUS' retrieved from /home/lucas/airflow/dags/DAGPipeline.py
[2025-03-22T20:59:11.059-0300] {logging_mixin.py:190} INFO - [2025-03-22T20:59:11.058-0300] {dag.py:3239} INFO - Sync 1 DAGs
[2025-03-22T20:59:11.074-0300] {logging_mixin.py:190} INFO - [2025-03-22T20:59:11.074-0300] {dag.py:4180} INFO - Setting next_dagrun for PipelineARGUS to 2025-01-29 00:00:00+00:00, run_after=2025-01-29 00:05:00+00:00
[2025-03-22T20:59:11.099-0300] {processor.py:208} INFO - Processing /home/lucas/airflow/dags/DAGPipeline.py took 0.370 seconds
[2025-03-22T20:59:41.227-0300] {processor.py:186} INFO - Started process (PID=35440) to work on /home/lucas/airflow/dags/DAGPipeline.py
[2025-03-22T20:59:41.229-0300] {processor.py:914} INFO - Processing file /home/lucas/airflow/dags/DAGPipeline.py for tasks to queue
[2025-03-22T20:59:41.232-0300] {logging_mixin.py:190} INFO - [2025-03-22T20:59:41.232-0300] {dagbag.py:588} INFO - Filling up the DagBag from /home/lucas/airflow/dags/DAGPipeline.py
[2025-03-22T20:59:41.508-0300] {processor.py:925} INFO - DAG(s) 'PipelineARGUS' retrieved from /home/lucas/airflow/dags/DAGPipeline.py
[2025-03-22T20:59:41.525-0300] {logging_mixin.py:190} INFO - [2025-03-22T20:59:41.525-0300] {dag.py:3239} INFO - Sync 1 DAGs
[2025-03-22T20:59:41.539-0300] {logging_mixin.py:190} INFO - [2025-03-22T20:59:41.539-0300] {dag.py:4180} INFO - Setting next_dagrun for PipelineARGUS to 2025-01-29 00:00:00+00:00, run_after=2025-01-29 00:05:00+00:00
[2025-03-22T20:59:41.564-0300] {processor.py:208} INFO - Processing /home/lucas/airflow/dags/DAGPipeline.py took 0.348 seconds
