[2025-03-22T21:53:08.421-0300] {local_task_job_runner.py:123} INFO - ::group::Pre task execution logs
[2025-03-22T21:53:08.427-0300] {taskinstance.py:2613} INFO - Dependencies all met for dep_context=non-requeueable deps ti=<TaskInstance: ReadPacTrat.starting scheduled__2020-03-19T08:35:00+00:00 [queued]>
[2025-03-22T21:53:08.431-0300] {taskinstance.py:2613} INFO - Dependencies all met for dep_context=requeueable deps ti=<TaskInstance: ReadPacTrat.starting scheduled__2020-03-19T08:35:00+00:00 [queued]>
[2025-03-22T21:53:08.431-0300] {taskinstance.py:2866} INFO - Starting attempt 1 of 2
[2025-03-22T21:53:08.444-0300] {taskinstance.py:2889} INFO - Executing <Task(BashOperator): starting> on 2020-03-19 08:35:00+00:00
[2025-03-22T21:53:08.448-0300] {standard_task_runner.py:72} INFO - Started process 8493 to run task
[2025-03-22T21:53:08.450-0300] {standard_task_runner.py:104} INFO - Running: ['airflow', 'tasks', 'run', 'ReadPacTrat', 'starting', 'scheduled__2020-03-19T08:35:00+00:00', '--job-id', '8700', '--raw', '--subdir', 'DAGS_FOLDER/DAGFiltroPacientesTratamento.py', '--cfg-path', '/tmp/tmp3kq7nhpq']
[2025-03-22T21:53:08.451-0300] {standard_task_runner.py:105} INFO - Job 8700: Subtask starting
[2025-03-22T21:53:08.483-0300] {task_command.py:467} INFO - Running <TaskInstance: ReadPacTrat.starting scheduled__2020-03-19T08:35:00+00:00 [running]> on host lucas-Aspire-A514-54
[2025-03-22T21:53:08.544-0300] {taskinstance.py:3132} INFO - Exporting env vars: AIRFLOW_CTX_DAG_OWNER='lucas' AIRFLOW_CTX_DAG_ID='ReadPacTrat' AIRFLOW_CTX_TASK_ID='starting' AIRFLOW_CTX_EXECUTION_DATE='2020-03-19T08:35:00+00:00' AIRFLOW_CTX_TRY_NUMBER='1' AIRFLOW_CTX_DAG_RUN_ID='scheduled__2020-03-19T08:35:00+00:00'
[2025-03-22T21:53:08.545-0300] {taskinstance.py:731} INFO - ::endgroup::
[2025-03-22T21:53:08.556-0300] {subprocess.py:78} INFO - Tmp dir root location: /tmp
[2025-03-22T21:53:08.556-0300] {subprocess.py:88} INFO - Running command: ['/usr/bin/bash', '-c', 'echo "I am reading the CSV now....."']
[2025-03-22T21:53:08.564-0300] {subprocess.py:99} INFO - Output:
[2025-03-22T21:53:08.565-0300] {subprocess.py:106} INFO - I am reading the CSV now.....
[2025-03-22T21:53:08.565-0300] {subprocess.py:110} INFO - Command exited with return code 0
[2025-03-22T21:53:08.578-0300] {taskinstance.py:340} INFO - ::group::Post task execution logs
[2025-03-22T21:53:08.579-0300] {taskinstance.py:352} INFO - Marking task as SUCCESS. dag_id=ReadPacTrat, task_id=starting, run_id=scheduled__2020-03-19T08:35:00+00:00, execution_date=20200319T083500, start_date=20250323T005308, end_date=20250323T005308
[2025-03-22T21:53:08.622-0300] {local_task_job_runner.py:266} INFO - Task exited with return code 0
[2025-03-22T21:53:08.645-0300] {taskinstance.py:3895} INFO - 1 downstream tasks scheduled from follow-on schedule check
[2025-03-22T21:53:08.651-0300] {local_task_job_runner.py:245} INFO - ::endgroup::
