[2025-01-24T11:49:37.173-0300] {local_task_job_runner.py:123} INFO - ::group::Pre task execution logs
[2025-01-24T11:49:37.177-0300] {taskinstance.py:2613} INFO - Dependencies all met for dep_context=non-requeueable deps ti=<TaskInstance: MergePacTratAgeng.coping scheduled__2020-03-18T17:40:00+00:00 [queued]>
[2025-01-24T11:49:37.181-0300] {taskinstance.py:2613} INFO - Dependencies all met for dep_context=requeueable deps ti=<TaskInstance: MergePacTratAgeng.coping scheduled__2020-03-18T17:40:00+00:00 [queued]>
[2025-01-24T11:49:37.181-0300] {taskinstance.py:2866} INFO - Starting attempt 1 of 2
[2025-01-24T11:49:37.190-0300] {taskinstance.py:2889} INFO - Executing <Task(BashOperator): coping> on 2020-03-18 17:40:00+00:00
[2025-01-24T11:49:37.193-0300] {standard_task_runner.py:72} INFO - Started process 73378 to run task
[2025-01-24T11:49:37.195-0300] {standard_task_runner.py:104} INFO - Running: ['airflow', 'tasks', 'run', 'MergePacTratAgeng', 'coping', 'scheduled__2020-03-18T17:40:00+00:00', '--job-id', '2882', '--raw', '--subdir', 'DAGS_FOLDER/DAGAgendXPac.py', '--cfg-path', '/tmp/tmpvog_b3qm']
[2025-01-24T11:49:37.196-0300] {standard_task_runner.py:105} INFO - Job 2882: Subtask coping
[2025-01-24T11:49:37.215-0300] {task_command.py:467} INFO - Running <TaskInstance: MergePacTratAgeng.coping scheduled__2020-03-18T17:40:00+00:00 [running]> on host lucas-Aspire-A514-54
[2025-01-24T11:49:37.249-0300] {taskinstance.py:3132} INFO - Exporting env vars: AIRFLOW_CTX_DAG_OWNER='lucas' AIRFLOW_CTX_DAG_ID='MergePacTratAgeng' AIRFLOW_CTX_TASK_ID='coping' AIRFLOW_CTX_EXECUTION_DATE='2020-03-18T17:40:00+00:00' AIRFLOW_CTX_TRY_NUMBER='1' AIRFLOW_CTX_DAG_RUN_ID='scheduled__2020-03-18T17:40:00+00:00'
[2025-01-24T11:49:37.250-0300] {taskinstance.py:731} INFO - ::endgroup::
[2025-01-24T11:49:37.258-0300] {subprocess.py:78} INFO - Tmp dir root location: /tmp
[2025-01-24T11:49:37.259-0300] {subprocess.py:88} INFO - Running command: ['/usr/bin/bash', '-c', 'cp -f /home/lucas/airflow/PAC_TRAT_AGEND.csv /home/lucas/airflow/PAC_TRAT_FILTER.csv /home/lucas/airflow/input/']
[2025-01-24T11:49:37.265-0300] {subprocess.py:99} INFO - Output:
[2025-01-24T11:49:37.267-0300] {subprocess.py:110} INFO - Command exited with return code 0
[2025-01-24T11:49:37.278-0300] {taskinstance.py:340} INFO - ::group::Post task execution logs
[2025-01-24T11:49:37.278-0300] {taskinstance.py:352} INFO - Marking task as SUCCESS. dag_id=MergePacTratAgeng, task_id=coping, run_id=scheduled__2020-03-18T17:40:00+00:00, execution_date=20200318T174000, start_date=20250124T144937, end_date=20250124T144937
[2025-01-24T11:49:37.327-0300] {local_task_job_runner.py:266} INFO - Task exited with return code 0
[2025-01-24T11:49:37.348-0300] {taskinstance.py:3895} INFO - 1 downstream tasks scheduled from follow-on schedule check
[2025-01-24T11:49:37.352-0300] {local_task_job_runner.py:245} INFO - ::endgroup::
