[2025-01-24T11:27:24.578-0300] {local_task_job_runner.py:123} INFO - ::group::Pre task execution logs
[2025-01-24T11:27:24.583-0300] {taskinstance.py:2613} INFO - Dependencies all met for dep_context=non-requeueable deps ti=<TaskInstance: MergePacTratAgeng.coping scheduled__2020-03-18T01:05:00+00:00 [queued]>
[2025-01-24T11:27:24.588-0300] {taskinstance.py:2613} INFO - Dependencies all met for dep_context=requeueable deps ti=<TaskInstance: MergePacTratAgeng.coping scheduled__2020-03-18T01:05:00+00:00 [queued]>
[2025-01-24T11:27:24.589-0300] {taskinstance.py:2866} INFO - Starting attempt 2 of 2
[2025-01-24T11:27:24.599-0300] {taskinstance.py:2889} INFO - Executing <Task(BashOperator): coping> on 2020-03-18 01:05:00+00:00
[2025-01-24T11:27:24.605-0300] {standard_task_runner.py:72} INFO - Started process 62324 to run task
[2025-01-24T11:27:24.606-0300] {standard_task_runner.py:104} INFO - Running: ['airflow', 'tasks', 'run', 'MergePacTratAgeng', 'coping', 'scheduled__2020-03-18T01:05:00+00:00', '--job-id', '2272', '--raw', '--subdir', 'DAGS_FOLDER/DAGAgendXPac.py', '--cfg-path', '/tmp/tmp3uj19wt_']
[2025-01-24T11:27:24.607-0300] {standard_task_runner.py:105} INFO - Job 2272: Subtask coping
[2025-01-24T11:27:24.631-0300] {task_command.py:467} INFO - Running <TaskInstance: MergePacTratAgeng.coping scheduled__2020-03-18T01:05:00+00:00 [running]> on host lucas-Aspire-A514-54
[2025-01-24T11:27:24.676-0300] {taskinstance.py:3132} INFO - Exporting env vars: AIRFLOW_CTX_DAG_OWNER='lucas' AIRFLOW_CTX_DAG_ID='MergePacTratAgeng' AIRFLOW_CTX_TASK_ID='coping' AIRFLOW_CTX_EXECUTION_DATE='2020-03-18T01:05:00+00:00' AIRFLOW_CTX_TRY_NUMBER='2' AIRFLOW_CTX_DAG_RUN_ID='scheduled__2020-03-18T01:05:00+00:00'
[2025-01-24T11:27:24.677-0300] {taskinstance.py:731} INFO - ::endgroup::
[2025-01-24T11:27:24.686-0300] {subprocess.py:78} INFO - Tmp dir root location: /tmp
[2025-01-24T11:27:24.687-0300] {subprocess.py:88} INFO - Running command: ['/usr/bin/bash', '-c', 'cp -f /home/lucas/airflow/PAC_TRAT_AGEND.csv /home/lucas/airflow/PAC_TRAT_FILTER.csv /home/lucas/airflow/input/']
[2025-01-24T11:27:24.694-0300] {subprocess.py:99} INFO - Output:
[2025-01-24T11:27:24.696-0300] {subprocess.py:110} INFO - Command exited with return code 0
[2025-01-24T11:27:24.709-0300] {taskinstance.py:340} INFO - ::group::Post task execution logs
[2025-01-24T11:27:24.709-0300] {taskinstance.py:352} INFO - Marking task as SUCCESS. dag_id=MergePacTratAgeng, task_id=coping, run_id=scheduled__2020-03-18T01:05:00+00:00, execution_date=20200318T010500, start_date=20250124T142724, end_date=20250124T142724
[2025-01-24T11:27:24.739-0300] {local_task_job_runner.py:266} INFO - Task exited with return code 0
[2025-01-24T11:27:24.747-0300] {taskinstance.py:3895} INFO - 1 downstream tasks scheduled from follow-on schedule check
[2025-01-24T11:27:24.751-0300] {local_task_job_runner.py:245} INFO - ::endgroup::
