[2025-01-24T08:33:05.269-0300] {local_task_job_runner.py:123} INFO - ::group::Pre task execution logs
[2025-01-24T08:33:05.273-0300] {taskinstance.py:2613} INFO - Dependencies all met for dep_context=non-requeueable deps ti=<TaskInstance: MyCSVDAG.convertCSVtoJson scheduled__2020-03-18T03:35:00+00:00 [queued]>
[2025-01-24T08:33:05.277-0300] {taskinstance.py:2613} INFO - Dependencies all met for dep_context=requeueable deps ti=<TaskInstance: MyCSVDAG.convertCSVtoJson scheduled__2020-03-18T03:35:00+00:00 [queued]>
[2025-01-24T08:33:05.277-0300] {taskinstance.py:2866} INFO - Starting attempt 1 of 2
[2025-01-24T08:33:05.285-0300] {taskinstance.py:2889} INFO - Executing <Task(PythonOperator): convertCSVtoJson> on 2020-03-18 03:35:00+00:00
[2025-01-24T08:33:05.288-0300] {standard_task_runner.py:72} INFO - Started process 6604 to run task
[2025-01-24T08:33:05.290-0300] {standard_task_runner.py:104} INFO - Running: ['airflow', 'tasks', 'run', 'MyCSVDAG', 'convertCSVtoJson', 'scheduled__2020-03-18T03:35:00+00:00', '--job-id', '125', '--raw', '--subdir', 'DAGS_FOLDER/DAGCsvToJson.py', '--cfg-path', '/tmp/tmp2h2sl3u_']
[2025-01-24T08:33:05.290-0300] {standard_task_runner.py:105} INFO - Job 125: Subtask convertCSVtoJson
[2025-01-24T08:33:05.309-0300] {task_command.py:467} INFO - Running <TaskInstance: MyCSVDAG.convertCSVtoJson scheduled__2020-03-18T03:35:00+00:00 [running]> on host lucas-Aspire-A514-54
[2025-01-24T08:33:05.418-0300] {taskinstance.py:3132} INFO - Exporting env vars: AIRFLOW_CTX_DAG_OWNER='paulcrickard' AIRFLOW_CTX_DAG_ID='MyCSVDAG' AIRFLOW_CTX_TASK_ID='convertCSVtoJson' AIRFLOW_CTX_EXECUTION_DATE='2020-03-18T03:35:00+00:00' AIRFLOW_CTX_TRY_NUMBER='1' AIRFLOW_CTX_DAG_RUN_ID='scheduled__2020-03-18T03:35:00+00:00'
[2025-01-24T08:33:05.418-0300] {logging_mixin.py:190} INFO - Task instance is in running state
[2025-01-24T08:33:05.418-0300] {logging_mixin.py:190} INFO -  Previous state of the Task instance: queued
[2025-01-24T08:33:05.418-0300] {logging_mixin.py:190} INFO - Current task name:convertCSVtoJson state:running start_date:2025-01-24 11:33:05.274119+00:00
[2025-01-24T08:33:05.419-0300] {logging_mixin.py:190} INFO - Dag name:MyCSVDAG and current dag run status:running
[2025-01-24T08:33:05.419-0300] {taskinstance.py:731} INFO - ::endgroup::
[2025-01-24T08:33:05.421-0300] {logging_mixin.py:190} INFO - Barbara Coleman PhD
[2025-01-24T08:33:05.422-0300] {python.py:240} INFO - Done. Returned value was: None
[2025-01-24T08:33:05.424-0300] {taskinstance.py:340} INFO - ::group::Post task execution logs
[2025-01-24T08:33:05.424-0300] {taskinstance.py:352} INFO - Marking task as SUCCESS. dag_id=MyCSVDAG, task_id=convertCSVtoJson, run_id=scheduled__2020-03-18T03:35:00+00:00, execution_date=20200318T033500, start_date=20250124T113305, end_date=20250124T113305
[2025-01-24T08:33:05.431-0300] {logging_mixin.py:190} INFO - Task instance in success state
[2025-01-24T08:33:05.431-0300] {logging_mixin.py:190} INFO -  Previous state of the Task instance: running
[2025-01-24T08:33:05.431-0300] {logging_mixin.py:190} INFO - Dag name:MyCSVDAG queued_at:2025-01-24 11:32:57.261055+00:00
[2025-01-24T08:33:05.431-0300] {logging_mixin.py:190} INFO - Task hostname:lucas-Aspire-A514-54 operator:PythonOperator
[2025-01-24T08:33:05.462-0300] {local_task_job_runner.py:266} INFO - Task exited with return code 0
[2025-01-24T08:33:05.472-0300] {taskinstance.py:3895} INFO - 0 downstream tasks scheduled from follow-on schedule check
[2025-01-24T08:33:05.473-0300] {local_task_job_runner.py:245} INFO - ::endgroup::
