[2025-01-24T11:01:07.603-0300] {local_task_job_runner.py:123} INFO - ::group::Pre task execution logs
[2025-01-24T11:01:07.607-0300] {taskinstance.py:2613} INFO - Dependencies all met for dep_context=non-requeueable deps ti=<TaskInstance: ReadAgend.starting scheduled__2020-03-19T14:55:00+00:00 [queued]>
[2025-01-24T11:01:07.610-0300] {taskinstance.py:2613} INFO - Dependencies all met for dep_context=requeueable deps ti=<TaskInstance: ReadAgend.starting scheduled__2020-03-19T14:55:00+00:00 [queued]>
[2025-01-24T11:01:07.611-0300] {taskinstance.py:2866} INFO - Starting attempt 1 of 2
[2025-01-24T11:01:07.620-0300] {taskinstance.py:2889} INFO - Executing <Task(BashOperator): starting> on 2020-03-19 14:55:00+00:00
[2025-01-24T11:01:07.623-0300] {standard_task_runner.py:72} INFO - Started process 52020 to run task
[2025-01-24T11:01:07.624-0300] {standard_task_runner.py:104} INFO - Running: ['airflow', 'tasks', 'run', 'ReadAgend', 'starting', 'scheduled__2020-03-19T14:55:00+00:00', '--job-id', '1794', '--raw', '--subdir', 'DAGS_FOLDER/DAGFiltroPacientesAgendamento.py', '--cfg-path', '/tmp/tmp6d9wkt0f']
[2025-01-24T11:01:07.625-0300] {standard_task_runner.py:105} INFO - Job 1794: Subtask starting
[2025-01-24T11:01:07.645-0300] {task_command.py:467} INFO - Running <TaskInstance: ReadAgend.starting scheduled__2020-03-19T14:55:00+00:00 [running]> on host lucas-Aspire-A514-54
[2025-01-24T11:01:07.679-0300] {taskinstance.py:3132} INFO - Exporting env vars: AIRFLOW_CTX_DAG_OWNER='lucas' AIRFLOW_CTX_DAG_ID='ReadAgend' AIRFLOW_CTX_TASK_ID='starting' AIRFLOW_CTX_EXECUTION_DATE='2020-03-19T14:55:00+00:00' AIRFLOW_CTX_TRY_NUMBER='1' AIRFLOW_CTX_DAG_RUN_ID='scheduled__2020-03-19T14:55:00+00:00'
[2025-01-24T11:01:07.680-0300] {taskinstance.py:731} INFO - ::endgroup::
[2025-01-24T11:01:07.688-0300] {subprocess.py:78} INFO - Tmp dir root location: /tmp
[2025-01-24T11:01:07.688-0300] {subprocess.py:88} INFO - Running command: ['/usr/bin/bash', '-c', 'echo "I am reading the CSV now....."']
[2025-01-24T11:01:07.694-0300] {subprocess.py:99} INFO - Output:
[2025-01-24T11:01:07.694-0300] {subprocess.py:106} INFO - I am reading the CSV now.....
[2025-01-24T11:01:07.695-0300] {subprocess.py:110} INFO - Command exited with return code 0
[2025-01-24T11:01:07.705-0300] {taskinstance.py:340} INFO - ::group::Post task execution logs
[2025-01-24T11:01:07.706-0300] {taskinstance.py:352} INFO - Marking task as SUCCESS. dag_id=ReadAgend, task_id=starting, run_id=scheduled__2020-03-19T14:55:00+00:00, execution_date=20200319T145500, start_date=20250124T140107, end_date=20250124T140107
[2025-01-24T11:01:07.717-0300] {local_task_job_runner.py:266} INFO - Task exited with return code 0
[2025-01-24T11:01:07.725-0300] {taskinstance.py:3895} INFO - 1 downstream tasks scheduled from follow-on schedule check
[2025-01-24T11:01:07.729-0300] {local_task_job_runner.py:245} INFO - ::endgroup::
