[2025-03-22T22:02:32.405-0300] {local_task_job_runner.py:123} INFO - ::group::Pre task execution logs
[2025-03-22T22:02:32.412-0300] {taskinstance.py:2613} INFO - Dependencies all met for dep_context=non-requeueable deps ti=<TaskInstance: MergePacTratAgeng.starting scheduled__2020-03-20T00:05:00+00:00 [queued]>
[2025-03-22T22:02:32.416-0300] {taskinstance.py:2613} INFO - Dependencies all met for dep_context=requeueable deps ti=<TaskInstance: MergePacTratAgeng.starting scheduled__2020-03-20T00:05:00+00:00 [queued]>
[2025-03-22T22:02:32.417-0300] {taskinstance.py:2866} INFO - Starting attempt 1 of 2
[2025-03-22T22:02:32.430-0300] {taskinstance.py:2889} INFO - Executing <Task(BashOperator): starting> on 2020-03-20 00:05:00+00:00
[2025-03-22T22:02:32.434-0300] {standard_task_runner.py:72} INFO - Started process 12543 to run task
[2025-03-22T22:02:32.436-0300] {standard_task_runner.py:104} INFO - Running: ['airflow', 'tasks', 'run', 'MergePacTratAgeng', 'starting', 'scheduled__2020-03-20T00:05:00+00:00', '--job-id', '8882', '--raw', '--subdir', 'DAGS_FOLDER/DAGAgendXPac.py', '--cfg-path', '/tmp/tmp6ik_1of0']
[2025-03-22T22:02:32.437-0300] {standard_task_runner.py:105} INFO - Job 8882: Subtask starting
[2025-03-22T22:02:32.475-0300] {task_command.py:467} INFO - Running <TaskInstance: MergePacTratAgeng.starting scheduled__2020-03-20T00:05:00+00:00 [running]> on host lucas-Aspire-A514-54
[2025-03-22T22:02:32.533-0300] {taskinstance.py:3132} INFO - Exporting env vars: AIRFLOW_CTX_DAG_OWNER='lucas' AIRFLOW_CTX_DAG_ID='MergePacTratAgeng' AIRFLOW_CTX_TASK_ID='starting' AIRFLOW_CTX_EXECUTION_DATE='2020-03-20T00:05:00+00:00' AIRFLOW_CTX_TRY_NUMBER='1' AIRFLOW_CTX_DAG_RUN_ID='scheduled__2020-03-20T00:05:00+00:00'
[2025-03-22T22:02:32.534-0300] {taskinstance.py:731} INFO - ::endgroup::
[2025-03-22T22:02:32.545-0300] {subprocess.py:78} INFO - Tmp dir root location: /tmp
[2025-03-22T22:02:32.545-0300] {subprocess.py:88} INFO - Running command: ['/usr/bin/bash', '-c', 'echo "I am reading the CSV now....."']
[2025-03-22T22:02:32.553-0300] {subprocess.py:99} INFO - Output:
[2025-03-22T22:02:32.554-0300] {subprocess.py:106} INFO - I am reading the CSV now.....
[2025-03-22T22:02:32.554-0300] {subprocess.py:110} INFO - Command exited with return code 0
[2025-03-22T22:02:32.568-0300] {taskinstance.py:340} INFO - ::group::Post task execution logs
[2025-03-22T22:02:32.569-0300] {taskinstance.py:352} INFO - Marking task as SUCCESS. dag_id=MergePacTratAgeng, task_id=starting, run_id=scheduled__2020-03-20T00:05:00+00:00, execution_date=20200320T000500, start_date=20250323T010232, end_date=20250323T010232
[2025-03-22T22:02:32.608-0300] {local_task_job_runner.py:266} INFO - Task exited with return code 0
[2025-03-22T22:02:32.639-0300] {taskinstance.py:3895} INFO - 1 downstream tasks scheduled from follow-on schedule check
[2025-03-22T22:02:32.645-0300] {local_task_job_runner.py:245} INFO - ::endgroup::
