[2025-01-26T00:18:07.520-0300] {local_task_job_runner.py:123} INFO - ::group::Pre task execution logs
[2025-01-26T00:18:07.525-0300] {taskinstance.py:2613} INFO - Dependencies all met for dep_context=non-requeueable deps ti=<TaskInstance: InsertIntoElastic.inject_data_into_es scheduled__2020-11-19T00:00:00+00:00 [queued]>
[2025-01-26T00:18:07.529-0300] {taskinstance.py:2613} INFO - Dependencies all met for dep_context=requeueable deps ti=<TaskInstance: InsertIntoElastic.inject_data_into_es scheduled__2020-11-19T00:00:00+00:00 [queued]>
[2025-01-26T00:18:07.529-0300] {taskinstance.py:2866} INFO - Starting attempt 2 of 2
[2025-01-26T00:18:07.537-0300] {taskinstance.py:2889} INFO - Executing <Task(PythonOperator): inject_data_into_es> on 2020-11-19 00:00:00+00:00
[2025-01-26T00:18:07.541-0300] {standard_task_runner.py:72} INFO - Started process 102406 to run task
[2025-01-26T00:18:07.542-0300] {standard_task_runner.py:104} INFO - Running: ['airflow', 'tasks', 'run', 'InsertIntoElastic', 'inject_data_into_es', 'scheduled__2020-11-19T00:00:00+00:00', '--job-id', '4383', '--raw', '--subdir', 'DAGS_FOLDER/DAGInjectElastic.py', '--cfg-path', '/tmp/tmp7u8bytx7']
[2025-01-26T00:18:07.543-0300] {standard_task_runner.py:105} INFO - Job 4383: Subtask inject_data_into_es
[2025-01-26T00:18:07.564-0300] {task_command.py:467} INFO - Running <TaskInstance: InsertIntoElastic.inject_data_into_es scheduled__2020-11-19T00:00:00+00:00 [running]> on host lucas-Aspire-A514-54
[2025-01-26T00:18:07.612-0300] {taskinstance.py:3132} INFO - Exporting env vars: AIRFLOW_CTX_DAG_OWNER='lucas' AIRFLOW_CTX_DAG_ID='InsertIntoElastic' AIRFLOW_CTX_TASK_ID='inject_data_into_es' AIRFLOW_CTX_EXECUTION_DATE='2020-11-19T00:00:00+00:00' AIRFLOW_CTX_TRY_NUMBER='2' AIRFLOW_CTX_DAG_RUN_ID='scheduled__2020-11-19T00:00:00+00:00'
[2025-01-26T00:18:07.613-0300] {taskinstance.py:731} INFO - ::endgroup::
[2025-01-26T00:18:07.727-0300] {_transport.py:349} INFO - PUT http://localhost:9200/my_index/_doc/my_document_id [status:400 duration:0.005s]
[2025-01-26T00:18:07.727-0300] {taskinstance.py:3311} ERROR - Task failed with exception
Traceback (most recent call last):
  File "/home/lucas/airflow_env/lib/python3.12/site-packages/airflow/models/taskinstance.py", line 767, in _execute_task
    result = _execute_callable(context=context, **execute_callable_kwargs)
             ^^^^^^^^^^^^^^^^^^^^^^^^^^^^^^^^^^^^^^^^^^^^^^^^^^^^^^^^^^^^^
  File "/home/lucas/airflow_env/lib/python3.12/site-packages/airflow/models/taskinstance.py", line 733, in _execute_callable
    return ExecutionCallableRunner(
           ^^^^^^^^^^^^^^^^^^^^^^^^
  File "/home/lucas/airflow_env/lib/python3.12/site-packages/airflow/utils/operator_helpers.py", line 252, in run
    return self.func(*args, **kwargs)
           ^^^^^^^^^^^^^^^^^^^^^^^^^^
  File "/home/lucas/airflow_env/lib/python3.12/site-packages/airflow/models/baseoperator.py", line 422, in wrapper
    return func(self, *args, **kwargs)
           ^^^^^^^^^^^^^^^^^^^^^^^^^^^
  File "/home/lucas/airflow_env/lib/python3.12/site-packages/airflow/operators/python.py", line 238, in execute
    return_value = self.execute_callable()
                   ^^^^^^^^^^^^^^^^^^^^^^^
  File "/home/lucas/airflow_env/lib/python3.12/site-packages/airflow/operators/python.py", line 256, in execute_callable
    return runner.run(*self.op_args, **self.op_kwargs)
           ^^^^^^^^^^^^^^^^^^^^^^^^^^^^^^^^^^^^^^^^^^^
  File "/home/lucas/airflow_env/lib/python3.12/site-packages/airflow/utils/operator_helpers.py", line 252, in run
    return self.func(*args, **kwargs)
           ^^^^^^^^^^^^^^^^^^^^^^^^^^
  File "/home/lucas/airflow/dags/DAGInjectElastic.py", line 19, in inject_data_into_es
    es_client.index(
  File "/home/lucas/airflow_env/lib/python3.12/site-packages/elasticsearch/_sync/client/utils.py", line 455, in wrapped
    return api(*args, **kwargs)
           ^^^^^^^^^^^^^^^^^^^^
  File "/home/lucas/airflow_env/lib/python3.12/site-packages/elasticsearch/_sync/client/__init__.py", line 2572, in index
    return self.perform_request(  # type: ignore[return-value]
           ^^^^^^^^^^^^^^^^^^^^^^^^^^^^^^^^^^^^^^^^^^^^^^^^^^^
  File "/home/lucas/airflow_env/lib/python3.12/site-packages/elasticsearch/_sync/client/_base.py", line 271, in perform_request
    response = self._perform_request(
               ^^^^^^^^^^^^^^^^^^^^^^
  File "/home/lucas/airflow_env/lib/python3.12/site-packages/elasticsearch/_sync/client/_base.py", line 352, in _perform_request
    raise HTTP_EXCEPTIONS.get(meta.status, ApiError)(
elasticsearch.BadRequestError: BadRequestError(400, 'document_parsing_exception', '[1:144] failed to parse: [1:155] Non-standard token \'NaN\': enable `JsonReadFeature.ALLOW_NON_NUMERIC_NUMBERS` to allow\n at [Source: (byte[])"{"nome":"abdon jorge daltro honda","situacao":"ATIVO","area_atend":"assistência saúde avaliação","n_pront":127172.0,"entrada":"2023-07-03","saida":NaN,"cpf":"188.464.107-50","rg":"2297887850","pcd":NaN,"nis":NaN,"cns":"705.2054.6175.9878","dt_nasc":"2013-06-14","idade":11.0,"sexo":"M","mobilidade":"Cadeirante","diagnostico":NaN,"cid10":"G80","descricao_cid10":"Outras formas de paralisia cerebral","cid11":NaN,"descricao_cid11":NaN,"bnf":"N/I","endereco":"rua maria braga lima dias, 88","bairro"[truncated 441 bytes]; line: 1, column: 155]')
[2025-01-26T00:18:07.731-0300] {taskinstance.py:1225} INFO - Marking task as FAILED. dag_id=InsertIntoElastic, task_id=inject_data_into_es, run_id=scheduled__2020-11-19T00:00:00+00:00, execution_date=20201119T000000, start_date=20250126T031807, end_date=20250126T031807
[2025-01-26T00:18:07.740-0300] {taskinstance.py:340} INFO - ::group::Post task execution logs
[2025-01-26T00:18:07.740-0300] {standard_task_runner.py:124} ERROR - Failed to execute job 4383 for task inject_data_into_es (BadRequestError(400, 'document_parsing_exception', '[1:144] failed to parse: [1:155] Non-standard token \'NaN\': enable `JsonReadFeature.ALLOW_NON_NUMERIC_NUMBERS` to allow\n at [Source: (byte[])"{"nome":"abdon jorge daltro honda","situacao":"ATIVO","area_atend":"assistência saúde avaliação","n_pront":127172.0,"entrada":"2023-07-03","saida":NaN,"cpf":"188.464.107-50","rg":"2297887850","pcd":NaN,"nis":NaN,"cns":"705.2054.6175.9878","dt_nasc":"2013-06-14","idade":11.0,"sexo":"M","mobilidade":"Cadeirante","diagnostico":NaN,"cid10":"G80","descricao_cid10":"Outras formas de paralisia cerebral","cid11":NaN,"descricao_cid11":NaN,"bnf":"N/I","endereco":"rua maria braga lima dias, 88","bairro"[truncated 441 bytes]; line: 1, column: 155]'); 102406)
Traceback (most recent call last):
  File "/home/lucas/airflow_env/lib/python3.12/site-packages/airflow/task/task_runner/standard_task_runner.py", line 117, in _start_by_fork
    ret = args.func(args, dag=self.dag)
          ^^^^^^^^^^^^^^^^^^^^^^^^^^^^^
  File "/home/lucas/airflow_env/lib/python3.12/site-packages/airflow/cli/cli_config.py", line 49, in command
    return func(*args, **kwargs)
           ^^^^^^^^^^^^^^^^^^^^^
  File "/home/lucas/airflow_env/lib/python3.12/site-packages/airflow/utils/cli.py", line 116, in wrapper
    return f(*args, **kwargs)
           ^^^^^^^^^^^^^^^^^^
  File "/home/lucas/airflow_env/lib/python3.12/site-packages/airflow/cli/commands/task_command.py", line 483, in task_run
    task_return_code = _run_task_by_selected_method(args, _dag, ti)
                       ^^^^^^^^^^^^^^^^^^^^^^^^^^^^^^^^^^^^^^^^^^^^
  File "/home/lucas/airflow_env/lib/python3.12/site-packages/airflow/cli/commands/task_command.py", line 256, in _run_task_by_selected_method
    return _run_raw_task(args, ti)
           ^^^^^^^^^^^^^^^^^^^^^^^
  File "/home/lucas/airflow_env/lib/python3.12/site-packages/airflow/cli/commands/task_command.py", line 341, in _run_raw_task
    return ti._run_raw_task(
           ^^^^^^^^^^^^^^^^^
  File "/home/lucas/airflow_env/lib/python3.12/site-packages/airflow/utils/session.py", line 97, in wrapper
    return func(*args, session=session, **kwargs)
           ^^^^^^^^^^^^^^^^^^^^^^^^^^^^^^^^^^^^^^
  File "/home/lucas/airflow_env/lib/python3.12/site-packages/airflow/models/taskinstance.py", line 3005, in _run_raw_task
    return _run_raw_task(
           ^^^^^^^^^^^^^^
  File "/home/lucas/airflow_env/lib/python3.12/site-packages/airflow/models/taskinstance.py", line 273, in _run_raw_task
    TaskInstance._execute_task_with_callbacks(
  File "/home/lucas/airflow_env/lib/python3.12/site-packages/airflow/models/taskinstance.py", line 3159, in _execute_task_with_callbacks
    result = self._execute_task(context, task_orig)
             ^^^^^^^^^^^^^^^^^^^^^^^^^^^^^^^^^^^^^^
  File "/home/lucas/airflow_env/lib/python3.12/site-packages/airflow/models/taskinstance.py", line 3183, in _execute_task
    return _execute_task(self, context, task_orig)
           ^^^^^^^^^^^^^^^^^^^^^^^^^^^^^^^^^^^^^^^
  File "/home/lucas/airflow_env/lib/python3.12/site-packages/airflow/models/taskinstance.py", line 767, in _execute_task
    result = _execute_callable(context=context, **execute_callable_kwargs)
             ^^^^^^^^^^^^^^^^^^^^^^^^^^^^^^^^^^^^^^^^^^^^^^^^^^^^^^^^^^^^^
  File "/home/lucas/airflow_env/lib/python3.12/site-packages/airflow/models/taskinstance.py", line 733, in _execute_callable
    return ExecutionCallableRunner(
           ^^^^^^^^^^^^^^^^^^^^^^^^
  File "/home/lucas/airflow_env/lib/python3.12/site-packages/airflow/utils/operator_helpers.py", line 252, in run
    return self.func(*args, **kwargs)
           ^^^^^^^^^^^^^^^^^^^^^^^^^^
  File "/home/lucas/airflow_env/lib/python3.12/site-packages/airflow/models/baseoperator.py", line 422, in wrapper
    return func(self, *args, **kwargs)
           ^^^^^^^^^^^^^^^^^^^^^^^^^^^
  File "/home/lucas/airflow_env/lib/python3.12/site-packages/airflow/operators/python.py", line 238, in execute
    return_value = self.execute_callable()
                   ^^^^^^^^^^^^^^^^^^^^^^^
  File "/home/lucas/airflow_env/lib/python3.12/site-packages/airflow/operators/python.py", line 256, in execute_callable
    return runner.run(*self.op_args, **self.op_kwargs)
           ^^^^^^^^^^^^^^^^^^^^^^^^^^^^^^^^^^^^^^^^^^^
  File "/home/lucas/airflow_env/lib/python3.12/site-packages/airflow/utils/operator_helpers.py", line 252, in run
    return self.func(*args, **kwargs)
           ^^^^^^^^^^^^^^^^^^^^^^^^^^
  File "/home/lucas/airflow/dags/DAGInjectElastic.py", line 19, in inject_data_into_es
    es_client.index(
  File "/home/lucas/airflow_env/lib/python3.12/site-packages/elasticsearch/_sync/client/utils.py", line 455, in wrapped
    return api(*args, **kwargs)
           ^^^^^^^^^^^^^^^^^^^^
  File "/home/lucas/airflow_env/lib/python3.12/site-packages/elasticsearch/_sync/client/__init__.py", line 2572, in index
    return self.perform_request(  # type: ignore[return-value]
           ^^^^^^^^^^^^^^^^^^^^^^^^^^^^^^^^^^^^^^^^^^^^^^^^^^^
  File "/home/lucas/airflow_env/lib/python3.12/site-packages/elasticsearch/_sync/client/_base.py", line 271, in perform_request
    response = self._perform_request(
               ^^^^^^^^^^^^^^^^^^^^^^
  File "/home/lucas/airflow_env/lib/python3.12/site-packages/elasticsearch/_sync/client/_base.py", line 352, in _perform_request
    raise HTTP_EXCEPTIONS.get(meta.status, ApiError)(
elasticsearch.BadRequestError: BadRequestError(400, 'document_parsing_exception', '[1:144] failed to parse: [1:155] Non-standard token \'NaN\': enable `JsonReadFeature.ALLOW_NON_NUMERIC_NUMBERS` to allow\n at [Source: (byte[])"{"nome":"abdon jorge daltro honda","situacao":"ATIVO","area_atend":"assistência saúde avaliação","n_pront":127172.0,"entrada":"2023-07-03","saida":NaN,"cpf":"188.464.107-50","rg":"2297887850","pcd":NaN,"nis":NaN,"cns":"705.2054.6175.9878","dt_nasc":"2013-06-14","idade":11.0,"sexo":"M","mobilidade":"Cadeirante","diagnostico":NaN,"cid10":"G80","descricao_cid10":"Outras formas de paralisia cerebral","cid11":NaN,"descricao_cid11":NaN,"bnf":"N/I","endereco":"rua maria braga lima dias, 88","bairro"[truncated 441 bytes]; line: 1, column: 155]')
[2025-01-26T00:18:07.754-0300] {local_task_job_runner.py:266} INFO - Task exited with return code 1
[2025-01-26T00:18:07.761-0300] {taskinstance.py:3895} INFO - 0 downstream tasks scheduled from follow-on schedule check
[2025-01-26T00:18:07.761-0300] {local_task_job_runner.py:245} INFO - ::endgroup::
