[2025-03-22T21:52:01.871-0300] {local_task_job_runner.py:123} INFO - ::group::Pre task execution logs
[2025-03-22T21:52:01.877-0300] {taskinstance.py:2613} INFO - Dependencies all met for dep_context=non-requeueable deps ti=<TaskInstance: ReadPacTrat.starting scheduled__2020-03-19T07:35:00+00:00 [queued]>
[2025-03-22T21:52:01.881-0300] {taskinstance.py:2613} INFO - Dependencies all met for dep_context=requeueable deps ti=<TaskInstance: ReadPacTrat.starting scheduled__2020-03-19T07:35:00+00:00 [queued]>
[2025-03-22T21:52:01.881-0300] {taskinstance.py:2866} INFO - Starting attempt 1 of 2
[2025-03-22T21:52:01.893-0300] {taskinstance.py:2889} INFO - Executing <Task(BashOperator): starting> on 2020-03-19 07:35:00+00:00
[2025-03-22T21:52:01.897-0300] {standard_task_runner.py:72} INFO - Started process 7994 to run task
[2025-03-22T21:52:01.899-0300] {standard_task_runner.py:104} INFO - Running: ['airflow', 'tasks', 'run', 'ReadPacTrat', 'starting', 'scheduled__2020-03-19T07:35:00+00:00', '--job-id', '8676', '--raw', '--subdir', 'DAGS_FOLDER/DAGFiltroPacientesTratamento.py', '--cfg-path', '/tmp/tmpz77t7oue']
[2025-03-22T21:52:01.900-0300] {standard_task_runner.py:105} INFO - Job 8676: Subtask starting
[2025-03-22T21:52:01.934-0300] {task_command.py:467} INFO - Running <TaskInstance: ReadPacTrat.starting scheduled__2020-03-19T07:35:00+00:00 [running]> on host lucas-Aspire-A514-54
[2025-03-22T21:52:01.998-0300] {taskinstance.py:3132} INFO - Exporting env vars: AIRFLOW_CTX_DAG_OWNER='lucas' AIRFLOW_CTX_DAG_ID='ReadPacTrat' AIRFLOW_CTX_TASK_ID='starting' AIRFLOW_CTX_EXECUTION_DATE='2020-03-19T07:35:00+00:00' AIRFLOW_CTX_TRY_NUMBER='1' AIRFLOW_CTX_DAG_RUN_ID='scheduled__2020-03-19T07:35:00+00:00'
[2025-03-22T21:52:01.999-0300] {taskinstance.py:731} INFO - ::endgroup::
[2025-03-22T21:52:02.014-0300] {subprocess.py:78} INFO - Tmp dir root location: /tmp
[2025-03-22T21:52:02.015-0300] {subprocess.py:88} INFO - Running command: ['/usr/bin/bash', '-c', 'echo "I am reading the CSV now....."']
[2025-03-22T21:52:02.026-0300] {subprocess.py:99} INFO - Output:
[2025-03-22T21:52:02.027-0300] {subprocess.py:106} INFO - I am reading the CSV now.....
[2025-03-22T21:52:02.028-0300] {subprocess.py:110} INFO - Command exited with return code 0
[2025-03-22T21:52:02.052-0300] {taskinstance.py:340} INFO - ::group::Post task execution logs
[2025-03-22T21:52:02.052-0300] {taskinstance.py:352} INFO - Marking task as SUCCESS. dag_id=ReadPacTrat, task_id=starting, run_id=scheduled__2020-03-19T07:35:00+00:00, execution_date=20200319T073500, start_date=20250323T005201, end_date=20250323T005202
[2025-03-22T21:52:02.112-0300] {local_task_job_runner.py:266} INFO - Task exited with return code 0
[2025-03-22T21:52:02.134-0300] {taskinstance.py:3895} INFO - 1 downstream tasks scheduled from follow-on schedule check
[2025-03-22T21:52:02.140-0300] {local_task_job_runner.py:245} INFO - ::endgroup::
