[2025-01-24T11:31:22.894-0300] {local_task_job_runner.py:123} INFO - ::group::Pre task execution logs
[2025-01-24T11:31:22.899-0300] {taskinstance.py:2613} INFO - Dependencies all met for dep_context=non-requeueable deps ti=<TaskInstance: MergePacTratAgeng.coping scheduled__2020-03-18T02:20:00+00:00 [queued]>
[2025-01-24T11:31:22.903-0300] {taskinstance.py:2613} INFO - Dependencies all met for dep_context=requeueable deps ti=<TaskInstance: MergePacTratAgeng.coping scheduled__2020-03-18T02:20:00+00:00 [queued]>
[2025-01-24T11:31:22.904-0300] {taskinstance.py:2866} INFO - Starting attempt 1 of 2
[2025-01-24T11:31:22.914-0300] {taskinstance.py:2889} INFO - Executing <Task(BashOperator): coping> on 2020-03-18 02:20:00+00:00
[2025-01-24T11:31:22.918-0300] {standard_task_runner.py:72} INFO - Started process 63782 to run task
[2025-01-24T11:31:22.921-0300] {standard_task_runner.py:104} INFO - Running: ['airflow', 'tasks', 'run', 'MergePacTratAgeng', 'coping', 'scheduled__2020-03-18T02:20:00+00:00', '--job-id', '2327', '--raw', '--subdir', 'DAGS_FOLDER/DAGAgendXPac.py', '--cfg-path', '/tmp/tmp3m6rtuho']
[2025-01-24T11:31:22.922-0300] {standard_task_runner.py:105} INFO - Job 2327: Subtask coping
[2025-01-24T11:31:22.945-0300] {task_command.py:467} INFO - Running <TaskInstance: MergePacTratAgeng.coping scheduled__2020-03-18T02:20:00+00:00 [running]> on host lucas-Aspire-A514-54
[2025-01-24T11:31:22.986-0300] {taskinstance.py:3132} INFO - Exporting env vars: AIRFLOW_CTX_DAG_OWNER='lucas' AIRFLOW_CTX_DAG_ID='MergePacTratAgeng' AIRFLOW_CTX_TASK_ID='coping' AIRFLOW_CTX_EXECUTION_DATE='2020-03-18T02:20:00+00:00' AIRFLOW_CTX_TRY_NUMBER='1' AIRFLOW_CTX_DAG_RUN_ID='scheduled__2020-03-18T02:20:00+00:00'
[2025-01-24T11:31:22.987-0300] {taskinstance.py:731} INFO - ::endgroup::
[2025-01-24T11:31:22.996-0300] {subprocess.py:78} INFO - Tmp dir root location: /tmp
[2025-01-24T11:31:22.997-0300] {subprocess.py:88} INFO - Running command: ['/usr/bin/bash', '-c', 'cp -f /home/lucas/airflow/PAC_TRAT_AGEND.csv /home/lucas/airflow/PAC_TRAT_FILTER.csv /home/lucas/airflow/input/']
[2025-01-24T11:31:23.006-0300] {subprocess.py:99} INFO - Output:
[2025-01-24T11:31:23.009-0300] {subprocess.py:110} INFO - Command exited with return code 0
[2025-01-24T11:31:23.021-0300] {taskinstance.py:340} INFO - ::group::Post task execution logs
[2025-01-24T11:31:23.022-0300] {taskinstance.py:352} INFO - Marking task as SUCCESS. dag_id=MergePacTratAgeng, task_id=coping, run_id=scheduled__2020-03-18T02:20:00+00:00, execution_date=20200318T022000, start_date=20250124T143122, end_date=20250124T143123
[2025-01-24T11:31:23.053-0300] {local_task_job_runner.py:266} INFO - Task exited with return code 0
[2025-01-24T11:31:23.064-0300] {taskinstance.py:3895} INFO - 1 downstream tasks scheduled from follow-on schedule check
[2025-01-24T11:31:23.068-0300] {local_task_job_runner.py:245} INFO - ::endgroup::
