[2025-01-24T10:04:54.731-0300] {local_task_job_runner.py:123} INFO - ::group::Pre task execution logs
[2025-01-24T10:04:54.735-0300] {taskinstance.py:2613} INFO - Dependencies all met for dep_context=non-requeueable deps ti=<TaskInstance: ReadPacTrat.starting scheduled__2020-03-19T00:05:00+00:00 [queued]>
[2025-01-24T10:04:54.738-0300] {taskinstance.py:2613} INFO - Dependencies all met for dep_context=requeueable deps ti=<TaskInstance: ReadPacTrat.starting scheduled__2020-03-19T00:05:00+00:00 [queued]>
[2025-01-24T10:04:54.738-0300] {taskinstance.py:2866} INFO - Starting attempt 1 of 2
[2025-01-24T10:04:54.747-0300] {taskinstance.py:2889} INFO - Executing <Task(BashOperator): starting> on 2020-03-19 00:05:00+00:00
[2025-01-24T10:04:54.750-0300] {standard_task_runner.py:72} INFO - Started process 29502 to run task
[2025-01-24T10:04:54.752-0300] {standard_task_runner.py:104} INFO - Running: ['airflow', 'tasks', 'run', 'ReadPacTrat', 'starting', 'scheduled__2020-03-19T00:05:00+00:00', '--job-id', '776', '--raw', '--subdir', 'DAGS_FOLDER/DAGFiltroPacientesTratamento.py', '--cfg-path', '/tmp/tmpzikqvlwz']
[2025-01-24T10:04:54.753-0300] {standard_task_runner.py:105} INFO - Job 776: Subtask starting
[2025-01-24T10:04:54.773-0300] {task_command.py:467} INFO - Running <TaskInstance: ReadPacTrat.starting scheduled__2020-03-19T00:05:00+00:00 [running]> on host lucas-Aspire-A514-54
[2025-01-24T10:04:54.878-0300] {taskinstance.py:3132} INFO - Exporting env vars: AIRFLOW_CTX_DAG_OWNER='lucas' AIRFLOW_CTX_DAG_ID='ReadPacTrat' AIRFLOW_CTX_TASK_ID='starting' AIRFLOW_CTX_EXECUTION_DATE='2020-03-19T00:05:00+00:00' AIRFLOW_CTX_TRY_NUMBER='1' AIRFLOW_CTX_DAG_RUN_ID='scheduled__2020-03-19T00:05:00+00:00'
[2025-01-24T10:04:54.878-0300] {logging_mixin.py:190} INFO - Task instance is in running state
[2025-01-24T10:04:54.878-0300] {logging_mixin.py:190} INFO -  Previous state of the Task instance: queued
[2025-01-24T10:04:54.878-0300] {logging_mixin.py:190} INFO - Current task name:starting state:running start_date:2025-01-24 13:04:54.735866+00:00
[2025-01-24T10:04:54.878-0300] {logging_mixin.py:190} INFO - Dag name:ReadPacTrat and current dag run status:running
[2025-01-24T10:04:54.878-0300] {taskinstance.py:731} INFO - ::endgroup::
[2025-01-24T10:04:54.879-0300] {subprocess.py:78} INFO - Tmp dir root location: /tmp
[2025-01-24T10:04:54.879-0300] {subprocess.py:88} INFO - Running command: ['/usr/bin/bash', '-c', 'echo "I am reading the CSV now....."']
[2025-01-24T10:04:54.885-0300] {subprocess.py:99} INFO - Output:
[2025-01-24T10:04:54.886-0300] {subprocess.py:106} INFO - I am reading the CSV now.....
[2025-01-24T10:04:54.886-0300] {subprocess.py:110} INFO - Command exited with return code 0
[2025-01-24T10:04:54.897-0300] {taskinstance.py:340} INFO - ::group::Post task execution logs
[2025-01-24T10:04:54.898-0300] {taskinstance.py:352} INFO - Marking task as SUCCESS. dag_id=ReadPacTrat, task_id=starting, run_id=scheduled__2020-03-19T00:05:00+00:00, execution_date=20200319T000500, start_date=20250124T130454, end_date=20250124T130454
[2025-01-24T10:04:54.905-0300] {logging_mixin.py:190} INFO - Task instance in success state
[2025-01-24T10:04:54.905-0300] {logging_mixin.py:190} INFO -  Previous state of the Task instance: running
[2025-01-24T10:04:54.905-0300] {logging_mixin.py:190} INFO - Dag name:ReadPacTrat queued_at:2025-01-24 13:04:53.157336+00:00
[2025-01-24T10:04:54.905-0300] {logging_mixin.py:190} INFO - Task hostname:lucas-Aspire-A514-54 operator:BashOperator
[2025-01-24T10:04:54.924-0300] {local_task_job_runner.py:266} INFO - Task exited with return code 0
[2025-01-24T10:04:54.936-0300] {taskinstance.py:3895} INFO - 1 downstream tasks scheduled from follow-on schedule check
[2025-01-24T10:04:54.940-0300] {local_task_job_runner.py:245} INFO - ::endgroup::
