[2025-01-24T11:16:20.929-0300] {local_task_job_runner.py:123} INFO - ::group::Pre task execution logs
[2025-01-24T11:16:20.933-0300] {taskinstance.py:2613} INFO - Dependencies all met for dep_context=non-requeueable deps ti=<TaskInstance: ReadAgend.starting scheduled__2020-03-20T06:55:00+00:00 [queued]>
[2025-01-24T11:16:20.937-0300] {taskinstance.py:2613} INFO - Dependencies all met for dep_context=requeueable deps ti=<TaskInstance: ReadAgend.starting scheduled__2020-03-20T06:55:00+00:00 [queued]>
[2025-01-24T11:16:20.937-0300] {taskinstance.py:2866} INFO - Starting attempt 1 of 2
[2025-01-24T11:16:20.946-0300] {taskinstance.py:2889} INFO - Executing <Task(BashOperator): starting> on 2020-03-20 06:55:00+00:00
[2025-01-24T11:16:20.949-0300] {standard_task_runner.py:72} INFO - Started process 59507 to run task
[2025-01-24T11:16:20.951-0300] {standard_task_runner.py:104} INFO - Running: ['airflow', 'tasks', 'run', 'ReadAgend', 'starting', 'scheduled__2020-03-20T06:55:00+00:00', '--job-id', '2204', '--raw', '--subdir', 'DAGS_FOLDER/DAGFiltroPacientesAgendamento.py', '--cfg-path', '/tmp/tmp788i76rm']
[2025-01-24T11:16:20.952-0300] {standard_task_runner.py:105} INFO - Job 2204: Subtask starting
[2025-01-24T11:16:20.971-0300] {task_command.py:467} INFO - Running <TaskInstance: ReadAgend.starting scheduled__2020-03-20T06:55:00+00:00 [running]> on host lucas-Aspire-A514-54
[2025-01-24T11:16:21.010-0300] {taskinstance.py:3132} INFO - Exporting env vars: AIRFLOW_CTX_DAG_OWNER='lucas' AIRFLOW_CTX_DAG_ID='ReadAgend' AIRFLOW_CTX_TASK_ID='starting' AIRFLOW_CTX_EXECUTION_DATE='2020-03-20T06:55:00+00:00' AIRFLOW_CTX_TRY_NUMBER='1' AIRFLOW_CTX_DAG_RUN_ID='scheduled__2020-03-20T06:55:00+00:00'
[2025-01-24T11:16:21.010-0300] {taskinstance.py:731} INFO - ::endgroup::
[2025-01-24T11:16:21.018-0300] {subprocess.py:78} INFO - Tmp dir root location: /tmp
[2025-01-24T11:16:21.019-0300] {subprocess.py:88} INFO - Running command: ['/usr/bin/bash', '-c', 'echo "I am reading the CSV now....."']
[2025-01-24T11:16:21.025-0300] {subprocess.py:99} INFO - Output:
[2025-01-24T11:16:21.026-0300] {subprocess.py:106} INFO - I am reading the CSV now.....
[2025-01-24T11:16:21.026-0300] {subprocess.py:110} INFO - Command exited with return code 0
[2025-01-24T11:16:21.037-0300] {taskinstance.py:340} INFO - ::group::Post task execution logs
[2025-01-24T11:16:21.037-0300] {taskinstance.py:352} INFO - Marking task as SUCCESS. dag_id=ReadAgend, task_id=starting, run_id=scheduled__2020-03-20T06:55:00+00:00, execution_date=20200320T065500, start_date=20250124T141620, end_date=20250124T141621
[2025-01-24T11:16:21.083-0300] {local_task_job_runner.py:266} INFO - Task exited with return code 0
[2025-01-24T11:16:21.101-0300] {taskinstance.py:3895} INFO - 1 downstream tasks scheduled from follow-on schedule check
[2025-01-24T11:16:21.105-0300] {local_task_job_runner.py:245} INFO - ::endgroup::
