[2025-01-24T08:33:39.956-0300] {local_task_job_runner.py:123} INFO - ::group::Pre task execution logs
[2025-01-24T08:33:39.960-0300] {taskinstance.py:2613} INFO - Dependencies all met for dep_context=non-requeueable deps ti=<TaskInstance: MyCSVDAG.starting scheduled__2020-03-18T03:10:00+00:00 [queued]>
[2025-01-24T08:33:39.963-0300] {taskinstance.py:2613} INFO - Dependencies all met for dep_context=requeueable deps ti=<TaskInstance: MyCSVDAG.starting scheduled__2020-03-18T03:10:00+00:00 [queued]>
[2025-01-24T08:33:39.963-0300] {taskinstance.py:2866} INFO - Starting attempt 2 of 3
[2025-01-24T08:33:39.971-0300] {taskinstance.py:2889} INFO - Executing <Task(BashOperator): starting> on 2020-03-18 03:10:00+00:00
[2025-01-24T08:33:39.974-0300] {standard_task_runner.py:72} INFO - Started process 6742 to run task
[2025-01-24T08:33:39.976-0300] {standard_task_runner.py:104} INFO - Running: ['airflow', 'tasks', 'run', 'MyCSVDAG', 'starting', 'scheduled__2020-03-18T03:10:00+00:00', '--job-id', '126', '--raw', '--subdir', 'DAGS_FOLDER/DAGCsvToJson.py', '--cfg-path', '/tmp/tmp1mxxbluq']
[2025-01-24T08:33:39.976-0300] {standard_task_runner.py:105} INFO - Job 126: Subtask starting
[2025-01-24T08:33:39.995-0300] {task_command.py:467} INFO - Running <TaskInstance: MyCSVDAG.starting scheduled__2020-03-18T03:10:00+00:00 [running]> on host lucas-Aspire-A514-54
[2025-01-24T08:33:40.099-0300] {taskinstance.py:3132} INFO - Exporting env vars: AIRFLOW_CTX_DAG_OWNER='paulcrickard' AIRFLOW_CTX_DAG_ID='MyCSVDAG' AIRFLOW_CTX_TASK_ID='starting' AIRFLOW_CTX_EXECUTION_DATE='2020-03-18T03:10:00+00:00' AIRFLOW_CTX_TRY_NUMBER='2' AIRFLOW_CTX_DAG_RUN_ID='scheduled__2020-03-18T03:10:00+00:00'
[2025-01-24T08:33:40.099-0300] {logging_mixin.py:190} INFO - Task instance is in running state
[2025-01-24T08:33:40.100-0300] {logging_mixin.py:190} INFO -  Previous state of the Task instance: queued
[2025-01-24T08:33:40.100-0300] {logging_mixin.py:190} INFO - Current task name:starting state:running start_date:2025-01-24 11:33:39.960765+00:00
[2025-01-24T08:33:40.100-0300] {logging_mixin.py:190} INFO - Dag name:MyCSVDAG and current dag run status:running
[2025-01-24T08:33:40.100-0300] {taskinstance.py:731} INFO - ::endgroup::
[2025-01-24T08:33:40.100-0300] {subprocess.py:78} INFO - Tmp dir root location: /tmp
[2025-01-24T08:33:40.100-0300] {subprocess.py:88} INFO - Running command: ['/usr/bin/bash', '-c', 'echo "I am reading the CSV now....."']
[2025-01-24T08:33:40.105-0300] {subprocess.py:99} INFO - Output:
[2025-01-24T08:33:40.106-0300] {subprocess.py:106} INFO - I am reading the CSV now.....
[2025-01-24T08:33:40.106-0300] {subprocess.py:110} INFO - Command exited with return code 0
[2025-01-24T08:33:40.116-0300] {taskinstance.py:340} INFO - ::group::Post task execution logs
[2025-01-24T08:33:40.117-0300] {taskinstance.py:352} INFO - Marking task as SUCCESS. dag_id=MyCSVDAG, task_id=starting, run_id=scheduled__2020-03-18T03:10:00+00:00, execution_date=20200318T031000, start_date=20250124T113339, end_date=20250124T113340
[2025-01-24T08:33:40.123-0300] {logging_mixin.py:190} INFO - Task instance in success state
[2025-01-24T08:33:40.123-0300] {logging_mixin.py:190} INFO -  Previous state of the Task instance: running
[2025-01-24T08:33:40.123-0300] {logging_mixin.py:190} INFO - Dag name:MyCSVDAG queued_at:2025-01-24 11:33:23.061190+00:00
[2025-01-24T08:33:40.124-0300] {logging_mixin.py:190} INFO - Task hostname:lucas-Aspire-A514-54 operator:BashOperator
[2025-01-24T08:33:40.148-0300] {local_task_job_runner.py:266} INFO - Task exited with return code 0
[2025-01-24T08:33:40.166-0300] {taskinstance.py:3895} INFO - 1 downstream tasks scheduled from follow-on schedule check
[2025-01-24T08:33:40.169-0300] {local_task_job_runner.py:245} INFO - ::endgroup::
