[2025-01-24T08:32:45.997-0300] {local_task_job_runner.py:123} INFO - ::group::Pre task execution logs
[2025-01-24T08:32:46.001-0300] {taskinstance.py:2613} INFO - Dependencies all met for dep_context=non-requeueable deps ti=<TaskInstance: MyCSVDAG.convertCSVtoJson scheduled__2020-03-18T03:15:00+00:00 [queued]>
[2025-01-24T08:32:46.004-0300] {taskinstance.py:2613} INFO - Dependencies all met for dep_context=requeueable deps ti=<TaskInstance: MyCSVDAG.convertCSVtoJson scheduled__2020-03-18T03:15:00+00:00 [queued]>
[2025-01-24T08:32:46.005-0300] {taskinstance.py:2866} INFO - Starting attempt 1 of 2
[2025-01-24T08:32:46.013-0300] {taskinstance.py:2889} INFO - Executing <Task(PythonOperator): convertCSVtoJson> on 2020-03-18 03:15:00+00:00
[2025-01-24T08:32:46.016-0300] {standard_task_runner.py:72} INFO - Started process 6434 to run task
[2025-01-24T08:32:46.017-0300] {standard_task_runner.py:104} INFO - Running: ['airflow', 'tasks', 'run', 'MyCSVDAG', 'convertCSVtoJson', 'scheduled__2020-03-18T03:15:00+00:00', '--job-id', '117', '--raw', '--subdir', 'DAGS_FOLDER/DAGCsvToJson.py', '--cfg-path', '/tmp/tmpdnipihl3']
[2025-01-24T08:32:46.018-0300] {standard_task_runner.py:105} INFO - Job 117: Subtask convertCSVtoJson
[2025-01-24T08:32:46.037-0300] {task_command.py:467} INFO - Running <TaskInstance: MyCSVDAG.convertCSVtoJson scheduled__2020-03-18T03:15:00+00:00 [running]> on host lucas-Aspire-A514-54
[2025-01-24T08:32:46.140-0300] {taskinstance.py:3132} INFO - Exporting env vars: AIRFLOW_CTX_DAG_OWNER='paulcrickard' AIRFLOW_CTX_DAG_ID='MyCSVDAG' AIRFLOW_CTX_TASK_ID='convertCSVtoJson' AIRFLOW_CTX_EXECUTION_DATE='2020-03-18T03:15:00+00:00' AIRFLOW_CTX_TRY_NUMBER='1' AIRFLOW_CTX_DAG_RUN_ID='scheduled__2020-03-18T03:15:00+00:00'
[2025-01-24T08:32:46.140-0300] {logging_mixin.py:190} INFO - Task instance is in running state
[2025-01-24T08:32:46.140-0300] {logging_mixin.py:190} INFO -  Previous state of the Task instance: queued
[2025-01-24T08:32:46.140-0300] {logging_mixin.py:190} INFO - Current task name:convertCSVtoJson state:running start_date:2025-01-24 11:32:46.002066+00:00
[2025-01-24T08:32:46.140-0300] {logging_mixin.py:190} INFO - Dag name:MyCSVDAG and current dag run status:running
[2025-01-24T08:32:46.140-0300] {taskinstance.py:731} INFO - ::endgroup::
[2025-01-24T08:32:46.143-0300] {logging_mixin.py:190} INFO - Barbara Coleman PhD
[2025-01-24T08:32:46.144-0300] {python.py:240} INFO - Done. Returned value was: None
[2025-01-24T08:32:46.146-0300] {taskinstance.py:340} INFO - ::group::Post task execution logs
[2025-01-24T08:32:46.146-0300] {taskinstance.py:352} INFO - Marking task as SUCCESS. dag_id=MyCSVDAG, task_id=convertCSVtoJson, run_id=scheduled__2020-03-18T03:15:00+00:00, execution_date=20200318T031500, start_date=20250124T113246, end_date=20250124T113246
[2025-01-24T08:32:46.152-0300] {logging_mixin.py:190} INFO - Task instance in success state
[2025-01-24T08:32:46.152-0300] {logging_mixin.py:190} INFO -  Previous state of the Task instance: running
[2025-01-24T08:32:46.152-0300] {logging_mixin.py:190} INFO - Dag name:MyCSVDAG queued_at:2025-01-14 01:31:46.395768+00:00
[2025-01-24T08:32:46.152-0300] {logging_mixin.py:190} INFO - Task hostname:lucas-Aspire-A514-54 operator:PythonOperator
[2025-01-24T08:32:46.190-0300] {local_task_job_runner.py:266} INFO - Task exited with return code 0
[2025-01-24T08:32:46.206-0300] {taskinstance.py:3895} INFO - 0 downstream tasks scheduled from follow-on schedule check
[2025-01-24T08:32:46.207-0300] {local_task_job_runner.py:245} INFO - ::endgroup::
