[2025-01-24T10:43:46.995-0300] {local_task_job_runner.py:123} INFO - ::group::Pre task execution logs
[2025-01-24T10:43:46.999-0300] {taskinstance.py:2613} INFO - Dependencies all met for dep_context=non-requeueable deps ti=<TaskInstance: ReadAgend.starting scheduled__2020-03-18T19:45:00+00:00 [queued]>
[2025-01-24T10:43:47.002-0300] {taskinstance.py:2613} INFO - Dependencies all met for dep_context=requeueable deps ti=<TaskInstance: ReadAgend.starting scheduled__2020-03-18T19:45:00+00:00 [queued]>
[2025-01-24T10:43:47.002-0300] {taskinstance.py:2866} INFO - Starting attempt 1 of 2
[2025-01-24T10:43:47.011-0300] {taskinstance.py:2889} INFO - Executing <Task(BashOperator): starting> on 2020-03-18 19:45:00+00:00
[2025-01-24T10:43:47.015-0300] {standard_task_runner.py:72} INFO - Started process 42083 to run task
[2025-01-24T10:43:47.017-0300] {standard_task_runner.py:104} INFO - Running: ['airflow', 'tasks', 'run', 'ReadAgend', 'starting', 'scheduled__2020-03-18T19:45:00+00:00', '--job-id', '1334', '--raw', '--subdir', 'DAGS_FOLDER/DAGFiltroPacientesAgendamento.py', '--cfg-path', '/tmp/tmpfq3t7d8f']
[2025-01-24T10:43:47.017-0300] {standard_task_runner.py:105} INFO - Job 1334: Subtask starting
[2025-01-24T10:43:47.037-0300] {task_command.py:467} INFO - Running <TaskInstance: ReadAgend.starting scheduled__2020-03-18T19:45:00+00:00 [running]> on host lucas-Aspire-A514-54
[2025-01-24T10:43:47.080-0300] {taskinstance.py:3132} INFO - Exporting env vars: AIRFLOW_CTX_DAG_OWNER='lucas' AIRFLOW_CTX_DAG_ID='ReadAgend' AIRFLOW_CTX_TASK_ID='starting' AIRFLOW_CTX_EXECUTION_DATE='2020-03-18T19:45:00+00:00' AIRFLOW_CTX_TRY_NUMBER='1' AIRFLOW_CTX_DAG_RUN_ID='scheduled__2020-03-18T19:45:00+00:00'
[2025-01-24T10:43:47.081-0300] {taskinstance.py:731} INFO - ::endgroup::
[2025-01-24T10:43:47.089-0300] {subprocess.py:78} INFO - Tmp dir root location: /tmp
[2025-01-24T10:43:47.090-0300] {subprocess.py:88} INFO - Running command: ['/usr/bin/bash', '-c', 'echo "I am reading the CSV now....."']
[2025-01-24T10:43:47.096-0300] {subprocess.py:99} INFO - Output:
[2025-01-24T10:43:47.097-0300] {subprocess.py:106} INFO - I am reading the CSV now.....
[2025-01-24T10:43:47.097-0300] {subprocess.py:110} INFO - Command exited with return code 0
[2025-01-24T10:43:47.107-0300] {taskinstance.py:340} INFO - ::group::Post task execution logs
[2025-01-24T10:43:47.108-0300] {taskinstance.py:352} INFO - Marking task as SUCCESS. dag_id=ReadAgend, task_id=starting, run_id=scheduled__2020-03-18T19:45:00+00:00, execution_date=20200318T194500, start_date=20250124T134346, end_date=20250124T134347
[2025-01-24T10:43:47.149-0300] {local_task_job_runner.py:266} INFO - Task exited with return code 0
[2025-01-24T10:43:47.169-0300] {taskinstance.py:3895} INFO - 1 downstream tasks scheduled from follow-on schedule check
[2025-01-24T10:43:47.172-0300] {local_task_job_runner.py:245} INFO - ::endgroup::
