[2025-01-27T21:46:49.720-0300] {local_task_job_runner.py:123} INFO - ::group::Pre task execution logs
[2025-01-27T21:46:49.726-0300] {taskinstance.py:2613} INFO - Dependencies all met for dep_context=non-requeueable deps ti=<TaskInstance: InsertPACTRATxAGENDIntoElastic.inject_pactrat_agend_into_es scheduled__2021-04-07T00:00:00+00:00 [queued]>
[2025-01-27T21:46:49.737-0300] {taskinstance.py:2613} INFO - Dependencies all met for dep_context=requeueable deps ti=<TaskInstance: InsertPACTRATxAGENDIntoElastic.inject_pactrat_agend_into_es scheduled__2021-04-07T00:00:00+00:00 [queued]>
[2025-01-27T21:46:49.737-0300] {taskinstance.py:2866} INFO - Starting attempt 2 of 2
[2025-01-27T21:46:49.752-0300] {taskinstance.py:2889} INFO - Executing <Task(PythonOperator): inject_pactrat_agend_into_es> on 2021-04-07 00:00:00+00:00
[2025-01-27T21:46:49.756-0300] {standard_task_runner.py:72} INFO - Started process 57236 to run task
[2025-01-27T21:46:49.758-0300] {standard_task_runner.py:104} INFO - Running: ['airflow', 'tasks', 'run', 'InsertPACTRATxAGENDIntoElastic', 'inject_pactrat_agend_into_es', 'scheduled__2021-04-07T00:00:00+00:00', '--job-id', '7406', '--raw', '--subdir', 'DAGS_FOLDER/DAGInjectPACTRATXAGENDElastic.py', '--cfg-path', '/tmp/tmp2xwaw6wn']
[2025-01-27T21:46:49.759-0300] {standard_task_runner.py:105} INFO - Job 7406: Subtask inject_pactrat_agend_into_es
[2025-01-27T21:46:49.792-0300] {task_command.py:467} INFO - Running <TaskInstance: InsertPACTRATxAGENDIntoElastic.inject_pactrat_agend_into_es scheduled__2021-04-07T00:00:00+00:00 [running]> on host lucas-Aspire-A514-54
[2025-01-27T21:46:50.033-0300] {taskinstance.py:3132} INFO - Exporting env vars: AIRFLOW_CTX_DAG_OWNER='lucas' AIRFLOW_CTX_DAG_ID='InsertPACTRATxAGENDIntoElastic' AIRFLOW_CTX_TASK_ID='inject_pactrat_agend_into_es' AIRFLOW_CTX_EXECUTION_DATE='2021-04-07T00:00:00+00:00' AIRFLOW_CTX_TRY_NUMBER='2' AIRFLOW_CTX_DAG_RUN_ID='scheduled__2021-04-07T00:00:00+00:00'
[2025-01-27T21:46:50.033-0300] {taskinstance.py:731} INFO - ::endgroup::
[2025-01-27T21:46:50.624-0300] {logging_mixin.py:190} WARNING - /home/lucas/airflow/dags/DAGInjectPACTRATXAGENDElastic.py:136 DtypeWarning: Columns (2) have mixed types. Specify dtype option on import or set low_memory=False.
[2025-01-27T21:46:51.231-0300] {_transport.py:349} INFO - DELETE http://localhost:9200/pacientes_agendamento [status:200 duration:0.294s]
[2025-01-27T21:46:51.541-0300] {_transport.py:349} INFO - PUT http://localhost:9200/pacientes_agendamento [status:200 duration:0.310s]
[2025-01-27T21:46:51.541-0300] {logging_mixin.py:190} INFO - {'acknowledged': True, 'shards_acknowledged': True, 'index': 'pacientes_agendamento'}
[2025-01-27T21:46:55.372-0300] {logging_mixin.py:190} INFO - {'acknowledged': True, 'shards_acknowledged': True, 'index': 'pacientes_agendamento'}
[2025-01-27T21:46:55.397-0300] {python.py:240} INFO - Done. Returned value was: True
[2025-01-27T21:46:55.412-0300] {taskinstance.py:340} INFO - ::group::Post task execution logs
[2025-01-27T21:46:55.413-0300] {taskinstance.py:352} INFO - Marking task as SUCCESS. dag_id=InsertPACTRATxAGENDIntoElastic, task_id=inject_pactrat_agend_into_es, run_id=scheduled__2021-04-07T00:00:00+00:00, execution_date=20210407T000000, start_date=20250128T004649, end_date=20250128T004655
[2025-01-27T21:46:55.456-0300] {local_task_job_runner.py:266} INFO - Task exited with return code 0
[2025-01-27T21:46:55.464-0300] {taskinstance.py:3895} INFO - 0 downstream tasks scheduled from follow-on schedule check
[2025-01-27T21:46:55.465-0300] {local_task_job_runner.py:245} INFO - ::endgroup::
