[2025-03-22T21:19:30.089-0300] {local_task_job_runner.py:123} INFO - ::group::Pre task execution logs
[2025-03-22T21:19:30.095-0300] {taskinstance.py:2613} INFO - Dependencies all met for dep_context=non-requeueable deps ti=<TaskInstance: ReadPacTrat.starting scheduled__2020-03-19T06:20:00+00:00 [queued]>
[2025-03-22T21:19:30.100-0300] {taskinstance.py:2613} INFO - Dependencies all met for dep_context=requeueable deps ti=<TaskInstance: ReadPacTrat.starting scheduled__2020-03-19T06:20:00+00:00 [queued]>
[2025-03-22T21:19:30.100-0300] {taskinstance.py:2866} INFO - Starting attempt 1 of 2
[2025-03-22T21:19:30.112-0300] {taskinstance.py:2889} INFO - Executing <Task(BashOperator): starting> on 2020-03-19 06:20:00+00:00
[2025-03-22T21:19:30.118-0300] {standard_task_runner.py:72} INFO - Started process 39898 to run task
[2025-03-22T21:19:30.120-0300] {standard_task_runner.py:104} INFO - Running: ['airflow', 'tasks', 'run', 'ReadPacTrat', 'starting', 'scheduled__2020-03-19T06:20:00+00:00', '--job-id', '8632', '--raw', '--subdir', 'DAGS_FOLDER/DAGFiltroPacientesTratamento.py', '--cfg-path', '/tmp/tmpeyk7ug49']
[2025-03-22T21:19:30.121-0300] {standard_task_runner.py:105} INFO - Job 8632: Subtask starting
[2025-03-22T21:19:30.160-0300] {task_command.py:467} INFO - Running <TaskInstance: ReadPacTrat.starting scheduled__2020-03-19T06:20:00+00:00 [running]> on host lucas-Aspire-A514-54
[2025-03-22T21:19:30.222-0300] {taskinstance.py:3132} INFO - Exporting env vars: AIRFLOW_CTX_DAG_OWNER='lucas' AIRFLOW_CTX_DAG_ID='ReadPacTrat' AIRFLOW_CTX_TASK_ID='starting' AIRFLOW_CTX_EXECUTION_DATE='2020-03-19T06:20:00+00:00' AIRFLOW_CTX_TRY_NUMBER='1' AIRFLOW_CTX_DAG_RUN_ID='scheduled__2020-03-19T06:20:00+00:00'
[2025-03-22T21:19:30.223-0300] {taskinstance.py:731} INFO - ::endgroup::
[2025-03-22T21:19:30.233-0300] {subprocess.py:78} INFO - Tmp dir root location: /tmp
[2025-03-22T21:19:30.234-0300] {subprocess.py:88} INFO - Running command: ['/usr/bin/bash', '-c', 'echo "I am reading the CSV now....."']
[2025-03-22T21:19:30.241-0300] {subprocess.py:99} INFO - Output:
[2025-03-22T21:19:30.242-0300] {subprocess.py:106} INFO - I am reading the CSV now.....
[2025-03-22T21:19:30.242-0300] {subprocess.py:110} INFO - Command exited with return code 0
[2025-03-22T21:19:30.256-0300] {taskinstance.py:340} INFO - ::group::Post task execution logs
[2025-03-22T21:19:30.256-0300] {taskinstance.py:352} INFO - Marking task as SUCCESS. dag_id=ReadPacTrat, task_id=starting, run_id=scheduled__2020-03-19T06:20:00+00:00, execution_date=20200319T062000, start_date=20250323T001930, end_date=20250323T001930
[2025-03-22T21:19:30.293-0300] {local_task_job_runner.py:266} INFO - Task exited with return code 0
[2025-03-22T21:19:30.317-0300] {taskinstance.py:3895} INFO - 1 downstream tasks scheduled from follow-on schedule check
[2025-03-22T21:19:30.323-0300] {local_task_job_runner.py:245} INFO - ::endgroup::
