[2025-01-24T09:53:18.877-0300] {local_task_job_runner.py:123} INFO - ::group::Pre task execution logs
[2025-01-24T09:53:18.881-0300] {taskinstance.py:2613} INFO - Dependencies all met for dep_context=non-requeueable deps ti=<TaskInstance: ReadPacTrat.readPacTrat scheduled__2020-03-18T12:10:00+00:00 [queued]>
[2025-01-24T09:53:18.884-0300] {taskinstance.py:2613} INFO - Dependencies all met for dep_context=requeueable deps ti=<TaskInstance: ReadPacTrat.readPacTrat scheduled__2020-03-18T12:10:00+00:00 [queued]>
[2025-01-24T09:53:18.885-0300] {taskinstance.py:2866} INFO - Starting attempt 1 of 2
[2025-01-24T09:53:18.894-0300] {taskinstance.py:2889} INFO - Executing <Task(PythonOperator): readPacTrat> on 2020-03-18 12:10:00+00:00
[2025-01-24T09:53:18.897-0300] {standard_task_runner.py:72} INFO - Started process 25048 to run task
[2025-01-24T09:53:18.899-0300] {standard_task_runner.py:104} INFO - Running: ['airflow', 'tasks', 'run', 'ReadPacTrat', 'readPacTrat', 'scheduled__2020-03-18T12:10:00+00:00', '--job-id', '493', '--raw', '--subdir', 'DAGS_FOLDER/DAGFiltroPacientesTratamento.py', '--cfg-path', '/tmp/tmpl0o9h0nl']
[2025-01-24T09:53:18.899-0300] {standard_task_runner.py:105} INFO - Job 493: Subtask readPacTrat
[2025-01-24T09:53:18.919-0300] {task_command.py:467} INFO - Running <TaskInstance: ReadPacTrat.readPacTrat scheduled__2020-03-18T12:10:00+00:00 [running]> on host lucas-Aspire-A514-54
[2025-01-24T09:53:19.032-0300] {taskinstance.py:3132} INFO - Exporting env vars: AIRFLOW_CTX_DAG_OWNER='lucas' AIRFLOW_CTX_DAG_ID='ReadPacTrat' AIRFLOW_CTX_TASK_ID='readPacTrat' AIRFLOW_CTX_EXECUTION_DATE='2020-03-18T12:10:00+00:00' AIRFLOW_CTX_TRY_NUMBER='1' AIRFLOW_CTX_DAG_RUN_ID='scheduled__2020-03-18T12:10:00+00:00'
[2025-01-24T09:53:19.033-0300] {logging_mixin.py:190} INFO - Task instance is in running state
[2025-01-24T09:53:19.033-0300] {logging_mixin.py:190} INFO -  Previous state of the Task instance: queued
[2025-01-24T09:53:19.033-0300] {logging_mixin.py:190} INFO - Current task name:readPacTrat state:running start_date:2025-01-24 12:53:18.881966+00:00
[2025-01-24T09:53:19.033-0300] {logging_mixin.py:190} INFO - Dag name:ReadPacTrat and current dag run status:running
[2025-01-24T09:53:19.033-0300] {taskinstance.py:731} INFO - ::endgroup::
[2025-01-24T09:53:19.097-0300] {logging_mixin.py:190} WARNING - /home/lucas/airflow/dags/DAGFiltroPacientesTratamento.py:9 DtypeWarning: Columns (8,34) have mixed types. Specify dtype option on import or set low_memory=False.
[2025-01-24T09:53:19.277-0300] {python.py:240} INFO - Done. Returned value was: None
[2025-01-24T09:53:19.281-0300] {taskinstance.py:340} INFO - ::group::Post task execution logs
[2025-01-24T09:53:19.281-0300] {taskinstance.py:352} INFO - Marking task as SUCCESS. dag_id=ReadPacTrat, task_id=readPacTrat, run_id=scheduled__2020-03-18T12:10:00+00:00, execution_date=20200318T121000, start_date=20250124T125318, end_date=20250124T125319
[2025-01-24T09:53:19.288-0300] {logging_mixin.py:190} INFO - Task instance in success state
[2025-01-24T09:53:19.289-0300] {logging_mixin.py:190} INFO -  Previous state of the Task instance: running
[2025-01-24T09:53:19.289-0300] {logging_mixin.py:190} INFO - Dag name:ReadPacTrat queued_at:2025-01-24 12:53:11.952319+00:00
[2025-01-24T09:53:19.289-0300] {logging_mixin.py:190} INFO - Task hostname:lucas-Aspire-A514-54 operator:PythonOperator
[2025-01-24T09:53:19.312-0300] {local_task_job_runner.py:266} INFO - Task exited with return code 0
[2025-01-24T09:53:19.320-0300] {taskinstance.py:3895} INFO - 0 downstream tasks scheduled from follow-on schedule check
[2025-01-24T09:53:19.321-0300] {local_task_job_runner.py:245} INFO - ::endgroup::
