[2025-01-24T11:11:19.556-0300] {local_task_job_runner.py:123} INFO - ::group::Pre task execution logs
[2025-01-24T11:11:19.560-0300] {taskinstance.py:2613} INFO - Dependencies all met for dep_context=non-requeueable deps ti=<TaskInstance: ReadAgend.starting scheduled__2020-03-20T02:05:00+00:00 [queued]>
[2025-01-24T11:11:19.564-0300] {taskinstance.py:2613} INFO - Dependencies all met for dep_context=requeueable deps ti=<TaskInstance: ReadAgend.starting scheduled__2020-03-20T02:05:00+00:00 [queued]>
[2025-01-24T11:11:19.565-0300] {taskinstance.py:2866} INFO - Starting attempt 1 of 2
[2025-01-24T11:11:19.574-0300] {taskinstance.py:2889} INFO - Executing <Task(BashOperator): starting> on 2020-03-20 02:05:00+00:00
[2025-01-24T11:11:19.577-0300] {standard_task_runner.py:72} INFO - Started process 57058 to run task
[2025-01-24T11:11:19.579-0300] {standard_task_runner.py:104} INFO - Running: ['airflow', 'tasks', 'run', 'ReadAgend', 'starting', 'scheduled__2020-03-20T02:05:00+00:00', '--job-id', '2063', '--raw', '--subdir', 'DAGS_FOLDER/DAGFiltroPacientesAgendamento.py', '--cfg-path', '/tmp/tmpv8rifi22']
[2025-01-24T11:11:19.580-0300] {standard_task_runner.py:105} INFO - Job 2063: Subtask starting
[2025-01-24T11:11:19.600-0300] {task_command.py:467} INFO - Running <TaskInstance: ReadAgend.starting scheduled__2020-03-20T02:05:00+00:00 [running]> on host lucas-Aspire-A514-54
[2025-01-24T11:11:19.636-0300] {taskinstance.py:3132} INFO - Exporting env vars: AIRFLOW_CTX_DAG_OWNER='lucas' AIRFLOW_CTX_DAG_ID='ReadAgend' AIRFLOW_CTX_TASK_ID='starting' AIRFLOW_CTX_EXECUTION_DATE='2020-03-20T02:05:00+00:00' AIRFLOW_CTX_TRY_NUMBER='1' AIRFLOW_CTX_DAG_RUN_ID='scheduled__2020-03-20T02:05:00+00:00'
[2025-01-24T11:11:19.637-0300] {taskinstance.py:731} INFO - ::endgroup::
[2025-01-24T11:11:19.645-0300] {subprocess.py:78} INFO - Tmp dir root location: /tmp
[2025-01-24T11:11:19.646-0300] {subprocess.py:88} INFO - Running command: ['/usr/bin/bash', '-c', 'echo "I am reading the CSV now....."']
[2025-01-24T11:11:19.652-0300] {subprocess.py:99} INFO - Output:
[2025-01-24T11:11:19.653-0300] {subprocess.py:106} INFO - I am reading the CSV now.....
[2025-01-24T11:11:19.653-0300] {subprocess.py:110} INFO - Command exited with return code 0
[2025-01-24T11:11:19.664-0300] {taskinstance.py:340} INFO - ::group::Post task execution logs
[2025-01-24T11:11:19.665-0300] {taskinstance.py:352} INFO - Marking task as SUCCESS. dag_id=ReadAgend, task_id=starting, run_id=scheduled__2020-03-20T02:05:00+00:00, execution_date=20200320T020500, start_date=20250124T141119, end_date=20250124T141119
[2025-01-24T11:11:19.711-0300] {local_task_job_runner.py:266} INFO - Task exited with return code 0
[2025-01-24T11:11:19.729-0300] {taskinstance.py:3895} INFO - 1 downstream tasks scheduled from follow-on schedule check
[2025-01-24T11:11:19.733-0300] {local_task_job_runner.py:245} INFO - ::endgroup::
