[2025-01-24T10:59:35.050-0300] {local_task_job_runner.py:123} INFO - ::group::Pre task execution logs
[2025-01-24T10:59:35.054-0300] {taskinstance.py:2613} INFO - Dependencies all met for dep_context=non-requeueable deps ti=<TaskInstance: ReadAgend.starting scheduled__2020-03-19T13:10:00+00:00 [queued]>
[2025-01-24T10:59:35.057-0300] {taskinstance.py:2613} INFO - Dependencies all met for dep_context=requeueable deps ti=<TaskInstance: ReadAgend.starting scheduled__2020-03-19T13:10:00+00:00 [queued]>
[2025-01-24T10:59:35.058-0300] {taskinstance.py:2866} INFO - Starting attempt 1 of 2
[2025-01-24T10:59:35.067-0300] {taskinstance.py:2889} INFO - Executing <Task(BashOperator): starting> on 2020-03-19 13:10:00+00:00
[2025-01-24T10:59:35.070-0300] {standard_task_runner.py:72} INFO - Started process 51310 to run task
[2025-01-24T10:59:35.072-0300] {standard_task_runner.py:104} INFO - Running: ['airflow', 'tasks', 'run', 'ReadAgend', 'starting', 'scheduled__2020-03-19T13:10:00+00:00', '--job-id', '1752', '--raw', '--subdir', 'DAGS_FOLDER/DAGFiltroPacientesAgendamento.py', '--cfg-path', '/tmp/tmpvkvnoafi']
[2025-01-24T10:59:35.073-0300] {standard_task_runner.py:105} INFO - Job 1752: Subtask starting
[2025-01-24T10:59:35.092-0300] {task_command.py:467} INFO - Running <TaskInstance: ReadAgend.starting scheduled__2020-03-19T13:10:00+00:00 [running]> on host lucas-Aspire-A514-54
[2025-01-24T10:59:35.128-0300] {taskinstance.py:3132} INFO - Exporting env vars: AIRFLOW_CTX_DAG_OWNER='lucas' AIRFLOW_CTX_DAG_ID='ReadAgend' AIRFLOW_CTX_TASK_ID='starting' AIRFLOW_CTX_EXECUTION_DATE='2020-03-19T13:10:00+00:00' AIRFLOW_CTX_TRY_NUMBER='1' AIRFLOW_CTX_DAG_RUN_ID='scheduled__2020-03-19T13:10:00+00:00'
[2025-01-24T10:59:35.128-0300] {taskinstance.py:731} INFO - ::endgroup::
[2025-01-24T10:59:35.137-0300] {subprocess.py:78} INFO - Tmp dir root location: /tmp
[2025-01-24T10:59:35.137-0300] {subprocess.py:88} INFO - Running command: ['/usr/bin/bash', '-c', 'echo "I am reading the CSV now....."']
[2025-01-24T10:59:35.144-0300] {subprocess.py:99} INFO - Output:
[2025-01-24T10:59:35.144-0300] {subprocess.py:106} INFO - I am reading the CSV now.....
[2025-01-24T10:59:35.144-0300] {subprocess.py:110} INFO - Command exited with return code 0
[2025-01-24T10:59:35.155-0300] {taskinstance.py:340} INFO - ::group::Post task execution logs
[2025-01-24T10:59:35.155-0300] {taskinstance.py:352} INFO - Marking task as SUCCESS. dag_id=ReadAgend, task_id=starting, run_id=scheduled__2020-03-19T13:10:00+00:00, execution_date=20200319T131000, start_date=20250124T135935, end_date=20250124T135935
[2025-01-24T10:59:35.204-0300] {local_task_job_runner.py:266} INFO - Task exited with return code 0
[2025-01-24T10:59:35.224-0300] {taskinstance.py:3895} INFO - 1 downstream tasks scheduled from follow-on schedule check
[2025-01-24T10:59:35.228-0300] {local_task_job_runner.py:245} INFO - ::endgroup::
