[2025-01-13T22:11:52.106-0300] {local_task_job_runner.py:123} INFO - ::group::Pre task execution logs
[2025-01-13T22:11:52.111-0300] {taskinstance.py:2613} INFO - Dependencies all met for dep_context=non-requeueable deps ti=<TaskInstance: MyCSVDAG.starting scheduled__2020-03-18T00:15:00+00:00 [queued]>
[2025-01-13T22:11:52.114-0300] {taskinstance.py:2613} INFO - Dependencies all met for dep_context=requeueable deps ti=<TaskInstance: MyCSVDAG.starting scheduled__2020-03-18T00:15:00+00:00 [queued]>
[2025-01-13T22:11:52.114-0300] {taskinstance.py:2866} INFO - Starting attempt 1 of 2
[2025-01-13T22:11:52.122-0300] {taskinstance.py:2889} INFO - Executing <Task(BashOperator): starting> on 2020-03-18 00:15:00+00:00
[2025-01-13T22:11:52.125-0300] {standard_task_runner.py:72} INFO - Started process 43877 to run task
[2025-01-13T22:11:52.127-0300] {standard_task_runner.py:104} INFO - Running: ['airflow', 'tasks', 'run', 'MyCSVDAG', 'starting', 'scheduled__2020-03-18T00:15:00+00:00', '--job-id', '9', '--raw', '--subdir', 'DAGS_FOLDER/DAGCsvToJson.py', '--cfg-path', '/tmp/tmphd7iiiys']
[2025-01-13T22:11:52.127-0300] {standard_task_runner.py:105} INFO - Job 9: Subtask starting
[2025-01-13T22:11:52.149-0300] {task_command.py:467} INFO - Running <TaskInstance: MyCSVDAG.starting scheduled__2020-03-18T00:15:00+00:00 [running]> on host lucas-Aspire-A514-54
[2025-01-13T22:11:52.254-0300] {taskinstance.py:3132} INFO - Exporting env vars: AIRFLOW_CTX_DAG_OWNER='paulcrickard' AIRFLOW_CTX_DAG_ID='MyCSVDAG' AIRFLOW_CTX_TASK_ID='starting' AIRFLOW_CTX_EXECUTION_DATE='2020-03-18T00:15:00+00:00' AIRFLOW_CTX_TRY_NUMBER='1' AIRFLOW_CTX_DAG_RUN_ID='scheduled__2020-03-18T00:15:00+00:00'
[2025-01-13T22:11:52.254-0300] {logging_mixin.py:190} INFO - Task instance is in running state
[2025-01-13T22:11:52.255-0300] {logging_mixin.py:190} INFO -  Previous state of the Task instance: queued
[2025-01-13T22:11:52.255-0300] {logging_mixin.py:190} INFO - Current task name:starting state:running start_date:2025-01-14 01:11:52.111740+00:00
[2025-01-13T22:11:52.255-0300] {logging_mixin.py:190} INFO - Dag name:MyCSVDAG and current dag run status:running
[2025-01-13T22:11:52.255-0300] {taskinstance.py:731} INFO - ::endgroup::
[2025-01-13T22:11:52.255-0300] {subprocess.py:78} INFO - Tmp dir root location: /tmp
[2025-01-13T22:11:52.255-0300] {subprocess.py:88} INFO - Running command: ['/usr/bin/bash', '-c', 'echo "I am reading the CSV now....."']
[2025-01-13T22:11:52.261-0300] {subprocess.py:99} INFO - Output:
[2025-01-13T22:11:52.262-0300] {subprocess.py:106} INFO - I am reading the CSV now.....
[2025-01-13T22:11:52.262-0300] {subprocess.py:110} INFO - Command exited with return code 0
[2025-01-13T22:11:52.273-0300] {taskinstance.py:340} INFO - ::group::Post task execution logs
[2025-01-13T22:11:52.273-0300] {taskinstance.py:352} INFO - Marking task as SUCCESS. dag_id=MyCSVDAG, task_id=starting, run_id=scheduled__2020-03-18T00:15:00+00:00, execution_date=20200318T001500, start_date=20250114T011152, end_date=20250114T011152
[2025-01-13T22:11:52.279-0300] {logging_mixin.py:190} INFO - Task instance in success state
[2025-01-13T22:11:52.279-0300] {logging_mixin.py:190} INFO -  Previous state of the Task instance: running
[2025-01-13T22:11:52.279-0300] {logging_mixin.py:190} INFO - Dag name:MyCSVDAG queued_at:2025-01-14 01:11:50.853714+00:00
[2025-01-13T22:11:52.279-0300] {logging_mixin.py:190} INFO - Task hostname:lucas-Aspire-A514-54 operator:BashOperator
[2025-01-13T22:11:52.299-0300] {local_task_job_runner.py:266} INFO - Task exited with return code 0
[2025-01-13T22:11:52.318-0300] {taskinstance.py:3895} INFO - 1 downstream tasks scheduled from follow-on schedule check
[2025-01-13T22:11:52.322-0300] {local_task_job_runner.py:245} INFO - ::endgroup::
