[2025-01-24T11:38:06.881-0300] {local_task_job_runner.py:123} INFO - ::group::Pre task execution logs
[2025-01-24T11:38:06.887-0300] {taskinstance.py:2613} INFO - Dependencies all met for dep_context=non-requeueable deps ti=<TaskInstance: MergePacTratAgeng.coping scheduled__2020-03-18T07:40:00+00:00 [queued]>
[2025-01-24T11:38:06.893-0300] {taskinstance.py:2613} INFO - Dependencies all met for dep_context=requeueable deps ti=<TaskInstance: MergePacTratAgeng.coping scheduled__2020-03-18T07:40:00+00:00 [queued]>
[2025-01-24T11:38:06.893-0300] {taskinstance.py:2866} INFO - Starting attempt 1 of 2
[2025-01-24T11:38:06.906-0300] {taskinstance.py:2889} INFO - Executing <Task(BashOperator): coping> on 2020-03-18 07:40:00+00:00
[2025-01-24T11:38:06.910-0300] {standard_task_runner.py:72} INFO - Started process 67663 to run task
[2025-01-24T11:38:06.912-0300] {standard_task_runner.py:104} INFO - Running: ['airflow', 'tasks', 'run', 'MergePacTratAgeng', 'coping', 'scheduled__2020-03-18T07:40:00+00:00', '--job-id', '2522', '--raw', '--subdir', 'DAGS_FOLDER/DAGAgendXPac.py', '--cfg-path', '/tmp/tmpfgu53r7c']
[2025-01-24T11:38:06.913-0300] {standard_task_runner.py:105} INFO - Job 2522: Subtask coping
[2025-01-24T11:38:06.939-0300] {task_command.py:467} INFO - Running <TaskInstance: MergePacTratAgeng.coping scheduled__2020-03-18T07:40:00+00:00 [running]> on host lucas-Aspire-A514-54
[2025-01-24T11:38:06.985-0300] {taskinstance.py:3132} INFO - Exporting env vars: AIRFLOW_CTX_DAG_OWNER='lucas' AIRFLOW_CTX_DAG_ID='MergePacTratAgeng' AIRFLOW_CTX_TASK_ID='coping' AIRFLOW_CTX_EXECUTION_DATE='2020-03-18T07:40:00+00:00' AIRFLOW_CTX_TRY_NUMBER='1' AIRFLOW_CTX_DAG_RUN_ID='scheduled__2020-03-18T07:40:00+00:00'
[2025-01-24T11:38:06.986-0300] {taskinstance.py:731} INFO - ::endgroup::
[2025-01-24T11:38:06.996-0300] {subprocess.py:78} INFO - Tmp dir root location: /tmp
[2025-01-24T11:38:06.996-0300] {subprocess.py:88} INFO - Running command: ['/usr/bin/bash', '-c', 'cp -f /home/lucas/airflow/PAC_TRAT_AGEND.csv /home/lucas/airflow/PAC_TRAT_FILTER.csv /home/lucas/airflow/input/']
[2025-01-24T11:38:07.004-0300] {subprocess.py:99} INFO - Output:
[2025-01-24T11:38:07.007-0300] {subprocess.py:110} INFO - Command exited with return code 0
[2025-01-24T11:38:07.018-0300] {taskinstance.py:340} INFO - ::group::Post task execution logs
[2025-01-24T11:38:07.018-0300] {taskinstance.py:352} INFO - Marking task as SUCCESS. dag_id=MergePacTratAgeng, task_id=coping, run_id=scheduled__2020-03-18T07:40:00+00:00, execution_date=20200318T074000, start_date=20250124T143806, end_date=20250124T143807
[2025-01-24T11:38:07.044-0300] {local_task_job_runner.py:266} INFO - Task exited with return code 0
[2025-01-24T11:38:07.059-0300] {taskinstance.py:3895} INFO - 1 downstream tasks scheduled from follow-on schedule check
[2025-01-24T11:38:07.063-0300] {local_task_job_runner.py:245} INFO - ::endgroup::
