[2025-01-24T10:54:26.102-0300] {local_task_job_runner.py:123} INFO - ::group::Pre task execution logs
[2025-01-24T10:54:26.107-0300] {taskinstance.py:2613} INFO - Dependencies all met for dep_context=non-requeueable deps ti=<TaskInstance: ReadAgend.starting scheduled__2020-03-19T07:05:00+00:00 [queued]>
[2025-01-24T10:54:26.110-0300] {taskinstance.py:2613} INFO - Dependencies all met for dep_context=requeueable deps ti=<TaskInstance: ReadAgend.starting scheduled__2020-03-19T07:05:00+00:00 [queued]>
[2025-01-24T10:54:26.110-0300] {taskinstance.py:2866} INFO - Starting attempt 1 of 2
[2025-01-24T10:54:26.119-0300] {taskinstance.py:2889} INFO - Executing <Task(BashOperator): starting> on 2020-03-19 07:05:00+00:00
[2025-01-24T10:54:26.123-0300] {standard_task_runner.py:72} INFO - Started process 48901 to run task
[2025-01-24T10:54:26.124-0300] {standard_task_runner.py:104} INFO - Running: ['airflow', 'tasks', 'run', 'ReadAgend', 'starting', 'scheduled__2020-03-19T07:05:00+00:00', '--job-id', '1607', '--raw', '--subdir', 'DAGS_FOLDER/DAGFiltroPacientesAgendamento.py', '--cfg-path', '/tmp/tmpj40nth1p']
[2025-01-24T10:54:26.125-0300] {standard_task_runner.py:105} INFO - Job 1607: Subtask starting
[2025-01-24T10:54:26.144-0300] {task_command.py:467} INFO - Running <TaskInstance: ReadAgend.starting scheduled__2020-03-19T07:05:00+00:00 [running]> on host lucas-Aspire-A514-54
[2025-01-24T10:54:26.179-0300] {taskinstance.py:3132} INFO - Exporting env vars: AIRFLOW_CTX_DAG_OWNER='lucas' AIRFLOW_CTX_DAG_ID='ReadAgend' AIRFLOW_CTX_TASK_ID='starting' AIRFLOW_CTX_EXECUTION_DATE='2020-03-19T07:05:00+00:00' AIRFLOW_CTX_TRY_NUMBER='1' AIRFLOW_CTX_DAG_RUN_ID='scheduled__2020-03-19T07:05:00+00:00'
[2025-01-24T10:54:26.179-0300] {taskinstance.py:731} INFO - ::endgroup::
[2025-01-24T10:54:26.187-0300] {subprocess.py:78} INFO - Tmp dir root location: /tmp
[2025-01-24T10:54:26.188-0300] {subprocess.py:88} INFO - Running command: ['/usr/bin/bash', '-c', 'echo "I am reading the CSV now....."']
[2025-01-24T10:54:26.194-0300] {subprocess.py:99} INFO - Output:
[2025-01-24T10:54:26.194-0300] {subprocess.py:106} INFO - I am reading the CSV now.....
[2025-01-24T10:54:26.194-0300] {subprocess.py:110} INFO - Command exited with return code 0
[2025-01-24T10:54:26.205-0300] {taskinstance.py:340} INFO - ::group::Post task execution logs
[2025-01-24T10:54:26.206-0300] {taskinstance.py:352} INFO - Marking task as SUCCESS. dag_id=ReadAgend, task_id=starting, run_id=scheduled__2020-03-19T07:05:00+00:00, execution_date=20200319T070500, start_date=20250124T135426, end_date=20250124T135426
[2025-01-24T10:54:26.216-0300] {local_task_job_runner.py:266} INFO - Task exited with return code 0
[2025-01-24T10:54:26.224-0300] {taskinstance.py:3895} INFO - 1 downstream tasks scheduled from follow-on schedule check
[2025-01-24T10:54:26.228-0300] {local_task_job_runner.py:245} INFO - ::endgroup::
