[2025-01-24T09:56:14.970-0300] {local_task_job_runner.py:123} INFO - ::group::Pre task execution logs
[2025-01-24T09:56:14.975-0300] {taskinstance.py:2613} INFO - Dependencies all met for dep_context=non-requeueable deps ti=<TaskInstance: ReadPacTrat.starting scheduled__2020-03-18T15:05:00+00:00 [queued]>
[2025-01-24T09:56:14.981-0300] {taskinstance.py:2613} INFO - Dependencies all met for dep_context=requeueable deps ti=<TaskInstance: ReadPacTrat.starting scheduled__2020-03-18T15:05:00+00:00 [queued]>
[2025-01-24T09:56:14.982-0300] {taskinstance.py:2866} INFO - Starting attempt 1 of 2
[2025-01-24T09:56:14.993-0300] {taskinstance.py:2889} INFO - Executing <Task(BashOperator): starting> on 2020-03-18 15:05:00+00:00
[2025-01-24T09:56:14.996-0300] {standard_task_runner.py:72} INFO - Started process 26098 to run task
[2025-01-24T09:56:14.998-0300] {standard_task_runner.py:104} INFO - Running: ['airflow', 'tasks', 'run', 'ReadPacTrat', 'starting', 'scheduled__2020-03-18T15:05:00+00:00', '--job-id', '560', '--raw', '--subdir', 'DAGS_FOLDER/DAGFiltroPacientesTratamento.py', '--cfg-path', '/tmp/tmpx3jdl98e']
[2025-01-24T09:56:14.999-0300] {standard_task_runner.py:105} INFO - Job 560: Subtask starting
[2025-01-24T09:56:15.019-0300] {task_command.py:467} INFO - Running <TaskInstance: ReadPacTrat.starting scheduled__2020-03-18T15:05:00+00:00 [running]> on host lucas-Aspire-A514-54
[2025-01-24T09:56:15.133-0300] {taskinstance.py:3132} INFO - Exporting env vars: AIRFLOW_CTX_DAG_OWNER='lucas' AIRFLOW_CTX_DAG_ID='ReadPacTrat' AIRFLOW_CTX_TASK_ID='starting' AIRFLOW_CTX_EXECUTION_DATE='2020-03-18T15:05:00+00:00' AIRFLOW_CTX_TRY_NUMBER='1' AIRFLOW_CTX_DAG_RUN_ID='scheduled__2020-03-18T15:05:00+00:00'
[2025-01-24T09:56:15.133-0300] {logging_mixin.py:190} INFO - Task instance is in running state
[2025-01-24T09:56:15.133-0300] {logging_mixin.py:190} INFO -  Previous state of the Task instance: queued
[2025-01-24T09:56:15.133-0300] {logging_mixin.py:190} INFO - Current task name:starting state:running start_date:2025-01-24 12:56:14.976006+00:00
[2025-01-24T09:56:15.133-0300] {logging_mixin.py:190} INFO - Dag name:ReadPacTrat and current dag run status:running
[2025-01-24T09:56:15.134-0300] {taskinstance.py:731} INFO - ::endgroup::
[2025-01-24T09:56:15.134-0300] {subprocess.py:78} INFO - Tmp dir root location: /tmp
[2025-01-24T09:56:15.134-0300] {subprocess.py:88} INFO - Running command: ['/usr/bin/bash', '-c', 'echo "I am reading the CSV now....."']
[2025-01-24T09:56:15.141-0300] {subprocess.py:99} INFO - Output:
[2025-01-24T09:56:15.143-0300] {subprocess.py:106} INFO - I am reading the CSV now.....
[2025-01-24T09:56:15.143-0300] {subprocess.py:110} INFO - Command exited with return code 0
[2025-01-24T09:56:15.154-0300] {taskinstance.py:340} INFO - ::group::Post task execution logs
[2025-01-24T09:56:15.154-0300] {taskinstance.py:352} INFO - Marking task as SUCCESS. dag_id=ReadPacTrat, task_id=starting, run_id=scheduled__2020-03-18T15:05:00+00:00, execution_date=20200318T150500, start_date=20250124T125614, end_date=20250124T125615
[2025-01-24T09:56:15.161-0300] {logging_mixin.py:190} INFO - Task instance in success state
[2025-01-24T09:56:15.161-0300] {logging_mixin.py:190} INFO -  Previous state of the Task instance: running
[2025-01-24T09:56:15.161-0300] {logging_mixin.py:190} INFO - Dag name:ReadPacTrat queued_at:2025-01-24 12:56:13.215878+00:00
[2025-01-24T09:56:15.162-0300] {logging_mixin.py:190} INFO - Task hostname:lucas-Aspire-A514-54 operator:BashOperator
[2025-01-24T09:56:15.170-0300] {local_task_job_runner.py:266} INFO - Task exited with return code 0
[2025-01-24T09:56:15.180-0300] {taskinstance.py:3895} INFO - 1 downstream tasks scheduled from follow-on schedule check
[2025-01-24T09:56:15.183-0300] {local_task_job_runner.py:245} INFO - ::endgroup::
