[2025-03-22T21:09:04.216-0300] {local_task_job_runner.py:123} INFO - ::group::Pre task execution logs
[2025-03-22T21:09:04.222-0300] {taskinstance.py:2613} INFO - Dependencies all met for dep_context=non-requeueable deps ti=<TaskInstance: ReadPacTrat.starting scheduled__2020-03-19T04:20:00+00:00 [queued]>
[2025-03-22T21:09:04.226-0300] {taskinstance.py:2613} INFO - Dependencies all met for dep_context=requeueable deps ti=<TaskInstance: ReadPacTrat.starting scheduled__2020-03-19T04:20:00+00:00 [queued]>
[2025-03-22T21:09:04.226-0300] {taskinstance.py:2866} INFO - Starting attempt 1 of 2
[2025-03-22T21:09:04.238-0300] {taskinstance.py:2889} INFO - Executing <Task(BashOperator): starting> on 2020-03-19 04:20:00+00:00
[2025-03-22T21:09:04.242-0300] {standard_task_runner.py:72} INFO - Started process 37369 to run task
[2025-03-22T21:09:04.244-0300] {standard_task_runner.py:104} INFO - Running: ['airflow', 'tasks', 'run', 'ReadPacTrat', 'starting', 'scheduled__2020-03-19T04:20:00+00:00', '--job-id', '8562', '--raw', '--subdir', 'DAGS_FOLDER/DAGFiltroPacientesTratamento.py', '--cfg-path', '/tmp/tmpxv3dlhja']
[2025-03-22T21:09:04.246-0300] {standard_task_runner.py:105} INFO - Job 8562: Subtask starting
[2025-03-22T21:09:04.279-0300] {task_command.py:467} INFO - Running <TaskInstance: ReadPacTrat.starting scheduled__2020-03-19T04:20:00+00:00 [running]> on host lucas-Aspire-A514-54
[2025-03-22T21:09:04.344-0300] {taskinstance.py:3132} INFO - Exporting env vars: AIRFLOW_CTX_DAG_OWNER='lucas' AIRFLOW_CTX_DAG_ID='ReadPacTrat' AIRFLOW_CTX_TASK_ID='starting' AIRFLOW_CTX_EXECUTION_DATE='2020-03-19T04:20:00+00:00' AIRFLOW_CTX_TRY_NUMBER='1' AIRFLOW_CTX_DAG_RUN_ID='scheduled__2020-03-19T04:20:00+00:00'
[2025-03-22T21:09:04.344-0300] {taskinstance.py:731} INFO - ::endgroup::
[2025-03-22T21:09:04.355-0300] {subprocess.py:78} INFO - Tmp dir root location: /tmp
[2025-03-22T21:09:04.355-0300] {subprocess.py:88} INFO - Running command: ['/usr/bin/bash', '-c', 'echo "I am reading the CSV now....."']
[2025-03-22T21:09:04.363-0300] {subprocess.py:99} INFO - Output:
[2025-03-22T21:09:04.364-0300] {subprocess.py:106} INFO - I am reading the CSV now.....
[2025-03-22T21:09:04.364-0300] {subprocess.py:110} INFO - Command exited with return code 0
[2025-03-22T21:09:04.378-0300] {taskinstance.py:340} INFO - ::group::Post task execution logs
[2025-03-22T21:09:04.379-0300] {taskinstance.py:352} INFO - Marking task as SUCCESS. dag_id=ReadPacTrat, task_id=starting, run_id=scheduled__2020-03-19T04:20:00+00:00, execution_date=20200319T042000, start_date=20250323T000904, end_date=20250323T000904
[2025-03-22T21:09:04.417-0300] {local_task_job_runner.py:266} INFO - Task exited with return code 0
[2025-03-22T21:09:04.439-0300] {taskinstance.py:3895} INFO - 1 downstream tasks scheduled from follow-on schedule check
[2025-03-22T21:09:04.445-0300] {local_task_job_runner.py:245} INFO - ::endgroup::
