[2025-01-24T11:47:42.907-0300] {local_task_job_runner.py:123} INFO - ::group::Pre task execution logs
[2025-01-24T11:47:42.912-0300] {taskinstance.py:2613} INFO - Dependencies all met for dep_context=non-requeueable deps ti=<TaskInstance: MergePacTratAgeng.coping scheduled__2020-03-18T16:00:00+00:00 [queued]>
[2025-01-24T11:47:42.915-0300] {taskinstance.py:2613} INFO - Dependencies all met for dep_context=requeueable deps ti=<TaskInstance: MergePacTratAgeng.coping scheduled__2020-03-18T16:00:00+00:00 [queued]>
[2025-01-24T11:47:42.915-0300] {taskinstance.py:2866} INFO - Starting attempt 1 of 2
[2025-01-24T11:47:42.924-0300] {taskinstance.py:2889} INFO - Executing <Task(BashOperator): coping> on 2020-03-18 16:00:00+00:00
[2025-01-24T11:47:42.928-0300] {standard_task_runner.py:72} INFO - Started process 72427 to run task
[2025-01-24T11:47:42.929-0300] {standard_task_runner.py:104} INFO - Running: ['airflow', 'tasks', 'run', 'MergePacTratAgeng', 'coping', 'scheduled__2020-03-18T16:00:00+00:00', '--job-id', '2822', '--raw', '--subdir', 'DAGS_FOLDER/DAGAgendXPac.py', '--cfg-path', '/tmp/tmpjl2_aeoo']
[2025-01-24T11:47:42.930-0300] {standard_task_runner.py:105} INFO - Job 2822: Subtask coping
[2025-01-24T11:47:42.949-0300] {task_command.py:467} INFO - Running <TaskInstance: MergePacTratAgeng.coping scheduled__2020-03-18T16:00:00+00:00 [running]> on host lucas-Aspire-A514-54
[2025-01-24T11:47:42.983-0300] {taskinstance.py:3132} INFO - Exporting env vars: AIRFLOW_CTX_DAG_OWNER='lucas' AIRFLOW_CTX_DAG_ID='MergePacTratAgeng' AIRFLOW_CTX_TASK_ID='coping' AIRFLOW_CTX_EXECUTION_DATE='2020-03-18T16:00:00+00:00' AIRFLOW_CTX_TRY_NUMBER='1' AIRFLOW_CTX_DAG_RUN_ID='scheduled__2020-03-18T16:00:00+00:00'
[2025-01-24T11:47:42.984-0300] {taskinstance.py:731} INFO - ::endgroup::
[2025-01-24T11:47:42.992-0300] {subprocess.py:78} INFO - Tmp dir root location: /tmp
[2025-01-24T11:47:42.992-0300] {subprocess.py:88} INFO - Running command: ['/usr/bin/bash', '-c', 'cp -f /home/lucas/airflow/PAC_TRAT_AGEND.csv /home/lucas/airflow/PAC_TRAT_FILTER.csv /home/lucas/airflow/input/']
[2025-01-24T11:47:42.999-0300] {subprocess.py:99} INFO - Output:
[2025-01-24T11:47:43.001-0300] {subprocess.py:110} INFO - Command exited with return code 0
[2025-01-24T11:47:43.012-0300] {taskinstance.py:340} INFO - ::group::Post task execution logs
[2025-01-24T11:47:43.012-0300] {taskinstance.py:352} INFO - Marking task as SUCCESS. dag_id=MergePacTratAgeng, task_id=coping, run_id=scheduled__2020-03-18T16:00:00+00:00, execution_date=20200318T160000, start_date=20250124T144742, end_date=20250124T144743
[2025-01-24T11:47:43.062-0300] {local_task_job_runner.py:266} INFO - Task exited with return code 0
[2025-01-24T11:47:43.082-0300] {taskinstance.py:3895} INFO - 1 downstream tasks scheduled from follow-on schedule check
[2025-01-24T11:47:43.086-0300] {local_task_job_runner.py:245} INFO - ::endgroup::
