[2025-01-24T10:02:38.353-0300] {local_task_job_runner.py:123} INFO - ::group::Pre task execution logs
[2025-01-24T10:02:38.357-0300] {taskinstance.py:2613} INFO - Dependencies all met for dep_context=non-requeueable deps ti=<TaskInstance: ReadPacTrat.starting scheduled__2020-03-18T21:40:00+00:00 [queued]>
[2025-01-24T10:02:38.360-0300] {taskinstance.py:2613} INFO - Dependencies all met for dep_context=requeueable deps ti=<TaskInstance: ReadPacTrat.starting scheduled__2020-03-18T21:40:00+00:00 [queued]>
[2025-01-24T10:02:38.360-0300] {taskinstance.py:2866} INFO - Starting attempt 1 of 2
[2025-01-24T10:02:38.370-0300] {taskinstance.py:2889} INFO - Executing <Task(BashOperator): starting> on 2020-03-18 21:40:00+00:00
[2025-01-24T10:02:38.373-0300] {standard_task_runner.py:72} INFO - Started process 28617 to run task
[2025-01-24T10:02:38.375-0300] {standard_task_runner.py:104} INFO - Running: ['airflow', 'tasks', 'run', 'ReadPacTrat', 'starting', 'scheduled__2020-03-18T21:40:00+00:00', '--job-id', '719', '--raw', '--subdir', 'DAGS_FOLDER/DAGFiltroPacientesTratamento.py', '--cfg-path', '/tmp/tmp4v5vfl6e']
[2025-01-24T10:02:38.375-0300] {standard_task_runner.py:105} INFO - Job 719: Subtask starting
[2025-01-24T10:02:38.395-0300] {task_command.py:467} INFO - Running <TaskInstance: ReadPacTrat.starting scheduled__2020-03-18T21:40:00+00:00 [running]> on host lucas-Aspire-A514-54
[2025-01-24T10:02:38.499-0300] {taskinstance.py:3132} INFO - Exporting env vars: AIRFLOW_CTX_DAG_OWNER='lucas' AIRFLOW_CTX_DAG_ID='ReadPacTrat' AIRFLOW_CTX_TASK_ID='starting' AIRFLOW_CTX_EXECUTION_DATE='2020-03-18T21:40:00+00:00' AIRFLOW_CTX_TRY_NUMBER='1' AIRFLOW_CTX_DAG_RUN_ID='scheduled__2020-03-18T21:40:00+00:00'
[2025-01-24T10:02:38.500-0300] {logging_mixin.py:190} INFO - Task instance is in running state
[2025-01-24T10:02:38.500-0300] {logging_mixin.py:190} INFO -  Previous state of the Task instance: queued
[2025-01-24T10:02:38.500-0300] {logging_mixin.py:190} INFO - Current task name:starting state:running start_date:2025-01-24 13:02:38.358032+00:00
[2025-01-24T10:02:38.500-0300] {logging_mixin.py:190} INFO - Dag name:ReadPacTrat and current dag run status:running
[2025-01-24T10:02:38.500-0300] {taskinstance.py:731} INFO - ::endgroup::
[2025-01-24T10:02:38.501-0300] {subprocess.py:78} INFO - Tmp dir root location: /tmp
[2025-01-24T10:02:38.501-0300] {subprocess.py:88} INFO - Running command: ['/usr/bin/bash', '-c', 'echo "I am reading the CSV now....."']
[2025-01-24T10:02:38.507-0300] {subprocess.py:99} INFO - Output:
[2025-01-24T10:02:38.508-0300] {subprocess.py:106} INFO - I am reading the CSV now.....
[2025-01-24T10:02:38.508-0300] {subprocess.py:110} INFO - Command exited with return code 0
[2025-01-24T10:02:38.519-0300] {taskinstance.py:340} INFO - ::group::Post task execution logs
[2025-01-24T10:02:38.520-0300] {taskinstance.py:352} INFO - Marking task as SUCCESS. dag_id=ReadPacTrat, task_id=starting, run_id=scheduled__2020-03-18T21:40:00+00:00, execution_date=20200318T214000, start_date=20250124T130238, end_date=20250124T130238
[2025-01-24T10:02:38.526-0300] {logging_mixin.py:190} INFO - Task instance in success state
[2025-01-24T10:02:38.527-0300] {logging_mixin.py:190} INFO -  Previous state of the Task instance: running
[2025-01-24T10:02:38.527-0300] {logging_mixin.py:190} INFO - Dag name:ReadPacTrat queued_at:2025-01-24 13:02:37.041926+00:00
[2025-01-24T10:02:38.527-0300] {logging_mixin.py:190} INFO - Task hostname:lucas-Aspire-A514-54 operator:BashOperator
[2025-01-24T10:02:38.547-0300] {local_task_job_runner.py:266} INFO - Task exited with return code 0
[2025-01-24T10:02:38.555-0300] {taskinstance.py:3895} INFO - 1 downstream tasks scheduled from follow-on schedule check
[2025-01-24T10:02:38.559-0300] {local_task_job_runner.py:245} INFO - ::endgroup::
