[2025-01-24T09:51:36.063-0300] {local_task_job_runner.py:123} INFO - ::group::Pre task execution logs
[2025-01-24T09:51:36.068-0300] {taskinstance.py:2613} INFO - Dependencies all met for dep_context=non-requeueable deps ti=<TaskInstance: ReadPacTrat.starting scheduled__2020-03-18T10:40:00+00:00 [queued]>
[2025-01-24T09:51:36.071-0300] {taskinstance.py:2613} INFO - Dependencies all met for dep_context=requeueable deps ti=<TaskInstance: ReadPacTrat.starting scheduled__2020-03-18T10:40:00+00:00 [queued]>
[2025-01-24T09:51:36.071-0300] {taskinstance.py:2866} INFO - Starting attempt 1 of 2
[2025-01-24T09:51:36.080-0300] {taskinstance.py:2889} INFO - Executing <Task(BashOperator): starting> on 2020-03-18 10:40:00+00:00
[2025-01-24T09:51:36.083-0300] {standard_task_runner.py:72} INFO - Started process 24414 to run task
[2025-01-24T09:51:36.085-0300] {standard_task_runner.py:104} INFO - Running: ['airflow', 'tasks', 'run', 'ReadPacTrat', 'starting', 'scheduled__2020-03-18T10:40:00+00:00', '--job-id', '454', '--raw', '--subdir', 'DAGS_FOLDER/DAGFiltroPacientesTratamento.py', '--cfg-path', '/tmp/tmp6m9akx3y']
[2025-01-24T09:51:36.086-0300] {standard_task_runner.py:105} INFO - Job 454: Subtask starting
[2025-01-24T09:51:36.106-0300] {task_command.py:467} INFO - Running <TaskInstance: ReadPacTrat.starting scheduled__2020-03-18T10:40:00+00:00 [running]> on host lucas-Aspire-A514-54
[2025-01-24T09:51:36.219-0300] {taskinstance.py:3132} INFO - Exporting env vars: AIRFLOW_CTX_DAG_OWNER='lucas' AIRFLOW_CTX_DAG_ID='ReadPacTrat' AIRFLOW_CTX_TASK_ID='starting' AIRFLOW_CTX_EXECUTION_DATE='2020-03-18T10:40:00+00:00' AIRFLOW_CTX_TRY_NUMBER='1' AIRFLOW_CTX_DAG_RUN_ID='scheduled__2020-03-18T10:40:00+00:00'
[2025-01-24T09:51:36.220-0300] {logging_mixin.py:190} INFO - Task instance is in running state
[2025-01-24T09:51:36.220-0300] {logging_mixin.py:190} INFO -  Previous state of the Task instance: queued
[2025-01-24T09:51:36.220-0300] {logging_mixin.py:190} INFO - Current task name:starting state:running start_date:2025-01-24 12:51:36.068785+00:00
[2025-01-24T09:51:36.220-0300] {logging_mixin.py:190} INFO - Dag name:ReadPacTrat and current dag run status:running
[2025-01-24T09:51:36.220-0300] {taskinstance.py:731} INFO - ::endgroup::
[2025-01-24T09:51:36.221-0300] {subprocess.py:78} INFO - Tmp dir root location: /tmp
[2025-01-24T09:51:36.222-0300] {subprocess.py:88} INFO - Running command: ['/usr/bin/bash', '-c', 'echo "I am reading the CSV now....."']
[2025-01-24T09:51:36.230-0300] {subprocess.py:99} INFO - Output:
[2025-01-24T09:51:36.230-0300] {subprocess.py:106} INFO - I am reading the CSV now.....
[2025-01-24T09:51:36.230-0300] {subprocess.py:110} INFO - Command exited with return code 0
[2025-01-24T09:51:36.241-0300] {taskinstance.py:340} INFO - ::group::Post task execution logs
[2025-01-24T09:51:36.241-0300] {taskinstance.py:352} INFO - Marking task as SUCCESS. dag_id=ReadPacTrat, task_id=starting, run_id=scheduled__2020-03-18T10:40:00+00:00, execution_date=20200318T104000, start_date=20250124T125136, end_date=20250124T125136
[2025-01-24T09:51:36.249-0300] {logging_mixin.py:190} INFO - Task instance in success state
[2025-01-24T09:51:36.249-0300] {logging_mixin.py:190} INFO -  Previous state of the Task instance: running
[2025-01-24T09:51:36.249-0300] {logging_mixin.py:190} INFO - Dag name:ReadPacTrat queued_at:2025-01-24 12:51:34.380133+00:00
[2025-01-24T09:51:36.249-0300] {logging_mixin.py:190} INFO - Task hostname:lucas-Aspire-A514-54 operator:BashOperator
[2025-01-24T09:51:36.257-0300] {local_task_job_runner.py:266} INFO - Task exited with return code 0
[2025-01-24T09:51:36.266-0300] {taskinstance.py:3895} INFO - 1 downstream tasks scheduled from follow-on schedule check
[2025-01-24T09:51:36.269-0300] {local_task_job_runner.py:245} INFO - ::endgroup::
